<?xml version="1.0" encoding="UTF-8"?>
<testsuites>
  <testsuite name="/home/runner/work/develop/develop/phpunit.xml.dist" tests="2824" assertions="5720" errors="0" failures="0" skipped="0" time="56.777995">
    <testsuite name="FeatureHyde" tests="6" assertions="17" errors="0" failures="0" skipped="0" time="1.555707">
      <testsuite name="Hyde\Testing\DefaultContentTest" file="Default Content (Hyde\Testing\DefaultContent)" tests="3" assertions="12" errors="0" failures="0" skipped="0" time="0.536750">
        <testcase name="Default pages are present" file="Default Content (Hyde\Testing\DefaultContent)::Default pages are present" class="Hyde\Testing\DefaultContentTest" classname="Hyde.Testing.DefaultContentTest" assertions="4" time="0.532153"/>
        <testcase name="Default compiled stylesheet is present" file="Default Content (Hyde\Testing\DefaultContent)::Default compiled stylesheet is present" class="Hyde\Testing\DefaultContentTest" classname="Hyde.Testing.DefaultContentTest" assertions="2" time="0.002212"/>
        <testcase name="Laravel mix resources are present" file="Default Content (Hyde\Testing\DefaultContent)::Laravel mix resources are present" class="Hyde\Testing\DefaultContentTest" classname="Hyde.Testing.DefaultContentTest" assertions="6" time="0.002385"/>
      </testsuite>
      <testsuite name="Hyde\Testing\ExampleTest" file="Example (Hyde\Testing\Example)" tests="1" assertions="1" errors="0" failures="0" skipped="0" time="0.018767">
        <testcase name="Example" file="Example (Hyde\Testing\Example)::Example" class="Hyde\Testing\ExampleTest" classname="Hyde.Testing.ExampleTest" assertions="1" time="0.018767"/>
      </testsuite>
      <testsuite name="Hyde\Testing\HydeCLITest" file="Hyde CLI (Hyde\Testing\HydeCLI)" tests="1" assertions="2" errors="0" failures="0" skipped="0" time="0.711550">
        <testcase name="Can show hyde console" file="Hyde CLI (Hyde\Testing\HydeCLI)::Can show hyde console" class="Hyde\Testing\HydeCLITest" classname="Hyde.Testing.HydeCLITest" assertions="2" time="0.711550"/>
      </testsuite>
      <testsuite name="Hyde\Testing\StaticSiteBuilderTest" file="Static Site Builder (Hyde\Testing\StaticSiteBuilder)" tests="1" assertions="2" errors="0" failures="0" skipped="0" time="0.288640">
        <testcase name="Can build static site" file="Static Site Builder (Hyde\Testing\StaticSiteBuilder)::Can build static site" class="Hyde\Testing\StaticSiteBuilderTest" classname="Hyde.Testing.StaticSiteBuilderTest" assertions="2" time="0.288640"/>
      </testsuite>
    </testsuite>
    <testsuite name="UnitFramework" tests="1132" assertions="1885" errors="0" failures="0" skipped="0" time="9.101193">
      <testsuite name="Hyde\Framework\Testing\Unit\AssetServiceUnitTest" file="Asset Service Unit (Hyde\Framework\Testing\Unit\AssetServiceUnit)" tests="15" assertions="21" errors="0" failures="0" skipped="0" time="0.039255">
        <testcase name="Version string constant" file="Asset Service Unit (Hyde\Framework\Testing\Unit\AssetServiceUnit)::Version string constant" class="Hyde\Framework\Testing\Unit\AssetServiceUnitTest" classname="Hyde.Framework.Testing.Unit.AssetServiceUnitTest" assertions="1" time="0.005023"/>
        <testcase name="Service has version string" file="Asset Service Unit (Hyde\Framework\Testing\Unit\AssetServiceUnit)::Service has version string" class="Hyde\Framework\Testing\Unit\AssetServiceUnitTest" classname="Hyde.Framework.Testing.Unit.AssetServiceUnitTest" assertions="1" time="0.002512"/>
        <testcase name="Version string defaults to constant" file="Asset Service Unit (Hyde\Framework\Testing\Unit\AssetServiceUnit)::Version string defaults to constant" class="Hyde\Framework\Testing\Unit\AssetServiceUnitTest" classname="Hyde.Framework.Testing.Unit.AssetServiceUnitTest" assertions="1" time="0.002253"/>
        <testcase name="Version can be set in config" file="Asset Service Unit (Hyde\Framework\Testing\Unit\AssetServiceUnit)::Version can be set in config" class="Hyde\Framework\Testing\Unit\AssetServiceUnitTest" classname="Hyde.Framework.Testing.Unit.AssetServiceUnitTest" assertions="1" time="0.002273"/>
        <testcase name="Cdn pattern constant" file="Asset Service Unit (Hyde\Framework\Testing\Unit\AssetServiceUnit)::Cdn pattern constant" class="Hyde\Framework\Testing\Unit\AssetServiceUnitTest" classname="Hyde.Framework.Testing.Unit.AssetServiceUnitTest" assertions="1" time="0.002206"/>
        <testcase name="Can set custom cdn url in config" file="Asset Service Unit (Hyde\Framework\Testing\Unit\AssetServiceUnit)::Can set custom cdn url in config" class="Hyde\Framework\Testing\Unit\AssetServiceUnitTest" classname="Hyde.Framework.Testing.Unit.AssetServiceUnitTest" assertions="1" time="0.002278"/>
        <testcase name="Can use custom cdn url with version" file="Asset Service Unit (Hyde\Framework\Testing\Unit\AssetServiceUnit)::Can use custom cdn url with version" class="Hyde\Framework\Testing\Unit\AssetServiceUnitTest" classname="Hyde.Framework.Testing.Unit.AssetServiceUnitTest" assertions="1" time="0.002287"/>
        <testcase name="Can use custom cdn url with file" file="Asset Service Unit (Hyde\Framework\Testing\Unit\AssetServiceUnit)::Can use custom cdn url with file" class="Hyde\Framework\Testing\Unit\AssetServiceUnitTest" classname="Hyde.Framework.Testing.Unit.AssetServiceUnitTest" assertions="1" time="0.002270"/>
        <testcase name="Can use custom cdn url with version and file" file="Asset Service Unit (Hyde\Framework\Testing\Unit\AssetServiceUnit)::Can use custom cdn url with version and file" class="Hyde\Framework\Testing\Unit\AssetServiceUnitTest" classname="Hyde.Framework.Testing.Unit.AssetServiceUnitTest" assertions="1" time="0.002298"/>
        <testcase name="Can use custom cdn url with custom version" file="Asset Service Unit (Hyde\Framework\Testing\Unit\AssetServiceUnit)::Can use custom cdn url with custom version" class="Hyde\Framework\Testing\Unit\AssetServiceUnitTest" classname="Hyde.Framework.Testing.Unit.AssetServiceUnitTest" assertions="1" time="0.002275"/>
        <testcase name="Cdn link helper" file="Asset Service Unit (Hyde\Framework\Testing\Unit\AssetServiceUnit)::Cdn link helper" class="Hyde\Framework\Testing\Unit\AssetServiceUnitTest" classname="Hyde.Framework.Testing.Unit.AssetServiceUnitTest" assertions="1" time="0.002218"/>
        <testcase name="Has media file helper" file="Asset Service Unit (Hyde\Framework\Testing\Unit\AssetServiceUnit)::Has media file helper" class="Hyde\Framework\Testing\Unit\AssetServiceUnitTest" classname="Hyde.Framework.Testing.Unit.AssetServiceUnitTest" assertions="1" time="0.002531"/>
        <testcase name="Has media file helper returns true for existing file" file="Asset Service Unit (Hyde\Framework\Testing\Unit\AssetServiceUnit)::Has media file helper returns true for existing file" class="Hyde\Framework\Testing\Unit\AssetServiceUnitTest" classname="Hyde.Framework.Testing.Unit.AssetServiceUnitTest" assertions="1" time="0.002444"/>
        <testcase name="Inject tailwind config returns extracted tailwind config" file="Asset Service Unit (Hyde\Framework\Testing\Unit\AssetServiceUnit)::Inject tailwind config returns extracted tailwind config" class="Hyde\Framework\Testing\Unit\AssetServiceUnitTest" classname="Hyde.Framework.Testing.Unit.AssetServiceUnitTest" assertions="6" time="0.003592"/>
        <testcase name="Inject tailwind config handles missing config file gracefully" file="Asset Service Unit (Hyde\Framework\Testing\Unit\AssetServiceUnit)::Inject tailwind config handles missing config file gracefully" class="Hyde\Framework\Testing\Unit\AssetServiceUnitTest" classname="Hyde.Framework.Testing.Unit.AssetServiceUnitTest" assertions="2" time="0.002797"/>
      </testsuite>
      <testsuite name="Hyde\Framework\Testing\Unit\BaseFoundationCollectionTest" file="Base Foundation Collection (Hyde\Framework\Testing\Unit\BaseFoundationCollection)" tests="4" assertions="8" errors="0" failures="0" skipped="0" time="0.022036">
        <testcase name="Base foundation collection initialization" file="Base Foundation Collection (Hyde\Framework\Testing\Unit\BaseFoundationCollection)::Base foundation collection initialization" class="Hyde\Framework\Testing\Unit\BaseFoundationCollectionTest" classname="Hyde.Framework.Testing.Unit.BaseFoundationCollectionTest" assertions="4" time="0.016083"/>
        <testcase name="Exceptions are caught and rethrown as runtime exceptions" file="Base Foundation Collection (Hyde\Framework\Testing\Unit\BaseFoundationCollection)::Exceptions are caught and rethrown as runtime exceptions" class="Hyde\Framework\Testing\Unit\BaseFoundationCollectionTest" classname="Hyde.Framework.Testing.Unit.BaseFoundationCollectionTest" assertions="1" time="0.002154"/>
        <testcase name="Exceptions are caught and rethrown with helpful information" file="Base Foundation Collection (Hyde\Framework\Testing\Unit\BaseFoundationCollection)::Exceptions are caught and rethrown with helpful information" class="Hyde\Framework\Testing\Unit\BaseFoundationCollectionTest" classname="Hyde.Framework.Testing.Unit.BaseFoundationCollectionTest" assertions="1" time="0.001848"/>
        <testcase name="Can get previous exception" file="Base Foundation Collection (Hyde\Framework\Testing\Unit\BaseFoundationCollection)::Can get previous exception" class="Hyde\Framework\Testing\Unit\BaseFoundationCollectionTest" classname="Hyde.Framework.Testing.Unit.BaseFoundationCollectionTest" assertions="2" time="0.001951"/>
      </testsuite>
      <testsuite name="Hyde\Framework\Testing\Unit\BreadcrumbsComponentTest" file="Breadcrumbs Component (Hyde\Framework\Testing\Unit\BreadcrumbsComponent)" tests="13" assertions="16" errors="0" failures="0" skipped="0" time="0.150594">
        <testcase name="Can construct" file="Breadcrumbs Component (Hyde\Framework\Testing\Unit\BreadcrumbsComponent)::Can construct" class="Hyde\Framework\Testing\Unit\BreadcrumbsComponentTest" classname="Hyde.Framework.Testing.Unit.BreadcrumbsComponentTest" assertions="1" time="0.035940"/>
        <testcase name="Can render" file="Breadcrumbs Component (Hyde\Framework\Testing\Unit\BreadcrumbsComponent)::Can render" class="Hyde\Framework\Testing\Unit\BreadcrumbsComponentTest" classname="Hyde.Framework.Testing.Unit.BreadcrumbsComponentTest" assertions="4" time="0.018296"/>
        <testcase name="Can generate breadcrumbs" file="Breadcrumbs Component (Hyde\Framework\Testing\Unit\BreadcrumbsComponent)::Can generate breadcrumbs" class="Hyde\Framework\Testing\Unit\BreadcrumbsComponentTest" classname="Hyde.Framework.Testing.Unit.BreadcrumbsComponentTest" assertions="1" time="0.008499"/>
        <testcase name="Can generate breadcrumbs for index page" file="Breadcrumbs Component (Hyde\Framework\Testing\Unit\BreadcrumbsComponent)::Can generate breadcrumbs for index page" class="Hyde\Framework\Testing\Unit\BreadcrumbsComponentTest" classname="Hyde.Framework.Testing.Unit.BreadcrumbsComponentTest" assertions="1" time="0.008497"/>
        <testcase name="Can generate breadcrumbs for root page" file="Breadcrumbs Component (Hyde\Framework\Testing\Unit\BreadcrumbsComponent)::Can generate breadcrumbs for root page" class="Hyde\Framework\Testing\Unit\BreadcrumbsComponentTest" classname="Hyde.Framework.Testing.Unit.BreadcrumbsComponentTest" assertions="1" time="0.008672"/>
        <testcase name="Can generate breadcrumbs for nested page" file="Breadcrumbs Component (Hyde\Framework\Testing\Unit\BreadcrumbsComponent)::Can generate breadcrumbs for nested page" class="Hyde\Framework\Testing\Unit\BreadcrumbsComponentTest" classname="Hyde.Framework.Testing.Unit.BreadcrumbsComponentTest" assertions="1" time="0.008787"/>
        <testcase name="Can generate breadcrumbs for very nested page" file="Breadcrumbs Component (Hyde\Framework\Testing\Unit\BreadcrumbsComponent)::Can generate breadcrumbs for very nested page" class="Hyde\Framework\Testing\Unit\BreadcrumbsComponentTest" classname="Hyde.Framework.Testing.Unit.BreadcrumbsComponentTest" assertions="1" time="0.009107"/>
        <testcase name="Can generate breadcrumbs for nested page with index" file="Breadcrumbs Component (Hyde\Framework\Testing\Unit\BreadcrumbsComponent)::Can generate breadcrumbs for nested page with index" class="Hyde\Framework\Testing\Unit\BreadcrumbsComponentTest" classname="Hyde.Framework.Testing.Unit.BreadcrumbsComponentTest" assertions="1" time="0.008786"/>
        <testcase name="Can generate breadcrumbs for index page with pretty urls" file="Breadcrumbs Component (Hyde\Framework\Testing\Unit\BreadcrumbsComponent)::Can generate breadcrumbs for index page with pretty urls" class="Hyde\Framework\Testing\Unit\BreadcrumbsComponentTest" classname="Hyde.Framework.Testing.Unit.BreadcrumbsComponentTest" assertions="1" time="0.008620"/>
        <testcase name="Can generate breadcrumbs for nested page with pretty urls" file="Breadcrumbs Component (Hyde\Framework\Testing\Unit\BreadcrumbsComponent)::Can generate breadcrumbs for nested page with pretty urls" class="Hyde\Framework\Testing\Unit\BreadcrumbsComponentTest" classname="Hyde.Framework.Testing.Unit.BreadcrumbsComponentTest" assertions="1" time="0.009099"/>
        <testcase name="Can generate breadcrumbs for nested page with index with pretty urls" file="Breadcrumbs Component (Hyde\Framework\Testing\Unit\BreadcrumbsComponent)::Can generate breadcrumbs for nested page with index with pretty urls" class="Hyde\Framework\Testing\Unit\BreadcrumbsComponentTest" classname="Hyde.Framework.Testing.Unit.BreadcrumbsComponentTest" assertions="1" time="0.008907"/>
        <testcase name="Title generation with kebab case url" file="Breadcrumbs Component (Hyde\Framework\Testing\Unit\BreadcrumbsComponent)::Title generation with kebab case url" class="Hyde\Framework\Testing\Unit\BreadcrumbsComponentTest" classname="Hyde.Framework.Testing.Unit.BreadcrumbsComponentTest" assertions="1" time="0.008679"/>
        <testcase name="Title generation with snake case url" file="Breadcrumbs Component (Hyde\Framework\Testing\Unit\BreadcrumbsComponent)::Title generation with snake case url" class="Hyde\Framework\Testing\Unit\BreadcrumbsComponentTest" classname="Hyde.Framework.Testing.Unit.BreadcrumbsComponentTest" assertions="1" time="0.008703"/>
      </testsuite>
      <testsuite name="Hyde\Framework\Testing\Unit\BuildTaskServiceUnitTest" file="Build Task Service Unit (Hyde\Framework\Testing\Unit\BuildTaskServiceUnit)" tests="36" assertions="51" errors="0" failures="0" skipped="0" time="0.177565">
        <testcase name="Construct" file="Build Task Service Unit (Hyde\Framework\Testing\Unit\BuildTaskServiceUnit)::Construct" class="Hyde\Framework\Testing\Unit\BuildTaskServiceUnitTest" classname="Hyde.Framework.Testing.Unit.BuildTaskServiceUnitTest" assertions="12" time="0.027486"/>
        <testcase name="Get tasks" file="Build Task Service Unit (Hyde\Framework\Testing\Unit\BuildTaskServiceUnit)::Get tasks" class="Hyde\Framework\Testing\Unit\BuildTaskServiceUnitTest" classname="Hyde.Framework.Testing.Unit.BuildTaskServiceUnitTest" assertions="1" time="0.003548"/>
        <testcase name="Get tasks with task registered in config" file="Build Task Service Unit (Hyde\Framework\Testing\Unit\BuildTaskServiceUnit)::Get tasks with task registered in config" class="Hyde\Framework\Testing\Unit\BuildTaskServiceUnitTest" classname="Hyde.Framework.Testing.Unit.BuildTaskServiceUnitTest" assertions="1" time="0.004043"/>
        <testcase name="Register task" file="Build Task Service Unit (Hyde\Framework\Testing\Unit\BuildTaskServiceUnit)::Register task" class="Hyde\Framework\Testing\Unit\BuildTaskServiceUnitTest" classname="Hyde.Framework.Testing.Unit.BuildTaskServiceUnitTest" assertions="1" time="0.003443"/>
        <testcase name="Register pre build task" file="Build Task Service Unit (Hyde\Framework\Testing\Unit\BuildTaskServiceUnit)::Register pre build task" class="Hyde\Framework\Testing\Unit\BuildTaskServiceUnitTest" classname="Hyde.Framework.Testing.Unit.BuildTaskServiceUnitTest" assertions="1" time="0.003516"/>
        <testcase name="Register post build task" file="Build Task Service Unit (Hyde\Framework\Testing\Unit\BuildTaskServiceUnit)::Register post build task" class="Hyde\Framework\Testing\Unit\BuildTaskServiceUnitTest" classname="Hyde.Framework.Testing.Unit.BuildTaskServiceUnitTest" assertions="1" time="0.003481"/>
        <testcase name="Register instantiated task" file="Build Task Service Unit (Hyde\Framework\Testing\Unit\BuildTaskServiceUnit)::Register instantiated task" class="Hyde\Framework\Testing\Unit\BuildTaskServiceUnitTest" classname="Hyde.Framework.Testing.Unit.BuildTaskServiceUnitTest" assertions="1" time="0.003451"/>
        <testcase name="Register instantiated pre build task" file="Build Task Service Unit (Hyde\Framework\Testing\Unit\BuildTaskServiceUnit)::Register instantiated pre build task" class="Hyde\Framework\Testing\Unit\BuildTaskServiceUnitTest" classname="Hyde.Framework.Testing.Unit.BuildTaskServiceUnitTest" assertions="1" time="0.003458"/>
        <testcase name="Register instantiated post build task" file="Build Task Service Unit (Hyde\Framework\Testing\Unit\BuildTaskServiceUnit)::Register instantiated post build task" class="Hyde\Framework\Testing\Unit\BuildTaskServiceUnitTest" classname="Hyde.Framework.Testing.Unit.BuildTaskServiceUnitTest" assertions="1" time="0.003450"/>
        <testcase name="Register task with invalid class type throws exception" file="Build Task Service Unit (Hyde\Framework\Testing\Unit\BuildTaskServiceUnit)::Register task with invalid class type throws exception" class="Hyde\Framework\Testing\Unit\BuildTaskServiceUnitTest" classname="Hyde.Framework.Testing.Unit.BuildTaskServiceUnitTest" assertions="1" time="0.003326"/>
        <testcase name="Register task without child extension throws exception" file="Build Task Service Unit (Hyde\Framework\Testing\Unit\BuildTaskServiceUnit)::Register task without child extension throws exception" class="Hyde\Framework\Testing\Unit\BuildTaskServiceUnitTest" classname="Hyde.Framework.Testing.Unit.BuildTaskServiceUnitTest" assertions="1" time="0.003341"/>
        <testcase name="Register task with base class throws exception" file="Build Task Service Unit (Hyde\Framework\Testing\Unit\BuildTaskServiceUnit)::Register task with base class throws exception" class="Hyde\Framework\Testing\Unit\BuildTaskServiceUnitTest" classname="Hyde.Framework.Testing.Unit.BuildTaskServiceUnitTest" assertions="1" time="0.003322"/>
        <testcase name="Register task with already registered task" file="Build Task Service Unit (Hyde\Framework\Testing\Unit\BuildTaskServiceUnit)::Register task with already registered task" class="Hyde\Framework\Testing\Unit\BuildTaskServiceUnitTest" classname="Hyde.Framework.Testing.Unit.BuildTaskServiceUnitTest" assertions="1" time="0.003491"/>
        <testcase name="Register task with task already registered in config" file="Build Task Service Unit (Hyde\Framework\Testing\Unit\BuildTaskServiceUnit)::Register task with task already registered in config" class="Hyde\Framework\Testing\Unit\BuildTaskServiceUnitTest" classname="Hyde.Framework.Testing.Unit.BuildTaskServiceUnitTest" assertions="1" time="0.003956"/>
        <testcase name="Can register framework tasks" file="Build Task Service Unit (Hyde\Framework\Testing\Unit\BuildTaskServiceUnit)::Can register framework tasks" class="Hyde\Framework\Testing\Unit\BuildTaskServiceUnitTest" classname="Hyde.Framework.Testing.Unit.BuildTaskServiceUnitTest" assertions="1" time="0.003451"/>
        <testcase name="Can overload framework tasks" file="Build Task Service Unit (Hyde\Framework\Testing\Unit\BuildTaskServiceUnit)::Can overload framework tasks" class="Hyde\Framework\Testing\Unit\BuildTaskServiceUnitTest" classname="Hyde.Framework.Testing.Unit.BuildTaskServiceUnitTest" assertions="1" time="0.003437"/>
        <testcase name="Can set output with null" file="Build Task Service Unit (Hyde\Framework\Testing\Unit\BuildTaskServiceUnit)::Can set output with null" class="Hyde\Framework\Testing\Unit\BuildTaskServiceUnitTest" classname="Hyde.Framework.Testing.Unit.BuildTaskServiceUnitTest" assertions="1" time="0.003313"/>
        <testcase name="Can set output with output style" file="Build Task Service Unit (Hyde\Framework\Testing\Unit\BuildTaskServiceUnit)::Can set output with output style" class="Hyde\Framework\Testing\Unit\BuildTaskServiceUnitTest" classname="Hyde.Framework.Testing.Unit.BuildTaskServiceUnitTest" assertions="1" time="0.007294"/>
        <testcase name="Generate build manifest extends post build task" file="Build Task Service Unit (Hyde\Framework\Testing\Unit\BuildTaskServiceUnit)::Generate build manifest extends post build task" class="Hyde\Framework\Testing\Unit\BuildTaskServiceUnitTest" classname="Hyde.Framework.Testing.Unit.BuildTaskServiceUnitTest" assertions="1" time="0.003300"/>
        <testcase name="Generate rss feed extends post build task" file="Build Task Service Unit (Hyde\Framework\Testing\Unit\BuildTaskServiceUnit)::Generate rss feed extends post build task" class="Hyde\Framework\Testing\Unit\BuildTaskServiceUnitTest" classname="Hyde.Framework.Testing.Unit.BuildTaskServiceUnitTest" assertions="1" time="0.008134"/>
        <testcase name="Generate search extends post build task" file="Build Task Service Unit (Hyde\Framework\Testing\Unit\BuildTaskServiceUnit)::Generate search extends post build task" class="Hyde\Framework\Testing\Unit\BuildTaskServiceUnitTest" classname="Hyde.Framework.Testing.Unit.BuildTaskServiceUnitTest" assertions="1" time="0.007865"/>
        <testcase name="Generate sitemap extends post build task" file="Build Task Service Unit (Hyde\Framework\Testing\Unit\BuildTaskServiceUnit)::Generate sitemap extends post build task" class="Hyde\Framework\Testing\Unit\BuildTaskServiceUnitTest" classname="Hyde.Framework.Testing.Unit.BuildTaskServiceUnitTest" assertions="1" time="0.003381"/>
        <testcase name="Can run pre build tasks" file="Build Task Service Unit (Hyde\Framework\Testing\Unit\BuildTaskServiceUnit)::Can run pre build tasks" class="Hyde\Framework\Testing\Unit\BuildTaskServiceUnitTest" classname="Hyde.Framework.Testing.Unit.BuildTaskServiceUnitTest" assertions="1" time="0.003371"/>
        <testcase name="Can run post build tasks" file="Build Task Service Unit (Hyde\Framework\Testing\Unit\BuildTaskServiceUnit)::Can run post build tasks" class="Hyde\Framework\Testing\Unit\BuildTaskServiceUnitTest" classname="Hyde.Framework.Testing.Unit.BuildTaskServiceUnitTest" assertions="1" time="0.003338"/>
        <testcase name="Can run pre build tasks with tasks" file="Build Task Service Unit (Hyde\Framework\Testing\Unit\BuildTaskServiceUnit)::Can run pre build tasks with tasks" class="Hyde\Framework\Testing\Unit\BuildTaskServiceUnitTest" classname="Hyde.Framework.Testing.Unit.BuildTaskServiceUnitTest" assertions="1" time="0.003499"/>
        <testcase name="Can run post build tasks with tasks" file="Build Task Service Unit (Hyde\Framework\Testing\Unit\BuildTaskServiceUnit)::Can run post build tasks with tasks" class="Hyde\Framework\Testing\Unit\BuildTaskServiceUnitTest" classname="Hyde.Framework.Testing.Unit.BuildTaskServiceUnitTest" assertions="1" time="0.003481"/>
        <testcase name="Run pre build tasks calls handle methods" file="Build Task Service Unit (Hyde\Framework\Testing\Unit\BuildTaskServiceUnit)::Run pre build tasks calls handle methods" class="Hyde\Framework\Testing\Unit\BuildTaskServiceUnitTest" classname="Hyde.Framework.Testing.Unit.BuildTaskServiceUnitTest" assertions="1" time="0.007245"/>
        <testcase name="Run post build tasks calls handle methods" file="Build Task Service Unit (Hyde\Framework\Testing\Unit\BuildTaskServiceUnit)::Run post build tasks calls handle methods" class="Hyde\Framework\Testing\Unit\BuildTaskServiceUnitTest" classname="Hyde.Framework.Testing.Unit.BuildTaskServiceUnitTest" assertions="1" time="0.007395"/>
        <testcase name="Run pre build tasks calls run methods" file="Build Task Service Unit (Hyde\Framework\Testing\Unit\BuildTaskServiceUnit)::Run pre build tasks calls run methods" class="Hyde\Framework\Testing\Unit\BuildTaskServiceUnitTest" classname="Hyde.Framework.Testing.Unit.BuildTaskServiceUnitTest" assertions="1" time="0.003443"/>
        <testcase name="Run post build tasks calls run methods" file="Build Task Service Unit (Hyde\Framework\Testing\Unit\BuildTaskServiceUnit)::Run post build tasks calls run methods" class="Hyde\Framework\Testing\Unit\BuildTaskServiceUnitTest" classname="Hyde.Framework.Testing.Unit.BuildTaskServiceUnitTest" assertions="1" time="0.003426"/>
        <testcase name="Run pre build tasks calls run methods with null when service has no output" file="Build Task Service Unit (Hyde\Framework\Testing\Unit\BuildTaskServiceUnit)::Run pre build tasks calls run methods with null when service has no output" class="Hyde\Framework\Testing\Unit\BuildTaskServiceUnitTest" classname="Hyde.Framework.Testing.Unit.BuildTaskServiceUnitTest" assertions="1" time="0.003494"/>
        <testcase name="Run post build tasks calls run methods with null when service has no output" file="Build Task Service Unit (Hyde\Framework\Testing\Unit\BuildTaskServiceUnit)::Run post build tasks calls run methods with null when service has no output" class="Hyde\Framework\Testing\Unit\BuildTaskServiceUnitTest" classname="Hyde.Framework.Testing.Unit.BuildTaskServiceUnitTest" assertions="1" time="0.003433"/>
        <testcase name="Run pre build tasks calls run methods with output when service has output" file="Build Task Service Unit (Hyde\Framework\Testing\Unit\BuildTaskServiceUnit)::Run pre build tasks calls run methods with output when service has output" class="Hyde\Framework\Testing\Unit\BuildTaskServiceUnitTest" classname="Hyde.Framework.Testing.Unit.BuildTaskServiceUnitTest" assertions="1" time="0.003492"/>
        <testcase name="Run post build tasks calls run methods with output when service has output" file="Build Task Service Unit (Hyde\Framework\Testing\Unit\BuildTaskServiceUnit)::Run post build tasks calls run methods with output when service has output" class="Hyde\Framework\Testing\Unit\BuildTaskServiceUnitTest" classname="Hyde.Framework.Testing.Unit.BuildTaskServiceUnitTest" assertions="1" time="0.003490"/>
        <testcase name="Service searches for tasks in app directory" file="Build Task Service Unit (Hyde\Framework\Testing\Unit\BuildTaskServiceUnit)::Service searches for tasks in app directory" class="Hyde\Framework\Testing\Unit\BuildTaskServiceUnitTest" classname="Hyde.Framework.Testing.Unit.BuildTaskServiceUnitTest" assertions="3" time="0.005959"/>
        <testcase name="Service finds tasks in app directory" file="Build Task Service Unit (Hyde\Framework\Testing\Unit\BuildTaskServiceUnit)::Service finds tasks in app directory" class="Hyde\Framework\Testing\Unit\BuildTaskServiceUnitTest" classname="Hyde.Framework.Testing.Unit.BuildTaskServiceUnitTest" assertions="3" time="0.009012"/>
      </testsuite>
      <testsuite name="Hyde\Framework\Testing\Unit\BuildTaskSkippedExceptionTest" file="Build Task Skipped Exception (Hyde\Framework\Testing\Unit\BuildTaskSkippedException)" tests="5" assertions="7" errors="0" failures="0" skipped="0" time="0.048233">
        <testcase name="It can be instantiated" file="Build Task Skipped Exception (Hyde\Framework\Testing\Unit\BuildTaskSkippedException)::It can be instantiated" class="Hyde\Framework\Testing\Unit\BuildTaskSkippedExceptionTest" classname="Hyde.Framework.Testing.Unit.BuildTaskSkippedExceptionTest" assertions="1" time="0.040816"/>
        <testcase name="It throws an exception with default message" file="Build Task Skipped Exception (Hyde\Framework\Testing\Unit\BuildTaskSkippedException)::It throws an exception with default message" class="Hyde\Framework\Testing\Unit\BuildTaskSkippedExceptionTest" classname="Hyde.Framework.Testing.Unit.BuildTaskSkippedExceptionTest" assertions="2" time="0.002100"/>
        <testcase name="It throws an exception with custom message" file="Build Task Skipped Exception (Hyde\Framework\Testing\Unit\BuildTaskSkippedException)::It throws an exception with custom message" class="Hyde\Framework\Testing\Unit\BuildTaskSkippedExceptionTest" classname="Hyde.Framework.Testing.Unit.BuildTaskSkippedExceptionTest" assertions="2" time="0.001858"/>
        <testcase name="Default exception code" file="Build Task Skipped Exception (Hyde\Framework\Testing\Unit\BuildTaskSkippedException)::Default exception code" class="Hyde\Framework\Testing\Unit\BuildTaskSkippedExceptionTest" classname="Hyde.Framework.Testing.Unit.BuildTaskSkippedExceptionTest" assertions="1" time="0.001727"/>
        <testcase name="Custom exception code" file="Build Task Skipped Exception (Hyde\Framework\Testing\Unit\BuildTaskSkippedException)::Custom exception code" class="Hyde\Framework\Testing\Unit\BuildTaskSkippedExceptionTest" classname="Hyde.Framework.Testing.Unit.BuildTaskSkippedExceptionTest" assertions="1" time="0.001732"/>
      </testsuite>
      <testsuite name="Hyde\Framework\Testing\Unit\BuildTaskUnitTest" file="Build Task Unit (Hyde\Framework\Testing\Unit\BuildTaskUnit)" tests="21" assertions="33" errors="0" failures="0" skipped="0" time="0.047102">
        <testcase name="Can create build task" file="Build Task Unit (Hyde\Framework\Testing\Unit\BuildTaskUnit)::Can create build task" class="Hyde\Framework\Testing\Unit\BuildTaskUnitTest" classname="Hyde.Framework.Testing.Unit.BuildTaskUnitTest" assertions="1" time="0.007081"/>
        <testcase name="It tracks execution time" file="Build Task Unit (Hyde\Framework\Testing\Unit\BuildTaskUnit)::It tracks execution time" class="Hyde\Framework\Testing\Unit\BuildTaskUnitTest" classname="Hyde.Framework.Testing.Unit.BuildTaskUnitTest" assertions="2" time="0.002175"/>
        <testcase name="It can run without output" file="Build Task Unit (Hyde\Framework\Testing\Unit\BuildTaskUnit)::It can run without output" class="Hyde\Framework\Testing\Unit\BuildTaskUnitTest" classname="Hyde.Framework.Testing.Unit.BuildTaskUnitTest" assertions="1" time="0.001903"/>
        <testcase name="It can run with output" file="Build Task Unit (Hyde\Framework\Testing\Unit\BuildTaskUnit)::It can run with output" class="Hyde\Framework\Testing\Unit\BuildTaskUnitTest" classname="Hyde.Framework.Testing.Unit.BuildTaskUnitTest" assertions="1" time="0.002332"/>
        <testcase name="It prints start message" file="Build Task Unit (Hyde\Framework\Testing\Unit\BuildTaskUnit)::It prints start message" class="Hyde\Framework\Testing\Unit\BuildTaskUnitTest" classname="Hyde.Framework.Testing.Unit.BuildTaskUnitTest" assertions="1" time="0.001927"/>
        <testcase name="It prints finish message" file="Build Task Unit (Hyde\Framework\Testing\Unit\BuildTaskUnit)::It prints finish message" class="Hyde\Framework\Testing\Unit\BuildTaskUnitTest" classname="Hyde.Framework.Testing.Unit.BuildTaskUnitTest" assertions="2" time="0.002023"/>
        <testcase name="Run method handles task" file="Build Task Unit (Hyde\Framework\Testing\Unit\BuildTaskUnit)::Run method handles task" class="Hyde\Framework\Testing\Unit\BuildTaskUnitTest" classname="Hyde.Framework.Testing.Unit.BuildTaskUnitTest" assertions="2" time="0.001968"/>
        <testcase name="Run method returns exit code" file="Build Task Unit (Hyde\Framework\Testing\Unit\BuildTaskUnit)::Run method returns exit code" class="Hyde\Framework\Testing\Unit\BuildTaskUnitTest" classname="Hyde.Framework.Testing.Unit.BuildTaskUnitTest" assertions="2" time="0.002032"/>
        <testcase name="Can get message" file="Build Task Unit (Hyde\Framework\Testing\Unit\BuildTaskUnit)::Can get message" class="Hyde\Framework\Testing\Unit\BuildTaskUnitTest" classname="Hyde.Framework.Testing.Unit.BuildTaskUnitTest" assertions="1" time="0.001779"/>
        <testcase name="Can get custom message" file="Build Task Unit (Hyde\Framework\Testing\Unit\BuildTaskUnit)::Can get custom message" class="Hyde\Framework\Testing\Unit\BuildTaskUnitTest" classname="Hyde.Framework.Testing.Unit.BuildTaskUnitTest" assertions="1" time="0.001796"/>
        <testcase name="Can print start message" file="Build Task Unit (Hyde\Framework\Testing\Unit\BuildTaskUnit)::Can print start message" class="Hyde\Framework\Testing\Unit\BuildTaskUnitTest" classname="Hyde.Framework.Testing.Unit.BuildTaskUnitTest" assertions="1" time="0.001843"/>
        <testcase name="Can print custom start message" file="Build Task Unit (Hyde\Framework\Testing\Unit\BuildTaskUnit)::Can print custom start message" class="Hyde\Framework\Testing\Unit\BuildTaskUnitTest" classname="Hyde.Framework.Testing.Unit.BuildTaskUnitTest" assertions="1" time="0.001842"/>
        <testcase name="Can print finish message" file="Build Task Unit (Hyde\Framework\Testing\Unit\BuildTaskUnit)::Can print finish message" class="Hyde\Framework\Testing\Unit\BuildTaskUnitTest" classname="Hyde.Framework.Testing.Unit.BuildTaskUnitTest" assertions="2" time="0.001995"/>
        <testcase name="Finish message printing formats execution time" file="Build Task Unit (Hyde\Framework\Testing\Unit\BuildTaskUnit)::Finish message printing formats execution time" class="Hyde\Framework\Testing\Unit\BuildTaskUnitTest" classname="Hyde.Framework.Testing.Unit.BuildTaskUnitTest" assertions="1" time="0.001911"/>
        <testcase name="Can write to output" file="Build Task Unit (Hyde\Framework\Testing\Unit\BuildTaskUnit)::Can write to output" class="Hyde\Framework\Testing\Unit\BuildTaskUnitTest" classname="Hyde.Framework.Testing.Unit.BuildTaskUnitTest" assertions="1" time="0.001891"/>
        <testcase name="Created site file" file="Build Task Unit (Hyde\Framework\Testing\Unit\BuildTaskUnit)::Created site file" class="Hyde\Framework\Testing\Unit\BuildTaskUnitTest" classname="Hyde.Framework.Testing.Unit.BuildTaskUnitTest" assertions="1" time="0.002137"/>
        <testcase name="Created site file with absolute path" file="Build Task Unit (Hyde\Framework\Testing\Unit\BuildTaskUnit)::Created site file with absolute path" class="Hyde\Framework\Testing\Unit\BuildTaskUnitTest" classname="Hyde.Framework.Testing.Unit.BuildTaskUnitTest" assertions="1" time="0.002176"/>
        <testcase name="With execution time" file="Build Task Unit (Hyde\Framework\Testing\Unit\BuildTaskUnit)::With execution time" class="Hyde\Framework\Testing\Unit\BuildTaskUnitTest" classname="Hyde.Framework.Testing.Unit.BuildTaskUnitTest" assertions="2" time="0.001964"/>
        <testcase name="Task skipping" file="Build Task Unit (Hyde\Framework\Testing\Unit\BuildTaskUnit)::Task skipping" class="Hyde\Framework\Testing\Unit\BuildTaskUnitTest" classname="Hyde.Framework.Testing.Unit.BuildTaskUnitTest" assertions="3" time="0.002119"/>
        <testcase name="Task skipping with custom message" file="Build Task Unit (Hyde\Framework\Testing\Unit\BuildTaskUnit)::Task skipping with custom message" class="Hyde\Framework\Testing\Unit\BuildTaskUnitTest" classname="Hyde.Framework.Testing.Unit.BuildTaskUnitTest" assertions="3" time="0.002144"/>
        <testcase name="Exception handling" file="Build Task Unit (Hyde\Framework\Testing\Unit\BuildTaskUnit)::Exception handling" class="Hyde\Framework\Testing\Unit\BuildTaskUnitTest" classname="Hyde.Framework.Testing.Unit.BuildTaskUnitTest" assertions="3" time="0.002063"/>
      </testsuite>
      <testsuite name="Hyde\Framework\Testing\Unit\BuildWarningsTest" file="Build Warnings (Hyde\Framework\Testing\Unit\BuildWarnings)" tests="18" assertions="21" errors="0" failures="0" skipped="0" time="0.064920">
        <testcase name="Get instance" file="Build Warnings (Hyde\Framework\Testing\Unit\BuildWarnings)::Get instance" class="Hyde\Framework\Testing\Unit\BuildWarningsTest" classname="Hyde.Framework.Testing.Unit.BuildWarningsTest" assertions="1" time="0.022076"/>
        <testcase name="Get instance returns singleton" file="Build Warnings (Hyde\Framework\Testing\Unit\BuildWarnings)::Get instance returns singleton" class="Hyde\Framework\Testing\Unit\BuildWarningsTest" classname="Hyde.Framework.Testing.Unit.BuildWarningsTest" assertions="1" time="0.002051"/>
        <testcase name="Has warnings" file="Build Warnings (Hyde\Framework\Testing\Unit\BuildWarnings)::Has warnings" class="Hyde\Framework\Testing\Unit\BuildWarningsTest" classname="Hyde.Framework.Testing.Unit.BuildWarningsTest" assertions="1" time="0.002031"/>
        <testcase name="Has warning with warnings" file="Build Warnings (Hyde\Framework\Testing\Unit\BuildWarnings)::Has warning with warnings" class="Hyde\Framework\Testing\Unit\BuildWarningsTest" classname="Hyde.Framework.Testing.Unit.BuildWarningsTest" assertions="1" time="0.002091"/>
        <testcase name="Get warnings" file="Build Warnings (Hyde\Framework\Testing\Unit\BuildWarnings)::Get warnings" class="Hyde\Framework\Testing\Unit\BuildWarningsTest" classname="Hyde.Framework.Testing.Unit.BuildWarningsTest" assertions="1" time="0.002109"/>
        <testcase name="Get warnings with warnings" file="Build Warnings (Hyde\Framework\Testing\Unit\BuildWarnings)::Get warnings with warnings" class="Hyde\Framework\Testing\Unit\BuildWarningsTest" classname="Hyde.Framework.Testing.Unit.BuildWarningsTest" assertions="1" time="0.002444"/>
        <testcase name="Report" file="Build Warnings (Hyde\Framework\Testing\Unit\BuildWarnings)::Report" class="Hyde\Framework\Testing\Unit\BuildWarningsTest" classname="Hyde.Framework.Testing.Unit.BuildWarningsTest" assertions="2" time="0.002461"/>
        <testcase name="Report with build warning object" file="Build Warnings (Hyde\Framework\Testing\Unit\BuildWarnings)::Report with build warning object" class="Hyde\Framework\Testing\Unit\BuildWarningsTest" classname="Hyde.Framework.Testing.Unit.BuildWarningsTest" assertions="2" time="0.002232"/>
        <testcase name="Reports warnings defaults to true" file="Build Warnings (Hyde\Framework\Testing\Unit\BuildWarnings)::Reports warnings defaults to true" class="Hyde\Framework\Testing\Unit\BuildWarningsTest" classname="Hyde.Framework.Testing.Unit.BuildWarningsTest" assertions="1" time="0.002162"/>
        <testcase name="Reports warnings returns true when true" file="Build Warnings (Hyde\Framework\Testing\Unit\BuildWarnings)::Reports warnings returns true when true" class="Hyde\Framework\Testing\Unit\BuildWarningsTest" classname="Hyde.Framework.Testing.Unit.BuildWarningsTest" assertions="1" time="0.002145"/>
        <testcase name="Reports warnings returns false when false" file="Build Warnings (Hyde\Framework\Testing\Unit\BuildWarnings)::Reports warnings returns false when false" class="Hyde\Framework\Testing\Unit\BuildWarningsTest" classname="Hyde.Framework.Testing.Unit.BuildWarningsTest" assertions="1" time="0.002131"/>
        <testcase name="Reports warnings as exceptions defaults to false" file="Build Warnings (Hyde\Framework\Testing\Unit\BuildWarnings)::Reports warnings as exceptions defaults to false" class="Hyde\Framework\Testing\Unit\BuildWarningsTest" classname="Hyde.Framework.Testing.Unit.BuildWarningsTest" assertions="1" time="0.002168"/>
        <testcase name="Reports warnings as exceptions returns true when true" file="Build Warnings (Hyde\Framework\Testing\Unit\BuildWarnings)::Reports warnings as exceptions returns true when true" class="Hyde\Framework\Testing\Unit\BuildWarningsTest" classname="Hyde.Framework.Testing.Unit.BuildWarningsTest" assertions="1" time="0.002161"/>
        <testcase name="Reports warnings as exceptions returns false when false" file="Build Warnings (Hyde\Framework\Testing\Unit\BuildWarnings)::Reports warnings as exceptions returns false when false" class="Hyde\Framework\Testing\Unit\BuildWarningsTest" classname="Hyde.Framework.Testing.Unit.BuildWarningsTest" assertions="1" time="0.002156"/>
        <testcase name="Write warnings to output" file="Build Warnings (Hyde\Framework\Testing\Unit\BuildWarnings)::Write warnings to output" class="Hyde\Framework\Testing\Unit\BuildWarningsTest" classname="Hyde.Framework.Testing.Unit.BuildWarningsTest" assertions="1" time="0.005721"/>
        <testcase name="Write warnings to output with verbose output" file="Build Warnings (Hyde\Framework\Testing\Unit\BuildWarnings)::Write warnings to output with verbose output" class="Hyde\Framework\Testing\Unit\BuildWarningsTest" classname="Hyde.Framework.Testing.Unit.BuildWarningsTest" assertions="2" time="0.002720"/>
        <testcase name="Write warnings to output with converting build warnings to exceptions" file="Build Warnings (Hyde\Framework\Testing\Unit\BuildWarnings)::Write warnings to output with converting build warnings to exceptions" class="Hyde\Framework\Testing\Unit\BuildWarningsTest" classname="Hyde.Framework.Testing.Unit.BuildWarningsTest" assertions="1" time="0.004121"/>
        <testcase name="Can construct build warning" file="Build Warnings (Hyde\Framework\Testing\Unit\BuildWarnings)::Can construct build warning" class="Hyde\Framework\Testing\Unit\BuildWarningsTest" classname="Hyde.Framework.Testing.Unit.BuildWarningsTest" assertions="1" time="0.001939"/>
      </testsuite>
      <testsuite name="Hyde\Framework\Testing\Unit\ConfigFileTest" file="Config File (Hyde\Framework\Testing\Unit\ConfigFile)" tests="8" assertions="8" errors="0" failures="0" skipped="0" time="0.038627">
        <testcase name="Default output directory value matches declared value" file="Config File (Hyde\Framework\Testing\Unit\ConfigFile)::Default output directory value matches declared value" class="Hyde\Framework\Testing\Unit\ConfigFileTest" classname="Hyde.Framework.Testing.Unit.ConfigFileTest" assertions="1" time="0.020053"/>
        <testcase name="Default media directory value matches declared value" file="Config File (Hyde\Framework\Testing\Unit\ConfigFile)::Default media directory value matches declared value" class="Hyde\Framework\Testing\Unit\ConfigFileTest" classname="Hyde.Framework.Testing.Unit.ConfigFileTest" assertions="1" time="0.002449"/>
        <testcase name="Default source root value matches declared value" file="Config File (Hyde\Framework\Testing\Unit\ConfigFile)::Default source root value matches declared value" class="Hyde\Framework\Testing\Unit\ConfigFileTest" classname="Hyde.Framework.Testing.Unit.ConfigFileTest" assertions="1" time="0.002430"/>
        <testcase name="Default source directories values match declared values" file="Config File (Hyde\Framework\Testing\Unit\ConfigFile)::Default source directories values match declared values" class="Hyde\Framework\Testing\Unit\ConfigFileTest" classname="Hyde.Framework.Testing.Unit.ConfigFileTest" assertions="1" time="0.002591"/>
        <testcase name="Default source directories values cover all core extension classes" file="Config File (Hyde\Framework\Testing\Unit\ConfigFile)::Default source directories values cover all core extension classes" class="Hyde\Framework\Testing\Unit\ConfigFileTest" classname="Hyde.Framework.Testing.Unit.ConfigFileTest" assertions="1" time="0.003063"/>
        <testcase name="Default output directories values match declared values" file="Config File (Hyde\Framework\Testing\Unit\ConfigFile)::Default output directories values match declared values" class="Hyde\Framework\Testing\Unit\ConfigFileTest" classname="Hyde.Framework.Testing.Unit.ConfigFileTest" assertions="1" time="0.002570"/>
        <testcase name="Default output directories values cover all core extension classes" file="Config File (Hyde\Framework\Testing\Unit\ConfigFile)::Default output directories values cover all core extension classes" class="Hyde\Framework\Testing\Unit\ConfigFileTest" classname="Hyde.Framework.Testing.Unit.ConfigFileTest" assertions="1" time="0.003019"/>
        <testcase name="Default features array matches default features" file="Config File (Hyde\Framework\Testing\Unit\ConfigFile)::Default features array matches default features" class="Hyde\Framework\Testing\Unit\ConfigFileTest" classname="Hyde.Framework.Testing.Unit.ConfigFileTest" assertions="1" time="0.002453"/>
      </testsuite>
      <testsuite name="Hyde\Framework\Testing\Unit\ConsoleServiceProviderUnitTest" file="Console Service Provider Unit (Hyde\Framework\Testing\Unit\ConsoleServiceProviderUnit)" tests="2" assertions="2" errors="0" failures="0" skipped="0" time="0.011264">
        <testcase name="Provider registers logo" file="Console Service Provider Unit (Hyde\Framework\Testing\Unit\ConsoleServiceProviderUnit)::Provider registers logo" class="Hyde\Framework\Testing\Unit\ConsoleServiceProviderUnitTest" classname="Hyde.Framework.Testing.Unit.ConsoleServiceProviderUnitTest" assertions="1" time="0.009475"/>
        <testcase name="Provider registers no ansi logo" file="Console Service Provider Unit (Hyde\Framework\Testing\Unit\ConsoleServiceProviderUnit)::Provider registers no ansi logo" class="Hyde\Framework\Testing\Unit\ConsoleServiceProviderUnitTest" classname="Hyde.Framework.Testing.Unit.ConsoleServiceProviderUnitTest" assertions="1" time="0.001789"/>
      </testsuite>
      <testsuite name="Hyde\Framework\Testing\Unit\CoreDataObjectTest" file="Core Data Object (Hyde\Framework\Testing\Unit\CoreDataObject)" tests="3" assertions="3" errors="0" failures="0" skipped="0" time="0.027445">
        <testcase name="Core data object with hyde page" file="Core Data Object (Hyde\Framework\Testing\Unit\CoreDataObject)::Core data object with hyde page" class="Hyde\Framework\Testing\Unit\CoreDataObjectTest" classname="Hyde.Framework.Testing.Unit.CoreDataObjectTest" assertions="1" time="0.005736"/>
        <testcase name="Core data object with dynamic page" file="Core Data Object (Hyde\Framework\Testing\Unit\CoreDataObject)::Core data object with dynamic page" class="Hyde\Framework\Testing\Unit\CoreDataObjectTest" classname="Hyde.Framework.Testing.Unit.CoreDataObjectTest" assertions="1" time="0.018420"/>
        <testcase name="To array" file="Core Data Object (Hyde\Framework\Testing\Unit\CoreDataObject)::To array" class="Hyde\Framework\Testing\Unit\CoreDataObjectTest" classname="Hyde.Framework.Testing.Unit.CoreDataObjectTest" assertions="1" time="0.003288"/>
      </testsuite>
      <testsuite name="Hyde\Framework\Testing\Unit\CreatesNewMarkdownPostFileTest" file="Creates New Markdown Post File (Hyde\Framework\Testing\Unit\CreatesNewMarkdownPostFile)" tests="5" assertions="5" errors="0" failures="0" skipped="0" time="0.066470">
        <testcase name="With default data" file="Creates New Markdown Post File (Hyde\Framework\Testing\Unit\CreatesNewMarkdownPostFile)::With default data" class="Hyde\Framework\Testing\Unit\CreatesNewMarkdownPostFileTest" classname="Hyde.Framework.Testing.Unit.CreatesNewMarkdownPostFileTest" assertions="1" time="0.023878"/>
        <testcase name="With custom data" file="Creates New Markdown Post File (Hyde\Framework\Testing\Unit\CreatesNewMarkdownPostFile)::With custom data" class="Hyde\Framework\Testing\Unit\CreatesNewMarkdownPostFileTest" classname="Hyde.Framework.Testing.Unit.CreatesNewMarkdownPostFileTest" assertions="1" time="0.002864"/>
        <testcase name="Save" file="Creates New Markdown Post File (Hyde\Framework\Testing\Unit\CreatesNewMarkdownPostFile)::Save" class="Hyde\Framework\Testing\Unit\CreatesNewMarkdownPostFileTest" classname="Hyde.Framework.Testing.Unit.CreatesNewMarkdownPostFileTest" assertions="1" time="0.031845"/>
        <testcase name="Save with custom content" file="Creates New Markdown Post File (Hyde\Framework\Testing\Unit\CreatesNewMarkdownPostFile)::Save with custom content" class="Hyde\Framework\Testing\Unit\CreatesNewMarkdownPostFileTest" classname="Hyde.Framework.Testing.Unit.CreatesNewMarkdownPostFileTest" assertions="1" time="0.005373"/>
        <testcase name="Custom date normalisation" file="Creates New Markdown Post File (Hyde\Framework\Testing\Unit\CreatesNewMarkdownPostFile)::Custom date normalisation" class="Hyde\Framework\Testing\Unit\CreatesNewMarkdownPostFileTest" classname="Hyde.Framework.Testing.Unit.CreatesNewMarkdownPostFileTest" assertions="1" time="0.002510"/>
      </testsuite>
      <testsuite name="Hyde\Framework\Testing\Unit\CustomExceptionsTest" file="Custom Exceptions (Hyde\Framework\Testing\Unit\CustomExceptions)" tests="17" assertions="17" errors="0" failures="0" skipped="0" time="0.054968">
        <testcase name="File conflict exception with default message" file="Custom Exceptions (Hyde\Framework\Testing\Unit\CustomExceptions)::File conflict exception with default message" class="Hyde\Framework\Testing\Unit\CustomExceptionsTest" classname="Hyde.Framework.Testing.Unit.CustomExceptionsTest" assertions="1" time="0.022781"/>
        <testcase name="File conflict exception with path" file="Custom Exceptions (Hyde\Framework\Testing\Unit\CustomExceptions)::File conflict exception with path" class="Hyde\Framework\Testing\Unit\CustomExceptionsTest" classname="Hyde.Framework.Testing.Unit.CustomExceptionsTest" assertions="1" time="0.002265"/>
        <testcase name="File conflict exception with absolute path" file="Custom Exceptions (Hyde\Framework\Testing\Unit\CustomExceptions)::File conflict exception with absolute path" class="Hyde\Framework\Testing\Unit\CustomExceptionsTest" classname="Hyde.Framework.Testing.Unit.CustomExceptionsTest" assertions="1" time="0.002227"/>
        <testcase name="File not found exception with default message" file="Custom Exceptions (Hyde\Framework\Testing\Unit\CustomExceptions)::File not found exception with default message" class="Hyde\Framework\Testing\Unit\CustomExceptionsTest" classname="Hyde.Framework.Testing.Unit.CustomExceptionsTest" assertions="1" time="0.001950"/>
        <testcase name="File not found exception with path" file="Custom Exceptions (Hyde\Framework\Testing\Unit\CustomExceptions)::File not found exception with path" class="Hyde\Framework\Testing\Unit\CustomExceptionsTest" classname="Hyde.Framework.Testing.Unit.CustomExceptionsTest" assertions="1" time="0.002104"/>
        <testcase name="File not found exception with absolute path" file="Custom Exceptions (Hyde\Framework\Testing\Unit\CustomExceptions)::File not found exception with absolute path" class="Hyde\Framework\Testing\Unit\CustomExceptionsTest" classname="Hyde.Framework.Testing.Unit.CustomExceptionsTest" assertions="1" time="0.002205"/>
        <testcase name="File not found exception with custom path" file="Custom Exceptions (Hyde\Framework\Testing\Unit\CustomExceptions)::File not found exception with custom path" class="Hyde\Framework\Testing\Unit\CustomExceptionsTest" classname="Hyde.Framework.Testing.Unit.CustomExceptionsTest" assertions="1" time="0.001961"/>
        <testcase name="Route not found exception with default message" file="Custom Exceptions (Hyde\Framework\Testing\Unit\CustomExceptions)::Route not found exception with default message" class="Hyde\Framework\Testing\Unit\CustomExceptionsTest" classname="Hyde.Framework.Testing.Unit.CustomExceptionsTest" assertions="1" time="0.001958"/>
        <testcase name="Route not found exception with route key" file="Custom Exceptions (Hyde\Framework\Testing\Unit\CustomExceptions)::Route not found exception with route key" class="Hyde\Framework\Testing\Unit\CustomExceptionsTest" classname="Hyde.Framework.Testing.Unit.CustomExceptionsTest" assertions="1" time="0.001957"/>
        <testcase name="Unsupported page type exception with default message" file="Custom Exceptions (Hyde\Framework\Testing\Unit\CustomExceptions)::Unsupported page type exception with default message" class="Hyde\Framework\Testing\Unit\CustomExceptionsTest" classname="Hyde.Framework.Testing.Unit.CustomExceptionsTest" assertions="1" time="0.001991"/>
        <testcase name="Unsupported page type exception with page" file="Custom Exceptions (Hyde\Framework\Testing\Unit\CustomExceptions)::Unsupported page type exception with page" class="Hyde\Framework\Testing\Unit\CustomExceptionsTest" classname="Hyde.Framework.Testing.Unit.CustomExceptionsTest" assertions="1" time="0.001945"/>
        <testcase name="Base url not set exception" file="Custom Exceptions (Hyde\Framework\Testing\Unit\CustomExceptions)::Base url not set exception" class="Hyde\Framework\Testing\Unit\CustomExceptionsTest" classname="Hyde.Framework.Testing.Unit.CustomExceptionsTest" assertions="1" time="0.001897"/>
        <testcase name="File conflict exception code" file="Custom Exceptions (Hyde\Framework\Testing\Unit\CustomExceptions)::File conflict exception code" class="Hyde\Framework\Testing\Unit\CustomExceptionsTest" classname="Hyde.Framework.Testing.Unit.CustomExceptionsTest" assertions="1" time="0.001962"/>
        <testcase name="File not found exception code" file="Custom Exceptions (Hyde\Framework\Testing\Unit\CustomExceptions)::File not found exception code" class="Hyde\Framework\Testing\Unit\CustomExceptionsTest" classname="Hyde.Framework.Testing.Unit.CustomExceptionsTest" assertions="1" time="0.001945"/>
        <testcase name="Route not found exception code" file="Custom Exceptions (Hyde\Framework\Testing\Unit\CustomExceptions)::Route not found exception code" class="Hyde\Framework\Testing\Unit\CustomExceptionsTest" classname="Hyde.Framework.Testing.Unit.CustomExceptionsTest" assertions="1" time="0.001940"/>
        <testcase name="Unsupported page type exception code" file="Custom Exceptions (Hyde\Framework\Testing\Unit\CustomExceptions)::Unsupported page type exception code" class="Hyde\Framework\Testing\Unit\CustomExceptionsTest" classname="Hyde.Framework.Testing.Unit.CustomExceptionsTest" assertions="1" time="0.001978"/>
        <testcase name="Base url not set exception code" file="Custom Exceptions (Hyde\Framework\Testing\Unit\CustomExceptions)::Base url not set exception code" class="Hyde\Framework\Testing\Unit\CustomExceptionsTest" classname="Hyde.Framework.Testing.Unit.CustomExceptionsTest" assertions="1" time="0.001901"/>
      </testsuite>
      <testsuite name="Hyde\Framework\Testing\Unit\DataCollectionUnitTest" file="Data Collection Unit (Hyde\Framework\Testing\Unit\DataCollectionUnit)" tests="8" assertions="12" errors="0" failures="0" skipped="0" time="0.065553">
        <testcase name="Class has static source directory property" file="Data Collection Unit (Hyde\Framework\Testing\Unit\DataCollectionUnit)::Class has static source directory property" class="Hyde\Framework\Testing\Unit\DataCollectionUnitTest" classname="Hyde.Framework.Testing.Unit.DataCollectionUnitTest" assertions="1" time="0.031402"/>
        <testcase name="Constructor creates new data collection instance" file="Data Collection Unit (Hyde\Framework\Testing\Unit\DataCollectionUnit)::Constructor creates new data collection instance" class="Hyde\Framework\Testing\Unit\DataCollectionUnitTest" classname="Hyde.Framework.Testing.Unit.DataCollectionUnitTest" assertions="1" time="0.001904"/>
        <testcase name="Class extends collection class" file="Data Collection Unit (Hyde\Framework\Testing\Unit\DataCollectionUnit)::Class extends collection class" class="Hyde\Framework\Testing\Unit\DataCollectionUnitTest" classname="Hyde.Framework.Testing.Unit.DataCollectionUnitTest" assertions="1" time="0.001801"/>
        <testcase name="Can convert collection to array" file="Data Collection Unit (Hyde\Framework\Testing\Unit\DataCollectionUnit)::Can convert collection to array" class="Hyde\Framework\Testing\Unit\DataCollectionUnitTest" classname="Hyde.Framework.Testing.Unit.DataCollectionUnitTest" assertions="1" time="0.001944"/>
        <testcase name="Can convert collection to json" file="Data Collection Unit (Hyde\Framework\Testing\Unit\DataCollectionUnit)::Can convert collection to json" class="Hyde\Framework\Testing\Unit\DataCollectionUnitTest" classname="Hyde.Framework.Testing.Unit.DataCollectionUnitTest" assertions="1" time="0.001831"/>
        <testcase name="Find markdown files with no files" file="Data Collection Unit (Hyde\Framework\Testing\Unit\DataCollectionUnit)::Find markdown files with no files" class="Hyde\Framework\Testing\Unit\DataCollectionUnitTest" classname="Hyde.Framework.Testing.Unit.DataCollectionUnitTest" assertions="5" time="0.008458"/>
        <testcase name="Find markdown files with files" file="Data Collection Unit (Hyde\Framework\Testing\Unit\DataCollectionUnit)::Find markdown files with files" class="Hyde\Framework\Testing\Unit\DataCollectionUnitTest" classname="Hyde.Framework.Testing.Unit.DataCollectionUnitTest" assertions="1" time="0.015410"/>
        <testcase name="Static markdown helper returns new data collection instance" file="Data Collection Unit (Hyde\Framework\Testing\Unit\DataCollectionUnit)::Static markdown helper returns new data collection instance" class="Hyde\Framework\Testing\Unit\DataCollectionUnitTest" classname="Hyde.Framework.Testing.Unit.DataCollectionUnitTest" assertions="1" time="0.002803"/>
      </testsuite>
      <testsuite name="Hyde\Framework\Testing\Unit\DateStringTest" file="Date String (Hyde\Framework\Testing\Unit\DateString)" tests="6" assertions="6" errors="0" failures="0" skipped="0" time="0.019877">
        <testcase name="It can parse date string" file="Date String (Hyde\Framework\Testing\Unit\DateString)::It can parse date string" class="Hyde\Framework\Testing\Unit\DateStringTest" classname="Hyde.Framework.Testing.Unit.DateStringTest" assertions="1" time="0.010845"/>
        <testcase name="It can parse date string into datetime object" file="Date String (Hyde\Framework\Testing\Unit\DateString)::It can parse date string into datetime object" class="Hyde\Framework\Testing\Unit\DateStringTest" classname="Hyde.Framework.Testing.Unit.DateStringTest" assertions="1" time="0.001756"/>
        <testcase name="It can format date string into machine readable string" file="Date String (Hyde\Framework\Testing\Unit\DateString)::It can format date string into machine readable string" class="Hyde\Framework\Testing\Unit\DateStringTest" classname="Hyde.Framework.Testing.Unit.DateStringTest" assertions="1" time="0.001801"/>
        <testcase name="It can format date string into human readable string" file="Date String (Hyde\Framework\Testing\Unit\DateString)::It can format date string into human readable string" class="Hyde\Framework\Testing\Unit\DateStringTest" classname="Hyde.Framework.Testing.Unit.DateStringTest" assertions="1" time="0.001807"/>
        <testcase name="It can format date string into short human readable string" file="Date String (Hyde\Framework\Testing\Unit\DateString)::It can format date string into short human readable string" class="Hyde\Framework\Testing\Unit\DateStringTest" classname="Hyde.Framework.Testing.Unit.DateStringTest" assertions="1" time="0.001837"/>
        <testcase name="It can format date string into short human readable string using magic method" file="Date String (Hyde\Framework\Testing\Unit\DateString)::It can format date string into short human readable string using magic method" class="Hyde\Framework\Testing\Unit\DateStringTest" classname="Hyde.Framework.Testing.Unit.DateStringTest" assertions="1" time="0.001831"/>
      </testsuite>
      <testsuite name="Hyde\Framework\Testing\Unit\DropdownNavItemTest" file="Dropdown Nav Item (Hyde\Framework\Testing\Unit\DropdownNavItem)" tests="7" assertions="12" errors="0" failures="0" skipped="0" time="0.047685">
        <testcase name="Construct" file="Dropdown Nav Item (Hyde\Framework\Testing\Unit\DropdownNavItem)::Construct" class="Hyde\Framework\Testing\Unit\DropdownNavItemTest" classname="Hyde.Framework.Testing.Unit.DropdownNavItemTest" assertions="3" time="0.033344"/>
        <testcase name="Construct with custom priority" file="Dropdown Nav Item (Hyde\Framework\Testing\Unit\DropdownNavItem)::Construct with custom priority" class="Hyde\Framework\Testing\Unit\DropdownNavItemTest" classname="Hyde.Framework.Testing.Unit.DropdownNavItemTest" assertions="1" time="0.001942"/>
        <testcase name="Construct with null priority" file="Dropdown Nav Item (Hyde\Framework\Testing\Unit\DropdownNavItem)::Construct with null priority" class="Hyde\Framework\Testing\Unit\DropdownNavItemTest" classname="Hyde.Framework.Testing.Unit.DropdownNavItemTest" assertions="1" time="0.001890"/>
        <testcase name="From array" file="Dropdown Nav Item (Hyde\Framework\Testing\Unit\DropdownNavItem)::From array" class="Hyde\Framework\Testing\Unit\DropdownNavItemTest" classname="Hyde.Framework.Testing.Unit.DropdownNavItemTest" assertions="2" time="0.002026"/>
        <testcase name="With children" file="Dropdown Nav Item (Hyde\Framework\Testing\Unit\DropdownNavItem)::With children" class="Hyde\Framework\Testing\Unit\DropdownNavItemTest" classname="Hyde.Framework.Testing.Unit.DropdownNavItemTest" assertions="2" time="0.003284"/>
        <testcase name="Get items" file="Dropdown Nav Item (Hyde\Framework\Testing\Unit\DropdownNavItem)::Get items" class="Hyde\Framework\Testing\Unit\DropdownNavItemTest" classname="Hyde.Framework.Testing.Unit.DropdownNavItemTest" assertions="2" time="0.003273"/>
        <testcase name="Can set priority in config" file="Dropdown Nav Item (Hyde\Framework\Testing\Unit\DropdownNavItem)::Can set priority in config" class="Hyde\Framework\Testing\Unit\DropdownNavItemTest" classname="Hyde.Framework.Testing.Unit.DropdownNavItemTest" assertions="1" time="0.001927"/>
      </testsuite>
      <testsuite name="Hyde\Framework\Testing\Unit\EnsureCodeFollowsNamingConventionTest" file="Ensure Code Follows Naming Convention (Hyde\Framework\Testing\Unit\EnsureCodeFollowsNamingConvention)" tests="3" assertions="179" errors="0" failures="0" skipped="0" time="0.082140">
        <testcase name="Commands classes follow naming conventions" file="Ensure Code Follows Naming Convention (Hyde\Framework\Testing\Unit\EnsureCodeFollowsNamingConvention)::Commands classes follow naming conventions" class="Hyde\Framework\Testing\Unit\EnsureCodeFollowsNamingConventionTest" classname="Hyde.Framework.Testing.Unit.EnsureCodeFollowsNamingConventionTest" assertions="35" time="0.013542"/>
        <testcase name="Commands descriptions follow naming conventions" file="Ensure Code Follows Naming Convention (Hyde\Framework\Testing\Unit\EnsureCodeFollowsNamingConvention)::Commands descriptions follow naming conventions" class="Hyde\Framework\Testing\Unit\EnsureCodeFollowsNamingConventionTest" classname="Hyde.Framework.Testing.Unit.EnsureCodeFollowsNamingConventionTest" assertions="137" time="0.017329"/>
        <testcase name="Action entry points follow naming conventions" file="Ensure Code Follows Naming Convention (Hyde\Framework\Testing\Unit\EnsureCodeFollowsNamingConvention)::Action entry points follow naming conventions" class="Hyde\Framework\Testing\Unit\EnsureCodeFollowsNamingConventionTest" classname="Hyde.Framework.Testing.Unit.EnsureCodeFollowsNamingConventionTest" assertions="7" time="0.051270"/>
      </testsuite>
      <testsuite name="Hyde\Framework\Testing\Unit\ExampleUnitTest" file="Example Unit (Hyde\Framework\Testing\Unit\ExampleUnit)" tests="1" assertions="1" errors="0" failures="0" skipped="0" time="0.006586">
        <testcase name="Example" file="Example Unit (Hyde\Framework\Testing\Unit\ExampleUnit)::Example" class="Hyde\Framework\Testing\Unit\ExampleUnitTest" classname="Hyde.Framework.Testing.Unit.ExampleUnitTest" assertions="1" time="0.006586"/>
      </testsuite>
      <testsuite name="Hyde\Framework\Testing\Unit\ExtensionsUnitTest" file="Extensions Unit (Hyde\Framework\Testing\Unit\ExtensionsUnit)" tests="21" assertions="35" errors="0" failures="0" skipped="0" time="0.082994">
        <testcase name="Base class get page classes" file="Extensions Unit (Hyde\Framework\Testing\Unit\ExtensionsUnit)::Base class get page classes" class="Hyde\Framework\Testing\Unit\ExtensionsUnitTest" classname="Hyde.Framework.Testing.Unit.ExtensionsUnitTest" assertions="1" time="0.004515"/>
        <testcase name="Base class discovery handlers" file="Extensions Unit (Hyde\Framework\Testing\Unit\ExtensionsUnit)::Base class discovery handlers" class="Hyde\Framework\Testing\Unit\ExtensionsUnitTest" classname="Hyde.Framework.Testing.Unit.ExtensionsUnitTest" assertions="1" time="0.007995"/>
        <testcase name="Can register new extension" file="Extensions Unit (Hyde\Framework\Testing\Unit\ExtensionsUnit)::Can register new extension" class="Hyde\Framework\Testing\Unit\ExtensionsUnitTest" classname="Hyde.Framework.Testing.Unit.ExtensionsUnitTest" assertions="1" time="0.002634"/>
        <testcase name="Register extension after kernel is booted" file="Extensions Unit (Hyde\Framework\Testing\Unit\ExtensionsUnit)::Register extension after kernel is booted" class="Hyde\Framework\Testing\Unit\ExtensionsUnitTest" classname="Hyde.Framework.Testing.Unit.ExtensionsUnitTest" assertions="2" time="0.007686"/>
        <testcase name="Register extension with invalid extension class" file="Extensions Unit (Hyde\Framework\Testing\Unit\ExtensionsUnit)::Register extension with invalid extension class" class="Hyde\Framework\Testing\Unit\ExtensionsUnitTest" classname="Hyde.Framework.Testing.Unit.ExtensionsUnitTest" assertions="2" time="0.002709"/>
        <testcase name="Register extension with non class string" file="Extensions Unit (Hyde\Framework\Testing\Unit\ExtensionsUnit)::Register extension with non class string" class="Hyde\Framework\Testing\Unit\ExtensionsUnitTest" classname="Hyde.Framework.Testing.Unit.ExtensionsUnitTest" assertions="2" time="0.002787"/>
        <testcase name="Register extension with already registered extension" file="Extensions Unit (Hyde\Framework\Testing\Unit\ExtensionsUnit)::Register extension with already registered extension" class="Hyde\Framework\Testing\Unit\ExtensionsUnitTest" classname="Hyde.Framework.Testing.Unit.ExtensionsUnitTest" assertions="2" time="0.002636"/>
        <testcase name="Register extension method does not register already registered classes" file="Extensions Unit (Hyde\Framework\Testing\Unit\ExtensionsUnit)::Register extension method does not register already registered classes" class="Hyde\Framework\Testing\Unit\ExtensionsUnitTest" classname="Hyde.Framework.Testing.Unit.ExtensionsUnitTest" assertions="1" time="0.002686"/>
        <testcase name="Get extension with valid extension" file="Extensions Unit (Hyde\Framework\Testing\Unit\ExtensionsUnit)::Get extension with valid extension" class="Hyde\Framework\Testing\Unit\ExtensionsUnitTest" classname="Hyde.Framework.Testing.Unit.ExtensionsUnitTest" assertions="1" time="0.002415"/>
        <testcase name="Get extension with custom extension" file="Extensions Unit (Hyde\Framework\Testing\Unit\ExtensionsUnit)::Get extension with custom extension" class="Hyde\Framework\Testing\Unit\ExtensionsUnitTest" classname="Hyde.Framework.Testing.Unit.ExtensionsUnitTest" assertions="1" time="0.002431"/>
        <testcase name="Get extension with invalid extension" file="Extensions Unit (Hyde\Framework\Testing\Unit\ExtensionsUnit)::Get extension with invalid extension" class="Hyde\Framework\Testing\Unit\ExtensionsUnitTest" classname="Hyde.Framework.Testing.Unit.ExtensionsUnitTest" assertions="2" time="0.002578"/>
        <testcase name="Get extension generics" file="Extensions Unit (Hyde\Framework\Testing\Unit\ExtensionsUnit)::Get extension generics" class="Hyde\Framework\Testing\Unit\ExtensionsUnitTest" classname="Hyde.Framework.Testing.Unit.ExtensionsUnitTest" assertions="3" time="0.002636"/>
        <testcase name="Has extension with valid extension" file="Extensions Unit (Hyde\Framework\Testing\Unit\ExtensionsUnit)::Has extension with valid extension" class="Hyde\Framework\Testing\Unit\ExtensionsUnitTest" classname="Hyde.Framework.Testing.Unit.ExtensionsUnitTest" assertions="1" time="0.002444"/>
        <testcase name="Has extension with custom extension" file="Extensions Unit (Hyde\Framework\Testing\Unit\ExtensionsUnit)::Has extension with custom extension" class="Hyde\Framework\Testing\Unit\ExtensionsUnitTest" classname="Hyde.Framework.Testing.Unit.ExtensionsUnitTest" assertions="1" time="0.002466"/>
        <testcase name="Has extension with invalid extension" file="Extensions Unit (Hyde\Framework\Testing\Unit\ExtensionsUnit)::Has extension with invalid extension" class="Hyde\Framework\Testing\Unit\ExtensionsUnitTest" classname="Hyde.Framework.Testing.Unit.ExtensionsUnitTest" assertions="1" time="0.002445"/>
        <testcase name="File handler dependency injection" file="Extensions Unit (Hyde\Framework\Testing\Unit\ExtensionsUnit)::File handler dependency injection" class="Hyde\Framework\Testing\Unit\ExtensionsUnitTest" classname="Hyde.Framework.Testing.Unit.ExtensionsUnitTest" assertions="1" time="0.005046"/>
        <testcase name="Page handler dependency injection" file="Extensions Unit (Hyde\Framework\Testing\Unit\ExtensionsUnit)::Page handler dependency injection" class="Hyde\Framework\Testing\Unit\ExtensionsUnitTest" classname="Hyde.Framework.Testing.Unit.ExtensionsUnitTest" assertions="4" time="0.009382"/>
        <testcase name="Route handler dependency injection" file="Extensions Unit (Hyde\Framework\Testing\Unit\ExtensionsUnit)::Route handler dependency injection" class="Hyde\Framework\Testing\Unit\ExtensionsUnitTest" classname="Hyde.Framework.Testing.Unit.ExtensionsUnitTest" assertions="4" time="0.007901"/>
        <testcase name="Get registered page classes returns core extension classes" file="Extensions Unit (Hyde\Framework\Testing\Unit\ExtensionsUnit)::Get registered page classes returns core extension classes" class="Hyde\Framework\Testing\Unit\ExtensionsUnitTest" classname="Hyde.Framework.Testing.Unit.ExtensionsUnitTest" assertions="1" time="0.003089"/>
        <testcase name="Get registered page classes merges all extension classes" file="Extensions Unit (Hyde\Framework\Testing\Unit\ExtensionsUnit)::Get registered page classes merges all extension classes" class="Hyde\Framework\Testing\Unit\ExtensionsUnitTest" classname="Hyde.Framework.Testing.Unit.ExtensionsUnitTest" assertions="1" time="0.003132"/>
        <testcase name="Merged registered page classes array contents" file="Extensions Unit (Hyde\Framework\Testing\Unit\ExtensionsUnit)::Merged registered page classes array contents" class="Hyde\Framework\Testing\Unit\ExtensionsUnitTest" classname="Hyde.Framework.Testing.Unit.ExtensionsUnitTest" assertions="2" time="0.003382"/>
      </testsuite>
      <testsuite name="Hyde\Framework\Testing\Unit\Facades\AssetFacadeTest" file="Asset Facade (Hyde\Framework\Testing\Unit\Facades\AssetFacade)" tests="3" assertions="3" errors="0" failures="0" skipped="0" time="0.106061">
        <testcase name="Asset facade returns the asset service" file="Asset Facade (Hyde\Framework\Testing\Unit\Facades\AssetFacade)::Asset facade returns the asset service" class="Hyde\Framework\Testing\Unit\Facades\AssetFacadeTest" classname="Hyde.Framework.Testing.Unit.Facades.AssetFacadeTest" assertions="1" time="0.044124"/>
        <testcase name="Facade returns same instance as bound by the container" file="Asset Facade (Hyde\Framework\Testing\Unit\Facades\AssetFacade)::Facade returns same instance as bound by the container" class="Hyde\Framework\Testing\Unit\Facades\AssetFacadeTest" classname="Hyde.Framework.Testing.Unit.Facades.AssetFacadeTest" assertions="1" time="0.027639"/>
        <testcase name="Asset facade can call methods on the asset service" file="Asset Facade (Hyde\Framework\Testing\Unit\Facades\AssetFacade)::Asset facade can call methods on the asset service" class="Hyde\Framework\Testing\Unit\Facades\AssetFacadeTest" classname="Hyde.Framework.Testing.Unit.Facades.AssetFacadeTest" assertions="1" time="0.034298"/>
      </testsuite>
      <testsuite name="Hyde\Framework\Testing\Unit\Facades\AuthorTest" file="Author (Hyde\Framework\Testing\Unit\Facades\Author)" tests="7" assertions="15" errors="0" failures="0" skipped="0" time="0.021787">
        <testcase name="Create" file="Author (Hyde\Framework\Testing\Unit\Facades\Author)::Create" class="Hyde\Framework\Testing\Unit\Facades\AuthorTest" classname="Hyde.Framework.Testing.Unit.Facades.AuthorTest" assertions="3" time="0.006825"/>
        <testcase name="Create with only required fields" file="Author (Hyde\Framework\Testing\Unit\Facades\Author)::Create with only required fields" class="Hyde\Framework\Testing\Unit\Facades\AuthorTest" classname="Hyde.Framework.Testing.Unit.Facades.AuthorTest" assertions="3" time="0.002456"/>
        <testcase name="Get" file="Author (Hyde\Framework\Testing\Unit\Facades\Author)::Get" class="Hyde\Framework\Testing\Unit\Facades\AuthorTest" classname="Hyde.Framework.Testing.Unit.Facades.AuthorTest" assertions="3" time="0.002485"/>
        <testcase name="Get with not set username" file="Author (Hyde\Framework\Testing\Unit\Facades\Author)::Get with not set username" class="Hyde\Framework\Testing\Unit\Facades\AuthorTest" classname="Hyde.Framework.Testing.Unit.Facades.AuthorTest" assertions="1" time="0.002476"/>
        <testcase name="Get aliases post author" file="Author (Hyde\Framework\Testing\Unit\Facades\Author)::Get aliases post author" class="Hyde\Framework\Testing\Unit\Facades\AuthorTest" classname="Hyde.Framework.Testing.Unit.Facades.AuthorTest" assertions="1" time="0.002514"/>
        <testcase name="All" file="Author (Hyde\Framework\Testing\Unit\Facades\Author)::All" class="Hyde\Framework\Testing\Unit\Facades\AuthorTest" classname="Hyde.Framework.Testing.Unit.Facades.AuthorTest" assertions="3" time="0.002809"/>
        <testcase name="All with no authors" file="Author (Hyde\Framework\Testing\Unit\Facades\Author)::All with no authors" class="Hyde\Framework\Testing\Unit\Facades\AuthorTest" classname="Hyde.Framework.Testing.Unit.Facades.AuthorTest" assertions="1" time="0.002222"/>
      </testsuite>
      <testsuite name="Hyde\Framework\Testing\Unit\Facades\HydeFacadesAreAliasedInAppConfigTest" file="Hyde Facades Are Aliased In App Config (Hyde\Framework\Testing\Unit\Facades\HydeFacadesAreAliasedInAppConfig)" tests="1" assertions="8" errors="0" failures="0" skipped="0" time="0.011807">
        <testcase name="All facades are aliased in app config" file="Hyde Facades Are Aliased In App Config (Hyde\Framework\Testing\Unit\Facades\HydeFacadesAreAliasedInAppConfig)::All facades are aliased in app config" class="Hyde\Framework\Testing\Unit\Facades\HydeFacadesAreAliasedInAppConfigTest" classname="Hyde.Framework.Testing.Unit.Facades.HydeFacadesAreAliasedInAppConfigTest" assertions="8" time="0.011807"/>
      </testsuite>
      <testsuite name="Hyde\Framework\Testing\Unit\Facades\RouteFacadeTest" file="Route Facade (Hyde\Framework\Testing\Unit\Facades\RouteFacade)" tests="9" assertions="9" errors="0" failures="0" skipped="0" time="0.028893">
        <testcase name="Route facade all method returns all routes" file="Route Facade (Hyde\Framework\Testing\Unit\Facades\RouteFacade)::Route facade all method returns all routes" class="Hyde\Framework\Testing\Unit\Facades\RouteFacadeTest" classname="Hyde.Framework.Testing.Unit.Facades.RouteFacadeTest" assertions="1" time="0.009069"/>
        <testcase name="Get or fail throws exception if route is not found" file="Route Facade (Hyde\Framework\Testing\Unit\Facades\RouteFacade)::Get or fail throws exception if route is not found" class="Hyde\Framework\Testing\Unit\Facades\RouteFacadeTest" classname="Hyde.Framework.Testing.Unit.Facades.RouteFacadeTest" assertions="1" time="0.001966"/>
        <testcase name="Get returns route from router index" file="Route Facade (Hyde\Framework\Testing\Unit\Facades\RouteFacade)::Get returns route from router index" class="Hyde\Framework\Testing\Unit\Facades\RouteFacadeTest" classname="Hyde.Framework.Testing.Unit.Facades.RouteFacadeTest" assertions="1" time="0.001839"/>
        <testcase name="Get returns route from router index for the right page" file="Route Facade (Hyde\Framework\Testing\Unit\Facades\RouteFacade)::Get returns route from router index for the right page" class="Hyde\Framework\Testing\Unit\Facades\RouteFacadeTest" classname="Hyde.Framework.Testing.Unit.Facades.RouteFacadeTest" assertions="1" time="0.004608"/>
        <testcase name="Get from returns null if route is not found" file="Route Facade (Hyde\Framework\Testing\Unit\Facades\RouteFacade)::Get from returns null if route is not found" class="Hyde\Framework\Testing\Unit\Facades\RouteFacadeTest" classname="Hyde.Framework.Testing.Unit.Facades.RouteFacadeTest" assertions="1" time="0.001902"/>
        <testcase name="Current returns current route" file="Route Facade (Hyde\Framework\Testing\Unit\Facades\RouteFacade)::Current returns current route" class="Hyde\Framework\Testing\Unit\Facades\RouteFacadeTest" classname="Hyde.Framework.Testing.Unit.Facades.RouteFacadeTest" assertions="1" time="0.003347"/>
        <testcase name="Current returns null if route is not found" file="Route Facade (Hyde\Framework\Testing\Unit\Facades\RouteFacade)::Current returns null if route is not found" class="Hyde\Framework\Testing\Unit\Facades\RouteFacadeTest" classname="Hyde.Framework.Testing.Unit.Facades.RouteFacadeTest" assertions="1" time="0.002173"/>
        <testcase name="Exists for existing route" file="Route Facade (Hyde\Framework\Testing\Unit\Facades\RouteFacade)::Exists for existing route" class="Hyde\Framework\Testing\Unit\Facades\RouteFacadeTest" classname="Hyde.Framework.Testing.Unit.Facades.RouteFacadeTest" assertions="1" time="0.001866"/>
        <testcase name="Exists for non existing route" file="Route Facade (Hyde\Framework\Testing\Unit\Facades\RouteFacade)::Exists for non existing route" class="Hyde\Framework\Testing\Unit\Facades\RouteFacadeTest" classname="Hyde.Framework.Testing.Unit.Facades.RouteFacadeTest" assertions="1" time="0.002123"/>
      </testsuite>
      <testsuite name="Hyde\Framework\Testing\Unit\FeaturedImageUnitTest" file="Featured Image Unit (Hyde\Framework\Testing\Unit\FeaturedImageUnit)" tests="35" assertions="39" errors="0" failures="0" skipped="0" time="0.075853">
        <testcase name="Can construct" file="Featured Image Unit (Hyde\Framework\Testing\Unit\FeaturedImageUnit)::Can construct" class="Hyde\Framework\Testing\Unit\FeaturedImageUnitTest" classname="Hyde.Framework.Testing.Unit.FeaturedImageUnitTest" assertions="1" time="0.010985"/>
        <testcase name="Get alt text without data" file="Featured Image Unit (Hyde\Framework\Testing\Unit\FeaturedImageUnit)::Get alt text without data" class="Hyde\Framework\Testing\Unit\FeaturedImageUnitTest" classname="Hyde.Framework.Testing.Unit.FeaturedImageUnitTest" assertions="1" time="0.001904"/>
        <testcase name="Get alt text with data" file="Featured Image Unit (Hyde\Framework\Testing\Unit\FeaturedImageUnit)::Get alt text with data" class="Hyde\Framework\Testing\Unit\FeaturedImageUnitTest" classname="Hyde.Framework.Testing.Unit.FeaturedImageUnitTest" assertions="1" time="0.001914"/>
        <testcase name="Get title text without data" file="Featured Image Unit (Hyde\Framework\Testing\Unit\FeaturedImageUnit)::Get title text without data" class="Hyde\Framework\Testing\Unit\FeaturedImageUnitTest" classname="Hyde.Framework.Testing.Unit.FeaturedImageUnitTest" assertions="1" time="0.001889"/>
        <testcase name="Get title text with data" file="Featured Image Unit (Hyde\Framework\Testing\Unit\FeaturedImageUnit)::Get title text with data" class="Hyde\Framework\Testing\Unit\FeaturedImageUnitTest" classname="Hyde.Framework.Testing.Unit.FeaturedImageUnitTest" assertions="1" time="0.001891"/>
        <testcase name="Get author name without data" file="Featured Image Unit (Hyde\Framework\Testing\Unit\FeaturedImageUnit)::Get author name without data" class="Hyde\Framework\Testing\Unit\FeaturedImageUnitTest" classname="Hyde.Framework.Testing.Unit.FeaturedImageUnitTest" assertions="1" time="0.001885"/>
        <testcase name="Get author name with data" file="Featured Image Unit (Hyde\Framework\Testing\Unit\FeaturedImageUnit)::Get author name with data" class="Hyde\Framework\Testing\Unit\FeaturedImageUnitTest" classname="Hyde.Framework.Testing.Unit.FeaturedImageUnitTest" assertions="1" time="0.001899"/>
        <testcase name="Get author url without data" file="Featured Image Unit (Hyde\Framework\Testing\Unit\FeaturedImageUnit)::Get author url without data" class="Hyde\Framework\Testing\Unit\FeaturedImageUnitTest" classname="Hyde.Framework.Testing.Unit.FeaturedImageUnitTest" assertions="1" time="0.001876"/>
        <testcase name="Get author url with data" file="Featured Image Unit (Hyde\Framework\Testing\Unit\FeaturedImageUnit)::Get author url with data" class="Hyde\Framework\Testing\Unit\FeaturedImageUnitTest" classname="Hyde.Framework.Testing.Unit.FeaturedImageUnitTest" assertions="1" time="0.001879"/>
        <testcase name="Get copyright text without data" file="Featured Image Unit (Hyde\Framework\Testing\Unit\FeaturedImageUnit)::Get copyright text without data" class="Hyde\Framework\Testing\Unit\FeaturedImageUnitTest" classname="Hyde.Framework.Testing.Unit.FeaturedImageUnitTest" assertions="1" time="0.001877"/>
        <testcase name="Get copyright text with data" file="Featured Image Unit (Hyde\Framework\Testing\Unit\FeaturedImageUnit)::Get copyright text with data" class="Hyde\Framework\Testing\Unit\FeaturedImageUnitTest" classname="Hyde.Framework.Testing.Unit.FeaturedImageUnitTest" assertions="1" time="0.001886"/>
        <testcase name="Get license name without data" file="Featured Image Unit (Hyde\Framework\Testing\Unit\FeaturedImageUnit)::Get license name without data" class="Hyde\Framework\Testing\Unit\FeaturedImageUnitTest" classname="Hyde.Framework.Testing.Unit.FeaturedImageUnitTest" assertions="1" time="0.001873"/>
        <testcase name="Get license name with data" file="Featured Image Unit (Hyde\Framework\Testing\Unit\FeaturedImageUnit)::Get license name with data" class="Hyde\Framework\Testing\Unit\FeaturedImageUnitTest" classname="Hyde.Framework.Testing.Unit.FeaturedImageUnitTest" assertions="1" time="0.001888"/>
        <testcase name="Get license url without data" file="Featured Image Unit (Hyde\Framework\Testing\Unit\FeaturedImageUnit)::Get license url without data" class="Hyde\Framework\Testing\Unit\FeaturedImageUnitTest" classname="Hyde.Framework.Testing.Unit.FeaturedImageUnitTest" assertions="1" time="0.001870"/>
        <testcase name="Get license url with data" file="Featured Image Unit (Hyde\Framework\Testing\Unit\FeaturedImageUnit)::Get license url with data" class="Hyde\Framework\Testing\Unit\FeaturedImageUnitTest" classname="Hyde.Framework.Testing.Unit.FeaturedImageUnitTest" assertions="1" time="0.001933"/>
        <testcase name="Has alt text without data" file="Featured Image Unit (Hyde\Framework\Testing\Unit\FeaturedImageUnit)::Has alt text without data" class="Hyde\Framework\Testing\Unit\FeaturedImageUnitTest" classname="Hyde.Framework.Testing.Unit.FeaturedImageUnitTest" assertions="1" time="0.001885"/>
        <testcase name="Has alt text with data" file="Featured Image Unit (Hyde\Framework\Testing\Unit\FeaturedImageUnit)::Has alt text with data" class="Hyde\Framework\Testing\Unit\FeaturedImageUnitTest" classname="Hyde.Framework.Testing.Unit.FeaturedImageUnitTest" assertions="1" time="0.001869"/>
        <testcase name="Has title text without data" file="Featured Image Unit (Hyde\Framework\Testing\Unit\FeaturedImageUnit)::Has title text without data" class="Hyde\Framework\Testing\Unit\FeaturedImageUnitTest" classname="Hyde.Framework.Testing.Unit.FeaturedImageUnitTest" assertions="1" time="0.001879"/>
        <testcase name="Has title text with data" file="Featured Image Unit (Hyde\Framework\Testing\Unit\FeaturedImageUnit)::Has title text with data" class="Hyde\Framework\Testing\Unit\FeaturedImageUnitTest" classname="Hyde.Framework.Testing.Unit.FeaturedImageUnitTest" assertions="1" time="0.001908"/>
        <testcase name="Has author name without data" file="Featured Image Unit (Hyde\Framework\Testing\Unit\FeaturedImageUnit)::Has author name without data" class="Hyde\Framework\Testing\Unit\FeaturedImageUnitTest" classname="Hyde.Framework.Testing.Unit.FeaturedImageUnitTest" assertions="1" time="0.001890"/>
        <testcase name="Has author name with data" file="Featured Image Unit (Hyde\Framework\Testing\Unit\FeaturedImageUnit)::Has author name with data" class="Hyde\Framework\Testing\Unit\FeaturedImageUnitTest" classname="Hyde.Framework.Testing.Unit.FeaturedImageUnitTest" assertions="1" time="0.001860"/>
        <testcase name="Has author url without data" file="Featured Image Unit (Hyde\Framework\Testing\Unit\FeaturedImageUnit)::Has author url without data" class="Hyde\Framework\Testing\Unit\FeaturedImageUnitTest" classname="Hyde.Framework.Testing.Unit.FeaturedImageUnitTest" assertions="1" time="0.001874"/>
        <testcase name="Has author url with data" file="Featured Image Unit (Hyde\Framework\Testing\Unit\FeaturedImageUnit)::Has author url with data" class="Hyde\Framework\Testing\Unit\FeaturedImageUnitTest" classname="Hyde.Framework.Testing.Unit.FeaturedImageUnitTest" assertions="1" time="0.001884"/>
        <testcase name="Has copyright text without data" file="Featured Image Unit (Hyde\Framework\Testing\Unit\FeaturedImageUnit)::Has copyright text without data" class="Hyde\Framework\Testing\Unit\FeaturedImageUnitTest" classname="Hyde.Framework.Testing.Unit.FeaturedImageUnitTest" assertions="1" time="0.001916"/>
        <testcase name="Has copyright text with data" file="Featured Image Unit (Hyde\Framework\Testing\Unit\FeaturedImageUnit)::Has copyright text with data" class="Hyde\Framework\Testing\Unit\FeaturedImageUnitTest" classname="Hyde.Framework.Testing.Unit.FeaturedImageUnitTest" assertions="1" time="0.001899"/>
        <testcase name="Has license name without data" file="Featured Image Unit (Hyde\Framework\Testing\Unit\FeaturedImageUnit)::Has license name without data" class="Hyde\Framework\Testing\Unit\FeaturedImageUnitTest" classname="Hyde.Framework.Testing.Unit.FeaturedImageUnitTest" assertions="1" time="0.001885"/>
        <testcase name="Has license name with data" file="Featured Image Unit (Hyde\Framework\Testing\Unit\FeaturedImageUnit)::Has license name with data" class="Hyde\Framework\Testing\Unit\FeaturedImageUnitTest" classname="Hyde.Framework.Testing.Unit.FeaturedImageUnitTest" assertions="1" time="0.001877"/>
        <testcase name="Has license url without data" file="Featured Image Unit (Hyde\Framework\Testing\Unit\FeaturedImageUnit)::Has license url without data" class="Hyde\Framework\Testing\Unit\FeaturedImageUnitTest" classname="Hyde.Framework.Testing.Unit.FeaturedImageUnitTest" assertions="1" time="0.001888"/>
        <testcase name="Has license url with data" file="Featured Image Unit (Hyde\Framework\Testing\Unit\FeaturedImageUnit)::Has license url with data" class="Hyde\Framework\Testing\Unit\FeaturedImageUnitTest" classname="Hyde.Framework.Testing.Unit.FeaturedImageUnitTest" assertions="1" time="0.001884"/>
        <testcase name="Get type for local image" file="Featured Image Unit (Hyde\Framework\Testing\Unit\FeaturedImageUnit)::Get type for local image" class="Hyde\Framework\Testing\Unit\FeaturedImageUnitTest" classname="Hyde.Framework.Testing.Unit.FeaturedImageUnitTest" assertions="1" time="0.001894"/>
        <testcase name="Get type for remote image" file="Featured Image Unit (Hyde\Framework\Testing\Unit\FeaturedImageUnit)::Get type for remote image" class="Hyde\Framework\Testing\Unit\FeaturedImageUnitTest" classname="Hyde.Framework.Testing.Unit.FeaturedImageUnitTest" assertions="1" time="0.001926"/>
        <testcase name="Get content length" file="Featured Image Unit (Hyde\Framework\Testing\Unit\FeaturedImageUnit)::Get content length" class="Hyde\Framework\Testing\Unit\FeaturedImageUnitTest" classname="Hyde.Framework.Testing.Unit.FeaturedImageUnitTest" assertions="2" time="0.002008"/>
        <testcase name="Featured image get content length with no source" file="Featured Image Unit (Hyde\Framework\Testing\Unit\FeaturedImageUnit)::Featured image get content length with no source" class="Hyde\Framework\Testing\Unit\FeaturedImageUnitTest" classname="Hyde.Framework.Testing.Unit.FeaturedImageUnitTest" assertions="2" time="0.002274"/>
        <testcase name="Can construct featured image with remote source" file="Featured Image Unit (Hyde\Framework\Testing\Unit\FeaturedImageUnit)::Can construct featured image with remote source" class="Hyde\Framework\Testing\Unit\FeaturedImageUnitTest" classname="Hyde.Framework.Testing.Unit.FeaturedImageUnitTest" assertions="2" time="0.001959"/>
        <testcase name="Can construct featured image with https" file="Featured Image Unit (Hyde\Framework\Testing\Unit\FeaturedImageUnit)::Can construct featured image with https" class="Hyde\Framework\Testing\Unit\FeaturedImageUnitTest" classname="Hyde.Framework.Testing.Unit.FeaturedImageUnitTest" assertions="2" time="0.001945"/>
      </testsuite>
      <testsuite name="Hyde\Framework\Testing\Unit\FileConflictExceptionTest" file="File Conflict Exception (Hyde\Framework\Testing\Unit\FileConflictException)" tests="6" assertions="6" errors="0" failures="0" skipped="0" time="0.043089">
        <testcase name="It can be instantiated" file="File Conflict Exception (Hyde\Framework\Testing\Unit\FileConflictException)::It can be instantiated" class="Hyde\Framework\Testing\Unit\FileConflictExceptionTest" classname="Hyde.Framework.Testing.Unit.FileConflictExceptionTest" assertions="1" time="0.033697"/>
        <testcase name="It can be thrown" file="File Conflict Exception (Hyde\Framework\Testing\Unit\FileConflictException)::It can be thrown" class="Hyde\Framework\Testing\Unit\FileConflictExceptionTest" classname="Hyde.Framework.Testing.Unit.FileConflictExceptionTest" assertions="1" time="0.001740"/>
        <testcase name="Exception code" file="File Conflict Exception (Hyde\Framework\Testing\Unit\FileConflictException)::Exception code" class="Hyde\Framework\Testing\Unit\FileConflictExceptionTest" classname="Hyde.Framework.Testing.Unit.FileConflictExceptionTest" assertions="1" time="0.001761"/>
        <testcase name="Exception message" file="File Conflict Exception (Hyde\Framework\Testing\Unit\FileConflictException)::Exception message" class="Hyde\Framework\Testing\Unit\FileConflictExceptionTest" classname="Hyde.Framework.Testing.Unit.FileConflictExceptionTest" assertions="1" time="0.001744"/>
        <testcase name="Exception message with path" file="File Conflict Exception (Hyde\Framework\Testing\Unit\FileConflictException)::Exception message with path" class="Hyde\Framework\Testing\Unit\FileConflictExceptionTest" classname="Hyde.Framework.Testing.Unit.FileConflictExceptionTest" assertions="1" time="0.002073"/>
        <testcase name="Exception message with absolute path" file="File Conflict Exception (Hyde\Framework\Testing\Unit\FileConflictException)::Exception message with absolute path" class="Hyde\Framework\Testing\Unit\FileConflictExceptionTest" classname="Hyde.Framework.Testing.Unit.FileConflictExceptionTest" assertions="1" time="0.002073"/>
      </testsuite>
      <testsuite name="Hyde\Framework\Testing\Unit\FileFinderTest" file="File Finder (Hyde\Framework\Testing\Unit\FileFinder)" tests="40" assertions="44" errors="0" failures="0" skipped="0" time="0.214079">
        <testcase name="Find files" file="File Finder (Hyde\Framework\Testing\Unit\FileFinder)::Find files" class="Hyde\Framework\Testing\Unit\FileFinderTest" classname="Hyde.Framework.Testing.Unit.FileFinderTest" assertions="1" time="0.011308"/>
        <testcase name="Find files with mixed extensions" file="File Finder (Hyde\Framework\Testing\Unit\FileFinder)::Find files with mixed extensions" class="Hyde\Framework\Testing\Unit\FileFinderTest" classname="Hyde.Framework.Testing.Unit.FileFinderTest" assertions="1" time="0.004316"/>
        <testcase name="Find files with extension" file="File Finder (Hyde\Framework\Testing\Unit\FileFinder)::Find files with extension" class="Hyde\Framework\Testing\Unit\FileFinderTest" classname="Hyde.Framework.Testing.Unit.FileFinderTest" assertions="1" time="0.004385"/>
        <testcase name="Find files with mixed extensions returns only specified extension" file="File Finder (Hyde\Framework\Testing\Unit\FileFinder)::Find files with mixed extensions returns only specified extension" class="Hyde\Framework\Testing\Unit\FileFinderTest" classname="Hyde.Framework.Testing.Unit.FileFinderTest" assertions="1" time="0.004308"/>
        <testcase name="Find files with recursive" file="File Finder (Hyde\Framework\Testing\Unit\FileFinder)::Find files with recursive" class="Hyde\Framework\Testing\Unit\FileFinderTest" classname="Hyde.Framework.Testing.Unit.FileFinderTest" assertions="1" time="0.005008"/>
        <testcase name="Find files with deeply recursive files" file="File Finder (Hyde\Framework\Testing\Unit\FileFinder)::Find files with deeply recursive files" class="Hyde\Framework\Testing\Unit\FileFinderTest" classname="Hyde.Framework.Testing.Unit.FileFinderTest" assertions="1" time="0.005094"/>
        <testcase name="Find files with very deeply recursive files" file="File Finder (Hyde\Framework\Testing\Unit\FileFinder)::Find files with very deeply recursive files" class="Hyde\Framework\Testing\Unit\FileFinderTest" classname="Hyde.Framework.Testing.Unit.FileFinderTest" assertions="1" time="0.006765"/>
        <testcase name="Find files ignores nested files if not recursive" file="File Finder (Hyde\Framework\Testing\Unit\FileFinder)::Find files ignores nested files if not recursive" class="Hyde\Framework\Testing\Unit\FileFinderTest" classname="Hyde.Framework.Testing.Unit.FileFinderTest" assertions="1" time="0.004950"/>
        <testcase name="Find files returns correct files when using nested subdirectories of different extensions" file="File Finder (Hyde\Framework\Testing\Unit\FileFinder)::Find files returns correct files when using nested subdirectories of different extensions" class="Hyde\Framework\Testing\Unit\FileFinderTest" classname="Hyde.Framework.Testing.Unit.FileFinderTest" assertions="1" time="0.005227"/>
        <testcase name="Find files with files having no extensions" file="File Finder (Hyde\Framework\Testing\Unit\FileFinder)::Find files with files having no extensions" class="Hyde\Framework\Testing\Unit\FileFinderTest" classname="Hyde.Framework.Testing.Unit.FileFinderTest" assertions="1" time="0.004016"/>
        <testcase name="Find files with special characters in names" file="File Finder (Hyde\Framework\Testing\Unit\FileFinder)::Find files with special characters in names" class="Hyde\Framework\Testing\Unit\FileFinderTest" classname="Hyde.Framework.Testing.Unit.FileFinderTest" assertions="1" time="0.004339"/>
        <testcase name="Find files with special prefixes" file="File Finder (Hyde\Framework\Testing\Unit\FileFinder)::Find files with special prefixes" class="Hyde\Framework\Testing\Unit\FileFinderTest" classname="Hyde.Framework.Testing.Unit.FileFinderTest" assertions="1" time="0.004319"/>
        <testcase name="Find files with hidden files" file="File Finder (Hyde\Framework\Testing\Unit\FileFinder)::Find files with hidden files" class="Hyde\Framework\Testing\Unit\FileFinderTest" classname="Hyde.Framework.Testing.Unit.FileFinderTest" assertions="1" time="0.004217"/>
        <testcase name="Find files with recursive and hidden files" file="File Finder (Hyde\Framework\Testing\Unit\FileFinder)::Find files with recursive and hidden files" class="Hyde\Framework\Testing\Unit\FileFinderTest" classname="Hyde.Framework.Testing.Unit.FileFinderTest" assertions="1" time="0.004613"/>
        <testcase name="Find files with empty extension filter" file="File Finder (Hyde\Framework\Testing\Unit\FileFinder)::Find files with empty extension filter" class="Hyde\Framework\Testing\Unit\FileFinderTest" classname="Hyde.Framework.Testing.Unit.FileFinderTest" assertions="1" time="0.003984"/>
        <testcase name="Find files with case insensitive extensions" file="File Finder (Hyde\Framework\Testing\Unit\FileFinder)::Find files with case insensitive extensions" class="Hyde\Framework\Testing\Unit\FileFinderTest" classname="Hyde.Framework.Testing.Unit.FileFinderTest" assertions="1" time="0.004318"/>
        <testcase name="Find files with case insensitive filenames" file="File Finder (Hyde\Framework\Testing\Unit\FileFinder)::Find files with case insensitive filenames" class="Hyde\Framework\Testing\Unit\FileFinderTest" classname="Hyde.Framework.Testing.Unit.FileFinderTest" assertions="1" time="0.004361"/>
        <testcase name="Find files with case insensitive extension filter" file="File Finder (Hyde\Framework\Testing\Unit\FileFinder)::Find files with case insensitive extension filter" class="Hyde\Framework\Testing\Unit\FileFinderTest" classname="Hyde.Framework.Testing.Unit.FileFinderTest" assertions="1" time="0.004382"/>
        <testcase name="Find files with leading dot in file extension" file="File Finder (Hyde\Framework\Testing\Unit\FileFinder)::Find files with leading dot in file extension" class="Hyde\Framework\Testing\Unit\FileFinderTest" classname="Hyde.Framework.Testing.Unit.FileFinderTest" assertions="2" time="0.005109"/>
        <testcase name="Find files handles large number of files" file="File Finder (Hyde\Framework\Testing\Unit\FileFinder)::Find files handles large number of files" class="Hyde\Framework\Testing\Unit\FileFinderTest" classname="Hyde.Framework.Testing.Unit.FileFinderTest" assertions="1" time="0.033774"/>
        <testcase name="Find files with empty directory" file="File Finder (Hyde\Framework\Testing\Unit\FileFinder)::Find files with empty directory" class="Hyde\Framework\Testing\Unit\FileFinderTest" classname="Hyde.Framework.Testing.Unit.FileFinderTest" assertions="1" time="0.003377"/>
        <testcase name="Find files with non existent directory" file="File Finder (Hyde\Framework\Testing\Unit\FileFinder)::Find files with non existent directory" class="Hyde\Framework\Testing\Unit\FileFinderTest" classname="Hyde.Framework.Testing.Unit.FileFinderTest" assertions="1" time="0.002692"/>
        <testcase name="Find files with multiple extensions" file="File Finder (Hyde\Framework\Testing\Unit\FileFinder)::Find files with multiple extensions" class="Hyde\Framework\Testing\Unit\FileFinderTest" classname="Hyde.Framework.Testing.Unit.FileFinderTest" assertions="1" time="0.004406"/>
        <testcase name="Find files with multiple extensions but only one matches" file="File Finder (Hyde\Framework\Testing\Unit\FileFinder)::Find files with multiple extensions but only one matches" class="Hyde\Framework\Testing\Unit\FileFinderTest" classname="Hyde.Framework.Testing.Unit.FileFinderTest" assertions="1" time="0.004266"/>
        <testcase name="Find files with multiple extensions case insensitive" file="File Finder (Hyde\Framework\Testing\Unit\FileFinder)::Find files with multiple extensions case insensitive" class="Hyde\Framework\Testing\Unit\FileFinderTest" classname="Hyde.Framework.Testing.Unit.FileFinderTest" assertions="1" time="0.004373"/>
        <testcase name="Find files with empty array extensions" file="File Finder (Hyde\Framework\Testing\Unit\FileFinder)::Find files with empty array extensions" class="Hyde\Framework\Testing\Unit\FileFinderTest" classname="Hyde.Framework.Testing.Unit.FileFinderTest" assertions="1" time="0.003944"/>
        <testcase name="Find files with mixed extensions and recursion" file="File Finder (Hyde\Framework\Testing\Unit\FileFinder)::Find files with mixed extensions and recursion" class="Hyde\Framework\Testing\Unit\FileFinderTest" classname="Hyde.Framework.Testing.Unit.FileFinderTest" assertions="1" time="0.005185"/>
        <testcase name="Find files with mixed extensions no recursion" file="File Finder (Hyde\Framework\Testing\Unit\FileFinder)::Find files with mixed extensions no recursion" class="Hyde\Framework\Testing\Unit\FileFinderTest" classname="Hyde.Framework.Testing.Unit.FileFinderTest" assertions="1" time="0.004385"/>
        <testcase name="Find files with no files matching any extension" file="File Finder (Hyde\Framework\Testing\Unit\FileFinder)::Find files with no files matching any extension" class="Hyde\Framework\Testing\Unit\FileFinderTest" classname="Hyde.Framework.Testing.Unit.FileFinderTest" assertions="1" time="0.004031"/>
        <testcase name="Find files with recursive and no files matching any extension" file="File Finder (Hyde\Framework\Testing\Unit\FileFinder)::Find files with recursive and no files matching any extension" class="Hyde\Framework\Testing\Unit\FileFinderTest" classname="Hyde.Framework.Testing.Unit.FileFinderTest" assertions="1" time="0.004346"/>
        <testcase name="Find files with recursive and some matching extensions" file="File Finder (Hyde\Framework\Testing\Unit\FileFinder)::Find files with recursive and some matching extensions" class="Hyde\Framework\Testing\Unit\FileFinderTest" classname="Hyde.Framework.Testing.Unit.FileFinderTest" assertions="1" time="0.005183"/>
        <testcase name="Find files with only dot in extensions" file="File Finder (Hyde\Framework\Testing\Unit\FileFinder)::Find files with only dot in extensions" class="Hyde\Framework\Testing\Unit\FileFinderTest" classname="Hyde.Framework.Testing.Unit.FileFinderTest" assertions="2" time="0.004690"/>
        <testcase name="Find files with no files when directory contains unmatched extensions" file="File Finder (Hyde\Framework\Testing\Unit\FileFinder)::Find files with no files when directory contains unmatched extensions" class="Hyde\Framework\Testing\Unit\FileFinderTest" classname="Hyde.Framework.Testing.Unit.FileFinderTest" assertions="2" time="0.004583"/>
        <testcase name="Find files with empty directory and multiple extensions" file="File Finder (Hyde\Framework\Testing\Unit\FileFinder)::Find files with empty directory and multiple extensions" class="Hyde\Framework\Testing\Unit\FileFinderTest" classname="Hyde.Framework.Testing.Unit.FileFinderTest" assertions="1" time="0.003381"/>
        <testcase name="Find files with invalid extensions throws no error" file="File Finder (Hyde\Framework\Testing\Unit\FileFinder)::Find files with invalid extensions throws no error" class="Hyde\Framework\Testing\Unit\FileFinderTest" classname="Hyde.Framework.Testing.Unit.FileFinderTest" assertions="2" time="0.004567"/>
        <testcase name="Find files with csv string extensions" file="File Finder (Hyde\Framework\Testing\Unit\FileFinder)::Find files with csv string extensions" class="Hyde\Framework\Testing\Unit\FileFinderTest" classname="Hyde.Framework.Testing.Unit.FileFinderTest" assertions="1" time="0.004345"/>
        <testcase name="Find files with csv string extensions and spaces" file="File Finder (Hyde\Framework\Testing\Unit\FileFinder)::Find files with csv string extensions and spaces" class="Hyde\Framework\Testing\Unit\FileFinderTest" classname="Hyde.Framework.Testing.Unit.FileFinderTest" assertions="1" time="0.004355"/>
        <testcase name="Find files with csv string extensions mixed case" file="File Finder (Hyde\Framework\Testing\Unit\FileFinder)::Find files with csv string extensions mixed case" class="Hyde\Framework\Testing\Unit\FileFinderTest" classname="Hyde.Framework.Testing.Unit.FileFinderTest" assertions="1" time="0.004422"/>
        <testcase name="Find files with csv string extensions in array" file="File Finder (Hyde\Framework\Testing\Unit\FileFinder)::Find files with csv string extensions in array" class="Hyde\Framework\Testing\Unit\FileFinderTest" classname="Hyde.Framework.Testing.Unit.FileFinderTest" assertions="1" time="0.004329"/>
        <testcase name="Find files with csv string extensions in mixed array" file="File Finder (Hyde\Framework\Testing\Unit\FileFinder)::Find files with csv string extensions in mixed array" class="Hyde\Framework\Testing\Unit\FileFinderTest" classname="Hyde.Framework.Testing.Unit.FileFinderTest" assertions="1" time="0.004427"/>
      </testsuite>
      <testsuite name="Hyde\Framework\Testing\Unit\FilesystemFacadeUnitTest" file="Filesystem Facade Unit (Hyde\Framework\Testing\Unit\FilesystemFacadeUnit)" tests="51" assertions="53" errors="0" failures="0" skipped="0" time="0.187776">
        <testcase name="Get contents" file="Filesystem Facade Unit (Hyde\Framework\Testing\Unit\FilesystemFacadeUnit)::Get contents" class="Hyde\Framework\Testing\Unit\FilesystemFacadeUnitTest" classname="Hyde.Framework.Testing.Unit.FilesystemFacadeUnitTest" assertions="1" time="0.048676"/>
        <testcase name="Get contents with lock" file="Filesystem Facade Unit (Hyde\Framework\Testing\Unit\FilesystemFacadeUnit)::Get contents with lock" class="Hyde\Framework\Testing\Unit\FilesystemFacadeUnitTest" classname="Hyde.Framework.Testing.Unit.FilesystemFacadeUnitTest" assertions="1" time="0.002841"/>
        <testcase name="Put contents" file="Filesystem Facade Unit (Hyde\Framework\Testing\Unit\FilesystemFacadeUnit)::Put contents" class="Hyde\Framework\Testing\Unit\FilesystemFacadeUnitTest" classname="Hyde.Framework.Testing.Unit.FilesystemFacadeUnitTest" assertions="1" time="0.002700"/>
        <testcase name="Put contents with lock" file="Filesystem Facade Unit (Hyde\Framework\Testing\Unit\FilesystemFacadeUnit)::Put contents with lock" class="Hyde\Framework\Testing\Unit\FilesystemFacadeUnitTest" classname="Hyde.Framework.Testing.Unit.FilesystemFacadeUnitTest" assertions="1" time="0.002711"/>
        <testcase name="Exists" file="Filesystem Facade Unit (Hyde\Framework\Testing\Unit\FilesystemFacadeUnit)::Exists" class="Hyde\Framework\Testing\Unit\FilesystemFacadeUnitTest" classname="Hyde.Framework.Testing.Unit.FilesystemFacadeUnitTest" assertions="1" time="0.002663"/>
        <testcase name="Missing" file="Filesystem Facade Unit (Hyde\Framework\Testing\Unit\FilesystemFacadeUnit)::Missing" class="Hyde\Framework\Testing\Unit\FilesystemFacadeUnitTest" classname="Hyde.Framework.Testing.Unit.FilesystemFacadeUnitTest" assertions="1" time="0.002645"/>
        <testcase name="Get" file="Filesystem Facade Unit (Hyde\Framework\Testing\Unit\FilesystemFacadeUnit)::Get" class="Hyde\Framework\Testing\Unit\FilesystemFacadeUnitTest" classname="Hyde.Framework.Testing.Unit.FilesystemFacadeUnitTest" assertions="1" time="0.002851"/>
        <testcase name="Shared get" file="Filesystem Facade Unit (Hyde\Framework\Testing\Unit\FilesystemFacadeUnit)::Shared get" class="Hyde\Framework\Testing\Unit\FilesystemFacadeUnitTest" classname="Hyde.Framework.Testing.Unit.FilesystemFacadeUnitTest" assertions="1" time="0.002682"/>
        <testcase name="Get require" file="Filesystem Facade Unit (Hyde\Framework\Testing\Unit\FilesystemFacadeUnit)::Get require" class="Hyde\Framework\Testing\Unit\FilesystemFacadeUnitTest" classname="Hyde.Framework.Testing.Unit.FilesystemFacadeUnitTest" assertions="1" time="0.002695"/>
        <testcase name="Require once" file="Filesystem Facade Unit (Hyde\Framework\Testing\Unit\FilesystemFacadeUnit)::Require once" class="Hyde\Framework\Testing\Unit\FilesystemFacadeUnitTest" classname="Hyde.Framework.Testing.Unit.FilesystemFacadeUnitTest" assertions="1" time="0.002693"/>
        <testcase name="Lines" file="Filesystem Facade Unit (Hyde\Framework\Testing\Unit\FilesystemFacadeUnit)::Lines" class="Hyde\Framework\Testing\Unit\FilesystemFacadeUnitTest" classname="Hyde.Framework.Testing.Unit.FilesystemFacadeUnitTest" assertions="1" time="0.004006"/>
        <testcase name="Hash" file="Filesystem Facade Unit (Hyde\Framework\Testing\Unit\FilesystemFacadeUnit)::Hash" class="Hyde\Framework\Testing\Unit\FilesystemFacadeUnitTest" classname="Hyde.Framework.Testing.Unit.FilesystemFacadeUnitTest" assertions="1" time="0.002682"/>
        <testcase name="Put" file="Filesystem Facade Unit (Hyde\Framework\Testing\Unit\FilesystemFacadeUnit)::Put" class="Hyde\Framework\Testing\Unit\FilesystemFacadeUnitTest" classname="Hyde.Framework.Testing.Unit.FilesystemFacadeUnitTest" assertions="1" time="0.002654"/>
        <testcase name="Replace" file="Filesystem Facade Unit (Hyde\Framework\Testing\Unit\FilesystemFacadeUnit)::Replace" class="Hyde\Framework\Testing\Unit\FilesystemFacadeUnitTest" classname="Hyde.Framework.Testing.Unit.FilesystemFacadeUnitTest" assertions="1" time="0.002669"/>
        <testcase name="Replace in file" file="Filesystem Facade Unit (Hyde\Framework\Testing\Unit\FilesystemFacadeUnit)::Replace in file" class="Hyde\Framework\Testing\Unit\FilesystemFacadeUnitTest" classname="Hyde.Framework.Testing.Unit.FilesystemFacadeUnitTest" assertions="1" time="0.002708"/>
        <testcase name="Prepend" file="Filesystem Facade Unit (Hyde\Framework\Testing\Unit\FilesystemFacadeUnit)::Prepend" class="Hyde\Framework\Testing\Unit\FilesystemFacadeUnitTest" classname="Hyde.Framework.Testing.Unit.FilesystemFacadeUnitTest" assertions="1" time="0.002683"/>
        <testcase name="Append" file="Filesystem Facade Unit (Hyde\Framework\Testing\Unit\FilesystemFacadeUnit)::Append" class="Hyde\Framework\Testing\Unit\FilesystemFacadeUnitTest" classname="Hyde.Framework.Testing.Unit.FilesystemFacadeUnitTest" assertions="1" time="0.002673"/>
        <testcase name="Chmod" file="Filesystem Facade Unit (Hyde\Framework\Testing\Unit\FilesystemFacadeUnit)::Chmod" class="Hyde\Framework\Testing\Unit\FilesystemFacadeUnitTest" classname="Hyde.Framework.Testing.Unit.FilesystemFacadeUnitTest" assertions="1" time="0.002647"/>
        <testcase name="Delete" file="Filesystem Facade Unit (Hyde\Framework\Testing\Unit\FilesystemFacadeUnit)::Delete" class="Hyde\Framework\Testing\Unit\FilesystemFacadeUnitTest" classname="Hyde.Framework.Testing.Unit.FilesystemFacadeUnitTest" assertions="1" time="0.002640"/>
        <testcase name="Delete with array" file="Filesystem Facade Unit (Hyde\Framework\Testing\Unit\FilesystemFacadeUnit)::Delete with array" class="Hyde\Framework\Testing\Unit\FilesystemFacadeUnitTest" classname="Hyde.Framework.Testing.Unit.FilesystemFacadeUnitTest" assertions="1" time="0.002756"/>
        <testcase name="Move" file="Filesystem Facade Unit (Hyde\Framework\Testing\Unit\FilesystemFacadeUnit)::Move" class="Hyde\Framework\Testing\Unit\FilesystemFacadeUnitTest" classname="Hyde.Framework.Testing.Unit.FilesystemFacadeUnitTest" assertions="1" time="0.002779"/>
        <testcase name="Copy" file="Filesystem Facade Unit (Hyde\Framework\Testing\Unit\FilesystemFacadeUnit)::Copy" class="Hyde\Framework\Testing\Unit\FilesystemFacadeUnitTest" classname="Hyde.Framework.Testing.Unit.FilesystemFacadeUnitTest" assertions="1" time="0.002723"/>
        <testcase name="Link" file="Filesystem Facade Unit (Hyde\Framework\Testing\Unit\FilesystemFacadeUnit)::Link" class="Hyde\Framework\Testing\Unit\FilesystemFacadeUnitTest" classname="Hyde.Framework.Testing.Unit.FilesystemFacadeUnitTest" assertions="1" time="0.003068"/>
        <testcase name="Relative link" file="Filesystem Facade Unit (Hyde\Framework\Testing\Unit\FilesystemFacadeUnit)::Relative link" class="Hyde\Framework\Testing\Unit\FilesystemFacadeUnitTest" classname="Hyde.Framework.Testing.Unit.FilesystemFacadeUnitTest" assertions="1" time="0.003718"/>
        <testcase name="Name" file="Filesystem Facade Unit (Hyde\Framework\Testing\Unit\FilesystemFacadeUnit)::Name" class="Hyde\Framework\Testing\Unit\FilesystemFacadeUnitTest" classname="Hyde.Framework.Testing.Unit.FilesystemFacadeUnitTest" assertions="1" time="0.002731"/>
        <testcase name="Basename" file="Filesystem Facade Unit (Hyde\Framework\Testing\Unit\FilesystemFacadeUnit)::Basename" class="Hyde\Framework\Testing\Unit\FilesystemFacadeUnitTest" classname="Hyde.Framework.Testing.Unit.FilesystemFacadeUnitTest" assertions="1" time="0.002755"/>
        <testcase name="Dirname" file="Filesystem Facade Unit (Hyde\Framework\Testing\Unit\FilesystemFacadeUnit)::Dirname" class="Hyde\Framework\Testing\Unit\FilesystemFacadeUnitTest" classname="Hyde.Framework.Testing.Unit.FilesystemFacadeUnitTest" assertions="1" time="0.002716"/>
        <testcase name="Extension" file="Filesystem Facade Unit (Hyde\Framework\Testing\Unit\FilesystemFacadeUnit)::Extension" class="Hyde\Framework\Testing\Unit\FilesystemFacadeUnitTest" classname="Hyde.Framework.Testing.Unit.FilesystemFacadeUnitTest" assertions="1" time="0.002705"/>
        <testcase name="Guess extension" file="Filesystem Facade Unit (Hyde\Framework\Testing\Unit\FilesystemFacadeUnit)::Guess extension" class="Hyde\Framework\Testing\Unit\FilesystemFacadeUnitTest" classname="Hyde.Framework.Testing.Unit.FilesystemFacadeUnitTest" assertions="1" time="0.002692"/>
        <testcase name="Type" file="Filesystem Facade Unit (Hyde\Framework\Testing\Unit\FilesystemFacadeUnit)::Type" class="Hyde\Framework\Testing\Unit\FilesystemFacadeUnitTest" classname="Hyde.Framework.Testing.Unit.FilesystemFacadeUnitTest" assertions="1" time="0.002824"/>
        <testcase name="Mime type" file="Filesystem Facade Unit (Hyde\Framework\Testing\Unit\FilesystemFacadeUnit)::Mime type" class="Hyde\Framework\Testing\Unit\FilesystemFacadeUnitTest" classname="Hyde.Framework.Testing.Unit.FilesystemFacadeUnitTest" assertions="1" time="0.002763"/>
        <testcase name="Size" file="Filesystem Facade Unit (Hyde\Framework\Testing\Unit\FilesystemFacadeUnit)::Size" class="Hyde\Framework\Testing\Unit\FilesystemFacadeUnitTest" classname="Hyde.Framework.Testing.Unit.FilesystemFacadeUnitTest" assertions="1" time="0.002680"/>
        <testcase name="Last modified" file="Filesystem Facade Unit (Hyde\Framework\Testing\Unit\FilesystemFacadeUnit)::Last modified" class="Hyde\Framework\Testing\Unit\FilesystemFacadeUnitTest" classname="Hyde.Framework.Testing.Unit.FilesystemFacadeUnitTest" assertions="1" time="0.002685"/>
        <testcase name="Is directory" file="Filesystem Facade Unit (Hyde\Framework\Testing\Unit\FilesystemFacadeUnit)::Is directory" class="Hyde\Framework\Testing\Unit\FilesystemFacadeUnitTest" classname="Hyde.Framework.Testing.Unit.FilesystemFacadeUnitTest" assertions="1" time="0.002682"/>
        <testcase name="Is empty directory" file="Filesystem Facade Unit (Hyde\Framework\Testing\Unit\FilesystemFacadeUnit)::Is empty directory" class="Hyde\Framework\Testing\Unit\FilesystemFacadeUnitTest" classname="Hyde.Framework.Testing.Unit.FilesystemFacadeUnitTest" assertions="1" time="0.002681"/>
        <testcase name="Is readable" file="Filesystem Facade Unit (Hyde\Framework\Testing\Unit\FilesystemFacadeUnit)::Is readable" class="Hyde\Framework\Testing\Unit\FilesystemFacadeUnitTest" classname="Hyde.Framework.Testing.Unit.FilesystemFacadeUnitTest" assertions="1" time="0.002688"/>
        <testcase name="Is writable" file="Filesystem Facade Unit (Hyde\Framework\Testing\Unit\FilesystemFacadeUnit)::Is writable" class="Hyde\Framework\Testing\Unit\FilesystemFacadeUnitTest" classname="Hyde.Framework.Testing.Unit.FilesystemFacadeUnitTest" assertions="1" time="0.002668"/>
        <testcase name="Has same hash" file="Filesystem Facade Unit (Hyde\Framework\Testing\Unit\FilesystemFacadeUnit)::Has same hash" class="Hyde\Framework\Testing\Unit\FilesystemFacadeUnitTest" classname="Hyde.Framework.Testing.Unit.FilesystemFacadeUnitTest" assertions="1" time="0.002771"/>
        <testcase name="Is file" file="Filesystem Facade Unit (Hyde\Framework\Testing\Unit\FilesystemFacadeUnit)::Is file" class="Hyde\Framework\Testing\Unit\FilesystemFacadeUnitTest" classname="Hyde.Framework.Testing.Unit.FilesystemFacadeUnitTest" assertions="1" time="0.002687"/>
        <testcase name="Glob" file="Filesystem Facade Unit (Hyde\Framework\Testing\Unit\FilesystemFacadeUnit)::Glob" class="Hyde\Framework\Testing\Unit\FilesystemFacadeUnitTest" classname="Hyde.Framework.Testing.Unit.FilesystemFacadeUnitTest" assertions="1" time="0.002679"/>
        <testcase name="Files" file="Filesystem Facade Unit (Hyde\Framework\Testing\Unit\FilesystemFacadeUnit)::Files" class="Hyde\Framework\Testing\Unit\FilesystemFacadeUnitTest" classname="Hyde.Framework.Testing.Unit.FilesystemFacadeUnitTest" assertions="1" time="0.002744"/>
        <testcase name="All files" file="Filesystem Facade Unit (Hyde\Framework\Testing\Unit\FilesystemFacadeUnit)::All files" class="Hyde\Framework\Testing\Unit\FilesystemFacadeUnitTest" classname="Hyde.Framework.Testing.Unit.FilesystemFacadeUnitTest" assertions="1" time="0.002811"/>
        <testcase name="Directories" file="Filesystem Facade Unit (Hyde\Framework\Testing\Unit\FilesystemFacadeUnit)::Directories" class="Hyde\Framework\Testing\Unit\FilesystemFacadeUnitTest" classname="Hyde.Framework.Testing.Unit.FilesystemFacadeUnitTest" assertions="1" time="0.002689"/>
        <testcase name="Ensure directory exists" file="Filesystem Facade Unit (Hyde\Framework\Testing\Unit\FilesystemFacadeUnit)::Ensure directory exists" class="Hyde\Framework\Testing\Unit\FilesystemFacadeUnitTest" classname="Hyde.Framework.Testing.Unit.FilesystemFacadeUnitTest" assertions="1" time="0.002723"/>
        <testcase name="Make directory" file="Filesystem Facade Unit (Hyde\Framework\Testing\Unit\FilesystemFacadeUnit)::Make directory" class="Hyde\Framework\Testing\Unit\FilesystemFacadeUnitTest" classname="Hyde.Framework.Testing.Unit.FilesystemFacadeUnitTest" assertions="1" time="0.002693"/>
        <testcase name="Move directory" file="Filesystem Facade Unit (Hyde\Framework\Testing\Unit\FilesystemFacadeUnit)::Move directory" class="Hyde\Framework\Testing\Unit\FilesystemFacadeUnitTest" classname="Hyde.Framework.Testing.Unit.FilesystemFacadeUnitTest" assertions="1" time="0.002761"/>
        <testcase name="Copy directory" file="Filesystem Facade Unit (Hyde\Framework\Testing\Unit\FilesystemFacadeUnit)::Copy directory" class="Hyde\Framework\Testing\Unit\FilesystemFacadeUnitTest" classname="Hyde.Framework.Testing.Unit.FilesystemFacadeUnitTest" assertions="1" time="0.002768"/>
        <testcase name="Delete directory" file="Filesystem Facade Unit (Hyde\Framework\Testing\Unit\FilesystemFacadeUnit)::Delete directory" class="Hyde\Framework\Testing\Unit\FilesystemFacadeUnitTest" classname="Hyde.Framework.Testing.Unit.FilesystemFacadeUnitTest" assertions="1" time="0.002681"/>
        <testcase name="Delete directories" file="Filesystem Facade Unit (Hyde\Framework\Testing\Unit\FilesystemFacadeUnit)::Delete directories" class="Hyde\Framework\Testing\Unit\FilesystemFacadeUnitTest" classname="Hyde.Framework.Testing.Unit.FilesystemFacadeUnitTest" assertions="1" time="0.002700"/>
        <testcase name="Clean directory" file="Filesystem Facade Unit (Hyde\Framework\Testing\Unit\FilesystemFacadeUnit)::Clean directory" class="Hyde\Framework\Testing\Unit\FilesystemFacadeUnitTest" classname="Hyde.Framework.Testing.Unit.FilesystemFacadeUnitTest" assertions="1" time="0.002707"/>
        <testcase name="Smart glob" file="Filesystem Facade Unit (Hyde\Framework\Testing\Unit\FilesystemFacadeUnit)::Smart glob" class="Hyde\Framework\Testing\Unit\FilesystemFacadeUnitTest" classname="Hyde.Framework.Testing.Unit.FilesystemFacadeUnitTest" assertions="3" time="0.003529"/>
      </testsuite>
      <testsuite name="Hyde\Framework\Testing\Unit\Foundation\HyperlinkFileHelperRelativeLinkTest" file="Hyperlink File Helper Relative Link (Hyde\Framework\Testing\Unit\Foundation\HyperlinkFileHelperRelativeLink)" tests="16" assertions="29" errors="0" failures="0" skipped="0" time="0.109619">
        <testcase name="Helper returns string as is if current is not set" file="Hyperlink File Helper Relative Link (Hyde\Framework\Testing\Unit\Foundation\HyperlinkFileHelperRelativeLink)::Helper returns string as is if current is not set" class="Hyde\Framework\Testing\Unit\Foundation\HyperlinkFileHelperRelativeLinkTest" classname="Hyde.Framework.Testing.Unit.Foundation.HyperlinkFileHelperRelativeLinkTest" assertions="1" time="0.048348"/>
        <testcase name="Helper injects proper number of doubles slash" file="Hyperlink File Helper Relative Link (Hyde\Framework\Testing\Unit\Foundation\HyperlinkFileHelperRelativeLink)::Helper injects proper number of doubles slash" class="Hyde\Framework\Testing\Unit\Foundation\HyperlinkFileHelperRelativeLinkTest" classname="Hyde.Framework.Testing.Unit.Foundation.HyperlinkFileHelperRelativeLinkTest" assertions="1" time="0.003858"/>
        <testcase name="Helper injects proper number of doubles slash for deeply nested paths" file="Hyperlink File Helper Relative Link (Hyde\Framework\Testing\Unit\Foundation\HyperlinkFileHelperRelativeLink)::Helper injects proper number of doubles slash for deeply nested paths" class="Hyde\Framework\Testing\Unit\Foundation\HyperlinkFileHelperRelativeLinkTest" classname="Hyde.Framework.Testing.Unit.Foundation.HyperlinkFileHelperRelativeLinkTest" assertions="1" time="0.003750"/>
        <testcase name="Helper handles destination without file extension" file="Hyperlink File Helper Relative Link (Hyde\Framework\Testing\Unit\Foundation\HyperlinkFileHelperRelativeLink)::Helper handles destination without file extension" class="Hyde\Framework\Testing\Unit\Foundation\HyperlinkFileHelperRelativeLinkTest" classname="Hyde.Framework.Testing.Unit.Foundation.HyperlinkFileHelperRelativeLinkTest" assertions="1" time="0.003649"/>
        <testcase name="Helper handles current without file extension" file="Hyperlink File Helper Relative Link (Hyde\Framework\Testing\Unit\Foundation\HyperlinkFileHelperRelativeLink)::Helper handles current without file extension" class="Hyde\Framework\Testing\Unit\Foundation\HyperlinkFileHelperRelativeLinkTest" classname="Hyde.Framework.Testing.Unit.Foundation.HyperlinkFileHelperRelativeLinkTest" assertions="1" time="0.003621"/>
        <testcase name="Helper handles case without any file extensions" file="Hyperlink File Helper Relative Link (Hyde\Framework\Testing\Unit\Foundation\HyperlinkFileHelperRelativeLink)::Helper handles case without any file extensions" class="Hyde\Framework\Testing\Unit\Foundation\HyperlinkFileHelperRelativeLinkTest" classname="Hyde.Framework.Testing.Unit.Foundation.HyperlinkFileHelperRelativeLinkTest" assertions="1" time="0.003611"/>
        <testcase name="Helper handles case with mixed file extensions" file="Hyperlink File Helper Relative Link (Hyde\Framework\Testing\Unit\Foundation\HyperlinkFileHelperRelativeLink)::Helper handles case with mixed file extensions" class="Hyde\Framework\Testing\Unit\Foundation\HyperlinkFileHelperRelativeLinkTest" classname="Hyde.Framework.Testing.Unit.Foundation.HyperlinkFileHelperRelativeLinkTest" assertions="2" time="0.004356"/>
        <testcase name="Helper handles different file extensions" file="Hyperlink File Helper Relative Link (Hyde\Framework\Testing\Unit\Foundation\HyperlinkFileHelperRelativeLink)::Helper handles different file extensions" class="Hyde\Framework\Testing\Unit\Foundation\HyperlinkFileHelperRelativeLinkTest" classname="Hyde.Framework.Testing.Unit.Foundation.HyperlinkFileHelperRelativeLinkTest" assertions="3" time="0.003875"/>
        <testcase name="Helper returns pretty url if enabled and destination is a html file" file="Hyperlink File Helper Relative Link (Hyde\Framework\Testing\Unit\Foundation\HyperlinkFileHelperRelativeLink)::Helper returns pretty url if enabled and destination is a html file" class="Hyde\Framework\Testing\Unit\Foundation\HyperlinkFileHelperRelativeLinkTest" classname="Hyde.Framework.Testing.Unit.Foundation.HyperlinkFileHelperRelativeLinkTest" assertions="1" time="0.003716"/>
        <testcase name="Helper method does not require current path to be html to use pretty urls" file="Hyperlink File Helper Relative Link (Hyde\Framework\Testing\Unit\Foundation\HyperlinkFileHelperRelativeLink)::Helper method does not require current path to be html to use pretty urls" class="Hyde\Framework\Testing\Unit\Foundation\HyperlinkFileHelperRelativeLinkTest" classname="Hyde.Framework.Testing.Unit.Foundation.HyperlinkFileHelperRelativeLinkTest" assertions="1" time="0.003715"/>
        <testcase name="Helper returns does not return pretty url if when enabled but and destination is not a html file" file="Hyperlink File Helper Relative Link (Hyde\Framework\Testing\Unit\Foundation\HyperlinkFileHelperRelativeLink)::Helper returns does not return pretty url if when enabled but and destination is not a html file" class="Hyde\Framework\Testing\Unit\Foundation\HyperlinkFileHelperRelativeLinkTest" classname="Hyde.Framework.Testing.Unit.Foundation.HyperlinkFileHelperRelativeLinkTest" assertions="1" time="0.003765"/>
        <testcase name="Helper rewrites index when using pretty urls" file="Hyperlink File Helper Relative Link (Hyde\Framework\Testing\Unit\Foundation\HyperlinkFileHelperRelativeLink)::Helper rewrites index when using pretty urls" class="Hyde\Framework\Testing\Unit\Foundation\HyperlinkFileHelperRelativeLinkTest" classname="Hyde.Framework.Testing.Unit.Foundation.HyperlinkFileHelperRelativeLinkTest" assertions="3" time="0.004925"/>
        <testcase name="Helper does not rewrite index when not using pretty urls" file="Hyperlink File Helper Relative Link (Hyde\Framework\Testing\Unit\Foundation\HyperlinkFileHelperRelativeLink)::Helper does not rewrite index when not using pretty urls" class="Hyde\Framework\Testing\Unit\Foundation\HyperlinkFileHelperRelativeLinkTest" classname="Hyde.Framework.Testing.Unit.Foundation.HyperlinkFileHelperRelativeLinkTest" assertions="3" time="0.004925"/>
        <testcase name="Helper rewrites documentation page index when using pretty urls" file="Hyperlink File Helper Relative Link (Hyde\Framework\Testing\Unit\Foundation\HyperlinkFileHelperRelativeLink)::Helper rewrites documentation page index when using pretty urls" class="Hyde\Framework\Testing\Unit\Foundation\HyperlinkFileHelperRelativeLinkTest" classname="Hyde.Framework.Testing.Unit.Foundation.HyperlinkFileHelperRelativeLinkTest" assertions="4" time="0.005545"/>
        <testcase name="Helper does not rewrite documentation page index when not using pretty urls" file="Hyperlink File Helper Relative Link (Hyde\Framework\Testing\Unit\Foundation\HyperlinkFileHelperRelativeLink)::Helper does not rewrite documentation page index when not using pretty urls" class="Hyde\Framework\Testing\Unit\Foundation\HyperlinkFileHelperRelativeLinkTest" classname="Hyde.Framework.Testing.Unit.Foundation.HyperlinkFileHelperRelativeLinkTest" assertions="4" time="0.005551"/>
        <testcase name="Helper does not rewrite already processed links" file="Hyperlink File Helper Relative Link (Hyde\Framework\Testing\Unit\Foundation\HyperlinkFileHelperRelativeLink)::Helper does not rewrite already processed links" class="Hyde\Framework\Testing\Unit\Foundation\HyperlinkFileHelperRelativeLinkTest" classname="Hyde.Framework.Testing.Unit.Foundation.HyperlinkFileHelperRelativeLinkTest" assertions="1" time="0.002410"/>
      </testsuite>
      <testsuite name="Hyde\Framework\Testing\Unit\Foundation\HyperlinkFormatHtmlPathTest" file="Hyperlink Format Html Path (Hyde\Framework\Testing\Unit\Foundation\HyperlinkFormatHtmlPath)" tests="14" assertions="14" errors="0" failures="0" skipped="0" time="0.045794">
        <testcase name="Helper returns string as is if pretty urls is not true" file="Hyperlink Format Html Path (Hyde\Framework\Testing\Unit\Foundation\HyperlinkFormatHtmlPath)::Helper returns string as is if pretty urls is not true" class="Hyde\Framework\Testing\Unit\Foundation\HyperlinkFormatHtmlPathTest" classname="Hyde.Framework.Testing.Unit.Foundation.HyperlinkFormatHtmlPathTest" assertions="1" time="0.018785"/>
        <testcase name="Helper returns pretty url if pretty urls is true" file="Hyperlink Format Html Path (Hyde\Framework\Testing\Unit\Foundation\HyperlinkFormatHtmlPath)::Helper returns pretty url if pretty urls is true" class="Hyde\Framework\Testing\Unit\Foundation\HyperlinkFormatHtmlPathTest" classname="Hyde.Framework.Testing.Unit.Foundation.HyperlinkFormatHtmlPathTest" assertions="1" time="0.002068"/>
        <testcase name="Helper respects absolute urls" file="Hyperlink Format Html Path (Hyde\Framework\Testing\Unit\Foundation\HyperlinkFormatHtmlPath)::Helper respects absolute urls" class="Hyde\Framework\Testing\Unit\Foundation\HyperlinkFormatHtmlPathTest" classname="Hyde.Framework.Testing.Unit.Foundation.HyperlinkFormatHtmlPathTest" assertions="1" time="0.002029"/>
        <testcase name="Helper respects pretty absolute urls" file="Hyperlink Format Html Path (Hyde\Framework\Testing\Unit\Foundation\HyperlinkFormatHtmlPath)::Helper respects pretty absolute urls" class="Hyde\Framework\Testing\Unit\Foundation\HyperlinkFormatHtmlPathTest" classname="Hyde.Framework.Testing.Unit.Foundation.HyperlinkFormatHtmlPathTest" assertions="1" time="0.002036"/>
        <testcase name="Helper respects relative urls" file="Hyperlink Format Html Path (Hyde\Framework\Testing\Unit\Foundation\HyperlinkFormatHtmlPath)::Helper respects relative urls" class="Hyde\Framework\Testing\Unit\Foundation\HyperlinkFormatHtmlPathTest" classname="Hyde.Framework.Testing.Unit.Foundation.HyperlinkFormatHtmlPathTest" assertions="1" time="0.002016"/>
        <testcase name="Helper respects pretty relative urls" file="Hyperlink Format Html Path (Hyde\Framework\Testing\Unit\Foundation\HyperlinkFormatHtmlPath)::Helper respects pretty relative urls" class="Hyde\Framework\Testing\Unit\Foundation\HyperlinkFormatHtmlPathTest" classname="Hyde.Framework.Testing.Unit.Foundation.HyperlinkFormatHtmlPathTest" assertions="1" time="0.002036"/>
        <testcase name="Non html links are not modified" file="Hyperlink Format Html Path (Hyde\Framework\Testing\Unit\Foundation\HyperlinkFormatHtmlPath)::Non html links are not modified" class="Hyde\Framework\Testing\Unit\Foundation\HyperlinkFormatHtmlPathTest" classname="Hyde.Framework.Testing.Unit.Foundation.HyperlinkFormatHtmlPathTest" assertions="1" time="0.002017"/>
        <testcase name="Helper respects absolute urls with pretty urls enabled" file="Hyperlink Format Html Path (Hyde\Framework\Testing\Unit\Foundation\HyperlinkFormatHtmlPath)::Helper respects absolute urls with pretty urls enabled" class="Hyde\Framework\Testing\Unit\Foundation\HyperlinkFormatHtmlPathTest" classname="Hyde.Framework.Testing.Unit.Foundation.HyperlinkFormatHtmlPathTest" assertions="1" time="0.002296"/>
        <testcase name="Helper rewrites index when using pretty urls" file="Hyperlink Format Html Path (Hyde\Framework\Testing\Unit\Foundation\HyperlinkFormatHtmlPath)::Helper rewrites index when using pretty urls" class="Hyde\Framework\Testing\Unit\Foundation\HyperlinkFormatHtmlPathTest" classname="Hyde.Framework.Testing.Unit.Foundation.HyperlinkFormatHtmlPathTest" assertions="1" time="0.002058"/>
        <testcase name="Helper does not rewrite index when not using pretty urls" file="Hyperlink Format Html Path (Hyde\Framework\Testing\Unit\Foundation\HyperlinkFormatHtmlPath)::Helper does not rewrite index when not using pretty urls" class="Hyde\Framework\Testing\Unit\Foundation\HyperlinkFormatHtmlPathTest" classname="Hyde.Framework.Testing.Unit.Foundation.HyperlinkFormatHtmlPathTest" assertions="1" time="0.002112"/>
        <testcase name="Helper rewrites documentation page index when using pretty urls" file="Hyperlink Format Html Path (Hyde\Framework\Testing\Unit\Foundation\HyperlinkFormatHtmlPath)::Helper rewrites documentation page index when using pretty urls" class="Hyde\Framework\Testing\Unit\Foundation\HyperlinkFormatHtmlPathTest" classname="Hyde.Framework.Testing.Unit.Foundation.HyperlinkFormatHtmlPathTest" assertions="1" time="0.002081"/>
        <testcase name="Helper does not rewrite documentation page index when not using pretty urls" file="Hyperlink Format Html Path (Hyde\Framework\Testing\Unit\Foundation\HyperlinkFormatHtmlPath)::Helper does not rewrite documentation page index when not using pretty urls" class="Hyde\Framework\Testing\Unit\Foundation\HyperlinkFormatHtmlPathTest" classname="Hyde.Framework.Testing.Unit.Foundation.HyperlinkFormatHtmlPathTest" assertions="1" time="0.002087"/>
        <testcase name="Helpers rewrites arbitrary nested index pages when using pretty urls" file="Hyperlink Format Html Path (Hyde\Framework\Testing\Unit\Foundation\HyperlinkFormatHtmlPath)::Helpers rewrites arbitrary nested index pages when using pretty urls" class="Hyde\Framework\Testing\Unit\Foundation\HyperlinkFormatHtmlPathTest" classname="Hyde.Framework.Testing.Unit.Foundation.HyperlinkFormatHtmlPathTest" assertions="1" time="0.002092"/>
        <testcase name="Helpers does not rewrite arbitrary nested index pages when not using pretty urls" file="Hyperlink Format Html Path (Hyde\Framework\Testing\Unit\Foundation\HyperlinkFormatHtmlPath)::Helpers does not rewrite arbitrary nested index pages when not using pretty urls" class="Hyde\Framework\Testing\Unit\Foundation\HyperlinkFormatHtmlPathTest" classname="Hyde.Framework.Testing.Unit.Foundation.HyperlinkFormatHtmlPathTest" assertions="1" time="0.002082"/>
      </testsuite>
      <testsuite name="Hyde\Framework\Testing\Unit\Foundation\HyperlinksUrlPathHelpersTest" file="Hyperlinks Url Path Helpers (Hyde\Framework\Testing\Unit\Foundation\HyperlinksUrlPathHelpers)" tests="25" assertions="51" errors="0" failures="0" skipped="0" time="0.073530">
        <testcase name="Has site url returns false when site url is not set" file="Hyperlinks Url Path Helpers (Hyde\Framework\Testing\Unit\Foundation\HyperlinksUrlPathHelpers)::Has site url returns false when site url is not set" class="Hyde\Framework\Testing\Unit\Foundation\HyperlinksUrlPathHelpersTest" classname="Hyde.Framework.Testing.Unit.Foundation.HyperlinksUrlPathHelpersTest" assertions="1" time="0.014819"/>
        <testcase name="Has site url returns false when no site url is set" file="Hyperlinks Url Path Helpers (Hyde\Framework\Testing\Unit\Foundation\HyperlinksUrlPathHelpers)::Has site url returns false when no site url is set" class="Hyde\Framework\Testing\Unit\Foundation\HyperlinksUrlPathHelpersTest" classname="Hyde.Framework.Testing.Unit.Foundation.HyperlinksUrlPathHelpersTest" assertions="1" time="0.002277"/>
        <testcase name="Has site url returns false when site url is empty" file="Hyperlinks Url Path Helpers (Hyde\Framework\Testing\Unit\Foundation\HyperlinksUrlPathHelpers)::Has site url returns false when site url is empty" class="Hyde\Framework\Testing\Unit\Foundation\HyperlinksUrlPathHelpersTest" classname="Hyde.Framework.Testing.Unit.Foundation.HyperlinksUrlPathHelpersTest" assertions="1" time="0.002273"/>
        <testcase name="Has site url returns false when site url is localhost" file="Hyperlinks Url Path Helpers (Hyde\Framework\Testing\Unit\Foundation\HyperlinksUrlPathHelpers)::Has site url returns false when site url is localhost" class="Hyde\Framework\Testing\Unit\Foundation\HyperlinksUrlPathHelpersTest" classname="Hyde.Framework.Testing.Unit.Foundation.HyperlinksUrlPathHelpersTest" assertions="1" time="0.002258"/>
        <testcase name="Has site url returns true when site url is set" file="Hyperlinks Url Path Helpers (Hyde\Framework\Testing\Unit\Foundation\HyperlinksUrlPathHelpers)::Has site url returns true when site url is set" class="Hyde\Framework\Testing\Unit\Foundation\HyperlinksUrlPathHelpersTest" classname="Hyde.Framework.Testing.Unit.Foundation.HyperlinksUrlPathHelpersTest" assertions="1" time="0.002243"/>
        <testcase name="Has site url returns true when site url is set even if url is invalid" file="Hyperlinks Url Path Helpers (Hyde\Framework\Testing\Unit\Foundation\HyperlinksUrlPathHelpers)::Has site url returns true when site url is set even if url is invalid" class="Hyde\Framework\Testing\Unit\Foundation\HyperlinksUrlPathHelpersTest" classname="Hyde.Framework.Testing.Unit.Foundation.HyperlinksUrlPathHelpersTest" assertions="1" time="0.002264"/>
        <testcase name="Qualified url returns site url when no path is given" file="Hyperlinks Url Path Helpers (Hyde\Framework\Testing\Unit\Foundation\HyperlinksUrlPathHelpers)::Qualified url returns site url when no path is given" class="Hyde\Framework\Testing\Unit\Foundation\HyperlinksUrlPathHelpersTest" classname="Hyde.Framework.Testing.Unit.Foundation.HyperlinksUrlPathHelpersTest" assertions="1" time="0.002350"/>
        <testcase name="Qualified url returns site url plus given path" file="Hyperlinks Url Path Helpers (Hyde\Framework\Testing\Unit\Foundation\HyperlinksUrlPathHelpers)::Qualified url returns site url plus given path" class="Hyde\Framework\Testing\Unit\Foundation\HyperlinksUrlPathHelpersTest" classname="Hyde.Framework.Testing.Unit.Foundation.HyperlinksUrlPathHelpersTest" assertions="1" time="0.002402"/>
        <testcase name="Qualified url returns site url plus given path with extension" file="Hyperlinks Url Path Helpers (Hyde\Framework\Testing\Unit\Foundation\HyperlinksUrlPathHelpers)::Qualified url returns site url plus given path with extension" class="Hyde\Framework\Testing\Unit\Foundation\HyperlinksUrlPathHelpersTest" classname="Hyde.Framework.Testing.Unit.Foundation.HyperlinksUrlPathHelpersTest" assertions="1" time="0.002347"/>
        <testcase name="Qualified url returns site url plus given path with extension and query string" file="Hyperlinks Url Path Helpers (Hyde\Framework\Testing\Unit\Foundation\HyperlinksUrlPathHelpers)::Qualified url returns site url plus given path with extension and query string" class="Hyde\Framework\Testing\Unit\Foundation\HyperlinksUrlPathHelpersTest" classname="Hyde.Framework.Testing.Unit.Foundation.HyperlinksUrlPathHelpersTest" assertions="1" time="0.002373"/>
        <testcase name="Qualified url trims trailing slashes" file="Hyperlinks Url Path Helpers (Hyde\Framework\Testing\Unit\Foundation\HyperlinksUrlPathHelpers)::Qualified url trims trailing slashes" class="Hyde\Framework\Testing\Unit\Foundation\HyperlinksUrlPathHelpersTest" classname="Hyde.Framework.Testing.Unit.Foundation.HyperlinksUrlPathHelpersTest" assertions="3" time="0.002625"/>
        <testcase name="Qualified url accepts multiple schemes" file="Hyperlinks Url Path Helpers (Hyde\Framework\Testing\Unit\Foundation\HyperlinksUrlPathHelpers)::Qualified url accepts multiple schemes" class="Hyde\Framework\Testing\Unit\Foundation\HyperlinksUrlPathHelpersTest" classname="Hyde.Framework.Testing.Unit.Foundation.HyperlinksUrlPathHelpersTest" assertions="1" time="0.002322"/>
        <testcase name="Qualified url helper with already qualified url" file="Hyperlinks Url Path Helpers (Hyde\Framework\Testing\Unit\Foundation\HyperlinksUrlPathHelpers)::Qualified url helper with already qualified url" class="Hyde\Framework\Testing\Unit\Foundation\HyperlinksUrlPathHelpersTest" classname="Hyde.Framework.Testing.Unit.Foundation.HyperlinksUrlPathHelpersTest" assertions="2" time="0.002296"/>
        <testcase name="Qualified url helper with already qualified url when site url is set" file="Hyperlinks Url Path Helpers (Hyde\Framework\Testing\Unit\Foundation\HyperlinksUrlPathHelpers)::Qualified url helper with already qualified url when site url is set" class="Hyde\Framework\Testing\Unit\Foundation\HyperlinksUrlPathHelpersTest" classname="Hyde.Framework.Testing.Unit.Foundation.HyperlinksUrlPathHelpersTest" assertions="2" time="0.002424"/>
        <testcase name="Qualified url helper with already qualified url when site url is set to something else" file="Hyperlinks Url Path Helpers (Hyde\Framework\Testing\Unit\Foundation\HyperlinksUrlPathHelpers)::Qualified url helper with already qualified url when site url is set to something else" class="Hyde\Framework\Testing\Unit\Foundation\HyperlinksUrlPathHelpersTest" classname="Hyde.Framework.Testing.Unit.Foundation.HyperlinksUrlPathHelpersTest" assertions="2" time="0.002427"/>
        <testcase name="Qualified url helper with already qualified url still formats path" file="Hyperlinks Url Path Helpers (Hyde\Framework\Testing\Unit\Foundation\HyperlinksUrlPathHelpers)::Qualified url helper with already qualified url still formats path" class="Hyde\Framework\Testing\Unit\Foundation\HyperlinksUrlPathHelpersTest" classname="Hyde.Framework.Testing.Unit.Foundation.HyperlinksUrlPathHelpersTest" assertions="3" time="0.002433"/>
        <testcase name="Qualified url helper with already qualified url still formats path when site url is set" file="Hyperlinks Url Path Helpers (Hyde\Framework\Testing\Unit\Foundation\HyperlinksUrlPathHelpers)::Qualified url helper with already qualified url still formats path when site url is set" class="Hyde\Framework\Testing\Unit\Foundation\HyperlinksUrlPathHelpersTest" classname="Hyde.Framework.Testing.Unit.Foundation.HyperlinksUrlPathHelpersTest" assertions="3" time="0.002535"/>
        <testcase name="Qualified url helper with already qualified url still formats path with pretty urls" file="Hyperlinks Url Path Helpers (Hyde\Framework\Testing\Unit\Foundation\HyperlinksUrlPathHelpers)::Qualified url helper with already qualified url still formats path with pretty urls" class="Hyde\Framework\Testing\Unit\Foundation\HyperlinksUrlPathHelpersTest" classname="Hyde.Framework.Testing.Unit.Foundation.HyperlinksUrlPathHelpersTest" assertions="3" time="0.002512"/>
        <testcase name="Qualified url throws exception when no site url is set" file="Hyperlinks Url Path Helpers (Hyde\Framework\Testing\Unit\Foundation\HyperlinksUrlPathHelpers)::Qualified url throws exception when no site url is set" class="Hyde\Framework\Testing\Unit\Foundation\HyperlinksUrlPathHelpersTest" classname="Hyde.Framework.Testing.Unit.Foundation.HyperlinksUrlPathHelpersTest" assertions="2" time="0.002451"/>
        <testcase name="Helper falls back to relative links when no site url is set" file="Hyperlinks Url Path Helpers (Hyde\Framework\Testing\Unit\Foundation\HyperlinksUrlPathHelpers)::Helper falls back to relative links when no site url is set" class="Hyde\Framework\Testing\Unit\Foundation\HyperlinksUrlPathHelpersTest" classname="Hyde.Framework.Testing.Unit.Foundation.HyperlinksUrlPathHelpersTest" assertions="4" time="0.002705"/>
        <testcase name="Helper falls back to pretty relative links when no site url is set and pretty urls are enabled" file="Hyperlinks Url Path Helpers (Hyde\Framework\Testing\Unit\Foundation\HyperlinksUrlPathHelpers)::Helper falls back to pretty relative links when no site url is set and pretty urls are enabled" class="Hyde\Framework\Testing\Unit\Foundation\HyperlinksUrlPathHelpersTest" classname="Hyde.Framework.Testing.Unit.Foundation.HyperlinksUrlPathHelpersTest" assertions="4" time="0.002711"/>
        <testcase name="Helper falls back to relative links when site url is set to localhost" file="Hyperlinks Url Path Helpers (Hyde\Framework\Testing\Unit\Foundation\HyperlinksUrlPathHelpers)::Helper falls back to relative links when site url is set to localhost" class="Hyde\Framework\Testing\Unit\Foundation\HyperlinksUrlPathHelpersTest" classname="Hyde.Framework.Testing.Unit.Foundation.HyperlinksUrlPathHelpersTest" assertions="4" time="0.002782"/>
        <testcase name="Helper falls back to pretty relative links when site url is set to localhost and pretty urls are enabled" file="Hyperlinks Url Path Helpers (Hyde\Framework\Testing\Unit\Foundation\HyperlinksUrlPathHelpers)::Helper falls back to pretty relative links when site url is set to localhost and pretty urls are enabled" class="Hyde\Framework\Testing\Unit\Foundation\HyperlinksUrlPathHelpersTest" classname="Hyde.Framework.Testing.Unit.Foundation.HyperlinksUrlPathHelpersTest" assertions="4" time="0.002771"/>
        <testcase name="Helper returns expected string when site url is set" file="Hyperlinks Url Path Helpers (Hyde\Framework\Testing\Unit\Foundation\HyperlinksUrlPathHelpers)::Helper returns expected string when site url is set" class="Hyde\Framework\Testing\Unit\Foundation\HyperlinksUrlPathHelpersTest" classname="Hyde.Framework.Testing.Unit.Foundation.HyperlinksUrlPathHelpersTest" assertions="1" time="0.002342"/>
        <testcase name="Helper returns expected string when pretty urls are enabled" file="Hyperlinks Url Path Helpers (Hyde\Framework\Testing\Unit\Foundation\HyperlinksUrlPathHelpers)::Helper returns expected string when pretty urls are enabled" class="Hyde\Framework\Testing\Unit\Foundation\HyperlinksUrlPathHelpersTest" classname="Hyde.Framework.Testing.Unit.Foundation.HyperlinksUrlPathHelpersTest" assertions="3" time="0.002587"/>
      </testsuite>
      <testsuite name="Hyde\Framework\Testing\Unit\FoundationFacadesTest" file="Foundation Facades (Hyde\Framework\Testing\Unit\FoundationFacades)" tests="6" assertions="6" errors="0" failures="0" skipped="0" time="0.038265">
        <testcase name="Files facade" file="Foundation Facades (Hyde\Framework\Testing\Unit\FoundationFacades)::Files facade" class="Hyde\Framework\Testing\Unit\FoundationFacadesTest" classname="Hyde.Framework.Testing.Unit.FoundationFacadesTest" assertions="1" time="0.028817"/>
        <testcase name="Pages facade" file="Foundation Facades (Hyde\Framework\Testing\Unit\FoundationFacades)::Pages facade" class="Hyde\Framework\Testing\Unit\FoundationFacadesTest" classname="Hyde.Framework.Testing.Unit.FoundationFacadesTest" assertions="1" time="0.001888"/>
        <testcase name="Routes facade" file="Foundation Facades (Hyde\Framework\Testing\Unit\FoundationFacades)::Routes facade" class="Hyde\Framework\Testing\Unit\FoundationFacadesTest" classname="Hyde.Framework.Testing.Unit.FoundationFacadesTest" assertions="1" time="0.001877"/>
        <testcase name="Files facade uses kernel instance" file="Foundation Facades (Hyde\Framework\Testing\Unit\FoundationFacades)::Files facade uses kernel instance" class="Hyde\Framework\Testing\Unit\FoundationFacadesTest" classname="Hyde.Framework.Testing.Unit.FoundationFacadesTest" assertions="1" time="0.001911"/>
        <testcase name="Pages facade uses kernel instance" file="Foundation Facades (Hyde\Framework\Testing\Unit\FoundationFacades)::Pages facade uses kernel instance" class="Hyde\Framework\Testing\Unit\FoundationFacadesTest" classname="Hyde.Framework.Testing.Unit.FoundationFacadesTest" assertions="1" time="0.001877"/>
        <testcase name="Routes facade uses kernel instance" file="Foundation Facades (Hyde\Framework\Testing\Unit\FoundationFacades)::Routes facade uses kernel instance" class="Hyde\Framework\Testing\Unit\FoundationFacadesTest" classname="Hyde.Framework.Testing.Unit.FoundationFacadesTest" assertions="1" time="0.001894"/>
      </testsuite>
      <testsuite name="Hyde\Framework\Testing\Unit\FrontMatterModelTest" file="Front Matter Model (Hyde\Framework\Testing\Unit\FrontMatterModel)" tests="17" assertions="18" errors="0" failures="0" skipped="0" time="0.037828">
        <testcase name="Constructor creates new front matter model" file="Front Matter Model (Hyde\Framework\Testing\Unit\FrontMatterModel)::Constructor creates new front matter model" class="Hyde\Framework\Testing\Unit\FrontMatterModelTest" classname="Hyde.Framework.Testing.Unit.FrontMatterModelTest" assertions="1" time="0.007936"/>
        <testcase name="Constructor arguments are optional" file="Front Matter Model (Hyde\Framework\Testing\Unit\FrontMatterModel)::Constructor arguments are optional" class="Hyde\Framework\Testing\Unit\FrontMatterModelTest" classname="Hyde.Framework.Testing.Unit.FrontMatterModelTest" assertions="1" time="0.001776"/>
        <testcase name="Constructor arguments are assigned" file="Front Matter Model (Hyde\Framework\Testing\Unit\FrontMatterModel)::Constructor arguments are assigned" class="Hyde\Framework\Testing\Unit\FrontMatterModelTest" classname="Hyde.Framework.Testing.Unit.FrontMatterModelTest" assertions="1" time="0.001922"/>
        <testcase name="Static from array method creates new front matter model" file="Front Matter Model (Hyde\Framework\Testing\Unit\FrontMatterModel)::Static from array method creates new front matter model" class="Hyde\Framework\Testing\Unit\FrontMatterModelTest" classname="Hyde.Framework.Testing.Unit.FrontMatterModelTest" assertions="2" time="0.002029"/>
        <testcase name="To string magic method converts model array into yaml front matter" file="Front Matter Model (Hyde\Framework\Testing\Unit\FrontMatterModel)::To string magic method converts model array into yaml front matter" class="Hyde\Framework\Testing\Unit\FrontMatterModelTest" classname="Hyde.Framework.Testing.Unit.FrontMatterModelTest" assertions="1" time="0.001944"/>
        <testcase name="Magic get method returns front matter property" file="Front Matter Model (Hyde\Framework\Testing\Unit\FrontMatterModel)::Magic get method returns front matter property" class="Hyde\Framework\Testing\Unit\FrontMatterModelTest" classname="Hyde.Framework.Testing.Unit.FrontMatterModelTest" assertions="1" time="0.001831"/>
        <testcase name="Magic get method returns null if property does not exist" file="Front Matter Model (Hyde\Framework\Testing\Unit\FrontMatterModel)::Magic get method returns null if property does not exist" class="Hyde\Framework\Testing\Unit\FrontMatterModelTest" classname="Hyde.Framework.Testing.Unit.FrontMatterModelTest" assertions="1" time="0.001850"/>
        <testcase name="Get method returns data when no argument is specified" file="Front Matter Model (Hyde\Framework\Testing\Unit\FrontMatterModel)::Get method returns data when no argument is specified" class="Hyde\Framework\Testing\Unit\FrontMatterModelTest" classname="Hyde.Framework.Testing.Unit.FrontMatterModelTest" assertions="1" time="0.001910"/>
        <testcase name="Get method returns data when no argument is specified with data" file="Front Matter Model (Hyde\Framework\Testing\Unit\FrontMatterModel)::Get method returns data when no argument is specified with data" class="Hyde\Framework\Testing\Unit\FrontMatterModelTest" classname="Hyde.Framework.Testing.Unit.FrontMatterModelTest" assertions="1" time="0.001942"/>
        <testcase name="Get method returns null if specified front matter key does not exist" file="Front Matter Model (Hyde\Framework\Testing\Unit\FrontMatterModel)::Get method returns null if specified front matter key does not exist" class="Hyde\Framework\Testing\Unit\FrontMatterModelTest" classname="Hyde.Framework.Testing.Unit.FrontMatterModelTest" assertions="1" time="0.001849"/>
        <testcase name="Get method returns specified default value if property does not exist" file="Front Matter Model (Hyde\Framework\Testing\Unit\FrontMatterModel)::Get method returns specified default value if property does not exist" class="Hyde\Framework\Testing\Unit\FrontMatterModelTest" classname="Hyde.Framework.Testing.Unit.FrontMatterModelTest" assertions="1" time="0.001874"/>
        <testcase name="Get method returns specified front matter value if key is specified" file="Front Matter Model (Hyde\Framework\Testing\Unit\FrontMatterModel)::Get method returns specified front matter value if key is specified" class="Hyde\Framework\Testing\Unit\FrontMatterModelTest" classname="Hyde.Framework.Testing.Unit.FrontMatterModelTest" assertions="1" time="0.001855"/>
        <testcase name="Set method sets front matter property" file="Front Matter Model (Hyde\Framework\Testing\Unit\FrontMatterModel)::Set method sets front matter property" class="Hyde\Framework\Testing\Unit\FrontMatterModelTest" classname="Hyde.Framework.Testing.Unit.FrontMatterModelTest" assertions="1" time="0.001819"/>
        <testcase name="Set method returns self" file="Front Matter Model (Hyde\Framework\Testing\Unit\FrontMatterModel)::Set method returns self" class="Hyde\Framework\Testing\Unit\FrontMatterModelTest" classname="Hyde.Framework.Testing.Unit.FrontMatterModelTest" assertions="1" time="0.001743"/>
        <testcase name="Has method returns true if property exists" file="Front Matter Model (Hyde\Framework\Testing\Unit\FrontMatterModel)::Has method returns true if property exists" class="Hyde\Framework\Testing\Unit\FrontMatterModelTest" classname="Hyde.Framework.Testing.Unit.FrontMatterModelTest" assertions="1" time="0.001854"/>
        <testcase name="Has method returns false if property does not exist" file="Front Matter Model (Hyde\Framework\Testing\Unit\FrontMatterModel)::Has method returns false if property does not exist" class="Hyde\Framework\Testing\Unit\FrontMatterModelTest" classname="Hyde.Framework.Testing.Unit.FrontMatterModelTest" assertions="1" time="0.001800"/>
        <testcase name="To array returns front matter array" file="Front Matter Model (Hyde\Framework\Testing\Unit\FrontMatterModel)::To array returns front matter array" class="Hyde\Framework\Testing\Unit\FrontMatterModelTest" classname="Hyde.Framework.Testing.Unit.FrontMatterModelTest" assertions="1" time="0.001894"/>
      </testsuite>
      <testsuite name="Hyde\Framework\Testing\Unit\GenerateBuildManifestTest" file="Generate Build Manifest (Hyde\Framework\Testing\Unit\GenerateBuildManifest)" tests="1" assertions="15" errors="0" failures="0" skipped="0" time="0.025817">
        <testcase name="Action generates build manifest" file="Generate Build Manifest (Hyde\Framework\Testing\Unit\GenerateBuildManifest)::Action generates build manifest" class="Hyde\Framework\Testing\Unit\GenerateBuildManifestTest" classname="Hyde.Framework.Testing.Unit.GenerateBuildManifestTest" assertions="15" time="0.025817"/>
      </testsuite>
      <testsuite name="Hyde\Framework\Testing\Unit\GetLatestMarkdownPostsTest" file="Get Latest Markdown Posts (Hyde\Framework\Testing\Unit\GetLatestMarkdownPosts)" tests="1" assertions="5" errors="0" failures="0" skipped="0" time="0.056416">
        <testcase name="Markdown page get latest helper returns sorted markdown page collection" file="Get Latest Markdown Posts (Hyde\Framework\Testing\Unit\GetLatestMarkdownPosts)::Markdown page get latest helper returns sorted markdown page collection" class="Hyde\Framework\Testing\Unit\GetLatestMarkdownPostsTest" classname="Hyde.Framework.Testing.Unit.GetLatestMarkdownPostsTest" assertions="5" time="0.056416"/>
      </testsuite>
      <testsuite name="Hyde\Framework\Testing\Unit\HasTableOfContentsTest" file="Has Table Of Contents (Hyde\Framework\Testing\Unit\HasTableOfContents)" tests="1" assertions="1" errors="0" failures="0" skipped="0" time="0.026366">
        <testcase name="Constructor creates table of contents string" file="Has Table Of Contents (Hyde\Framework\Testing\Unit\HasTableOfContents)::Constructor creates table of contents string" class="Hyde\Framework\Testing\Unit\HasTableOfContentsTest" classname="Hyde.Framework.Testing.Unit.HasTableOfContentsTest" assertions="1" time="0.026366"/>
      </testsuite>
      <testsuite name="Hyde\Framework\Testing\Unit\HtmlTestingSupportMetaTest" file="Html Testing Support Meta (Hyde\Framework\Testing\Unit\HtmlTestingSupportMeta)" tests="48" assertions="110" errors="0" failures="0" skipped="0" time="0.039204">
        <testcase name="Html helper" file="Html Testing Support Meta (Hyde\Framework\Testing\Unit\HtmlTestingSupportMeta)::Html helper" class="Hyde\Framework\Testing\Unit\HtmlTestingSupportMetaTest" classname="Hyde.Framework.Testing.Unit.HtmlTestingSupportMetaTest" assertions="1" time="0.003640"/>
        <testcase name="Assert see" file="Html Testing Support Meta (Hyde\Framework\Testing\Unit\HtmlTestingSupportMeta)::Assert see" class="Hyde\Framework\Testing\Unit\HtmlTestingSupportMetaTest" classname="Hyde.Framework.Testing.Unit.HtmlTestingSupportMetaTest" assertions="2" time="0.001456"/>
        <testcase name="Assert see escaped" file="Html Testing Support Meta (Hyde\Framework\Testing\Unit\HtmlTestingSupportMeta)::Assert see escaped" class="Hyde\Framework\Testing\Unit\HtmlTestingSupportMetaTest" classname="Hyde.Framework.Testing.Unit.HtmlTestingSupportMetaTest" assertions="4" time="0.000655"/>
        <testcase name="Tap element" file="Html Testing Support Meta (Hyde\Framework\Testing\Unit\HtmlTestingSupportMeta)::Tap element" class="Hyde\Framework\Testing\Unit\HtmlTestingSupportMetaTest" classname="Hyde.Framework.Testing.Unit.HtmlTestingSupportMetaTest" assertions="2" time="0.001249"/>
        <testcase name="Tap element using id" file="Html Testing Support Meta (Hyde\Framework\Testing\Unit\HtmlTestingSupportMeta)::Tap element using id" class="Hyde\Framework\Testing\Unit\HtmlTestingSupportMetaTest" classname="Hyde.Framework.Testing.Unit.HtmlTestingSupportMetaTest" assertions="2" time="0.000509"/>
        <testcase name="Get element using query" file="Html Testing Support Meta (Hyde\Framework\Testing\Unit\HtmlTestingSupportMeta)::Get element using query" class="Hyde\Framework\Testing\Unit\HtmlTestingSupportMetaTest" classname="Hyde.Framework.Testing.Unit.HtmlTestingSupportMetaTest" assertions="2" time="0.001236"/>
        <testcase name="Get root element" file="Html Testing Support Meta (Hyde\Framework\Testing\Unit\HtmlTestingSupportMeta)::Get root element" class="Hyde\Framework\Testing\Unit\HtmlTestingSupportMetaTest" classname="Hyde.Framework.Testing.Unit.HtmlTestingSupportMetaTest" assertions="2" time="0.000484"/>
        <testcase name="Get element by id" file="Html Testing Support Meta (Hyde\Framework\Testing\Unit\HtmlTestingSupportMeta)::Get element by id" class="Hyde\Framework\Testing\Unit\HtmlTestingSupportMetaTest" classname="Hyde.Framework.Testing.Unit.HtmlTestingSupportMetaTest" assertions="3" time="0.000551"/>
        <testcase name="Element using id" file="Html Testing Support Meta (Hyde\Framework\Testing\Unit\HtmlTestingSupportMeta)::Element using id" class="Hyde\Framework\Testing\Unit\HtmlTestingSupportMetaTest" classname="Hyde.Framework.Testing.Unit.HtmlTestingSupportMetaTest" assertions="3" time="0.000585"/>
        <testcase name="Element using selector" file="Html Testing Support Meta (Hyde\Framework\Testing\Unit\HtmlTestingSupportMeta)::Element using selector" class="Hyde\Framework\Testing\Unit\HtmlTestingSupportMetaTest" classname="Hyde.Framework.Testing.Unit.HtmlTestingSupportMetaTest" assertions="3" time="0.000637"/>
        <testcase name="Element using unknown syntax" file="Html Testing Support Meta (Hyde\Framework\Testing\Unit\HtmlTestingSupportMeta)::Element using unknown syntax" class="Hyde\Framework\Testing\Unit\HtmlTestingSupportMetaTest" classname="Hyde.Framework.Testing.Unit.HtmlTestingSupportMetaTest" assertions="2" time="0.000504"/>
        <testcase name="Get elements by class" file="Html Testing Support Meta (Hyde\Framework\Testing\Unit\HtmlTestingSupportMeta)::Get elements by class" class="Hyde\Framework\Testing\Unit\HtmlTestingSupportMetaTest" classname="Hyde.Framework.Testing.Unit.HtmlTestingSupportMetaTest" assertions="2" time="0.000582"/>
        <testcase name="Get elements by class types" file="Html Testing Support Meta (Hyde\Framework\Testing\Unit\HtmlTestingSupportMeta)::Get elements by class types" class="Hyde\Framework\Testing\Unit\HtmlTestingSupportMetaTest" classname="Hyde.Framework.Testing.Unit.HtmlTestingSupportMetaTest" assertions="3" time="0.001043"/>
        <testcase name="Get elements by class with child nodes" file="Html Testing Support Meta (Hyde\Framework\Testing\Unit\HtmlTestingSupportMeta)::Get elements by class with child nodes" class="Hyde\Framework\Testing\Unit\HtmlTestingSupportMetaTest" classname="Hyde.Framework.Testing.Unit.HtmlTestingSupportMetaTest" assertions="3" time="0.000936"/>
        <testcase name="Fluent class assertions" file="Html Testing Support Meta (Hyde\Framework\Testing\Unit\HtmlTestingSupportMeta)::Fluent class assertions" class="Hyde\Framework\Testing\Unit\HtmlTestingSupportMetaTest" classname="Hyde.Framework.Testing.Unit.HtmlTestingSupportMetaTest" assertions="7" time="0.000838"/>
        <testcase name="Query" file="Html Testing Support Meta (Hyde\Framework\Testing\Unit\HtmlTestingSupportMeta)::Query" class="Hyde\Framework\Testing\Unit\HtmlTestingSupportMetaTest" classname="Hyde.Framework.Testing.Unit.HtmlTestingSupportMetaTest" assertions="3" time="0.002044"/>
        <testcase name="Query with edge cases" file="Html Testing Support Meta (Hyde\Framework\Testing\Unit\HtmlTestingSupportMeta)::Query with edge cases" class="Hyde\Framework\Testing\Unit\HtmlTestingSupportMetaTest" classname="Hyde.Framework.Testing.Unit.HtmlTestingSupportMetaTest" assertions="8" time="0.001117"/>
        <testcase name="Dump helper" file="Html Testing Support Meta (Hyde\Framework\Testing\Unit\HtmlTestingSupportMeta)::Dump helper" class="Hyde\Framework\Testing\Unit\HtmlTestingSupportMetaTest" classname="Hyde.Framework.Testing.Unit.HtmlTestingSupportMetaTest" assertions="5" time="0.002706"/>
        <testcase name="Get structure" file="Html Testing Support Meta (Hyde\Framework\Testing\Unit\HtmlTestingSupportMeta)::Get structure" class="Hyde\Framework\Testing\Unit\HtmlTestingSupportMetaTest" classname="Hyde.Framework.Testing.Unit.HtmlTestingSupportMetaTest" assertions="1" time="0.000572"/>
        <testcase name="Get text representation" file="Html Testing Support Meta (Hyde\Framework\Testing\Unit\HtmlTestingSupportMeta)::Get text representation" class="Hyde\Framework\Testing\Unit\HtmlTestingSupportMetaTest" classname="Hyde.Framework.Testing.Unit.HtmlTestingSupportMetaTest" assertions="1" time="0.000569"/>
        <testcase name="Get text representation with multiple lines" file="Html Testing Support Meta (Hyde\Framework\Testing\Unit\HtmlTestingSupportMeta)::Get text representation with multiple lines" class="Hyde\Framework\Testing\Unit\HtmlTestingSupportMetaTest" classname="Hyde.Framework.Testing.Unit.HtmlTestingSupportMetaTest" assertions="1" time="0.000661"/>
        <testcase name="Complex text representation parsing" file="Html Testing Support Meta (Hyde\Framework\Testing\Unit\HtmlTestingSupportMeta)::Complex text representation parsing" class="Hyde\Framework\Testing\Unit\HtmlTestingSupportMetaTest" classname="Hyde.Framework.Testing.Unit.HtmlTestingSupportMetaTest" assertions="1" time="0.001427"/>
        <testcase name="Assert structure looks like" file="Html Testing Support Meta (Hyde\Framework\Testing\Unit\HtmlTestingSupportMeta)::Assert structure looks like" class="Hyde\Framework\Testing\Unit\HtmlTestingSupportMetaTest" classname="Hyde.Framework.Testing.Unit.HtmlTestingSupportMetaTest" assertions="1" time="0.000578"/>
        <testcase name="Assert looks like" file="Html Testing Support Meta (Hyde\Framework\Testing\Unit\HtmlTestingSupportMeta)::Assert looks like" class="Hyde\Framework\Testing\Unit\HtmlTestingSupportMetaTest" classname="Hyde.Framework.Testing.Unit.HtmlTestingSupportMetaTest" assertions="1" time="0.000541"/>
        <testcase name="Element instance" file="Html Testing Support Meta (Hyde\Framework\Testing\Unit\HtmlTestingSupportMeta)::Element instance" class="Hyde\Framework\Testing\Unit\HtmlTestingSupportMetaTest" classname="Hyde.Framework.Testing.Unit.HtmlTestingSupportMetaTest" assertions="1" time="0.000450"/>
        <testcase name="Element tag" file="Html Testing Support Meta (Hyde\Framework\Testing\Unit\HtmlTestingSupportMeta)::Element tag" class="Hyde\Framework\Testing\Unit\HtmlTestingSupportMetaTest" classname="Hyde.Framework.Testing.Unit.HtmlTestingSupportMetaTest" assertions="1" time="0.000424"/>
        <testcase name="Element text" file="Html Testing Support Meta (Hyde\Framework\Testing\Unit\HtmlTestingSupportMeta)::Element text" class="Hyde\Framework\Testing\Unit\HtmlTestingSupportMetaTest" classname="Hyde.Framework.Testing.Unit.HtmlTestingSupportMetaTest" assertions="1" time="0.000447"/>
        <testcase name="Element html" file="Html Testing Support Meta (Hyde\Framework\Testing\Unit\HtmlTestingSupportMeta)::Element html" class="Hyde\Framework\Testing\Unit\HtmlTestingSupportMetaTest" classname="Hyde.Framework.Testing.Unit.HtmlTestingSupportMetaTest" assertions="1" time="0.000421"/>
        <testcase name="Element id" file="Html Testing Support Meta (Hyde\Framework\Testing\Unit\HtmlTestingSupportMeta)::Element id" class="Hyde\Framework\Testing\Unit\HtmlTestingSupportMetaTest" classname="Hyde.Framework.Testing.Unit.HtmlTestingSupportMetaTest" assertions="2" time="0.000509"/>
        <testcase name="Element classes" file="Html Testing Support Meta (Hyde\Framework\Testing\Unit\HtmlTestingSupportMeta)::Element classes" class="Hyde\Framework\Testing\Unit\HtmlTestingSupportMetaTest" classname="Hyde.Framework.Testing.Unit.HtmlTestingSupportMetaTest" assertions="2" time="0.000577"/>
        <testcase name="Element attributes" file="Html Testing Support Meta (Hyde\Framework\Testing\Unit\HtmlTestingSupportMeta)::Element attributes" class="Hyde\Framework\Testing\Unit\HtmlTestingSupportMetaTest" classname="Hyde.Framework.Testing.Unit.HtmlTestingSupportMetaTest" assertions="2" time="0.000578"/>
        <testcase name="Element nodes" file="Html Testing Support Meta (Hyde\Framework\Testing\Unit\HtmlTestingSupportMeta)::Element nodes" class="Hyde\Framework\Testing\Unit\HtmlTestingSupportMetaTest" classname="Hyde.Framework.Testing.Unit.HtmlTestingSupportMetaTest" assertions="1" time="0.000439"/>
        <testcase name="Element nodes with child" file="Html Testing Support Meta (Hyde\Framework\Testing\Unit\HtmlTestingSupportMeta)::Element nodes with child" class="Hyde\Framework\Testing\Unit\HtmlTestingSupportMetaTest" classname="Hyde.Framework.Testing.Unit.HtmlTestingSupportMetaTest" assertions="3" time="0.000511"/>
        <testcase name="Element nodes with children" file="Html Testing Support Meta (Hyde\Framework\Testing\Unit\HtmlTestingSupportMeta)::Element nodes with children" class="Hyde\Framework\Testing\Unit\HtmlTestingSupportMetaTest" classname="Hyde.Framework.Testing.Unit.HtmlTestingSupportMetaTest" assertions="7" time="0.000689"/>
        <testcase name="Element to array" file="Html Testing Support Meta (Hyde\Framework\Testing\Unit\HtmlTestingSupportMeta)::Element to array" class="Hyde\Framework\Testing\Unit\HtmlTestingSupportMetaTest" classname="Hyde.Framework.Testing.Unit.HtmlTestingSupportMetaTest" assertions="1" time="0.000549"/>
        <testcase name="To array with children" file="Html Testing Support Meta (Hyde\Framework\Testing\Unit\HtmlTestingSupportMeta)::To array with children" class="Hyde\Framework\Testing\Unit\HtmlTestingSupportMetaTest" classname="Hyde.Framework.Testing.Unit.HtmlTestingSupportMetaTest" assertions="2" time="0.001426"/>
        <testcase name="To array with attributes" file="Html Testing Support Meta (Hyde\Framework\Testing\Unit\HtmlTestingSupportMeta)::To array with attributes" class="Hyde\Framework\Testing\Unit\HtmlTestingSupportMetaTest" classname="Hyde.Framework.Testing.Unit.HtmlTestingSupportMetaTest" assertions="1" time="0.000591"/>
        <testcase name="Element assert has id" file="Html Testing Support Meta (Hyde\Framework\Testing\Unit\HtmlTestingSupportMeta)::Element assert has id" class="Hyde\Framework\Testing\Unit\HtmlTestingSupportMetaTest" classname="Hyde.Framework.Testing.Unit.HtmlTestingSupportMetaTest" assertions="1" time="0.000455"/>
        <testcase name="Element assert does not have id" file="Html Testing Support Meta (Hyde\Framework\Testing\Unit\HtmlTestingSupportMeta)::Element assert does not have id" class="Hyde\Framework\Testing\Unit\HtmlTestingSupportMetaTest" classname="Hyde.Framework.Testing.Unit.HtmlTestingSupportMetaTest" assertions="1" time="0.000465"/>
        <testcase name="Element assert has class" file="Html Testing Support Meta (Hyde\Framework\Testing\Unit\HtmlTestingSupportMeta)::Element assert has class" class="Hyde\Framework\Testing\Unit\HtmlTestingSupportMetaTest" classname="Hyde.Framework.Testing.Unit.HtmlTestingSupportMetaTest" assertions="1" time="0.000659"/>
        <testcase name="Element assert does not have class" file="Html Testing Support Meta (Hyde\Framework\Testing\Unit\HtmlTestingSupportMeta)::Element assert does not have class" class="Hyde\Framework\Testing\Unit\HtmlTestingSupportMetaTest" classname="Hyde.Framework.Testing.Unit.HtmlTestingSupportMetaTest" assertions="1" time="0.000534"/>
        <testcase name="Element assert has attribute" file="Html Testing Support Meta (Hyde\Framework\Testing\Unit\HtmlTestingSupportMeta)::Element assert has attribute" class="Hyde\Framework\Testing\Unit\HtmlTestingSupportMetaTest" classname="Hyde.Framework.Testing.Unit.HtmlTestingSupportMetaTest" assertions="1" time="0.000478"/>
        <testcase name="Element assert does not have attribute" file="Html Testing Support Meta (Hyde\Framework\Testing\Unit\HtmlTestingSupportMeta)::Element assert does not have attribute" class="Hyde\Framework\Testing\Unit\HtmlTestingSupportMetaTest" classname="Hyde.Framework.Testing.Unit.HtmlTestingSupportMetaTest" assertions="1" time="0.000519"/>
        <testcase name="Element assert has attribute with value" file="Html Testing Support Meta (Hyde\Framework\Testing\Unit\HtmlTestingSupportMeta)::Element assert has attribute with value" class="Hyde\Framework\Testing\Unit\HtmlTestingSupportMetaTest" classname="Hyde.Framework.Testing.Unit.HtmlTestingSupportMetaTest" assertions="2" time="0.000518"/>
        <testcase name="Element assert has attribute with wrong value" file="Html Testing Support Meta (Hyde\Framework\Testing\Unit\HtmlTestingSupportMeta)::Element assert has attribute with wrong value" class="Hyde\Framework\Testing\Unit\HtmlTestingSupportMetaTest" classname="Hyde.Framework.Testing.Unit.HtmlTestingSupportMetaTest" assertions="3" time="0.000847"/>
        <testcase name="Element assert has attribute forwards id assertions" file="Html Testing Support Meta (Hyde\Framework\Testing\Unit\HtmlTestingSupportMeta)::Element assert has attribute forwards id assertions" class="Hyde\Framework\Testing\Unit\HtmlTestingSupportMetaTest" classname="Hyde.Framework.Testing.Unit.HtmlTestingSupportMetaTest" assertions="1" time="0.000517"/>
        <testcase name="Element assert has attribute forwards class assertions" file="Html Testing Support Meta (Hyde\Framework\Testing\Unit\HtmlTestingSupportMeta)::Element assert has attribute forwards class assertions" class="Hyde\Framework\Testing\Unit\HtmlTestingSupportMetaTest" classname="Hyde.Framework.Testing.Unit.HtmlTestingSupportMetaTest" assertions="1" time="0.000540"/>
        <testcase name="Assertion calls on document are forwarded to root element" file="Html Testing Support Meta (Hyde\Framework\Testing\Unit\HtmlTestingSupportMeta)::Assertion calls on document are forwarded to root element" class="Hyde\Framework\Testing\Unit\HtmlTestingSupportMetaTest" classname="Hyde.Framework.Testing.Unit.HtmlTestingSupportMetaTest" assertions="9" time="0.000942"/>
      </testsuite>
      <testsuite name="Hyde\Framework\Testing\Unit\HydeBasePathCanBeChangedTest" file="Hyde Base Path Can Be Changed (Hyde\Framework\Testing\Unit\HydeBasePathCanBeChanged)" tests="1" assertions="2" errors="0" failures="0" skipped="0" time="0.042895">
        <testcase name="Hyde base path can be changed" file="Hyde Base Path Can Be Changed (Hyde\Framework\Testing\Unit\HydeBasePathCanBeChanged)::Hyde base path can be changed" class="Hyde\Framework\Testing\Unit\HydeBasePathCanBeChangedTest" classname="Hyde.Framework.Testing.Unit.HydeBasePathCanBeChangedTest" assertions="2" time="0.042895"/>
      </testsuite>
      <testsuite name="Hyde\Framework\Testing\Unit\HydeConfigFilesAreMatchingTest" file="Hyde Config Files Are Matching (Hyde\Framework\Testing\Unit\HydeConfigFilesAreMatching)" tests="3" assertions="9" errors="0" failures="0" skipped="0" time="0.069835">
        <testcase name="Hyde config files are matching" file="Hyde Config Files Are Matching (Hyde\Framework\Testing\Unit\HydeConfigFilesAreMatching)::Hyde config files are matching" class="Hyde\Framework\Testing\Unit\HydeConfigFilesAreMatchingTest" classname="Hyde.Framework.Testing.Unit.HydeConfigFilesAreMatchingTest" assertions="3" time="0.024874"/>
        <testcase name="Docs config files are matching" file="Hyde Config Files Are Matching (Hyde\Framework\Testing\Unit\HydeConfigFilesAreMatching)::Docs config files are matching" class="Hyde\Framework\Testing\Unit\HydeConfigFilesAreMatchingTest" classname="Hyde.Framework.Testing.Unit.HydeConfigFilesAreMatchingTest" assertions="3" time="0.022395"/>
        <testcase name="Markdown config files are matching" file="Hyde Config Files Are Matching (Hyde\Framework\Testing\Unit\HydeConfigFilesAreMatching)::Markdown config files are matching" class="Hyde\Framework\Testing\Unit\HydeConfigFilesAreMatchingTest" classname="Hyde.Framework.Testing.Unit.HydeConfigFilesAreMatchingTest" assertions="3" time="0.022565"/>
      </testsuite>
      <testsuite name="Hyde\Framework\Testing\Unit\HydeFileHelpersTest" file="Hyde File Helpers (Hyde\Framework\Testing\Unit\HydeFileHelpers)" tests="4" assertions="4" errors="0" failures="0" skipped="0" time="0.020006">
        <testcase name="Current page returns current page view property" file="Hyde File Helpers (Hyde\Framework\Testing\Unit\HydeFileHelpers)::Current page returns current page view property" class="Hyde\Framework\Testing\Unit\HydeFileHelpersTest" classname="Hyde.Framework.Testing.Unit.HydeFileHelpersTest" assertions="1" time="0.007081"/>
        <testcase name="Current page falls back to null string if current page view property is not set" file="Hyde File Helpers (Hyde\Framework\Testing\Unit\HydeFileHelpers)::Current page falls back to null string if current page view property is not set" class="Hyde\Framework\Testing\Unit\HydeFileHelpersTest" classname="Hyde.Framework.Testing.Unit.HydeFileHelpersTest" assertions="1" time="0.002494"/>
        <testcase name="Current route returns current route view property" file="Hyde File Helpers (Hyde\Framework\Testing\Unit\HydeFileHelpers)::Current route returns current route view property" class="Hyde\Framework\Testing\Unit\HydeFileHelpersTest" classname="Hyde.Framework.Testing.Unit.HydeFileHelpersTest" assertions="1" time="0.008033"/>
        <testcase name="Current route falls back to null if current route view property is not set" file="Hyde File Helpers (Hyde\Framework\Testing\Unit\HydeFileHelpers)::Current route falls back to null if current route view property is not set" class="Hyde\Framework\Testing\Unit\HydeFileHelpersTest" classname="Hyde.Framework.Testing.Unit.HydeFileHelpersTest" assertions="1" time="0.002399"/>
      </testsuite>
      <testsuite name="Hyde\Framework\Testing\Unit\HydeGetBasePathHasFallbackTest" file="Hyde Get Base Path Has Fallback (Hyde\Framework\Testing\Unit\HydeGetBasePathHasFallback)" tests="1" assertions="1" errors="0" failures="0" skipped="0" time="0.006975">
        <testcase name="Hyde get base path falls back to current working directory" file="Hyde Get Base Path Has Fallback (Hyde\Framework\Testing\Unit\HydeGetBasePathHasFallback)::Hyde get base path falls back to current working directory" class="Hyde\Framework\Testing\Unit\HydeGetBasePathHasFallbackTest" classname="Hyde.Framework.Testing.Unit.HydeGetBasePathHasFallbackTest" assertions="1" time="0.006975"/>
      </testsuite>
      <testsuite name="Hyde\Framework\Testing\Unit\HydeHelperFacadeMakeSlugTest" file="Hyde Helper Facade Make Slug (Hyde\Framework\Testing\Unit\HydeHelperFacadeMakeSlug)" tests="21" assertions="31" errors="0" failures="0" skipped="0" time="0.042589">
        <testcase name="Make slug helper converts title case to slug" file="Hyde Helper Facade Make Slug (Hyde\Framework\Testing\Unit\HydeHelperFacadeMakeSlug)::Make slug helper converts title case to slug" class="Hyde\Framework\Testing\Unit\HydeHelperFacadeMakeSlugTest" classname="Hyde.Framework.Testing.Unit.HydeHelperFacadeMakeSlugTest" assertions="1" time="0.003673"/>
        <testcase name="Make slug helper converts kebab case to slug" file="Hyde Helper Facade Make Slug (Hyde\Framework\Testing\Unit\HydeHelperFacadeMakeSlug)::Make slug helper converts kebab case to slug" class="Hyde\Framework\Testing\Unit\HydeHelperFacadeMakeSlugTest" classname="Hyde.Framework.Testing.Unit.HydeHelperFacadeMakeSlugTest" assertions="1" time="0.001757"/>
        <testcase name="Make slug helper converts snake case to slug" file="Hyde Helper Facade Make Slug (Hyde\Framework\Testing\Unit\HydeHelperFacadeMakeSlug)::Make slug helper converts snake case to slug" class="Hyde\Framework\Testing\Unit\HydeHelperFacadeMakeSlugTest" classname="Hyde.Framework.Testing.Unit.HydeHelperFacadeMakeSlugTest" assertions="1" time="0.001738"/>
        <testcase name="Make slug helper converts camel case to slug" file="Hyde Helper Facade Make Slug (Hyde\Framework\Testing\Unit\HydeHelperFacadeMakeSlug)::Make slug helper converts camel case to slug" class="Hyde\Framework\Testing\Unit\HydeHelperFacadeMakeSlugTest" classname="Hyde.Framework.Testing.Unit.HydeHelperFacadeMakeSlugTest" assertions="1" time="0.001730"/>
        <testcase name="Make slug helper converts pascal case to slug" file="Hyde Helper Facade Make Slug (Hyde\Framework\Testing\Unit\HydeHelperFacadeMakeSlug)::Make slug helper converts pascal case to slug" class="Hyde\Framework\Testing\Unit\HydeHelperFacadeMakeSlugTest" classname="Hyde.Framework.Testing.Unit.HydeHelperFacadeMakeSlugTest" assertions="1" time="0.001723"/>
        <testcase name="Make slug helper handles multiple spaces" file="Hyde Helper Facade Make Slug (Hyde\Framework\Testing\Unit\HydeHelperFacadeMakeSlug)::Make slug helper handles multiple spaces" class="Hyde\Framework\Testing\Unit\HydeHelperFacadeMakeSlugTest" classname="Hyde.Framework.Testing.Unit.HydeHelperFacadeMakeSlugTest" assertions="1" time="0.001738"/>
        <testcase name="Make slug helper handles special characters" file="Hyde Helper Facade Make Slug (Hyde\Framework\Testing\Unit\HydeHelperFacadeMakeSlug)::Make slug helper handles special characters" class="Hyde\Framework\Testing\Unit\HydeHelperFacadeMakeSlugTest" classname="Hyde.Framework.Testing.Unit.HydeHelperFacadeMakeSlugTest" assertions="1" time="0.001739"/>
        <testcase name="Make slug helper converts uppercase to lowercase" file="Hyde Helper Facade Make Slug (Hyde\Framework\Testing\Unit\HydeHelperFacadeMakeSlug)::Make slug helper converts uppercase to lowercase" class="Hyde\Framework\Testing\Unit\HydeHelperFacadeMakeSlugTest" classname="Hyde.Framework.Testing.Unit.HydeHelperFacadeMakeSlugTest" assertions="2" time="0.001868"/>
        <testcase name="Make slug helper handles numbers" file="Hyde Helper Facade Make Slug (Hyde\Framework\Testing\Unit\HydeHelperFacadeMakeSlug)::Make slug helper handles numbers" class="Hyde\Framework\Testing\Unit\HydeHelperFacadeMakeSlugTest" classname="Hyde.Framework.Testing.Unit.HydeHelperFacadeMakeSlugTest" assertions="1" time="0.001698"/>
        <testcase name="Make slug helper transliterates chinese characters" file="Hyde Helper Facade Make Slug (Hyde\Framework\Testing\Unit\HydeHelperFacadeMakeSlug)::Make slug helper transliterates chinese characters" class="Hyde\Framework\Testing\Unit\HydeHelperFacadeMakeSlugTest" classname="Hyde.Framework.Testing.Unit.HydeHelperFacadeMakeSlugTest" assertions="1" time="0.002453"/>
        <testcase name="Make slug helper transliterates japanese characters" file="Hyde Helper Facade Make Slug (Hyde\Framework\Testing\Unit\HydeHelperFacadeMakeSlug)::Make slug helper transliterates japanese characters" class="Hyde\Framework\Testing\Unit\HydeHelperFacadeMakeSlugTest" classname="Hyde.Framework.Testing.Unit.HydeHelperFacadeMakeSlugTest" assertions="1" time="0.001992"/>
        <testcase name="Make slug helper transliterates korean characters" file="Hyde Helper Facade Make Slug (Hyde\Framework\Testing\Unit\HydeHelperFacadeMakeSlug)::Make slug helper transliterates korean characters" class="Hyde\Framework\Testing\Unit\HydeHelperFacadeMakeSlugTest" classname="Hyde.Framework.Testing.Unit.HydeHelperFacadeMakeSlugTest" assertions="1" time="0.002056"/>
        <testcase name="Make slug helper transliterates arabic characters" file="Hyde Helper Facade Make Slug (Hyde\Framework\Testing\Unit\HydeHelperFacadeMakeSlug)::Make slug helper transliterates arabic characters" class="Hyde\Framework\Testing\Unit\HydeHelperFacadeMakeSlugTest" classname="Hyde.Framework.Testing.Unit.HydeHelperFacadeMakeSlugTest" assertions="1" time="0.001904"/>
        <testcase name="Make slug helper transliterates russian characters" file="Hyde Helper Facade Make Slug (Hyde\Framework\Testing\Unit\HydeHelperFacadeMakeSlug)::Make slug helper transliterates russian characters" class="Hyde\Framework\Testing\Unit\HydeHelperFacadeMakeSlugTest" classname="Hyde.Framework.Testing.Unit.HydeHelperFacadeMakeSlugTest" assertions="1" time="0.001893"/>
        <testcase name="Make slug helper transliterates accented latin characters" file="Hyde Helper Facade Make Slug (Hyde\Framework\Testing\Unit\HydeHelperFacadeMakeSlug)::Make slug helper transliterates accented latin characters" class="Hyde\Framework\Testing\Unit\HydeHelperFacadeMakeSlugTest" classname="Hyde.Framework.Testing.Unit.HydeHelperFacadeMakeSlugTest" assertions="2" time="0.002256"/>
        <testcase name="Make slug helper handles mixed scripts" file="Hyde Helper Facade Make Slug (Hyde\Framework\Testing\Unit\HydeHelperFacadeMakeSlug)::Make slug helper handles mixed scripts" class="Hyde\Framework\Testing\Unit\HydeHelperFacadeMakeSlugTest" classname="Hyde.Framework.Testing.Unit.HydeHelperFacadeMakeSlugTest" assertions="2" time="0.002064"/>
        <testcase name="Make slug helper handles emojis" file="Hyde Helper Facade Make Slug (Hyde\Framework\Testing\Unit\HydeHelperFacadeMakeSlug)::Make slug helper handles emojis" class="Hyde\Framework\Testing\Unit\HydeHelperFacadeMakeSlugTest" classname="Hyde.Framework.Testing.Unit.HydeHelperFacadeMakeSlugTest" assertions="2" time="0.002122"/>
        <testcase name="Make slug helper handles complex mixed input" file="Hyde Helper Facade Make Slug (Hyde\Framework\Testing\Unit\HydeHelperFacadeMakeSlug)::Make slug helper handles complex mixed input" class="Hyde\Framework\Testing\Unit\HydeHelperFacadeMakeSlugTest" classname="Hyde.Framework.Testing.Unit.HydeHelperFacadeMakeSlugTest" assertions="1" time="0.001926"/>
        <testcase name="Make slug helper handles edge cases" file="Hyde Helper Facade Make Slug (Hyde\Framework\Testing\Unit\HydeHelperFacadeMakeSlug)::Make slug helper handles edge cases" class="Hyde\Framework\Testing\Unit\HydeHelperFacadeMakeSlugTest" classname="Hyde.Framework.Testing.Unit.HydeHelperFacadeMakeSlugTest" assertions="4" time="0.002251"/>
        <testcase name="Make slug helper preserves valid characters" file="Hyde Helper Facade Make Slug (Hyde\Framework\Testing\Unit\HydeHelperFacadeMakeSlug)::Make slug helper preserves valid characters" class="Hyde\Framework\Testing\Unit\HydeHelperFacadeMakeSlugTest" classname="Hyde.Framework.Testing.Unit.HydeHelperFacadeMakeSlugTest" assertions="2" time="0.002012"/>
        <testcase name="Make slug helper handles whitespace" file="Hyde Helper Facade Make Slug (Hyde\Framework\Testing\Unit\HydeHelperFacadeMakeSlug)::Make slug helper handles whitespace" class="Hyde\Framework\Testing\Unit\HydeHelperFacadeMakeSlugTest" classname="Hyde.Framework.Testing.Unit.HydeHelperFacadeMakeSlugTest" assertions="3" time="0.001996"/>
      </testsuite>
      <testsuite name="Hyde\Framework\Testing\Unit\HydeHelperFacadeMakeTitleTest" file="Hyde Helper Facade Make Title (Hyde\Framework\Testing\Unit\HydeHelperFacadeMakeTitle)" tests="9" assertions="13" errors="0" failures="0" skipped="0" time="0.035641">
        <testcase name="Make title helper parses kebab case into title" file="Hyde Helper Facade Make Title (Hyde\Framework\Testing\Unit\HydeHelperFacadeMakeTitle)::Make title helper parses kebab case into title" class="Hyde\Framework\Testing\Unit\HydeHelperFacadeMakeTitleTest" classname="Hyde.Framework.Testing.Unit.HydeHelperFacadeMakeTitleTest" assertions="1" time="0.021229"/>
        <testcase name="Make title helper parses snake case into title" file="Hyde Helper Facade Make Title (Hyde\Framework\Testing\Unit\HydeHelperFacadeMakeTitle)::Make title helper parses snake case into title" class="Hyde\Framework\Testing\Unit\HydeHelperFacadeMakeTitleTest" classname="Hyde.Framework.Testing.Unit.HydeHelperFacadeMakeTitleTest" assertions="1" time="0.001774"/>
        <testcase name="Make title helper parses camel case into title" file="Hyde Helper Facade Make Title (Hyde\Framework\Testing\Unit\HydeHelperFacadeMakeTitle)::Make title helper parses camel case into title" class="Hyde\Framework\Testing\Unit\HydeHelperFacadeMakeTitleTest" classname="Hyde.Framework.Testing.Unit.HydeHelperFacadeMakeTitleTest" assertions="1" time="0.001751"/>
        <testcase name="Make title helper parses pascal case into title" file="Hyde Helper Facade Make Title (Hyde\Framework\Testing\Unit\HydeHelperFacadeMakeTitle)::Make title helper parses pascal case into title" class="Hyde\Framework\Testing\Unit\HydeHelperFacadeMakeTitleTest" classname="Hyde.Framework.Testing.Unit.HydeHelperFacadeMakeTitleTest" assertions="1" time="0.001747"/>
        <testcase name="Make title helper parses title case into title" file="Hyde Helper Facade Make Title (Hyde\Framework\Testing\Unit\HydeHelperFacadeMakeTitle)::Make title helper parses title case into title" class="Hyde\Framework\Testing\Unit\HydeHelperFacadeMakeTitleTest" classname="Hyde.Framework.Testing.Unit.HydeHelperFacadeMakeTitleTest" assertions="1" time="0.001729"/>
        <testcase name="Make title helper parses title case with spaces into title" file="Hyde Helper Facade Make Title (Hyde\Framework\Testing\Unit\HydeHelperFacadeMakeTitle)::Make title helper parses title case with spaces into title" class="Hyde\Framework\Testing\Unit\HydeHelperFacadeMakeTitleTest" classname="Hyde.Framework.Testing.Unit.HydeHelperFacadeMakeTitleTest" assertions="1" time="0.001739"/>
        <testcase name="Make title helper does not capitalize auxiliary words" file="Hyde Helper Facade Make Title (Hyde\Framework\Testing\Unit\HydeHelperFacadeMakeTitle)::Make title helper does not capitalize auxiliary words" class="Hyde\Framework\Testing\Unit\HydeHelperFacadeMakeTitleTest" classname="Hyde.Framework.Testing.Unit.HydeHelperFacadeMakeTitleTest" assertions="1" time="0.001763"/>
        <testcase name="Make title helper does not modify only uppercase input" file="Hyde Helper Facade Make Title (Hyde\Framework\Testing\Unit\HydeHelperFacadeMakeTitle)::Make title helper does not modify only uppercase input" class="Hyde\Framework\Testing\Unit\HydeHelperFacadeMakeTitleTest" classname="Hyde.Framework.Testing.Unit.HydeHelperFacadeMakeTitleTest" assertions="3" time="0.001926"/>
        <testcase name="Make title helper modifies partially uppercase input" file="Hyde Helper Facade Make Title (Hyde\Framework\Testing\Unit\HydeHelperFacadeMakeTitle)::Make title helper modifies partially uppercase input" class="Hyde\Framework\Testing\Unit\HydeHelperFacadeMakeTitleTest" classname="Hyde.Framework.Testing.Unit.HydeHelperFacadeMakeTitleTest" assertions="3" time="0.001983"/>
      </testsuite>
      <testsuite name="Hyde\Framework\Testing\Unit\HydeHelperFacadeTest" file="Hyde Helper Facade (Hyde\Framework\Testing\Unit\HydeHelperFacade)" tests="3" assertions="3" errors="0" failures="0" skipped="0" time="0.014754">
        <testcase name="Features facade returns instance of features class" file="Hyde Helper Facade (Hyde\Framework\Testing\Unit\HydeHelperFacade)::Features facade returns instance of features class" class="Hyde\Framework\Testing\Unit\HydeHelperFacadeTest" classname="Hyde.Framework.Testing.Unit.HydeHelperFacadeTest" assertions="1" time="0.010445"/>
        <testcase name="Features facade can be used to call static methods on features class" file="Hyde Helper Facade (Hyde\Framework\Testing\Unit\HydeHelperFacade)::Features facade can be used to call static methods on features class" class="Hyde\Framework\Testing\Unit\HydeHelperFacadeTest" classname="Hyde.Framework.Testing.Unit.HydeHelperFacadeTest" assertions="1" time="0.002156"/>
        <testcase name="Hyde has feature shorthand calls static method on features class" file="Hyde Helper Facade (Hyde\Framework\Testing\Unit\HydeHelperFacade)::Hyde has feature shorthand calls static method on features class" class="Hyde\Framework\Testing\Unit\HydeHelperFacadeTest" classname="Hyde.Framework.Testing.Unit.HydeHelperFacadeTest" assertions="1" time="0.002154"/>
      </testsuite>
      <testsuite name="Hyde\Framework\Testing\Unit\HydePageDataFactoryTest" file="Hyde Page Data Factory (Hyde\Framework\Testing\Unit\HydePageDataFactory)" tests="10" assertions="10" errors="0" failures="0" skipped="0" time="0.037948">
        <testcase name="Can construct" file="Hyde Page Data Factory (Hyde\Framework\Testing\Unit\HydePageDataFactory)::Can construct" class="Hyde\Framework\Testing\Unit\HydePageDataFactoryTest" classname="Hyde.Framework.Testing.Unit.HydePageDataFactoryTest" assertions="1" time="0.007023"/>
        <testcase name="To array contains expected keys" file="Hyde Page Data Factory (Hyde\Framework\Testing\Unit\HydePageDataFactory)::To array contains expected keys" class="Hyde\Framework\Testing\Unit\HydePageDataFactoryTest" classname="Hyde.Framework.Testing.Unit.HydePageDataFactoryTest" assertions="1" time="0.003442"/>
        <testcase name="Can create title from matter" file="Hyde Page Data Factory (Hyde\Framework\Testing\Unit\HydePageDataFactory)::Can create title from matter" class="Hyde\Framework\Testing\Unit\HydePageDataFactoryTest" classname="Hyde.Framework.Testing.Unit.HydePageDataFactoryTest" assertions="1" time="0.003356"/>
        <testcase name="Can create title from markdown" file="Hyde Page Data Factory (Hyde\Framework\Testing\Unit\HydePageDataFactory)::Can create title from markdown" class="Hyde\Framework\Testing\Unit\HydePageDataFactoryTest" classname="Hyde.Framework.Testing.Unit.HydePageDataFactoryTest" assertions="1" time="0.003392"/>
        <testcase name="Title prefers matter" file="Hyde Page Data Factory (Hyde\Framework\Testing\Unit\HydePageDataFactory)::Title prefers matter" class="Hyde\Framework\Testing\Unit\HydePageDataFactoryTest" classname="Hyde.Framework.Testing.Unit.HydePageDataFactoryTest" assertions="1" time="0.003355"/>
        <testcase name="Title falls back to identifier" file="Hyde Page Data Factory (Hyde\Framework\Testing\Unit\HydePageDataFactory)::Title falls back to identifier" class="Hyde\Framework\Testing\Unit\HydePageDataFactoryTest" classname="Hyde.Framework.Testing.Unit.HydePageDataFactoryTest" assertions="1" time="0.003464"/>
        <testcase name="Title falls back to identifier basename" file="Hyde Page Data Factory (Hyde\Framework\Testing\Unit\HydePageDataFactory)::Title falls back to identifier basename" class="Hyde\Framework\Testing\Unit\HydePageDataFactoryTest" classname="Hyde.Framework.Testing.Unit.HydePageDataFactoryTest" assertions="1" time="0.003534"/>
        <testcase name="Index page titles can be created from parent identifier basename" file="Hyde Page Data Factory (Hyde\Framework\Testing\Unit\HydePageDataFactory)::Index page titles can be created from parent identifier basename" class="Hyde\Framework\Testing\Unit\HydePageDataFactoryTest" classname="Hyde.Framework.Testing.Unit.HydePageDataFactoryTest" assertions="1" time="0.003561"/>
        <testcase name="Index page titles can be created from nested parent identifier basename" file="Hyde Page Data Factory (Hyde\Framework\Testing\Unit\HydePageDataFactory)::Index page titles can be created from nested parent identifier basename" class="Hyde\Framework\Testing\Unit\HydePageDataFactoryTest" classname="Hyde.Framework.Testing.Unit.HydePageDataFactoryTest" assertions="1" time="0.003562"/>
        <testcase name="Navigation data is generated by navigation data factory" file="Hyde Page Data Factory (Hyde\Framework\Testing\Unit\HydePageDataFactory)::Navigation data is generated by navigation data factory" class="Hyde\Framework\Testing\Unit\HydePageDataFactoryTest" classname="Hyde.Framework.Testing.Unit.HydePageDataFactoryTest" assertions="1" time="0.003260"/>
      </testsuite>
      <testsuite name="Hyde\Framework\Testing\Unit\HydePageSerializableUnitTest" file="Hyde Page Serializable Unit (Hyde\Framework\Testing\Unit\HydePageSerializableUnit)" tests="24" assertions="24" errors="0" failures="0" skipped="0" time="0.088572">
        <testcase name="To array" file="Hyde Page Serializable Unit (Hyde\Framework\Testing\Unit\HydePageSerializableUnit)::To array" class="Hyde\Framework\Testing\Unit\HydePageSerializableUnitTest" classname="Hyde.Framework.Testing.Unit.HydePageSerializableUnitTest" assertions="1" time="0.012482"/>
        <testcase name="Json serialize uses array serialize" file="Hyde Page Serializable Unit (Hyde\Framework\Testing\Unit\HydePageSerializableUnit)::Json serialize uses array serialize" class="Hyde\Framework\Testing\Unit\HydePageSerializableUnitTest" classname="Hyde.Framework.Testing.Unit.HydePageSerializableUnitTest" assertions="1" time="0.003327"/>
        <testcase name="To json uses json encoded object" file="Hyde Page Serializable Unit (Hyde\Framework\Testing\Unit\HydePageSerializableUnit)::To json uses json encoded object" class="Hyde\Framework\Testing\Unit\HydePageSerializableUnitTest" classname="Hyde.Framework.Testing.Unit.HydePageSerializableUnitTest" assertions="1" time="0.003356"/>
        <testcase name="To json uses json encoded array" file="Hyde Page Serializable Unit (Hyde\Framework\Testing\Unit\HydePageSerializableUnit)::To json uses json encoded array" class="Hyde\Framework\Testing\Unit\HydePageSerializableUnitTest" classname="Hyde.Framework.Testing.Unit.HydePageSerializableUnitTest" assertions="1" time="0.003367"/>
        <testcase name="Hyde page to array keys" file="Hyde Page Serializable Unit (Hyde\Framework\Testing\Unit\HydePageSerializableUnit)::Hyde page to array keys" class="Hyde\Framework\Testing\Unit\HydePageSerializableUnitTest" classname="Hyde.Framework.Testing.Unit.HydePageSerializableUnitTest" assertions="1" time="0.003369"/>
        <testcase name="Html page to array keys" file="Hyde Page Serializable Unit (Hyde\Framework\Testing\Unit\HydePageSerializableUnit)::Html page to array keys" class="Hyde\Framework\Testing\Unit\HydePageSerializableUnitTest" classname="Hyde.Framework.Testing.Unit.HydePageSerializableUnitTest" assertions="1" time="0.003328"/>
        <testcase name="Blade page to array keys" file="Hyde Page Serializable Unit (Hyde\Framework\Testing\Unit\HydePageSerializableUnit)::Blade page to array keys" class="Hyde\Framework\Testing\Unit\HydePageSerializableUnitTest" classname="Hyde.Framework.Testing.Unit.HydePageSerializableUnitTest" assertions="1" time="0.003315"/>
        <testcase name="Markdown page to array keys" file="Hyde Page Serializable Unit (Hyde\Framework\Testing\Unit\HydePageSerializableUnit)::Markdown page to array keys" class="Hyde\Framework\Testing\Unit\HydePageSerializableUnitTest" classname="Hyde.Framework.Testing.Unit.HydePageSerializableUnitTest" assertions="1" time="0.003343"/>
        <testcase name="Markdown post to array keys" file="Hyde Page Serializable Unit (Hyde\Framework\Testing\Unit\HydePageSerializableUnit)::Markdown post to array keys" class="Hyde\Framework\Testing\Unit\HydePageSerializableUnitTest" classname="Hyde.Framework.Testing.Unit.HydePageSerializableUnitTest" assertions="1" time="0.003913"/>
        <testcase name="Documentation page to array keys" file="Hyde Page Serializable Unit (Hyde\Framework\Testing\Unit\HydePageSerializableUnit)::Documentation page to array keys" class="Hyde\Framework\Testing\Unit\HydePageSerializableUnitTest" classname="Hyde.Framework.Testing.Unit.HydePageSerializableUnitTest" assertions="1" time="0.003380"/>
        <testcase name="Hyde page to array contents" file="Hyde Page Serializable Unit (Hyde\Framework\Testing\Unit\HydePageSerializableUnit)::Hyde page to array contents" class="Hyde\Framework\Testing\Unit\HydePageSerializableUnitTest" classname="Hyde.Framework.Testing.Unit.HydePageSerializableUnitTest" assertions="1" time="0.003045"/>
        <testcase name="Html page to array contents" file="Hyde Page Serializable Unit (Hyde\Framework\Testing\Unit\HydePageSerializableUnit)::Html page to array contents" class="Hyde\Framework\Testing\Unit\HydePageSerializableUnitTest" classname="Hyde.Framework.Testing.Unit.HydePageSerializableUnitTest" assertions="1" time="0.003046"/>
        <testcase name="Blade page to array contents" file="Hyde Page Serializable Unit (Hyde\Framework\Testing\Unit\HydePageSerializableUnit)::Blade page to array contents" class="Hyde\Framework\Testing\Unit\HydePageSerializableUnitTest" classname="Hyde.Framework.Testing.Unit.HydePageSerializableUnitTest" assertions="1" time="0.003051"/>
        <testcase name="Markdown page to array contents" file="Hyde Page Serializable Unit (Hyde\Framework\Testing\Unit\HydePageSerializableUnit)::Markdown page to array contents" class="Hyde\Framework\Testing\Unit\HydePageSerializableUnitTest" classname="Hyde.Framework.Testing.Unit.HydePageSerializableUnitTest" assertions="1" time="0.003092"/>
        <testcase name="Markdown post to array contents" file="Hyde Page Serializable Unit (Hyde\Framework\Testing\Unit\HydePageSerializableUnit)::Markdown post to array contents" class="Hyde\Framework\Testing\Unit\HydePageSerializableUnitTest" classname="Hyde.Framework.Testing.Unit.HydePageSerializableUnitTest" assertions="1" time="0.003544"/>
        <testcase name="Documentation page to array contents" file="Hyde Page Serializable Unit (Hyde\Framework\Testing\Unit\HydePageSerializableUnit)::Documentation page to array contents" class="Hyde\Framework\Testing\Unit\HydePageSerializableUnitTest" classname="Hyde.Framework.Testing.Unit.HydePageSerializableUnitTest" assertions="1" time="0.003144"/>
        <testcase name="Json encoded output" file="Hyde Page Serializable Unit (Hyde\Framework\Testing\Unit\HydePageSerializableUnit)::Json encoded output" class="Hyde\Framework\Testing\Unit\HydePageSerializableUnitTest" classname="Hyde.Framework.Testing.Unit.HydePageSerializableUnitTest" assertions="1" time="0.003181"/>
        <testcase name="Json serialized hyde page contents" file="Hyde Page Serializable Unit (Hyde\Framework\Testing\Unit\HydePageSerializableUnit)::Json serialized hyde page contents" class="Hyde\Framework\Testing\Unit\HydePageSerializableUnitTest" classname="Hyde.Framework.Testing.Unit.HydePageSerializableUnitTest" assertions="1" time="0.003301"/>
        <testcase name="Json serialized html page contents" file="Hyde Page Serializable Unit (Hyde\Framework\Testing\Unit\HydePageSerializableUnit)::Json serialized html page contents" class="Hyde\Framework\Testing\Unit\HydePageSerializableUnitTest" classname="Hyde.Framework.Testing.Unit.HydePageSerializableUnitTest" assertions="1" time="0.003215"/>
        <testcase name="Json serialized blade page contents" file="Hyde Page Serializable Unit (Hyde\Framework\Testing\Unit\HydePageSerializableUnit)::Json serialized blade page contents" class="Hyde\Framework\Testing\Unit\HydePageSerializableUnitTest" classname="Hyde.Framework.Testing.Unit.HydePageSerializableUnitTest" assertions="1" time="0.003219"/>
        <testcase name="Json serialized markdown page contents" file="Hyde Page Serializable Unit (Hyde\Framework\Testing\Unit\HydePageSerializableUnit)::Json serialized markdown page contents" class="Hyde\Framework\Testing\Unit\HydePageSerializableUnitTest" classname="Hyde.Framework.Testing.Unit.HydePageSerializableUnitTest" assertions="1" time="0.003240"/>
        <testcase name="Json serialized markdown post contents" file="Hyde Page Serializable Unit (Hyde\Framework\Testing\Unit\HydePageSerializableUnit)::Json serialized markdown post contents" class="Hyde\Framework\Testing\Unit\HydePageSerializableUnitTest" classname="Hyde.Framework.Testing.Unit.HydePageSerializableUnitTest" assertions="1" time="0.003760"/>
        <testcase name="Json serialized documentation page contents" file="Hyde Page Serializable Unit (Hyde\Framework\Testing\Unit\HydePageSerializableUnit)::Json serialized documentation page contents" class="Hyde\Framework\Testing\Unit\HydePageSerializableUnitTest" classname="Hyde.Framework.Testing.Unit.HydePageSerializableUnitTest" assertions="1" time="0.003298"/>
        <testcase name="Json serialized markdown page with front matter" file="Hyde Page Serializable Unit (Hyde\Framework\Testing\Unit\HydePageSerializableUnit)::Json serialized markdown page with front matter" class="Hyde\Framework\Testing\Unit\HydePageSerializableUnitTest" classname="Hyde.Framework.Testing.Unit.HydePageSerializableUnitTest" assertions="1" time="0.003257"/>
      </testsuite>
      <testsuite name="Hyde\Framework\Testing\Unit\HydeVendorPathHelperTest" file="Hyde Vendor Path Helper (Hyde\Framework\Testing\Unit\HydeVendorPathHelper)" tests="5" assertions="9" errors="0" failures="0" skipped="0" time="0.131929">
        <testcase name="Method exists" file="Hyde Vendor Path Helper (Hyde\Framework\Testing\Unit\HydeVendorPathHelper)::Method exists" class="Hyde\Framework\Testing\Unit\HydeVendorPathHelperTest" classname="Hyde.Framework.Testing.Unit.HydeVendorPathHelperTest" assertions="1" time="0.044581"/>
        <testcase name="Method returns string" file="Hyde Vendor Path Helper (Hyde\Framework\Testing\Unit\HydeVendorPathHelper)::Method returns string" class="Hyde\Framework\Testing\Unit\HydeVendorPathHelperTest" classname="Hyde.Framework.Testing.Unit.HydeVendorPathHelperTest" assertions="1" time="0.021633"/>
        <testcase name="Method returns string containing vendor path" file="Hyde Vendor Path Helper (Hyde\Framework\Testing\Unit\HydeVendorPathHelper)::Method returns string containing vendor path" class="Hyde\Framework\Testing\Unit\HydeVendorPathHelperTest" classname="Hyde.Framework.Testing.Unit.HydeVendorPathHelperTest" assertions="1" time="0.021552"/>
        <testcase name="Method returns path to the vendor directory" file="Hyde Vendor Path Helper (Hyde\Framework\Testing\Unit\HydeVendorPathHelper)::Method returns path to the vendor directory" class="Hyde\Framework\Testing\Unit\HydeVendorPathHelperTest" classname="Hyde.Framework.Testing.Unit.HydeVendorPathHelperTest" assertions="3" time="0.022166"/>
        <testcase name="Can specify which hyde package to use" file="Hyde Vendor Path Helper (Hyde\Framework\Testing\Unit\HydeVendorPathHelper)::Can specify which hyde package to use" class="Hyde\Framework\Testing\Unit\HydeVendorPathHelperTest" classname="Hyde.Framework.Testing.Unit.HydeVendorPathHelperTest" assertions="3" time="0.021998"/>
      </testsuite>
      <testsuite name="Hyde\Framework\Testing\Unit\InteractsWithDirectoriesConcernTest" file="Interacts With Directories Concern (Hyde\Framework\Testing\Unit\InteractsWithDirectoriesConcern)" tests="7" assertions="16" errors="0" failures="0" skipped="0" time="0.029690">
        <testcase name="Needs directory creates the directory" file="Interacts With Directories Concern (Hyde\Framework\Testing\Unit\InteractsWithDirectoriesConcern)::Needs directory creates the directory" class="Hyde\Framework\Testing\Unit\InteractsWithDirectoriesConcernTest" classname="Hyde.Framework.Testing.Unit.InteractsWithDirectoriesConcernTest" assertions="2" time="0.010307"/>
        <testcase name="Needs directory creates the directory recursively" file="Interacts With Directories Concern (Hyde\Framework\Testing\Unit\InteractsWithDirectoriesConcern)::Needs directory creates the directory recursively" class="Hyde\Framework\Testing\Unit\InteractsWithDirectoriesConcernTest" classname="Hyde.Framework.Testing.Unit.InteractsWithDirectoriesConcernTest" assertions="2" time="0.003111"/>
        <testcase name="Needs directory handles existing directory" file="Interacts With Directories Concern (Hyde\Framework\Testing\Unit\InteractsWithDirectoriesConcern)::Needs directory handles existing directory" class="Hyde\Framework\Testing\Unit\InteractsWithDirectoriesConcernTest" classname="Hyde.Framework.Testing.Unit.InteractsWithDirectoriesConcernTest" assertions="2" time="0.003018"/>
        <testcase name="Needs directories creates single directory" file="Interacts With Directories Concern (Hyde\Framework\Testing\Unit\InteractsWithDirectoriesConcern)::Needs directories creates single directory" class="Hyde\Framework\Testing\Unit\InteractsWithDirectoriesConcernTest" classname="Hyde.Framework.Testing.Unit.InteractsWithDirectoriesConcernTest" assertions="2" time="0.003116"/>
        <testcase name="Needs directories creates multiple directories" file="Interacts With Directories Concern (Hyde\Framework\Testing\Unit\InteractsWithDirectoriesConcern)::Needs directories creates multiple directories" class="Hyde\Framework\Testing\Unit\InteractsWithDirectoriesConcernTest" classname="Hyde.Framework.Testing.Unit.InteractsWithDirectoriesConcernTest" assertions="4" time="0.003589"/>
        <testcase name="Needs parent directory creates directory for the parent file" file="Interacts With Directories Concern (Hyde\Framework\Testing\Unit\InteractsWithDirectoriesConcern)::Needs parent directory creates directory for the parent file" class="Hyde\Framework\Testing\Unit\InteractsWithDirectoriesConcernTest" classname="Hyde.Framework.Testing.Unit.InteractsWithDirectoriesConcernTest" assertions="2" time="0.003145"/>
        <testcase name="Methods can be called statically" file="Interacts With Directories Concern (Hyde\Framework\Testing\Unit\InteractsWithDirectoriesConcern)::Methods can be called statically" class="Hyde\Framework\Testing\Unit\InteractsWithDirectoriesConcernTest" classname="Hyde.Framework.Testing.Unit.InteractsWithDirectoriesConcernTest" assertions="2" time="0.003404"/>
      </testsuite>
      <testsuite name="Hyde\Framework\Testing\Unit\LoadConfigurationTest" file="Load Configuration (Hyde\Framework\Testing\Unit\LoadConfiguration)" tests="2" assertions="6" errors="0" failures="0" skipped="0" time="0.017999">
        <testcase name="It loads runtime configuration" file="Load Configuration (Hyde\Framework\Testing\Unit\LoadConfiguration)::It loads runtime configuration" class="Hyde\Framework\Testing\Unit\LoadConfigurationTest" classname="Hyde.Framework.Testing.Unit.LoadConfigurationTest" assertions="4" time="0.012947"/>
        <testcase name="It loads realtime compiler environment configuration" file="Load Configuration (Hyde\Framework\Testing\Unit\LoadConfiguration)::It loads realtime compiler environment configuration" class="Hyde\Framework\Testing\Unit\LoadConfigurationTest" classname="Hyde.Framework.Testing.Unit.LoadConfigurationTest" assertions="2" time="0.005052"/>
      </testsuite>
      <testsuite name="Hyde\Framework\Testing\Unit\MarkdownDocumentTest" file="Markdown Document (Hyde\Framework\Testing\Unit\MarkdownDocument)" tests="11" assertions="17" errors="0" failures="0" skipped="0" time="0.254831">
        <testcase name="Constructor creates new markdown document" file="Markdown Document (Hyde\Framework\Testing\Unit\MarkdownDocument)::Constructor creates new markdown document" class="Hyde\Framework\Testing\Unit\MarkdownDocumentTest" classname="Hyde.Framework.Testing.Unit.MarkdownDocumentTest" assertions="1" time="0.026011"/>
        <testcase name="Constructor arguments are optional" file="Markdown Document (Hyde\Framework\Testing\Unit\MarkdownDocument)::Constructor arguments are optional" class="Hyde\Framework\Testing\Unit\MarkdownDocumentTest" classname="Hyde.Framework.Testing.Unit.MarkdownDocumentTest" assertions="1" time="0.022916"/>
        <testcase name="Constructor arguments are assigned" file="Markdown Document (Hyde\Framework\Testing\Unit\MarkdownDocument)::Constructor arguments are assigned" class="Hyde\Framework\Testing\Unit\MarkdownDocumentTest" classname="Hyde.Framework.Testing.Unit.MarkdownDocumentTest" assertions="1" time="0.022344"/>
        <testcase name="Magic to string method returns body" file="Markdown Document (Hyde\Framework\Testing\Unit\MarkdownDocument)::Magic to string method returns body" class="Hyde\Framework\Testing\Unit\MarkdownDocumentTest" classname="Hyde.Framework.Testing.Unit.MarkdownDocumentTest" assertions="1" time="0.021836"/>
        <testcase name="Compile method returns rendered html" file="Markdown Document (Hyde\Framework\Testing\Unit\MarkdownDocument)::Compile method returns rendered html" class="Hyde\Framework\Testing\Unit\MarkdownDocumentTest" classname="Hyde.Framework.Testing.Unit.MarkdownDocumentTest" assertions="1" time="0.026310"/>
        <testcase name="To html method returns rendered as html string" file="Markdown Document (Hyde\Framework\Testing\Unit\MarkdownDocument)::To html method returns rendered as html string" class="Hyde\Framework\Testing\Unit\MarkdownDocumentTest" classname="Hyde.Framework.Testing.Unit.MarkdownDocumentTest" assertions="2" time="0.023869"/>
        <testcase name="Parse method parses a file using the markdown file service" file="Markdown Document (Hyde\Framework\Testing\Unit\MarkdownDocument)::Parse method parses a file using the markdown file service" class="Hyde\Framework\Testing\Unit\MarkdownDocumentTest" classname="Hyde.Framework.Testing.Unit.MarkdownDocumentTest" assertions="3" time="0.022918"/>
        <testcase name="To array method returns array markdown body lines" file="Markdown Document (Hyde\Framework\Testing\Unit\MarkdownDocument)::To array method returns array markdown body lines" class="Hyde\Framework\Testing\Unit\MarkdownDocumentTest" classname="Hyde.Framework.Testing.Unit.MarkdownDocumentTest" assertions="1" time="0.022070"/>
        <testcase name="From file method returns new markdown document" file="Markdown Document (Hyde\Framework\Testing\Unit\MarkdownDocument)::From file method returns new markdown document" class="Hyde\Framework\Testing\Unit\MarkdownDocumentTest" classname="Hyde.Framework.Testing.Unit.MarkdownDocumentTest" assertions="2" time="0.022395"/>
        <testcase name="End of markdown body is trimmed" file="Markdown Document (Hyde\Framework\Testing\Unit\MarkdownDocument)::End of markdown body is trimmed" class="Hyde\Framework\Testing\Unit\MarkdownDocumentTest" classname="Hyde.Framework.Testing.Unit.MarkdownDocumentTest" assertions="1" time="0.021788"/>
        <testcase name="Carriage returns are normalized" file="Markdown Document (Hyde\Framework\Testing\Unit\MarkdownDocument)::Carriage returns are normalized" class="Hyde\Framework\Testing\Unit\MarkdownDocumentTest" classname="Hyde.Framework.Testing.Unit.MarkdownDocumentTest" assertions="3" time="0.022373"/>
      </testsuite>
      <testsuite name="Hyde\Framework\Testing\Unit\MarkdownFacadeTest" file="Markdown Facade (Hyde\Framework\Testing\Unit\MarkdownFacade)" tests="1" assertions="2" errors="0" failures="0" skipped="0" time="0.018363">
        <testcase name="Render" file="Markdown Facade (Hyde\Framework\Testing\Unit\MarkdownFacade)::Render" class="Hyde\Framework\Testing\Unit\MarkdownFacadeTest" classname="Hyde.Framework.Testing.Unit.MarkdownFacadeTest" assertions="2" time="0.018363"/>
      </testsuite>
      <testsuite name="Hyde\Framework\Testing\Unit\MediaDirectoryCanBeChangedTest" file="Media Directory Can Be Changed (Hyde\Framework\Testing\Unit\MediaDirectoryCanBeChanged)" tests="3" assertions="9" errors="0" failures="0" skipped="0" time="0.239466">
        <testcase name="Media output directory can be changed for site builds" file="Media Directory Can Be Changed (Hyde\Framework\Testing\Unit\MediaDirectoryCanBeChanged)::Media output directory can be changed for site builds" class="Hyde\Framework\Testing\Unit\MediaDirectoryCanBeChangedTest" classname="Hyde.Framework.Testing.Unit.MediaDirectoryCanBeChangedTest" assertions="3" time="0.048956"/>
        <testcase name="Media output directory can be changed for site rebuilds" file="Media Directory Can Be Changed (Hyde\Framework\Testing\Unit\MediaDirectoryCanBeChanged)::Media output directory can be changed for site rebuilds" class="Hyde\Framework\Testing\Unit\MediaDirectoryCanBeChangedTest" classname="Hyde.Framework.Testing.Unit.MediaDirectoryCanBeChangedTest" assertions="3" time="0.034182"/>
        <testcase name="Compiled pages have links to the right media file location" file="Media Directory Can Be Changed (Hyde\Framework\Testing\Unit\MediaDirectoryCanBeChanged)::Compiled pages have links to the right media file location" class="Hyde\Framework\Testing\Unit\MediaDirectoryCanBeChangedTest" classname="Hyde.Framework.Testing.Unit.MediaDirectoryCanBeChangedTest" assertions="3" time="0.156327"/>
      </testsuite>
      <testsuite name="Hyde\Framework\Testing\Unit\MetaFacadeTest" file="Meta Facade (Hyde\Framework\Testing\Unit\MetaFacade)" tests="9" assertions="9" errors="0" failures="0" skipped="0" time="0.031308">
        <testcase name="Name method returns a valid html meta string" file="Meta Facade (Hyde\Framework\Testing\Unit\MetaFacade)::Name method returns a valid html meta string" class="Hyde\Framework\Testing\Unit\MetaFacadeTest" classname="Hyde.Framework.Testing.Unit.MetaFacadeTest" assertions="1" time="0.007068"/>
        <testcase name="Property method returns a valid html meta string" file="Meta Facade (Hyde\Framework\Testing\Unit\MetaFacade)::Property method returns a valid html meta string" class="Hyde\Framework\Testing\Unit\MetaFacadeTest" classname="Hyde.Framework.Testing.Unit.MetaFacadeTest" assertions="1" time="0.001921"/>
        <testcase name="Property method accepts property with og prefix" file="Meta Facade (Hyde\Framework\Testing\Unit\MetaFacade)::Property method accepts property with og prefix" class="Hyde\Framework\Testing\Unit\MetaFacadeTest" classname="Hyde.Framework.Testing.Unit.MetaFacadeTest" assertions="1" time="0.001872"/>
        <testcase name="Property method accepts property without og prefix" file="Meta Facade (Hyde\Framework\Testing\Unit\MetaFacade)::Property method accepts property without og prefix" class="Hyde\Framework\Testing\Unit\MetaFacadeTest" classname="Hyde.Framework.Testing.Unit.MetaFacadeTest" assertions="1" time="0.001886"/>
        <testcase name="Link method returns a valid html link string" file="Meta Facade (Hyde\Framework\Testing\Unit\MetaFacade)::Link method returns a valid html link string" class="Hyde\Framework\Testing\Unit\MetaFacadeTest" classname="Hyde.Framework.Testing.Unit.MetaFacadeTest" assertions="1" time="0.009547"/>
        <testcase name="Link method returns a valid html link string with attributes" file="Meta Facade (Hyde\Framework\Testing\Unit\MetaFacade)::Link method returns a valid html link string with attributes" class="Hyde\Framework\Testing\Unit\MetaFacadeTest" classname="Hyde.Framework.Testing.Unit.MetaFacadeTest" assertions="1" time="0.002108"/>
        <testcase name="Link method returns a valid html link string with multiple attributes" file="Meta Facade (Hyde\Framework\Testing\Unit\MetaFacade)::Link method returns a valid html link string with multiple attributes" class="Hyde\Framework\Testing\Unit\MetaFacadeTest" classname="Hyde.Framework.Testing.Unit.MetaFacadeTest" assertions="1" time="0.002079"/>
        <testcase name="Get method returns global metadata bag" file="Meta Facade (Hyde\Framework\Testing\Unit\MetaFacade)::Get method returns global metadata bag" class="Hyde\Framework\Testing\Unit\MetaFacadeTest" classname="Hyde.Framework.Testing.Unit.MetaFacadeTest" assertions="1" time="0.002473"/>
        <testcase name="Render method renders global metadata bag" file="Meta Facade (Hyde\Framework\Testing\Unit\MetaFacade)::Render method renders global metadata bag" class="Hyde\Framework\Testing\Unit\MetaFacadeTest" classname="Hyde.Framework.Testing.Unit.MetaFacadeTest" assertions="1" time="0.002354"/>
      </testsuite>
      <testsuite name="Hyde\Framework\Testing\Unit\NavItemIsCurrentHelperTest" file="Nav Item Is Current Helper (Hyde\Framework\Testing\Unit\NavItemIsCurrentHelper)" tests="34" assertions="34" errors="0" failures="0" skipped="0" time="0.142702">
        <testcase name="Is current" file="Nav Item Is Current Helper (Hyde\Framework\Testing\Unit\NavItemIsCurrentHelper)::Is current" class="Hyde\Framework\Testing\Unit\NavItemIsCurrentHelperTest" classname="Hyde.Framework.Testing.Unit.NavItemIsCurrentHelperTest" assertions="1" time="0.013249"/>
        <testcase name="Is current when current" file="Nav Item Is Current Helper (Hyde\Framework\Testing\Unit\NavItemIsCurrentHelper)::Is current when current" class="Hyde\Framework\Testing\Unit\NavItemIsCurrentHelperTest" classname="Hyde.Framework.Testing.Unit.NavItemIsCurrentHelperTest" assertions="1" time="0.004059"/>
        <testcase name="Is current using current route" file="Nav Item Is Current Helper (Hyde\Framework\Testing\Unit\NavItemIsCurrentHelper)::Is current using current route" class="Hyde\Framework\Testing\Unit\NavItemIsCurrentHelperTest" classname="Hyde.Framework.Testing.Unit.NavItemIsCurrentHelperTest" assertions="1" time="0.008338"/>
        <testcase name="Is current using current link" file="Nav Item Is Current Helper (Hyde\Framework\Testing\Unit\NavItemIsCurrentHelper)::Is current using current link" class="Hyde\Framework\Testing\Unit\NavItemIsCurrentHelperTest" classname="Hyde.Framework.Testing.Unit.NavItemIsCurrentHelperTest" assertions="1" time="0.003542"/>
        <testcase name="Is current when not current" file="Nav Item Is Current Helper (Hyde\Framework\Testing\Unit\NavItemIsCurrentHelper)::Is current when not current" class="Hyde\Framework\Testing\Unit\NavItemIsCurrentHelperTest" classname="Hyde.Framework.Testing.Unit.NavItemIsCurrentHelperTest" assertions="1" time="0.004058"/>
        <testcase name="Is current using not current route" file="Nav Item Is Current Helper (Hyde\Framework\Testing\Unit\NavItemIsCurrentHelper)::Is current using not current route" class="Hyde\Framework\Testing\Unit\NavItemIsCurrentHelperTest" classname="Hyde.Framework.Testing.Unit.NavItemIsCurrentHelperTest" assertions="1" time="0.003795"/>
        <testcase name="Is current using not current link" file="Nav Item Is Current Helper (Hyde\Framework\Testing\Unit\NavItemIsCurrentHelper)::Is current using not current link" class="Hyde\Framework\Testing\Unit\NavItemIsCurrentHelperTest" classname="Hyde.Framework.Testing.Unit.NavItemIsCurrentHelperTest" assertions="1" time="0.003547"/>
        <testcase name="Is current with nested current page" file="Nav Item Is Current Helper (Hyde\Framework\Testing\Unit\NavItemIsCurrentHelper)::Is current with nested current page" class="Hyde\Framework\Testing\Unit\NavItemIsCurrentHelperTest" classname="Hyde.Framework.Testing.Unit.NavItemIsCurrentHelperTest" assertions="1" time="0.004127"/>
        <testcase name="Is current when current with nested current page" file="Nav Item Is Current Helper (Hyde\Framework\Testing\Unit\NavItemIsCurrentHelper)::Is current when current with nested current page" class="Hyde\Framework\Testing\Unit\NavItemIsCurrentHelperTest" classname="Hyde.Framework.Testing.Unit.NavItemIsCurrentHelperTest" assertions="1" time="0.004128"/>
        <testcase name="Is current with nested current page when nested" file="Nav Item Is Current Helper (Hyde\Framework\Testing\Unit\NavItemIsCurrentHelper)::Is current with nested current page when nested" class="Hyde\Framework\Testing\Unit\NavItemIsCurrentHelperTest" classname="Hyde.Framework.Testing.Unit.NavItemIsCurrentHelperTest" assertions="1" time="0.004135"/>
        <testcase name="Is current when current with nested current page when nested" file="Nav Item Is Current Helper (Hyde\Framework\Testing\Unit\NavItemIsCurrentHelper)::Is current when current with nested current page when nested" class="Hyde\Framework\Testing\Unit\NavItemIsCurrentHelperTest" classname="Hyde.Framework.Testing.Unit.NavItemIsCurrentHelperTest" assertions="1" time="0.004161"/>
        <testcase name="Is current with nested current page when very nested" file="Nav Item Is Current Helper (Hyde\Framework\Testing\Unit\NavItemIsCurrentHelper)::Is current with nested current page when very nested" class="Hyde\Framework\Testing\Unit\NavItemIsCurrentHelperTest" classname="Hyde.Framework.Testing.Unit.NavItemIsCurrentHelperTest" assertions="1" time="0.004149"/>
        <testcase name="Is current when current with nested current page when very nested" file="Nav Item Is Current Helper (Hyde\Framework\Testing\Unit\NavItemIsCurrentHelper)::Is current when current with nested current page when very nested" class="Hyde\Framework\Testing\Unit\NavItemIsCurrentHelperTest" classname="Hyde.Framework.Testing.Unit.NavItemIsCurrentHelperTest" assertions="1" time="0.004160"/>
        <testcase name="Is current with nested current page when very differing nested" file="Nav Item Is Current Helper (Hyde\Framework\Testing\Unit\NavItemIsCurrentHelper)::Is current with nested current page when very differing nested" class="Hyde\Framework\Testing\Unit\NavItemIsCurrentHelperTest" classname="Hyde.Framework.Testing.Unit.NavItemIsCurrentHelperTest" assertions="1" time="0.004185"/>
        <testcase name="Is current with nested current page when very differing nested inverse" file="Nav Item Is Current Helper (Hyde\Framework\Testing\Unit\NavItemIsCurrentHelper)::Is current with nested current page when very differing nested inverse" class="Hyde\Framework\Testing\Unit\NavItemIsCurrentHelperTest" classname="Hyde.Framework.Testing.Unit.NavItemIsCurrentHelperTest" assertions="1" time="0.004134"/>
        <testcase name="Is current using current link with nested current page" file="Nav Item Is Current Helper (Hyde\Framework\Testing\Unit\NavItemIsCurrentHelper)::Is current using current link with nested current page" class="Hyde\Framework\Testing\Unit\NavItemIsCurrentHelperTest" classname="Hyde.Framework.Testing.Unit.NavItemIsCurrentHelperTest" assertions="1" time="0.003604"/>
        <testcase name="Is current using not current link with nested current page" file="Nav Item Is Current Helper (Hyde\Framework\Testing\Unit\NavItemIsCurrentHelper)::Is current using not current link with nested current page" class="Hyde\Framework\Testing\Unit\NavItemIsCurrentHelperTest" classname="Hyde.Framework.Testing.Unit.NavItemIsCurrentHelperTest" assertions="1" time="0.003675"/>
        <testcase name="Is current when current with nested current page and subject page" file="Nav Item Is Current Helper (Hyde\Framework\Testing\Unit\NavItemIsCurrentHelper)::Is current when current with nested current page and subject page" class="Hyde\Framework\Testing\Unit\NavItemIsCurrentHelperTest" classname="Hyde.Framework.Testing.Unit.NavItemIsCurrentHelperTest" assertions="1" time="0.003648"/>
        <testcase name="Is current when not current with nested current page and subject page" file="Nav Item Is Current Helper (Hyde\Framework\Testing\Unit\NavItemIsCurrentHelper)::Is current when not current with nested current page and subject page" class="Hyde\Framework\Testing\Unit\NavItemIsCurrentHelperTest" classname="Hyde.Framework.Testing.Unit.NavItemIsCurrentHelperTest" assertions="1" time="0.003631"/>
        <testcase name="Is current with nested current page when nested using link item" file="Nav Item Is Current Helper (Hyde\Framework\Testing\Unit\NavItemIsCurrentHelper)::Is current with nested current page when nested using link item" class="Hyde\Framework\Testing\Unit\NavItemIsCurrentHelperTest" classname="Hyde.Framework.Testing.Unit.NavItemIsCurrentHelperTest" assertions="1" time="0.003598"/>
        <testcase name="Is current when current with nested current page when nested using link item" file="Nav Item Is Current Helper (Hyde\Framework\Testing\Unit\NavItemIsCurrentHelper)::Is current when current with nested current page when nested using link item" class="Hyde\Framework\Testing\Unit\NavItemIsCurrentHelperTest" classname="Hyde.Framework.Testing.Unit.NavItemIsCurrentHelperTest" assertions="1" time="0.003618"/>
        <testcase name="Is current with nested current page when very nested using link item" file="Nav Item Is Current Helper (Hyde\Framework\Testing\Unit\NavItemIsCurrentHelper)::Is current with nested current page when very nested using link item" class="Hyde\Framework\Testing\Unit\NavItemIsCurrentHelperTest" classname="Hyde.Framework.Testing.Unit.NavItemIsCurrentHelperTest" assertions="1" time="0.003632"/>
        <testcase name="Is current when current with nested current page when very nested using link item" file="Nav Item Is Current Helper (Hyde\Framework\Testing\Unit\NavItemIsCurrentHelper)::Is current when current with nested current page when very nested using link item" class="Hyde\Framework\Testing\Unit\NavItemIsCurrentHelperTest" classname="Hyde.Framework.Testing.Unit.NavItemIsCurrentHelperTest" assertions="1" time="0.003637"/>
        <testcase name="Is current with nested current page when very differing nested using link item" file="Nav Item Is Current Helper (Hyde\Framework\Testing\Unit\NavItemIsCurrentHelper)::Is current with nested current page when very differing nested using link item" class="Hyde\Framework\Testing\Unit\NavItemIsCurrentHelperTest" classname="Hyde.Framework.Testing.Unit.NavItemIsCurrentHelperTest" assertions="1" time="0.003597"/>
        <testcase name="Is current with nested current page when very differing nested inverse using link item" file="Nav Item Is Current Helper (Hyde\Framework\Testing\Unit\NavItemIsCurrentHelper)::Is current with nested current page when very differing nested inverse using link item" class="Hyde\Framework\Testing\Unit\NavItemIsCurrentHelperTest" classname="Hyde.Framework.Testing.Unit.NavItemIsCurrentHelperTest" assertions="1" time="0.003629"/>
        <testcase name="Is current with nested current page when nested using pretty link item" file="Nav Item Is Current Helper (Hyde\Framework\Testing\Unit\NavItemIsCurrentHelper)::Is current with nested current page when nested using pretty link item" class="Hyde\Framework\Testing\Unit\NavItemIsCurrentHelperTest" classname="Hyde.Framework.Testing.Unit.NavItemIsCurrentHelperTest" assertions="1" time="0.003615"/>
        <testcase name="Is current when current with nested current page when nested using pretty link item" file="Nav Item Is Current Helper (Hyde\Framework\Testing\Unit\NavItemIsCurrentHelper)::Is current when current with nested current page when nested using pretty link item" class="Hyde\Framework\Testing\Unit\NavItemIsCurrentHelperTest" classname="Hyde.Framework.Testing.Unit.NavItemIsCurrentHelperTest" assertions="1" time="0.003638"/>
        <testcase name="Is current with nested current page when very nested using pretty link item" file="Nav Item Is Current Helper (Hyde\Framework\Testing\Unit\NavItemIsCurrentHelper)::Is current with nested current page when very nested using pretty link item" class="Hyde\Framework\Testing\Unit\NavItemIsCurrentHelperTest" classname="Hyde.Framework.Testing.Unit.NavItemIsCurrentHelperTest" assertions="1" time="0.003629"/>
        <testcase name="Is current when current with nested current page when very nested using pretty link item" file="Nav Item Is Current Helper (Hyde\Framework\Testing\Unit\NavItemIsCurrentHelper)::Is current when current with nested current page when very nested using pretty link item" class="Hyde\Framework\Testing\Unit\NavItemIsCurrentHelperTest" classname="Hyde.Framework.Testing.Unit.NavItemIsCurrentHelperTest" assertions="1" time="0.003681"/>
        <testcase name="Is current with nested current page when very differing nested using pretty link item" file="Nav Item Is Current Helper (Hyde\Framework\Testing\Unit\NavItemIsCurrentHelper)::Is current with nested current page when very differing nested using pretty link item" class="Hyde\Framework\Testing\Unit\NavItemIsCurrentHelperTest" classname="Hyde.Framework.Testing.Unit.NavItemIsCurrentHelperTest" assertions="1" time="0.003623"/>
        <testcase name="Is current with nested current page when very differing nested inverse using pretty link item" file="Nav Item Is Current Helper (Hyde\Framework\Testing\Unit\NavItemIsCurrentHelper)::Is current with nested current page when very differing nested inverse using pretty link item" class="Hyde\Framework\Testing\Unit\NavItemIsCurrentHelperTest" classname="Hyde.Framework.Testing.Unit.NavItemIsCurrentHelperTest" assertions="1" time="0.003655"/>
        <testcase name="Is current with absolute link" file="Nav Item Is Current Helper (Hyde\Framework\Testing\Unit\NavItemIsCurrentHelper)::Is current with absolute link" class="Hyde\Framework\Testing\Unit\NavItemIsCurrentHelperTest" classname="Hyde.Framework.Testing.Unit.NavItemIsCurrentHelperTest" assertions="1" time="0.003529"/>
        <testcase name="Is current with nested current page when nested using absolute link item" file="Nav Item Is Current Helper (Hyde\Framework\Testing\Unit\NavItemIsCurrentHelper)::Is current with nested current page when nested using absolute link item" class="Hyde\Framework\Testing\Unit\NavItemIsCurrentHelperTest" classname="Hyde.Framework.Testing.Unit.NavItemIsCurrentHelperTest" assertions="1" time="0.003654"/>
        <testcase name="Is current when current with nested current page when nested using absolute link item" file="Nav Item Is Current Helper (Hyde\Framework\Testing\Unit\NavItemIsCurrentHelper)::Is current when current with nested current page when nested using absolute link item" class="Hyde\Framework\Testing\Unit\NavItemIsCurrentHelperTest" classname="Hyde.Framework.Testing.Unit.NavItemIsCurrentHelperTest" assertions="1" time="0.003641"/>
      </testsuite>
      <testsuite name="Hyde\Framework\Testing\Unit\NavItemTest" file="Nav Item (Hyde\Framework\Testing\Unit\NavItem)" tests="20" assertions="32" errors="0" failures="0" skipped="0" time="0.108243">
        <testcase name="Construct" file="Nav Item (Hyde\Framework\Testing\Unit\NavItem)::Construct" class="Hyde\Framework\Testing\Unit\NavItemTest" classname="Hyde.Framework.Testing.Unit.NavItemTest" assertions="1" time="0.036994"/>
        <testcase name="Get destination" file="Nav Item (Hyde\Framework\Testing\Unit\NavItem)::Get destination" class="Hyde\Framework\Testing\Unit\NavItemTest" classname="Hyde.Framework.Testing.Unit.NavItemTest" assertions="1" time="0.003593"/>
        <testcase name="Get label" file="Nav Item (Hyde\Framework\Testing\Unit\NavItem)::Get label" class="Hyde\Framework\Testing\Unit\NavItemTest" classname="Hyde.Framework.Testing.Unit.NavItemTest" assertions="1" time="0.003463"/>
        <testcase name="Get priority" file="Nav Item (Hyde\Framework\Testing\Unit\NavItem)::Get priority" class="Hyde\Framework\Testing\Unit\NavItemTest" classname="Hyde.Framework.Testing.Unit.NavItemTest" assertions="1" time="0.003496"/>
        <testcase name="Get group" file="Nav Item (Hyde\Framework\Testing\Unit\NavItem)::Get group" class="Hyde\Framework\Testing\Unit\NavItemTest" classname="Hyde.Framework.Testing.Unit.NavItemTest" assertions="1" time="0.003428"/>
        <testcase name="From route" file="Nav Item (Hyde\Framework\Testing\Unit\NavItem)::From route" class="Hyde\Framework\Testing\Unit\NavItemTest" classname="Hyde.Framework.Testing.Unit.NavItemTest" assertions="1" time="0.003455"/>
        <testcase name="To string" file="Nav Item (Hyde\Framework\Testing\Unit\NavItem)::To string" class="Hyde\Framework\Testing\Unit\NavItemTest" classname="Hyde.Framework.Testing.Unit.NavItemTest" assertions="1" time="0.008077"/>
        <testcase name="For link" file="Nav Item (Hyde\Framework\Testing\Unit\NavItem)::For link" class="Hyde\Framework\Testing\Unit\NavItemTest" classname="Hyde.Framework.Testing.Unit.NavItemTest" assertions="3" time="0.002292"/>
        <testcase name="For link with custom priority" file="Nav Item (Hyde\Framework\Testing\Unit\NavItem)::For link with custom priority" class="Hyde\Framework\Testing\Unit\NavItemTest" classname="Hyde.Framework.Testing.Unit.NavItemTest" assertions="1" time="0.002079"/>
        <testcase name="For route" file="Nav Item (Hyde\Framework\Testing\Unit\NavItem)::For route" class="Hyde\Framework\Testing\Unit\NavItemTest" classname="Hyde.Framework.Testing.Unit.NavItemTest" assertions="3" time="0.002936"/>
        <testcase name="For index route" file="Nav Item (Hyde\Framework\Testing\Unit\NavItem)::For index route" class="Hyde\Framework\Testing\Unit\NavItemTest" classname="Hyde.Framework.Testing.Unit.NavItemTest" assertions="3" time="0.002952"/>
        <testcase name="For route with route key" file="Nav Item (Hyde\Framework\Testing\Unit\NavItem)::For route with route key" class="Hyde\Framework\Testing\Unit\NavItemTest" classname="Hyde.Framework.Testing.Unit.NavItemTest" assertions="1" time="0.003029"/>
        <testcase name="For route with missing route key" file="Nav Item (Hyde\Framework\Testing\Unit\NavItem)::For route with missing route key" class="Hyde\Framework\Testing\Unit\NavItemTest" classname="Hyde.Framework.Testing.Unit.NavItemTest" assertions="1" time="0.002262"/>
        <testcase name="For route with custom priority" file="Nav Item (Hyde\Framework\Testing\Unit\NavItem)::For route with custom priority" class="Hyde\Framework\Testing\Unit\NavItemTest" classname="Hyde.Framework.Testing.Unit.NavItemTest" assertions="1" time="0.002697"/>
        <testcase name="Route based nav item destinations are resolved relatively" file="Nav Item (Hyde\Framework\Testing\Unit\NavItem)::Route based nav item destinations are resolved relatively" class="Hyde\Framework\Testing\Unit\NavItemTest" classname="Hyde.Framework.Testing.Unit.NavItemTest" assertions="6" time="0.009046"/>
        <testcase name="Is current" file="Nav Item (Hyde\Framework\Testing\Unit\NavItem)::Is current" class="Hyde\Framework\Testing\Unit\NavItemTest" classname="Hyde.Framework.Testing.Unit.NavItemTest" assertions="2" time="0.005062"/>
        <testcase name="Get group with no group" file="Nav Item (Hyde\Framework\Testing\Unit\NavItem)::Get group with no group" class="Hyde\Framework\Testing\Unit\NavItemTest" classname="Hyde.Framework.Testing.Unit.NavItemTest" assertions="1" time="0.003304"/>
        <testcase name="Get group with group" file="Nav Item (Hyde\Framework\Testing\Unit\NavItem)::Get group with group" class="Hyde\Framework\Testing\Unit\NavItemTest" classname="Hyde.Framework.Testing.Unit.NavItemTest" assertions="1" time="0.003288"/>
        <testcase name="Get group from route with group" file="Nav Item (Hyde\Framework\Testing\Unit\NavItem)::Get group from route with group" class="Hyde\Framework\Testing\Unit\NavItemTest" classname="Hyde.Framework.Testing.Unit.NavItemTest" assertions="1" time="0.003398"/>
        <testcase name="Get group for route with group" file="Nav Item (Hyde\Framework\Testing\Unit\NavItem)::Get group for route with group" class="Hyde\Framework\Testing\Unit\NavItemTest" classname="Hyde.Framework.Testing.Unit.NavItemTest" assertions="1" time="0.003394"/>
      </testsuite>
      <testsuite name="Hyde\Framework\Testing\Unit\NavigationDataFactoryUnitTest" file="Navigation Data Factory Unit (Hyde\Framework\Testing\Unit\NavigationDataFactoryUnit)" tests="10" assertions="24" errors="0" failures="0" skipped="0" time="0.053633">
        <testcase name="Search for priority in navigation config for markdown page with keyed config" file="Navigation Data Factory Unit (Hyde\Framework\Testing\Unit\NavigationDataFactoryUnit)::Search for priority in navigation config for markdown page with keyed config" class="Hyde\Framework\Testing\Unit\NavigationDataFactoryUnitTest" classname="Hyde.Framework.Testing.Unit.NavigationDataFactoryUnitTest" assertions="2" time="0.023513"/>
        <testcase name="Search for priority in navigation config for markdown page with list config" file="Navigation Data Factory Unit (Hyde\Framework\Testing\Unit\NavigationDataFactoryUnit)::Search for priority in navigation config for markdown page with list config" class="Hyde\Framework\Testing\Unit\NavigationDataFactoryUnitTest" classname="Hyde.Framework.Testing.Unit.NavigationDataFactoryUnitTest" assertions="2" time="0.003208"/>
        <testcase name="Search for priority in navigation config for markdown page supports mixing keyed and list config" file="Navigation Data Factory Unit (Hyde\Framework\Testing\Unit\NavigationDataFactoryUnit)::Search for priority in navigation config for markdown page supports mixing keyed and list config" class="Hyde\Framework\Testing\Unit\NavigationDataFactoryUnitTest" classname="Hyde.Framework.Testing.Unit.NavigationDataFactoryUnitTest" assertions="4" time="0.003803"/>
        <testcase name="Search for priority in navigation config for documentation page with list config" file="Navigation Data Factory Unit (Hyde\Framework\Testing\Unit\NavigationDataFactoryUnit)::Search for priority in navigation config for documentation page with list config" class="Hyde\Framework\Testing\Unit\NavigationDataFactoryUnitTest" classname="Hyde.Framework.Testing.Unit.NavigationDataFactoryUnitTest" assertions="2" time="0.003227"/>
        <testcase name="Search for priority in navigation config for documentation page with keyed config" file="Navigation Data Factory Unit (Hyde\Framework\Testing\Unit\NavigationDataFactoryUnit)::Search for priority in navigation config for documentation page with keyed config" class="Hyde\Framework\Testing\Unit\NavigationDataFactoryUnitTest" classname="Hyde.Framework.Testing.Unit.NavigationDataFactoryUnitTest" assertions="4" time="0.003766"/>
        <testcase name="Search for priority in navigation config for documentation page supports mixing keyed and list config" file="Navigation Data Factory Unit (Hyde\Framework\Testing\Unit\NavigationDataFactoryUnit)::Search for priority in navigation config for documentation page supports mixing keyed and list config" class="Hyde\Framework\Testing\Unit\NavigationDataFactoryUnitTest" classname="Hyde.Framework.Testing.Unit.NavigationDataFactoryUnitTest" assertions="4" time="0.003832"/>
        <testcase name="Route keys can be used for documentation sidebar priorities" file="Navigation Data Factory Unit (Hyde\Framework\Testing\Unit\NavigationDataFactoryUnit)::Route keys can be used for documentation sidebar priorities" class="Hyde\Framework\Testing\Unit\NavigationDataFactoryUnitTest" classname="Hyde.Framework.Testing.Unit.NavigationDataFactoryUnitTest" assertions="3" time="0.003443"/>
        <testcase name="Make group uses front matter group if set" file="Navigation Data Factory Unit (Hyde\Framework\Testing\Unit\NavigationDataFactoryUnit)::Make group uses front matter group if set" class="Hyde\Framework\Testing\Unit\NavigationDataFactoryUnitTest" classname="Hyde.Framework.Testing.Unit.NavigationDataFactoryUnitTest" assertions="1" time="0.002805"/>
        <testcase name="Make group uses front matter group if set regardless of subdirectory configuration" file="Navigation Data Factory Unit (Hyde\Framework\Testing\Unit\NavigationDataFactoryUnit)::Make group uses front matter group if set regardless of subdirectory configuration" class="Hyde\Framework\Testing\Unit\NavigationDataFactoryUnitTest" classname="Hyde.Framework.Testing.Unit.NavigationDataFactoryUnitTest" assertions="1" time="0.003010"/>
        <testcase name="Make group defaults to null if front matter group not set and subdirectories not used" file="Navigation Data Factory Unit (Hyde\Framework\Testing\Unit\NavigationDataFactoryUnit)::Make group defaults to null if front matter group not set and subdirectories not used" class="Hyde\Framework\Testing\Unit\NavigationDataFactoryUnitTest" classname="Hyde.Framework.Testing.Unit.NavigationDataFactoryUnitTest" assertions="1" time="0.003026"/>
      </testsuite>
      <testsuite name="Hyde\Framework\Testing\Unit\PageModelParsingTest" file="Page Model Parsing (Hyde\Framework\Testing\Unit\PageModelParsing)" tests="5" assertions="5" errors="0" failures="0" skipped="0" time="0.050449">
        <testcase name="Dynamic data constructor can find title from front matter" file="Page Model Parsing (Hyde\Framework\Testing\Unit\PageModelParsing)::Dynamic data constructor can find title from front matter" class="Hyde\Framework\Testing\Unit\PageModelParsingTest" classname="Hyde.Framework.Testing.Unit.PageModelParsingTest" assertions="1" time="0.031178"/>
        <testcase name="Dynamic data constructor can find title from h 1 tag" file="Page Model Parsing (Hyde\Framework\Testing\Unit\PageModelParsing)::Dynamic data constructor can find title from h 1 tag" class="Hyde\Framework\Testing\Unit\PageModelParsingTest" classname="Hyde.Framework.Testing.Unit.PageModelParsingTest" assertions="1" time="0.004659"/>
        <testcase name="Dynamic data constructor can find title from slug" file="Page Model Parsing (Hyde\Framework\Testing\Unit\PageModelParsing)::Dynamic data constructor can find title from slug" class="Hyde\Framework\Testing\Unit\PageModelParsingTest" classname="Hyde.Framework.Testing.Unit.PageModelParsingTest" assertions="1" time="0.004619"/>
        <testcase name="Documentation page parser can get group from front matter" file="Page Model Parsing (Hyde\Framework\Testing\Unit\PageModelParsing)::Documentation page parser can get group from front matter" class="Hyde\Framework\Testing\Unit\PageModelParsingTest" classname="Hyde.Framework.Testing.Unit.PageModelParsingTest" assertions="1" time="0.004830"/>
        <testcase name="Documentation page parser can get group automatically from nested page" file="Page Model Parsing (Hyde\Framework\Testing\Unit\PageModelParsing)::Documentation page parser can get group automatically from nested page" class="Hyde\Framework\Testing\Unit\PageModelParsingTest" classname="Hyde.Framework.Testing.Unit.PageModelParsingTest" assertions="1" time="0.005163"/>
      </testsuite>
      <testsuite name="Hyde\Framework\Testing\Unit\Pages\BladePageUnitTest" file="Blade Page Unit (Hyde\Framework\Testing\Unit\Pages\BladePageUnit)" tests="33" assertions="36" errors="0" failures="0" skipped="0" time="0.162197">
        <testcase name="Source directory" file="Blade Page Unit (Hyde\Framework\Testing\Unit\Pages\BladePageUnit)::Source directory" class="Hyde\Framework\Testing\Unit\Pages\BladePageUnitTest" classname="Hyde.Framework.Testing.Unit.Pages.BladePageUnitTest" assertions="1" time="0.009459"/>
        <testcase name="Output directory" file="Blade Page Unit (Hyde\Framework\Testing\Unit\Pages\BladePageUnit)::Output directory" class="Hyde\Framework\Testing\Unit\Pages\BladePageUnitTest" classname="Hyde.Framework.Testing.Unit.Pages.BladePageUnitTest" assertions="1" time="0.003179"/>
        <testcase name="Base route key" file="Blade Page Unit (Hyde\Framework\Testing\Unit\Pages\BladePageUnit)::Base route key" class="Hyde\Framework\Testing\Unit\Pages\BladePageUnitTest" classname="Hyde.Framework.Testing.Unit.Pages.BladePageUnitTest" assertions="1" time="0.003203"/>
        <testcase name="File extension" file="Blade Page Unit (Hyde\Framework\Testing\Unit\Pages\BladePageUnit)::File extension" class="Hyde\Framework\Testing\Unit\Pages\BladePageUnitTest" classname="Hyde.Framework.Testing.Unit.Pages.BladePageUnitTest" assertions="1" time="0.003213"/>
        <testcase name="Source path" file="Blade Page Unit (Hyde\Framework\Testing\Unit\Pages\BladePageUnit)::Source path" class="Hyde\Framework\Testing\Unit\Pages\BladePageUnitTest" classname="Hyde.Framework.Testing.Unit.Pages.BladePageUnitTest" assertions="1" time="0.003204"/>
        <testcase name="Output path" file="Blade Page Unit (Hyde\Framework\Testing\Unit\Pages\BladePageUnit)::Output path" class="Hyde\Framework\Testing\Unit\Pages\BladePageUnitTest" classname="Hyde.Framework.Testing.Unit.Pages.BladePageUnitTest" assertions="1" time="0.003242"/>
        <testcase name="Path" file="Blade Page Unit (Hyde\Framework\Testing\Unit\Pages\BladePageUnit)::Path" class="Hyde\Framework\Testing\Unit\Pages\BladePageUnitTest" classname="Hyde.Framework.Testing.Unit.Pages.BladePageUnitTest" assertions="1" time="0.003289"/>
        <testcase name="Get source path" file="Blade Page Unit (Hyde\Framework\Testing\Unit\Pages\BladePageUnit)::Get source path" class="Hyde\Framework\Testing\Unit\Pages\BladePageUnitTest" classname="Hyde.Framework.Testing.Unit.Pages.BladePageUnitTest" assertions="1" time="0.004260"/>
        <testcase name="Get output path" file="Blade Page Unit (Hyde\Framework\Testing\Unit\Pages\BladePageUnit)::Get output path" class="Hyde\Framework\Testing\Unit\Pages\BladePageUnitTest" classname="Hyde.Framework.Testing.Unit.Pages.BladePageUnitTest" assertions="1" time="0.004280"/>
        <testcase name="Get link" file="Blade Page Unit (Hyde\Framework\Testing\Unit\Pages\BladePageUnit)::Get link" class="Hyde\Framework\Testing\Unit\Pages\BladePageUnitTest" classname="Hyde.Framework.Testing.Unit.Pages.BladePageUnitTest" assertions="1" time="0.004458"/>
        <testcase name="Make" file="Blade Page Unit (Hyde\Framework\Testing\Unit\Pages\BladePageUnit)::Make" class="Hyde\Framework\Testing\Unit\Pages\BladePageUnitTest" classname="Hyde.Framework.Testing.Unit.Pages.BladePageUnitTest" assertions="1" time="0.005011"/>
        <testcase name="Make with data" file="Blade Page Unit (Hyde\Framework\Testing\Unit\Pages\BladePageUnit)::Make with data" class="Hyde\Framework\Testing\Unit\Pages\BladePageUnitTest" classname="Hyde.Framework.Testing.Unit.Pages.BladePageUnitTest" assertions="1" time="0.005470"/>
        <testcase name="Show in navigation" file="Blade Page Unit (Hyde\Framework\Testing\Unit\Pages\BladePageUnit)::Show in navigation" class="Hyde\Framework\Testing\Unit\Pages\BladePageUnitTest" classname="Hyde.Framework.Testing.Unit.Pages.BladePageUnitTest" assertions="1" time="0.004083"/>
        <testcase name="Navigation menu priority" file="Blade Page Unit (Hyde\Framework\Testing\Unit\Pages\BladePageUnit)::Navigation menu priority" class="Hyde\Framework\Testing\Unit\Pages\BladePageUnitTest" classname="Hyde.Framework.Testing.Unit.Pages.BladePageUnitTest" assertions="1" time="0.004080"/>
        <testcase name="Navigation menu label" file="Blade Page Unit (Hyde\Framework\Testing\Unit\Pages\BladePageUnit)::Navigation menu label" class="Hyde\Framework\Testing\Unit\Pages\BladePageUnitTest" classname="Hyde.Framework.Testing.Unit.Pages.BladePageUnitTest" assertions="1" time="0.004247"/>
        <testcase name="Navigation menu group" file="Blade Page Unit (Hyde\Framework\Testing\Unit\Pages\BladePageUnit)::Navigation menu group" class="Hyde\Framework\Testing\Unit\Pages\BladePageUnitTest" classname="Hyde.Framework.Testing.Unit.Pages.BladePageUnitTest" assertions="1" time="0.004274"/>
        <testcase name="Get blade view" file="Blade Page Unit (Hyde\Framework\Testing\Unit\Pages\BladePageUnit)::Get blade view" class="Hyde\Framework\Testing\Unit\Pages\BladePageUnitTest" classname="Hyde.Framework.Testing.Unit.Pages.BladePageUnitTest" assertions="1" time="0.004260"/>
        <testcase name="Files" file="Blade Page Unit (Hyde\Framework\Testing\Unit\Pages\BladePageUnit)::Files" class="Hyde\Framework\Testing\Unit\Pages\BladePageUnitTest" classname="Hyde.Framework.Testing.Unit.Pages.BladePageUnitTest" assertions="1" time="0.008711"/>
        <testcase name="Data" file="Blade Page Unit (Hyde\Framework\Testing\Unit\Pages\BladePageUnit)::Data" class="Hyde\Framework\Testing\Unit\Pages\BladePageUnitTest" classname="Hyde.Framework.Testing.Unit.Pages.BladePageUnitTest" assertions="1" time="0.004257"/>
        <testcase name="Get" file="Blade Page Unit (Hyde\Framework\Testing\Unit\Pages\BladePageUnit)::Get" class="Hyde\Framework\Testing\Unit\Pages\BladePageUnitTest" classname="Hyde.Framework.Testing.Unit.Pages.BladePageUnitTest" assertions="1" time="0.010660"/>
        <testcase name="Parse" file="Blade Page Unit (Hyde\Framework\Testing\Unit\Pages\BladePageUnit)::Parse" class="Hyde\Framework\Testing\Unit\Pages\BladePageUnitTest" classname="Hyde.Framework.Testing.Unit.Pages.BladePageUnitTest" assertions="1" time="0.004871"/>
        <testcase name="Get route key" file="Blade Page Unit (Hyde\Framework\Testing\Unit\Pages\BladePageUnit)::Get route key" class="Hyde\Framework\Testing\Unit\Pages\BladePageUnitTest" classname="Hyde.Framework.Testing.Unit.Pages.BladePageUnitTest" assertions="1" time="0.004288"/>
        <testcase name="Title" file="Blade Page Unit (Hyde\Framework\Testing\Unit\Pages\BladePageUnit)::Title" class="Hyde\Framework\Testing\Unit\Pages\BladePageUnitTest" classname="Hyde.Framework.Testing.Unit.Pages.BladePageUnitTest" assertions="1" time="0.004267"/>
        <testcase name="All" file="Blade Page Unit (Hyde\Framework\Testing\Unit\Pages\BladePageUnit)::All" class="Hyde\Framework\Testing\Unit\Pages\BladePageUnitTest" classname="Hyde.Framework.Testing.Unit.Pages.BladePageUnitTest" assertions="1" time="0.008243"/>
        <testcase name="Metadata" file="Blade Page Unit (Hyde\Framework\Testing\Unit\Pages\BladePageUnit)::Metadata" class="Hyde\Framework\Testing\Unit\Pages\BladePageUnitTest" classname="Hyde.Framework.Testing.Unit.Pages.BladePageUnitTest" assertions="1" time="0.004085"/>
        <testcase name="Construct" file="Blade Page Unit (Hyde\Framework\Testing\Unit\Pages\BladePageUnit)::Construct" class="Hyde\Framework\Testing\Unit\Pages\BladePageUnitTest" classname="Hyde.Framework.Testing.Unit.Pages.BladePageUnitTest" assertions="1" time="0.004081"/>
        <testcase name="Get route" file="Blade Page Unit (Hyde\Framework\Testing\Unit\Pages\BladePageUnit)::Get route" class="Hyde\Framework\Testing\Unit\Pages\BladePageUnitTest" classname="Hyde.Framework.Testing.Unit.Pages.BladePageUnitTest" assertions="1" time="0.008556"/>
        <testcase name="Get identifier" file="Blade Page Unit (Hyde\Framework\Testing\Unit\Pages\BladePageUnit)::Get identifier" class="Hyde\Framework\Testing\Unit\Pages\BladePageUnitTest" classname="Hyde.Framework.Testing.Unit.Pages.BladePageUnitTest" assertions="1" time="0.004281"/>
        <testcase name="Has" file="Blade Page Unit (Hyde\Framework\Testing\Unit\Pages\BladePageUnit)::Has" class="Hyde\Framework\Testing\Unit\Pages\BladePageUnitTest" classname="Hyde.Framework.Testing.Unit.Pages.BladePageUnitTest" assertions="1" time="0.004253"/>
        <testcase name="To core data object" file="Blade Page Unit (Hyde\Framework\Testing\Unit\Pages\BladePageUnit)::To core data object" class="Hyde\Framework\Testing\Unit\Pages\BladePageUnitTest" classname="Hyde.Framework.Testing.Unit.Pages.BladePageUnitTest" assertions="1" time="0.004256"/>
        <testcase name="Compile" file="Blade Page Unit (Hyde\Framework\Testing\Unit\Pages\BladePageUnit)::Compile" class="Hyde\Framework\Testing\Unit\Pages\BladePageUnitTest" classname="Hyde.Framework.Testing.Unit.Pages.BladePageUnitTest" assertions="1" time="0.004452"/>
        <testcase name="Matter" file="Blade Page Unit (Hyde\Framework\Testing\Unit\Pages\BladePageUnit)::Matter" class="Hyde\Framework\Testing\Unit\Pages\BladePageUnitTest" classname="Hyde.Framework.Testing.Unit.Pages.BladePageUnitTest" assertions="1" time="0.004312"/>
        <testcase name="Get canonical url" file="Blade Page Unit (Hyde\Framework\Testing\Unit\Pages\BladePageUnit)::Get canonical url" class="Hyde\Framework\Testing\Unit\Pages\BladePageUnitTest" classname="Hyde.Framework.Testing.Unit.Pages.BladePageUnitTest" assertions="4" time="0.005412"/>
      </testsuite>
      <testsuite name="Hyde\Framework\Testing\Unit\Pages\DocumentationPageUnitTest" file="Documentation Page Unit (Hyde\Framework\Testing\Unit\Pages\DocumentationPageUnit)" tests="36" assertions="40" errors="0" failures="0" skipped="0" time="0.217955">
        <testcase name="Source directory" file="Documentation Page Unit (Hyde\Framework\Testing\Unit\Pages\DocumentationPageUnit)::Source directory" class="Hyde\Framework\Testing\Unit\Pages\DocumentationPageUnitTest" classname="Hyde.Framework.Testing.Unit.Pages.DocumentationPageUnitTest" assertions="1" time="0.041719"/>
        <testcase name="Output directory" file="Documentation Page Unit (Hyde\Framework\Testing\Unit\Pages\DocumentationPageUnit)::Output directory" class="Hyde\Framework\Testing\Unit\Pages\DocumentationPageUnitTest" classname="Hyde.Framework.Testing.Unit.Pages.DocumentationPageUnitTest" assertions="1" time="0.003198"/>
        <testcase name="Base route key" file="Documentation Page Unit (Hyde\Framework\Testing\Unit\Pages\DocumentationPageUnit)::Base route key" class="Hyde\Framework\Testing\Unit\Pages\DocumentationPageUnitTest" classname="Hyde.Framework.Testing.Unit.Pages.DocumentationPageUnitTest" assertions="1" time="0.003187"/>
        <testcase name="File extension" file="Documentation Page Unit (Hyde\Framework\Testing\Unit\Pages\DocumentationPageUnit)::File extension" class="Hyde\Framework\Testing\Unit\Pages\DocumentationPageUnitTest" classname="Hyde.Framework.Testing.Unit.Pages.DocumentationPageUnitTest" assertions="1" time="0.003159"/>
        <testcase name="Source path" file="Documentation Page Unit (Hyde\Framework\Testing\Unit\Pages\DocumentationPageUnit)::Source path" class="Hyde\Framework\Testing\Unit\Pages\DocumentationPageUnitTest" classname="Hyde.Framework.Testing.Unit.Pages.DocumentationPageUnitTest" assertions="1" time="0.003196"/>
        <testcase name="Output path" file="Documentation Page Unit (Hyde\Framework\Testing\Unit\Pages\DocumentationPageUnit)::Output path" class="Hyde\Framework\Testing\Unit\Pages\DocumentationPageUnitTest" classname="Hyde.Framework.Testing.Unit.Pages.DocumentationPageUnitTest" assertions="1" time="0.003219"/>
        <testcase name="Path" file="Documentation Page Unit (Hyde\Framework\Testing\Unit\Pages\DocumentationPageUnit)::Path" class="Hyde\Framework\Testing\Unit\Pages\DocumentationPageUnitTest" classname="Hyde.Framework.Testing.Unit.Pages.DocumentationPageUnitTest" assertions="1" time="0.003319"/>
        <testcase name="Get source path" file="Documentation Page Unit (Hyde\Framework\Testing\Unit\Pages\DocumentationPageUnit)::Get source path" class="Hyde\Framework\Testing\Unit\Pages\DocumentationPageUnitTest" classname="Hyde.Framework.Testing.Unit.Pages.DocumentationPageUnitTest" assertions="1" time="0.004423"/>
        <testcase name="Get output path" file="Documentation Page Unit (Hyde\Framework\Testing\Unit\Pages\DocumentationPageUnit)::Get output path" class="Hyde\Framework\Testing\Unit\Pages\DocumentationPageUnitTest" classname="Hyde.Framework.Testing.Unit.Pages.DocumentationPageUnitTest" assertions="1" time="0.004353"/>
        <testcase name="Get link" file="Documentation Page Unit (Hyde\Framework\Testing\Unit\Pages\DocumentationPageUnit)::Get link" class="Hyde\Framework\Testing\Unit\Pages\DocumentationPageUnitTest" classname="Hyde.Framework.Testing.Unit.Pages.DocumentationPageUnitTest" assertions="1" time="0.004383"/>
        <testcase name="Make" file="Documentation Page Unit (Hyde\Framework\Testing\Unit\Pages\DocumentationPageUnit)::Make" class="Hyde\Framework\Testing\Unit\Pages\DocumentationPageUnitTest" classname="Hyde.Framework.Testing.Unit.Pages.DocumentationPageUnitTest" assertions="1" time="0.005149"/>
        <testcase name="Make with data" file="Documentation Page Unit (Hyde\Framework\Testing\Unit\Pages\DocumentationPageUnit)::Make with data" class="Hyde\Framework\Testing\Unit\Pages\DocumentationPageUnitTest" classname="Hyde.Framework.Testing.Unit.Pages.DocumentationPageUnitTest" assertions="1" time="0.005616"/>
        <testcase name="Show in navigation" file="Documentation Page Unit (Hyde\Framework\Testing\Unit\Pages\DocumentationPageUnit)::Show in navigation" class="Hyde\Framework\Testing\Unit\Pages\DocumentationPageUnitTest" classname="Hyde.Framework.Testing.Unit.Pages.DocumentationPageUnitTest" assertions="1" time="0.004331"/>
        <testcase name="Navigation menu priority" file="Documentation Page Unit (Hyde\Framework\Testing\Unit\Pages\DocumentationPageUnit)::Navigation menu priority" class="Hyde\Framework\Testing\Unit\Pages\DocumentationPageUnitTest" classname="Hyde.Framework.Testing.Unit.Pages.DocumentationPageUnitTest" assertions="1" time="0.004395"/>
        <testcase name="Navigation menu label" file="Documentation Page Unit (Hyde\Framework\Testing\Unit\Pages\DocumentationPageUnit)::Navigation menu label" class="Hyde\Framework\Testing\Unit\Pages\DocumentationPageUnitTest" classname="Hyde.Framework.Testing.Unit.Pages.DocumentationPageUnitTest" assertions="1" time="0.004632"/>
        <testcase name="Navigation menu group" file="Documentation Page Unit (Hyde\Framework\Testing\Unit\Pages\DocumentationPageUnit)::Navigation menu group" class="Hyde\Framework\Testing\Unit\Pages\DocumentationPageUnitTest" classname="Hyde.Framework.Testing.Unit.Pages.DocumentationPageUnitTest" assertions="1" time="0.004923"/>
        <testcase name="Navigation menu group with data" file="Documentation Page Unit (Hyde\Framework\Testing\Unit\Pages\DocumentationPageUnit)::Navigation menu group with data" class="Hyde\Framework\Testing\Unit\Pages\DocumentationPageUnitTest" classname="Hyde.Framework.Testing.Unit.Pages.DocumentationPageUnitTest" assertions="1" time="0.004269"/>
        <testcase name="Get blade view" file="Documentation Page Unit (Hyde\Framework\Testing\Unit\Pages\DocumentationPageUnit)::Get blade view" class="Hyde\Framework\Testing\Unit\Pages\DocumentationPageUnitTest" classname="Hyde.Framework.Testing.Unit.Pages.DocumentationPageUnitTest" assertions="1" time="0.004365"/>
        <testcase name="Files" file="Documentation Page Unit (Hyde\Framework\Testing\Unit\Pages\DocumentationPageUnit)::Files" class="Hyde\Framework\Testing\Unit\Pages\DocumentationPageUnitTest" classname="Hyde.Framework.Testing.Unit.Pages.DocumentationPageUnitTest" assertions="1" time="0.008623"/>
        <testcase name="Data" file="Documentation Page Unit (Hyde\Framework\Testing\Unit\Pages\DocumentationPageUnit)::Data" class="Hyde\Framework\Testing\Unit\Pages\DocumentationPageUnitTest" classname="Hyde.Framework.Testing.Unit.Pages.DocumentationPageUnitTest" assertions="1" time="0.004366"/>
        <testcase name="Get" file="Documentation Page Unit (Hyde\Framework\Testing\Unit\Pages\DocumentationPageUnit)::Get" class="Hyde\Framework\Testing\Unit\Pages\DocumentationPageUnitTest" classname="Hyde.Framework.Testing.Unit.Pages.DocumentationPageUnitTest" assertions="1" time="0.010956"/>
        <testcase name="Parse" file="Documentation Page Unit (Hyde\Framework\Testing\Unit\Pages\DocumentationPageUnit)::Parse" class="Hyde\Framework\Testing\Unit\Pages\DocumentationPageUnitTest" classname="Hyde.Framework.Testing.Unit.Pages.DocumentationPageUnitTest" assertions="1" time="0.005340"/>
        <testcase name="Get route key" file="Documentation Page Unit (Hyde\Framework\Testing\Unit\Pages\DocumentationPageUnit)::Get route key" class="Hyde\Framework\Testing\Unit\Pages\DocumentationPageUnitTest" classname="Hyde.Framework.Testing.Unit.Pages.DocumentationPageUnitTest" assertions="1" time="0.004399"/>
        <testcase name="Title" file="Documentation Page Unit (Hyde\Framework\Testing\Unit\Pages\DocumentationPageUnit)::Title" class="Hyde\Framework\Testing\Unit\Pages\DocumentationPageUnitTest" classname="Hyde.Framework.Testing.Unit.Pages.DocumentationPageUnitTest" assertions="1" time="0.004344"/>
        <testcase name="All" file="Documentation Page Unit (Hyde\Framework\Testing\Unit\Pages\DocumentationPageUnit)::All" class="Hyde\Framework\Testing\Unit\Pages\DocumentationPageUnitTest" classname="Hyde.Framework.Testing.Unit.Pages.DocumentationPageUnitTest" assertions="1" time="0.008368"/>
        <testcase name="Metadata" file="Documentation Page Unit (Hyde\Framework\Testing\Unit\Pages\DocumentationPageUnit)::Metadata" class="Hyde\Framework\Testing\Unit\Pages\DocumentationPageUnitTest" classname="Hyde.Framework.Testing.Unit.Pages.DocumentationPageUnitTest" assertions="1" time="0.004112"/>
        <testcase name="Construct" file="Documentation Page Unit (Hyde\Framework\Testing\Unit\Pages\DocumentationPageUnit)::Construct" class="Hyde\Framework\Testing\Unit\Pages\DocumentationPageUnitTest" classname="Hyde.Framework.Testing.Unit.Pages.DocumentationPageUnitTest" assertions="1" time="0.004088"/>
        <testcase name="Get route" file="Documentation Page Unit (Hyde\Framework\Testing\Unit\Pages\DocumentationPageUnit)::Get route" class="Hyde\Framework\Testing\Unit\Pages\DocumentationPageUnitTest" classname="Hyde.Framework.Testing.Unit.Pages.DocumentationPageUnitTest" assertions="1" time="0.008636"/>
        <testcase name="Get identifier" file="Documentation Page Unit (Hyde\Framework\Testing\Unit\Pages\DocumentationPageUnit)::Get identifier" class="Hyde\Framework\Testing\Unit\Pages\DocumentationPageUnitTest" classname="Hyde.Framework.Testing.Unit.Pages.DocumentationPageUnitTest" assertions="1" time="0.004340"/>
        <testcase name="Has" file="Documentation Page Unit (Hyde\Framework\Testing\Unit\Pages\DocumentationPageUnit)::Has" class="Hyde\Framework\Testing\Unit\Pages\DocumentationPageUnitTest" classname="Hyde.Framework.Testing.Unit.Pages.DocumentationPageUnitTest" assertions="1" time="0.004322"/>
        <testcase name="To core data object" file="Documentation Page Unit (Hyde\Framework\Testing\Unit\Pages\DocumentationPageUnit)::To core data object" class="Hyde\Framework\Testing\Unit\Pages\DocumentationPageUnitTest" classname="Hyde.Framework.Testing.Unit.Pages.DocumentationPageUnitTest" assertions="1" time="0.004396"/>
        <testcase name="Compile" file="Documentation Page Unit (Hyde\Framework\Testing\Unit\Pages\DocumentationPageUnit)::Compile" class="Hyde\Framework\Testing\Unit\Pages\DocumentationPageUnitTest" classname="Hyde.Framework.Testing.Unit.Pages.DocumentationPageUnitTest" assertions="1" time="0.010748"/>
        <testcase name="Matter" file="Documentation Page Unit (Hyde\Framework\Testing\Unit\Pages\DocumentationPageUnit)::Matter" class="Hyde\Framework\Testing\Unit\Pages\DocumentationPageUnitTest" classname="Hyde.Framework.Testing.Unit.Pages.DocumentationPageUnitTest" assertions="1" time="0.004278"/>
        <testcase name="Markdown" file="Documentation Page Unit (Hyde\Framework\Testing\Unit\Pages\DocumentationPageUnit)::Markdown" class="Hyde\Framework\Testing\Unit\Pages\DocumentationPageUnitTest" classname="Hyde.Framework.Testing.Unit.Pages.DocumentationPageUnitTest" assertions="1" time="0.004259"/>
        <testcase name="Save" file="Documentation Page Unit (Hyde\Framework\Testing\Unit\Pages\DocumentationPageUnit)::Save" class="Hyde\Framework\Testing\Unit\Pages\DocumentationPageUnitTest" classname="Hyde.Framework.Testing.Unit.Pages.DocumentationPageUnitTest" assertions="2" time="0.005089"/>
        <testcase name="Get canonical url" file="Documentation Page Unit (Hyde\Framework\Testing\Unit\Pages\DocumentationPageUnit)::Get canonical url" class="Hyde\Framework\Testing\Unit\Pages\DocumentationPageUnitTest" classname="Hyde.Framework.Testing.Unit.Pages.DocumentationPageUnitTest" assertions="4" time="0.005453"/>
      </testsuite>
      <testsuite name="Hyde\Framework\Testing\Unit\Pages\HtmlPageTest" file="Html Page (Hyde\Framework\Testing\Unit\Pages\HtmlPage)" tests="2" assertions="3" errors="0" failures="0" skipped="0" time="0.089984">
        <testcase name="Html page can be compiled" file="Html Page (Hyde\Framework\Testing\Unit\Pages\HtmlPage)::Html page can be compiled" class="Hyde\Framework\Testing\Unit\Pages\HtmlPageTest" classname="Hyde.Framework.Testing.Unit.Pages.HtmlPageTest" assertions="2" time="0.065495"/>
        <testcase name="Compile method uses contents" file="Html Page (Hyde\Framework\Testing\Unit\Pages\HtmlPage)::Compile method uses contents" class="Hyde\Framework\Testing\Unit\Pages\HtmlPageTest" classname="Hyde.Framework.Testing.Unit.Pages.HtmlPageTest" assertions="1" time="0.024489"/>
      </testsuite>
      <testsuite name="Hyde\Framework\Testing\Unit\Pages\HtmlPageUnitTest" file="Html Page Unit (Hyde\Framework\Testing\Unit\Pages\HtmlPageUnit)" tests="33" assertions="36" errors="0" failures="0" skipped="0" time="0.165101">
        <testcase name="Source directory" file="Html Page Unit (Hyde\Framework\Testing\Unit\Pages\HtmlPageUnit)::Source directory" class="Hyde\Framework\Testing\Unit\Pages\HtmlPageUnitTest" classname="Hyde.Framework.Testing.Unit.Pages.HtmlPageUnitTest" assertions="1" time="0.006780"/>
        <testcase name="Output directory" file="Html Page Unit (Hyde\Framework\Testing\Unit\Pages\HtmlPageUnit)::Output directory" class="Hyde\Framework\Testing\Unit\Pages\HtmlPageUnitTest" classname="Hyde.Framework.Testing.Unit.Pages.HtmlPageUnitTest" assertions="1" time="0.003189"/>
        <testcase name="Base route key" file="Html Page Unit (Hyde\Framework\Testing\Unit\Pages\HtmlPageUnit)::Base route key" class="Hyde\Framework\Testing\Unit\Pages\HtmlPageUnitTest" classname="Hyde.Framework.Testing.Unit.Pages.HtmlPageUnitTest" assertions="1" time="0.003221"/>
        <testcase name="File extension" file="Html Page Unit (Hyde\Framework\Testing\Unit\Pages\HtmlPageUnit)::File extension" class="Hyde\Framework\Testing\Unit\Pages\HtmlPageUnitTest" classname="Hyde.Framework.Testing.Unit.Pages.HtmlPageUnitTest" assertions="1" time="0.003477"/>
        <testcase name="Source path" file="Html Page Unit (Hyde\Framework\Testing\Unit\Pages\HtmlPageUnit)::Source path" class="Hyde\Framework\Testing\Unit\Pages\HtmlPageUnitTest" classname="Hyde.Framework.Testing.Unit.Pages.HtmlPageUnitTest" assertions="1" time="0.003237"/>
        <testcase name="Output path" file="Html Page Unit (Hyde\Framework\Testing\Unit\Pages\HtmlPageUnit)::Output path" class="Hyde\Framework\Testing\Unit\Pages\HtmlPageUnitTest" classname="Hyde.Framework.Testing.Unit.Pages.HtmlPageUnitTest" assertions="1" time="0.003241"/>
        <testcase name="Path" file="Html Page Unit (Hyde\Framework\Testing\Unit\Pages\HtmlPageUnit)::Path" class="Hyde\Framework\Testing\Unit\Pages\HtmlPageUnitTest" classname="Hyde.Framework.Testing.Unit.Pages.HtmlPageUnitTest" assertions="1" time="0.003318"/>
        <testcase name="Get source path" file="Html Page Unit (Hyde\Framework\Testing\Unit\Pages\HtmlPageUnit)::Get source path" class="Hyde\Framework\Testing\Unit\Pages\HtmlPageUnitTest" classname="Hyde.Framework.Testing.Unit.Pages.HtmlPageUnitTest" assertions="1" time="0.004300"/>
        <testcase name="Get output path" file="Html Page Unit (Hyde\Framework\Testing\Unit\Pages\HtmlPageUnit)::Get output path" class="Hyde\Framework\Testing\Unit\Pages\HtmlPageUnitTest" classname="Hyde.Framework.Testing.Unit.Pages.HtmlPageUnitTest" assertions="1" time="0.004272"/>
        <testcase name="Get link" file="Html Page Unit (Hyde\Framework\Testing\Unit\Pages\HtmlPageUnit)::Get link" class="Hyde\Framework\Testing\Unit\Pages\HtmlPageUnitTest" classname="Hyde.Framework.Testing.Unit.Pages.HtmlPageUnitTest" assertions="1" time="0.004288"/>
        <testcase name="Make" file="Html Page Unit (Hyde\Framework\Testing\Unit\Pages\HtmlPageUnit)::Make" class="Hyde\Framework\Testing\Unit\Pages\HtmlPageUnitTest" classname="Hyde.Framework.Testing.Unit.Pages.HtmlPageUnitTest" assertions="1" time="0.004940"/>
        <testcase name="Make with data" file="Html Page Unit (Hyde\Framework\Testing\Unit\Pages\HtmlPageUnit)::Make with data" class="Hyde\Framework\Testing\Unit\Pages\HtmlPageUnitTest" classname="Hyde.Framework.Testing.Unit.Pages.HtmlPageUnitTest" assertions="1" time="0.005407"/>
        <testcase name="Show in navigation" file="Html Page Unit (Hyde\Framework\Testing\Unit\Pages\HtmlPageUnit)::Show in navigation" class="Hyde\Framework\Testing\Unit\Pages\HtmlPageUnitTest" classname="Hyde.Framework.Testing.Unit.Pages.HtmlPageUnitTest" assertions="1" time="0.004087"/>
        <testcase name="Navigation menu priority" file="Html Page Unit (Hyde\Framework\Testing\Unit\Pages\HtmlPageUnit)::Navigation menu priority" class="Hyde\Framework\Testing\Unit\Pages\HtmlPageUnitTest" classname="Hyde.Framework.Testing.Unit.Pages.HtmlPageUnitTest" assertions="1" time="0.004105"/>
        <testcase name="Navigation menu label" file="Html Page Unit (Hyde\Framework\Testing\Unit\Pages\HtmlPageUnit)::Navigation menu label" class="Hyde\Framework\Testing\Unit\Pages\HtmlPageUnitTest" classname="Hyde.Framework.Testing.Unit.Pages.HtmlPageUnitTest" assertions="1" time="0.004279"/>
        <testcase name="Navigation menu group" file="Html Page Unit (Hyde\Framework\Testing\Unit\Pages\HtmlPageUnit)::Navigation menu group" class="Hyde\Framework\Testing\Unit\Pages\HtmlPageUnitTest" classname="Hyde.Framework.Testing.Unit.Pages.HtmlPageUnitTest" assertions="1" time="0.004248"/>
        <testcase name="Get blade view" file="Html Page Unit (Hyde\Framework\Testing\Unit\Pages\HtmlPageUnit)::Get blade view" class="Hyde\Framework\Testing\Unit\Pages\HtmlPageUnitTest" classname="Hyde.Framework.Testing.Unit.Pages.HtmlPageUnitTest" assertions="1" time="0.004293"/>
        <testcase name="Files" file="Html Page Unit (Hyde\Framework\Testing\Unit\Pages\HtmlPageUnit)::Files" class="Hyde\Framework\Testing\Unit\Pages\HtmlPageUnitTest" classname="Hyde.Framework.Testing.Unit.Pages.HtmlPageUnitTest" assertions="1" time="0.008707"/>
        <testcase name="Data" file="Html Page Unit (Hyde\Framework\Testing\Unit\Pages\HtmlPageUnit)::Data" class="Hyde\Framework\Testing\Unit\Pages\HtmlPageUnitTest" classname="Hyde.Framework.Testing.Unit.Pages.HtmlPageUnitTest" assertions="1" time="0.004305"/>
        <testcase name="Get" file="Html Page Unit (Hyde\Framework\Testing\Unit\Pages\HtmlPageUnit)::Get" class="Hyde\Framework\Testing\Unit\Pages\HtmlPageUnitTest" classname="Hyde.Framework.Testing.Unit.Pages.HtmlPageUnitTest" assertions="1" time="0.010621"/>
        <testcase name="Parse" file="Html Page Unit (Hyde\Framework\Testing\Unit\Pages\HtmlPageUnit)::Parse" class="Hyde\Framework\Testing\Unit\Pages\HtmlPageUnitTest" classname="Hyde.Framework.Testing.Unit.Pages.HtmlPageUnitTest" assertions="1" time="0.004998"/>
        <testcase name="Get route key" file="Html Page Unit (Hyde\Framework\Testing\Unit\Pages\HtmlPageUnit)::Get route key" class="Hyde\Framework\Testing\Unit\Pages\HtmlPageUnitTest" classname="Hyde.Framework.Testing.Unit.Pages.HtmlPageUnitTest" assertions="1" time="0.004321"/>
        <testcase name="Title" file="Html Page Unit (Hyde\Framework\Testing\Unit\Pages\HtmlPageUnit)::Title" class="Hyde\Framework\Testing\Unit\Pages\HtmlPageUnitTest" classname="Hyde.Framework.Testing.Unit.Pages.HtmlPageUnitTest" assertions="1" time="0.004278"/>
        <testcase name="All" file="Html Page Unit (Hyde\Framework\Testing\Unit\Pages\HtmlPageUnit)::All" class="Hyde\Framework\Testing\Unit\Pages\HtmlPageUnitTest" classname="Hyde.Framework.Testing.Unit.Pages.HtmlPageUnitTest" assertions="1" time="0.008333"/>
        <testcase name="Metadata" file="Html Page Unit (Hyde\Framework\Testing\Unit\Pages\HtmlPageUnit)::Metadata" class="Hyde\Framework\Testing\Unit\Pages\HtmlPageUnitTest" classname="Hyde.Framework.Testing.Unit.Pages.HtmlPageUnitTest" assertions="1" time="0.004046"/>
        <testcase name="Construct" file="Html Page Unit (Hyde\Framework\Testing\Unit\Pages\HtmlPageUnit)::Construct" class="Hyde\Framework\Testing\Unit\Pages\HtmlPageUnitTest" classname="Hyde.Framework.Testing.Unit.Pages.HtmlPageUnitTest" assertions="1" time="0.004027"/>
        <testcase name="Get route" file="Html Page Unit (Hyde\Framework\Testing\Unit\Pages\HtmlPageUnit)::Get route" class="Hyde\Framework\Testing\Unit\Pages\HtmlPageUnitTest" classname="Hyde.Framework.Testing.Unit.Pages.HtmlPageUnitTest" assertions="1" time="0.008634"/>
        <testcase name="Get identifier" file="Html Page Unit (Hyde\Framework\Testing\Unit\Pages\HtmlPageUnit)::Get identifier" class="Hyde\Framework\Testing\Unit\Pages\HtmlPageUnitTest" classname="Hyde.Framework.Testing.Unit.Pages.HtmlPageUnitTest" assertions="1" time="0.004248"/>
        <testcase name="Has" file="Html Page Unit (Hyde\Framework\Testing\Unit\Pages\HtmlPageUnit)::Has" class="Hyde\Framework\Testing\Unit\Pages\HtmlPageUnitTest" classname="Hyde.Framework.Testing.Unit.Pages.HtmlPageUnitTest" assertions="1" time="0.004224"/>
        <testcase name="To core data object" file="Html Page Unit (Hyde\Framework\Testing\Unit\Pages\HtmlPageUnit)::To core data object" class="Hyde\Framework\Testing\Unit\Pages\HtmlPageUnitTest" classname="Hyde.Framework.Testing.Unit.Pages.HtmlPageUnitTest" assertions="1" time="0.004225"/>
        <testcase name="Compile" file="Html Page Unit (Hyde\Framework\Testing\Unit\Pages\HtmlPageUnit)::Compile" class="Hyde\Framework\Testing\Unit\Pages\HtmlPageUnitTest" classname="Hyde.Framework.Testing.Unit.Pages.HtmlPageUnitTest" assertions="1" time="0.009917"/>
        <testcase name="Matter" file="Html Page Unit (Hyde\Framework\Testing\Unit\Pages\HtmlPageUnit)::Matter" class="Hyde\Framework\Testing\Unit\Pages\HtmlPageUnitTest" classname="Hyde.Framework.Testing.Unit.Pages.HtmlPageUnitTest" assertions="1" time="0.004235"/>
        <testcase name="Get canonical url" file="Html Page Unit (Hyde\Framework\Testing\Unit\Pages\HtmlPageUnit)::Get canonical url" class="Hyde\Framework\Testing\Unit\Pages\HtmlPageUnitTest" classname="Hyde.Framework.Testing.Unit.Pages.HtmlPageUnitTest" assertions="4" time="0.005304"/>
      </testsuite>
      <testsuite name="Hyde\Framework\Testing\Unit\Pages\InMemoryPageTest" file="In Memory Page (Hyde\Framework\Testing\Unit\Pages\InMemoryPage)" tests="16" assertions="19" errors="0" failures="0" skipped="0" time="0.415721">
        <testcase name="Construct with contents string" file="In Memory Page (Hyde\Framework\Testing\Unit\Pages\InMemoryPage)::Construct with contents string" class="Hyde\Framework\Testing\Unit\Pages\InMemoryPageTest" classname="Hyde.Framework.Testing.Unit.Pages.InMemoryPageTest" assertions="1" time="0.064750"/>
        <testcase name="Make with contents string" file="In Memory Page (Hyde\Framework\Testing\Unit\Pages\InMemoryPage)::Make with contents string" class="Hyde\Framework\Testing\Unit\Pages\InMemoryPageTest" classname="Hyde.Framework.Testing.Unit.Pages.InMemoryPageTest" assertions="2" time="0.025084"/>
        <testcase name="Contents method" file="In Memory Page (Hyde\Framework\Testing\Unit\Pages\InMemoryPage)::Contents method" class="Hyde\Framework\Testing\Unit\Pages\InMemoryPageTest" classname="Hyde.Framework.Testing.Unit.Pages.InMemoryPageTest" assertions="1" time="0.022523"/>
        <testcase name="View method" file="In Memory Page (Hyde\Framework\Testing\Unit\Pages\InMemoryPage)::View method" class="Hyde\Framework\Testing\Unit\Pages\InMemoryPageTest" classname="Hyde.Framework.Testing.Unit.Pages.InMemoryPageTest" assertions="1" time="0.022737"/>
        <testcase name="Compile method uses contents property" file="In Memory Page (Hyde\Framework\Testing\Unit\Pages\InMemoryPage)::Compile method uses contents property" class="Hyde\Framework\Testing\Unit\Pages\InMemoryPageTest" classname="Hyde.Framework.Testing.Unit.Pages.InMemoryPageTest" assertions="1" time="0.022578"/>
        <testcase name="Compile method uses view property" file="In Memory Page (Hyde\Framework\Testing\Unit\Pages\InMemoryPage)::Compile method uses view property" class="Hyde\Framework\Testing\Unit\Pages\InMemoryPageTest" classname="Hyde.Framework.Testing.Unit.Pages.InMemoryPageTest" assertions="1" time="0.023749"/>
        <testcase name="Compile method using view compile and front matter" file="In Memory Page (Hyde\Framework\Testing\Unit\Pages\InMemoryPage)::Compile method using view compile and front matter" class="Hyde\Framework\Testing\Unit\Pages\InMemoryPageTest" classname="Hyde.Framework.Testing.Unit.Pages.InMemoryPageTest" assertions="1" time="0.024202"/>
        <testcase name="Compile method prefers contents property over view" file="In Memory Page (Hyde\Framework\Testing\Unit\Pages\InMemoryPage)::Compile method prefers contents property over view" class="Hyde\Framework\Testing\Unit\Pages\InMemoryPageTest" classname="Hyde.Framework.Testing.Unit.Pages.InMemoryPageTest" assertions="1" time="0.023927"/>
        <testcase name="Compile method can compile anonymous view files" file="In Memory Page (Hyde\Framework\Testing\Unit\Pages\InMemoryPage)::Compile method can compile anonymous view files" class="Hyde\Framework\Testing\Unit\Pages\InMemoryPageTest" classname="Hyde.Framework.Testing.Unit.Pages.InMemoryPageTest" assertions="1" time="0.024694"/>
        <testcase name="Compile method can compile anonymous view files with front matter" file="In Memory Page (Hyde\Framework\Testing\Unit\Pages\InMemoryPage)::Compile method can compile anonymous view files with front matter" class="Hyde\Framework\Testing\Unit\Pages\InMemoryPageTest" classname="Hyde.Framework.Testing.Unit.Pages.InMemoryPageTest" assertions="1" time="0.024521"/>
        <testcase name="Can create instance macros" file="In Memory Page (Hyde\Framework\Testing\Unit\Pages\InMemoryPage)::Can create instance macros" class="Hyde\Framework\Testing\Unit\Pages\InMemoryPageTest" classname="Hyde.Framework.Testing.Unit.Pages.InMemoryPageTest" assertions="1" time="0.022766"/>
        <testcase name="Can create instance macros using callable object" file="In Memory Page (Hyde\Framework\Testing\Unit\Pages\InMemoryPage)::Can create instance macros using callable object" class="Hyde\Framework\Testing\Unit\Pages\InMemoryPageTest" classname="Hyde.Framework.Testing.Unit.Pages.InMemoryPageTest" assertions="1" time="0.022759"/>
        <testcase name="Calling macro with arguments" file="In Memory Page (Hyde\Framework\Testing\Unit\Pages\InMemoryPage)::Calling macro with arguments" class="Hyde\Framework\Testing\Unit\Pages\InMemoryPageTest" classname="Hyde.Framework.Testing.Unit.Pages.InMemoryPageTest" assertions="1" time="0.023153"/>
        <testcase name="Can use macros to overload class compile method" file="In Memory Page (Hyde\Framework\Testing\Unit\Pages\InMemoryPage)::Can use macros to overload class compile method" class="Hyde\Framework\Testing\Unit\Pages\InMemoryPageTest" classname="Hyde.Framework.Testing.Unit.Pages.InMemoryPageTest" assertions="1" time="0.022517"/>
        <testcase name="Calling undefined macro" file="In Memory Page (Hyde\Framework\Testing\Unit\Pages\InMemoryPage)::Calling undefined macro" class="Hyde\Framework\Testing\Unit\Pages\InMemoryPageTest" classname="Hyde.Framework.Testing.Unit.Pages.InMemoryPageTest" assertions="2" time="0.022634"/>
        <testcase name="Has macro" file="In Memory Page (Hyde\Framework\Testing\Unit\Pages\InMemoryPage)::Has macro" class="Hyde\Framework\Testing\Unit\Pages\InMemoryPageTest" classname="Hyde.Framework.Testing.Unit.Pages.InMemoryPageTest" assertions="2" time="0.023127"/>
      </testsuite>
      <testsuite name="Hyde\Framework\Testing\Unit\Pages\InMemoryPageUnitTest" file="In Memory Page Unit (Hyde\Framework\Testing\Unit\Pages\InMemoryPageUnit)" tests="33" assertions="36" errors="0" failures="0" skipped="0" time="0.185195">
        <testcase name="Source directory" file="In Memory Page Unit (Hyde\Framework\Testing\Unit\Pages\InMemoryPageUnit)::Source directory" class="Hyde\Framework\Testing\Unit\Pages\InMemoryPageUnitTest" classname="Hyde.Framework.Testing.Unit.Pages.InMemoryPageUnitTest" assertions="1" time="0.025061"/>
        <testcase name="Output directory" file="In Memory Page Unit (Hyde\Framework\Testing\Unit\Pages\InMemoryPageUnit)::Output directory" class="Hyde\Framework\Testing\Unit\Pages\InMemoryPageUnitTest" classname="Hyde.Framework.Testing.Unit.Pages.InMemoryPageUnitTest" assertions="1" time="0.003208"/>
        <testcase name="Base route key" file="In Memory Page Unit (Hyde\Framework\Testing\Unit\Pages\InMemoryPageUnit)::Base route key" class="Hyde\Framework\Testing\Unit\Pages\InMemoryPageUnitTest" classname="Hyde.Framework.Testing.Unit.Pages.InMemoryPageUnitTest" assertions="1" time="0.003198"/>
        <testcase name="File extension" file="In Memory Page Unit (Hyde\Framework\Testing\Unit\Pages\InMemoryPageUnit)::File extension" class="Hyde\Framework\Testing\Unit\Pages\InMemoryPageUnitTest" classname="Hyde.Framework.Testing.Unit.Pages.InMemoryPageUnitTest" assertions="1" time="0.003209"/>
        <testcase name="Source path" file="In Memory Page Unit (Hyde\Framework\Testing\Unit\Pages\InMemoryPageUnit)::Source path" class="Hyde\Framework\Testing\Unit\Pages\InMemoryPageUnitTest" classname="Hyde.Framework.Testing.Unit.Pages.InMemoryPageUnitTest" assertions="1" time="0.003268"/>
        <testcase name="Output path" file="In Memory Page Unit (Hyde\Framework\Testing\Unit\Pages\InMemoryPageUnit)::Output path" class="Hyde\Framework\Testing\Unit\Pages\InMemoryPageUnitTest" classname="Hyde.Framework.Testing.Unit.Pages.InMemoryPageUnitTest" assertions="1" time="0.003272"/>
        <testcase name="Path" file="In Memory Page Unit (Hyde\Framework\Testing\Unit\Pages\InMemoryPageUnit)::Path" class="Hyde\Framework\Testing\Unit\Pages\InMemoryPageUnitTest" classname="Hyde.Framework.Testing.Unit.Pages.InMemoryPageUnitTest" assertions="1" time="0.003359"/>
        <testcase name="Get source path" file="In Memory Page Unit (Hyde\Framework\Testing\Unit\Pages\InMemoryPageUnit)::Get source path" class="Hyde\Framework\Testing\Unit\Pages\InMemoryPageUnitTest" classname="Hyde.Framework.Testing.Unit.Pages.InMemoryPageUnitTest" assertions="1" time="0.004486"/>
        <testcase name="Get output path" file="In Memory Page Unit (Hyde\Framework\Testing\Unit\Pages\InMemoryPageUnit)::Get output path" class="Hyde\Framework\Testing\Unit\Pages\InMemoryPageUnitTest" classname="Hyde.Framework.Testing.Unit.Pages.InMemoryPageUnitTest" assertions="1" time="0.004393"/>
        <testcase name="Get link" file="In Memory Page Unit (Hyde\Framework\Testing\Unit\Pages\InMemoryPageUnit)::Get link" class="Hyde\Framework\Testing\Unit\Pages\InMemoryPageUnitTest" classname="Hyde.Framework.Testing.Unit.Pages.InMemoryPageUnitTest" assertions="1" time="0.004377"/>
        <testcase name="Make" file="In Memory Page Unit (Hyde\Framework\Testing\Unit\Pages\InMemoryPageUnit)::Make" class="Hyde\Framework\Testing\Unit\Pages\InMemoryPageUnitTest" classname="Hyde.Framework.Testing.Unit.Pages.InMemoryPageUnitTest" assertions="1" time="0.005587"/>
        <testcase name="Make with data" file="In Memory Page Unit (Hyde\Framework\Testing\Unit\Pages\InMemoryPageUnit)::Make with data" class="Hyde\Framework\Testing\Unit\Pages\InMemoryPageUnitTest" classname="Hyde.Framework.Testing.Unit.Pages.InMemoryPageUnitTest" assertions="1" time="0.005634"/>
        <testcase name="Show in navigation" file="In Memory Page Unit (Hyde\Framework\Testing\Unit\Pages\InMemoryPageUnit)::Show in navigation" class="Hyde\Framework\Testing\Unit\Pages\InMemoryPageUnitTest" classname="Hyde.Framework.Testing.Unit.Pages.InMemoryPageUnitTest" assertions="1" time="0.004338"/>
        <testcase name="Navigation menu priority" file="In Memory Page Unit (Hyde\Framework\Testing\Unit\Pages\InMemoryPageUnit)::Navigation menu priority" class="Hyde\Framework\Testing\Unit\Pages\InMemoryPageUnitTest" classname="Hyde.Framework.Testing.Unit.Pages.InMemoryPageUnitTest" assertions="1" time="0.004393"/>
        <testcase name="Navigation menu label" file="In Memory Page Unit (Hyde\Framework\Testing\Unit\Pages\InMemoryPageUnit)::Navigation menu label" class="Hyde\Framework\Testing\Unit\Pages\InMemoryPageUnitTest" classname="Hyde.Framework.Testing.Unit.Pages.InMemoryPageUnitTest" assertions="1" time="0.004342"/>
        <testcase name="Navigation menu group" file="In Memory Page Unit (Hyde\Framework\Testing\Unit\Pages\InMemoryPageUnit)::Navigation menu group" class="Hyde\Framework\Testing\Unit\Pages\InMemoryPageUnitTest" classname="Hyde.Framework.Testing.Unit.Pages.InMemoryPageUnitTest" assertions="1" time="0.004310"/>
        <testcase name="Get blade view" file="In Memory Page Unit (Hyde\Framework\Testing\Unit\Pages\InMemoryPageUnit)::Get blade view" class="Hyde\Framework\Testing\Unit\Pages\InMemoryPageUnitTest" classname="Hyde.Framework.Testing.Unit.Pages.InMemoryPageUnitTest" assertions="1" time="0.004361"/>
        <testcase name="Files" file="In Memory Page Unit (Hyde\Framework\Testing\Unit\Pages\InMemoryPageUnit)::Files" class="Hyde\Framework\Testing\Unit\Pages\InMemoryPageUnitTest" classname="Hyde.Framework.Testing.Unit.Pages.InMemoryPageUnitTest" assertions="1" time="0.008622"/>
        <testcase name="Data" file="In Memory Page Unit (Hyde\Framework\Testing\Unit\Pages\InMemoryPageUnit)::Data" class="Hyde\Framework\Testing\Unit\Pages\InMemoryPageUnitTest" classname="Hyde.Framework.Testing.Unit.Pages.InMemoryPageUnitTest" assertions="1" time="0.004348"/>
        <testcase name="Get" file="In Memory Page Unit (Hyde\Framework\Testing\Unit\Pages\InMemoryPageUnit)::Get" class="Hyde\Framework\Testing\Unit\Pages\InMemoryPageUnitTest" classname="Hyde.Framework.Testing.Unit.Pages.InMemoryPageUnitTest" assertions="1" time="0.008727"/>
        <testcase name="Parse" file="In Memory Page Unit (Hyde\Framework\Testing\Unit\Pages\InMemoryPageUnit)::Parse" class="Hyde\Framework\Testing\Unit\Pages\InMemoryPageUnitTest" classname="Hyde.Framework.Testing.Unit.Pages.InMemoryPageUnitTest" assertions="1" time="0.005102"/>
        <testcase name="Get route key" file="In Memory Page Unit (Hyde\Framework\Testing\Unit\Pages\InMemoryPageUnit)::Get route key" class="Hyde\Framework\Testing\Unit\Pages\InMemoryPageUnitTest" classname="Hyde.Framework.Testing.Unit.Pages.InMemoryPageUnitTest" assertions="1" time="0.004360"/>
        <testcase name="Title" file="In Memory Page Unit (Hyde\Framework\Testing\Unit\Pages\InMemoryPageUnit)::Title" class="Hyde\Framework\Testing\Unit\Pages\InMemoryPageUnitTest" classname="Hyde.Framework.Testing.Unit.Pages.InMemoryPageUnitTest" assertions="1" time="0.004596"/>
        <testcase name="All" file="In Memory Page Unit (Hyde\Framework\Testing\Unit\Pages\InMemoryPageUnit)::All" class="Hyde\Framework\Testing\Unit\Pages\InMemoryPageUnitTest" classname="Hyde.Framework.Testing.Unit.Pages.InMemoryPageUnitTest" assertions="1" time="0.008371"/>
        <testcase name="Metadata" file="In Memory Page Unit (Hyde\Framework\Testing\Unit\Pages\InMemoryPageUnit)::Metadata" class="Hyde\Framework\Testing\Unit\Pages\InMemoryPageUnitTest" classname="Hyde.Framework.Testing.Unit.Pages.InMemoryPageUnitTest" assertions="1" time="0.004263"/>
        <testcase name="Construct" file="In Memory Page Unit (Hyde\Framework\Testing\Unit\Pages\InMemoryPageUnit)::Construct" class="Hyde\Framework\Testing\Unit\Pages\InMemoryPageUnitTest" classname="Hyde.Framework.Testing.Unit.Pages.InMemoryPageUnitTest" assertions="1" time="0.004251"/>
        <testcase name="Get route" file="In Memory Page Unit (Hyde\Framework\Testing\Unit\Pages\InMemoryPageUnit)::Get route" class="Hyde\Framework\Testing\Unit\Pages\InMemoryPageUnitTest" classname="Hyde.Framework.Testing.Unit.Pages.InMemoryPageUnitTest" assertions="1" time="0.008703"/>
        <testcase name="Get identifier" file="In Memory Page Unit (Hyde\Framework\Testing\Unit\Pages\InMemoryPageUnit)::Get identifier" class="Hyde\Framework\Testing\Unit\Pages\InMemoryPageUnitTest" classname="Hyde.Framework.Testing.Unit.Pages.InMemoryPageUnitTest" assertions="1" time="0.004358"/>
        <testcase name="Has" file="In Memory Page Unit (Hyde\Framework\Testing\Unit\Pages\InMemoryPageUnit)::Has" class="Hyde\Framework\Testing\Unit\Pages\InMemoryPageUnitTest" classname="Hyde.Framework.Testing.Unit.Pages.InMemoryPageUnitTest" assertions="1" time="0.004480"/>
        <testcase name="To core data object" file="In Memory Page Unit (Hyde\Framework\Testing\Unit\Pages\InMemoryPageUnit)::To core data object" class="Hyde\Framework\Testing\Unit\Pages\InMemoryPageUnitTest" classname="Hyde.Framework.Testing.Unit.Pages.InMemoryPageUnitTest" assertions="1" time="0.004377"/>
        <testcase name="Compile" file="In Memory Page Unit (Hyde\Framework\Testing\Unit\Pages\InMemoryPageUnit)::Compile" class="Hyde\Framework\Testing\Unit\Pages\InMemoryPageUnitTest" classname="Hyde.Framework.Testing.Unit.Pages.InMemoryPageUnitTest" assertions="1" time="0.010112"/>
        <testcase name="Matter" file="In Memory Page Unit (Hyde\Framework\Testing\Unit\Pages\InMemoryPageUnit)::Matter" class="Hyde\Framework\Testing\Unit\Pages\InMemoryPageUnitTest" classname="Hyde.Framework.Testing.Unit.Pages.InMemoryPageUnitTest" assertions="1" time="0.004290"/>
        <testcase name="Get canonical url" file="In Memory Page Unit (Hyde\Framework\Testing\Unit\Pages\InMemoryPageUnit)::Get canonical url" class="Hyde\Framework\Testing\Unit\Pages\InMemoryPageUnitTest" classname="Hyde.Framework.Testing.Unit.Pages.InMemoryPageUnitTest" assertions="4" time="0.005442"/>
      </testsuite>
      <testsuite name="Hyde\Framework\Testing\Unit\Pages\MarkdownPageModelConstructorArgumentsAreOptionalTest" file="Markdown Page Model Constructor Arguments Are Optional (Hyde\Framework\Testing\Unit\Pages\MarkdownPageModelConstructorArgumentsAreOptional)" tests="1" assertions="3" errors="0" failures="0" skipped="0" time="0.066041">
        <testcase name="Markdown page model constructor arguments are optional" file="Markdown Page Model Constructor Arguments Are Optional (Hyde\Framework\Testing\Unit\Pages\MarkdownPageModelConstructorArgumentsAreOptional)::Markdown page model constructor arguments are optional" class="Hyde\Framework\Testing\Unit\Pages\MarkdownPageModelConstructorArgumentsAreOptionalTest" classname="Hyde.Framework.Testing.Unit.Pages.MarkdownPageModelConstructorArgumentsAreOptionalTest" assertions="3" time="0.066041"/>
      </testsuite>
      <testsuite name="Hyde\Framework\Testing\Unit\Pages\MarkdownPageTest" file="Markdown Page (Hyde\Framework\Testing\Unit\Pages\MarkdownPage)" tests="3" assertions="7" errors="0" failures="0" skipped="0" time="0.097128">
        <testcase name="Can get collection of slugs" file="Markdown Page (Hyde\Framework\Testing\Unit\Pages\MarkdownPage)::Can get collection of slugs" class="Hyde\Framework\Testing\Unit\Pages\MarkdownPageTest" classname="Hyde.Framework.Testing.Unit.Pages.MarkdownPageTest" assertions="1" time="0.031446"/>
        <testcase name="Created model contains expected data" file="Markdown Page (Hyde\Framework\Testing\Unit\Pages\MarkdownPage)::Created model contains expected data" class="Hyde\Framework\Testing\Unit\Pages\MarkdownPageTest" classname="Hyde.Framework.Testing.Unit.Pages.MarkdownPageTest" assertions="4" time="0.025530"/>
        <testcase name="Can render markdown page" file="Markdown Page (Hyde\Framework\Testing\Unit\Pages\MarkdownPage)::Can render markdown page" class="Hyde\Framework\Testing\Unit\Pages\MarkdownPageTest" classname="Hyde.Framework.Testing.Unit.Pages.MarkdownPageTest" assertions="2" time="0.040152"/>
      </testsuite>
      <testsuite name="Hyde\Framework\Testing\Unit\Pages\MarkdownPageUnitTest" file="Markdown Page Unit (Hyde\Framework\Testing\Unit\Pages\MarkdownPageUnit)" tests="35" assertions="39" errors="0" failures="0" skipped="0" time="0.177537">
        <testcase name="Source directory" file="Markdown Page Unit (Hyde\Framework\Testing\Unit\Pages\MarkdownPageUnit)::Source directory" class="Hyde\Framework\Testing\Unit\Pages\MarkdownPageUnitTest" classname="Hyde.Framework.Testing.Unit.Pages.MarkdownPageUnitTest" assertions="1" time="0.007936"/>
        <testcase name="Output directory" file="Markdown Page Unit (Hyde\Framework\Testing\Unit\Pages\MarkdownPageUnit)::Output directory" class="Hyde\Framework\Testing\Unit\Pages\MarkdownPageUnitTest" classname="Hyde.Framework.Testing.Unit.Pages.MarkdownPageUnitTest" assertions="1" time="0.003213"/>
        <testcase name="Base route key" file="Markdown Page Unit (Hyde\Framework\Testing\Unit\Pages\MarkdownPageUnit)::Base route key" class="Hyde\Framework\Testing\Unit\Pages\MarkdownPageUnitTest" classname="Hyde.Framework.Testing.Unit.Pages.MarkdownPageUnitTest" assertions="1" time="0.003166"/>
        <testcase name="File extension" file="Markdown Page Unit (Hyde\Framework\Testing\Unit\Pages\MarkdownPageUnit)::File extension" class="Hyde\Framework\Testing\Unit\Pages\MarkdownPageUnitTest" classname="Hyde.Framework.Testing.Unit.Pages.MarkdownPageUnitTest" assertions="1" time="0.003172"/>
        <testcase name="Source path" file="Markdown Page Unit (Hyde\Framework\Testing\Unit\Pages\MarkdownPageUnit)::Source path" class="Hyde\Framework\Testing\Unit\Pages\MarkdownPageUnitTest" classname="Hyde.Framework.Testing.Unit.Pages.MarkdownPageUnitTest" assertions="1" time="0.003209"/>
        <testcase name="Output path" file="Markdown Page Unit (Hyde\Framework\Testing\Unit\Pages\MarkdownPageUnit)::Output path" class="Hyde\Framework\Testing\Unit\Pages\MarkdownPageUnitTest" classname="Hyde.Framework.Testing.Unit.Pages.MarkdownPageUnitTest" assertions="1" time="0.003244"/>
        <testcase name="Path" file="Markdown Page Unit (Hyde\Framework\Testing\Unit\Pages\MarkdownPageUnit)::Path" class="Hyde\Framework\Testing\Unit\Pages\MarkdownPageUnitTest" classname="Hyde.Framework.Testing.Unit.Pages.MarkdownPageUnitTest" assertions="1" time="0.003309"/>
        <testcase name="Get source path" file="Markdown Page Unit (Hyde\Framework\Testing\Unit\Pages\MarkdownPageUnit)::Get source path" class="Hyde\Framework\Testing\Unit\Pages\MarkdownPageUnitTest" classname="Hyde.Framework.Testing.Unit.Pages.MarkdownPageUnitTest" assertions="1" time="0.004325"/>
        <testcase name="Get output path" file="Markdown Page Unit (Hyde\Framework\Testing\Unit\Pages\MarkdownPageUnit)::Get output path" class="Hyde\Framework\Testing\Unit\Pages\MarkdownPageUnitTest" classname="Hyde.Framework.Testing.Unit.Pages.MarkdownPageUnitTest" assertions="1" time="0.004348"/>
        <testcase name="Get link" file="Markdown Page Unit (Hyde\Framework\Testing\Unit\Pages\MarkdownPageUnit)::Get link" class="Hyde\Framework\Testing\Unit\Pages\MarkdownPageUnitTest" classname="Hyde.Framework.Testing.Unit.Pages.MarkdownPageUnitTest" assertions="1" time="0.004356"/>
        <testcase name="Make" file="Markdown Page Unit (Hyde\Framework\Testing\Unit\Pages\MarkdownPageUnit)::Make" class="Hyde\Framework\Testing\Unit\Pages\MarkdownPageUnitTest" classname="Hyde.Framework.Testing.Unit.Pages.MarkdownPageUnitTest" assertions="1" time="0.005107"/>
        <testcase name="Make with data" file="Markdown Page Unit (Hyde\Framework\Testing\Unit\Pages\MarkdownPageUnit)::Make with data" class="Hyde\Framework\Testing\Unit\Pages\MarkdownPageUnitTest" classname="Hyde.Framework.Testing.Unit.Pages.MarkdownPageUnitTest" assertions="1" time="0.005579"/>
        <testcase name="Show in navigation" file="Markdown Page Unit (Hyde\Framework\Testing\Unit\Pages\MarkdownPageUnit)::Show in navigation" class="Hyde\Framework\Testing\Unit\Pages\MarkdownPageUnitTest" classname="Hyde.Framework.Testing.Unit.Pages.MarkdownPageUnitTest" assertions="1" time="0.004146"/>
        <testcase name="Navigation menu priority" file="Markdown Page Unit (Hyde\Framework\Testing\Unit\Pages\MarkdownPageUnit)::Navigation menu priority" class="Hyde\Framework\Testing\Unit\Pages\MarkdownPageUnitTest" classname="Hyde.Framework.Testing.Unit.Pages.MarkdownPageUnitTest" assertions="1" time="0.004194"/>
        <testcase name="Navigation menu label" file="Markdown Page Unit (Hyde\Framework\Testing\Unit\Pages\MarkdownPageUnit)::Navigation menu label" class="Hyde\Framework\Testing\Unit\Pages\MarkdownPageUnitTest" classname="Hyde.Framework.Testing.Unit.Pages.MarkdownPageUnitTest" assertions="1" time="0.004359"/>
        <testcase name="Navigation menu group" file="Markdown Page Unit (Hyde\Framework\Testing\Unit\Pages\MarkdownPageUnit)::Navigation menu group" class="Hyde\Framework\Testing\Unit\Pages\MarkdownPageUnitTest" classname="Hyde.Framework.Testing.Unit.Pages.MarkdownPageUnitTest" assertions="1" time="0.004306"/>
        <testcase name="Get blade view" file="Markdown Page Unit (Hyde\Framework\Testing\Unit\Pages\MarkdownPageUnit)::Get blade view" class="Hyde\Framework\Testing\Unit\Pages\MarkdownPageUnitTest" classname="Hyde.Framework.Testing.Unit.Pages.MarkdownPageUnitTest" assertions="1" time="0.004298"/>
        <testcase name="Files" file="Markdown Page Unit (Hyde\Framework\Testing\Unit\Pages\MarkdownPageUnit)::Files" class="Hyde\Framework\Testing\Unit\Pages\MarkdownPageUnitTest" classname="Hyde.Framework.Testing.Unit.Pages.MarkdownPageUnitTest" assertions="1" time="0.008539"/>
        <testcase name="Data" file="Markdown Page Unit (Hyde\Framework\Testing\Unit\Pages\MarkdownPageUnit)::Data" class="Hyde\Framework\Testing\Unit\Pages\MarkdownPageUnitTest" classname="Hyde.Framework.Testing.Unit.Pages.MarkdownPageUnitTest" assertions="1" time="0.004308"/>
        <testcase name="Get" file="Markdown Page Unit (Hyde\Framework\Testing\Unit\Pages\MarkdownPageUnit)::Get" class="Hyde\Framework\Testing\Unit\Pages\MarkdownPageUnitTest" classname="Hyde.Framework.Testing.Unit.Pages.MarkdownPageUnitTest" assertions="1" time="0.010784"/>
        <testcase name="Parse" file="Markdown Page Unit (Hyde\Framework\Testing\Unit\Pages\MarkdownPageUnit)::Parse" class="Hyde\Framework\Testing\Unit\Pages\MarkdownPageUnitTest" classname="Hyde.Framework.Testing.Unit.Pages.MarkdownPageUnitTest" assertions="1" time="0.005213"/>
        <testcase name="Get route key" file="Markdown Page Unit (Hyde\Framework\Testing\Unit\Pages\MarkdownPageUnit)::Get route key" class="Hyde\Framework\Testing\Unit\Pages\MarkdownPageUnitTest" classname="Hyde.Framework.Testing.Unit.Pages.MarkdownPageUnitTest" assertions="1" time="0.004358"/>
        <testcase name="Title" file="Markdown Page Unit (Hyde\Framework\Testing\Unit\Pages\MarkdownPageUnit)::Title" class="Hyde\Framework\Testing\Unit\Pages\MarkdownPageUnitTest" classname="Hyde.Framework.Testing.Unit.Pages.MarkdownPageUnitTest" assertions="1" time="0.004311"/>
        <testcase name="All" file="Markdown Page Unit (Hyde\Framework\Testing\Unit\Pages\MarkdownPageUnit)::All" class="Hyde\Framework\Testing\Unit\Pages\MarkdownPageUnitTest" classname="Hyde.Framework.Testing.Unit.Pages.MarkdownPageUnitTest" assertions="1" time="0.008364"/>
        <testcase name="Metadata" file="Markdown Page Unit (Hyde\Framework\Testing\Unit\Pages\MarkdownPageUnit)::Metadata" class="Hyde\Framework\Testing\Unit\Pages\MarkdownPageUnitTest" classname="Hyde.Framework.Testing.Unit.Pages.MarkdownPageUnitTest" assertions="1" time="0.004109"/>
        <testcase name="Construct" file="Markdown Page Unit (Hyde\Framework\Testing\Unit\Pages\MarkdownPageUnit)::Construct" class="Hyde\Framework\Testing\Unit\Pages\MarkdownPageUnitTest" classname="Hyde.Framework.Testing.Unit.Pages.MarkdownPageUnitTest" assertions="1" time="0.004069"/>
        <testcase name="Get route" file="Markdown Page Unit (Hyde\Framework\Testing\Unit\Pages\MarkdownPageUnit)::Get route" class="Hyde\Framework\Testing\Unit\Pages\MarkdownPageUnitTest" classname="Hyde.Framework.Testing.Unit.Pages.MarkdownPageUnitTest" assertions="1" time="0.008649"/>
        <testcase name="Get identifier" file="Markdown Page Unit (Hyde\Framework\Testing\Unit\Pages\MarkdownPageUnit)::Get identifier" class="Hyde\Framework\Testing\Unit\Pages\MarkdownPageUnitTest" classname="Hyde.Framework.Testing.Unit.Pages.MarkdownPageUnitTest" assertions="1" time="0.004331"/>
        <testcase name="Has" file="Markdown Page Unit (Hyde\Framework\Testing\Unit\Pages\MarkdownPageUnit)::Has" class="Hyde\Framework\Testing\Unit\Pages\MarkdownPageUnitTest" classname="Hyde.Framework.Testing.Unit.Pages.MarkdownPageUnitTest" assertions="1" time="0.004302"/>
        <testcase name="To core data object" file="Markdown Page Unit (Hyde\Framework\Testing\Unit\Pages\MarkdownPageUnit)::To core data object" class="Hyde\Framework\Testing\Unit\Pages\MarkdownPageUnitTest" classname="Hyde.Framework.Testing.Unit.Pages.MarkdownPageUnitTest" assertions="1" time="0.004404"/>
        <testcase name="Compile" file="Markdown Page Unit (Hyde\Framework\Testing\Unit\Pages\MarkdownPageUnit)::Compile" class="Hyde\Framework\Testing\Unit\Pages\MarkdownPageUnitTest" classname="Hyde.Framework.Testing.Unit.Pages.MarkdownPageUnitTest" assertions="1" time="0.010437"/>
        <testcase name="Matter" file="Markdown Page Unit (Hyde\Framework\Testing\Unit\Pages\MarkdownPageUnit)::Matter" class="Hyde\Framework\Testing\Unit\Pages\MarkdownPageUnitTest" classname="Hyde.Framework.Testing.Unit.Pages.MarkdownPageUnitTest" assertions="1" time="0.004310"/>
        <testcase name="Markdown" file="Markdown Page Unit (Hyde\Framework\Testing\Unit\Pages\MarkdownPageUnit)::Markdown" class="Hyde\Framework\Testing\Unit\Pages\MarkdownPageUnitTest" classname="Hyde.Framework.Testing.Unit.Pages.MarkdownPageUnitTest" assertions="1" time="0.004230"/>
        <testcase name="Save" file="Markdown Page Unit (Hyde\Framework\Testing\Unit\Pages\MarkdownPageUnit)::Save" class="Hyde\Framework\Testing\Unit\Pages\MarkdownPageUnitTest" classname="Hyde.Framework.Testing.Unit.Pages.MarkdownPageUnitTest" assertions="2" time="0.005058"/>
        <testcase name="Get canonical url" file="Markdown Page Unit (Hyde\Framework\Testing\Unit\Pages\MarkdownPageUnit)::Get canonical url" class="Hyde\Framework\Testing\Unit\Pages\MarkdownPageUnitTest" classname="Hyde.Framework.Testing.Unit.Pages.MarkdownPageUnitTest" assertions="4" time="0.005496"/>
      </testsuite>
      <testsuite name="Hyde\Framework\Testing\Unit\Pages\MarkdownPostHelpersTest" file="Markdown Post Helpers (Hyde\Framework\Testing\Unit\Pages\MarkdownPostHelpers)" tests="7" assertions="7" errors="0" failures="0" skipped="0" time="0.205708">
        <testcase name="Get current page path returns local uri path for post slug" file="Markdown Post Helpers (Hyde\Framework\Testing\Unit\Pages\MarkdownPostHelpers)::Get current page path returns local uri path for post slug" class="Hyde\Framework\Testing\Unit\Pages\MarkdownPostHelpersTest" classname="Hyde.Framework.Testing.Unit.Pages.MarkdownPostHelpersTest" assertions="1" time="0.060673"/>
        <testcase name="Get canonical link returns canonical uri path for post slug" file="Markdown Post Helpers (Hyde\Framework\Testing\Unit\Pages\MarkdownPostHelpers)::Get canonical link returns canonical uri path for post slug" class="Hyde\Framework\Testing\Unit\Pages\MarkdownPostHelpersTest" classname="Hyde.Framework.Testing.Unit.Pages.MarkdownPostHelpersTest" assertions="1" time="0.023804"/>
        <testcase name="Get canonical link returns pretty url when enabled" file="Markdown Post Helpers (Hyde\Framework\Testing\Unit\Pages\MarkdownPostHelpers)::Get canonical link returns pretty url when enabled" class="Hyde\Framework\Testing\Unit\Pages\MarkdownPostHelpersTest" classname="Hyde.Framework.Testing.Unit.Pages.MarkdownPostHelpersTest" assertions="1" time="0.023595"/>
        <testcase name="Get post description returns post description when set in front matter" file="Markdown Post Helpers (Hyde\Framework\Testing\Unit\Pages\MarkdownPostHelpers)::Get post description returns post description when set in front matter" class="Hyde\Framework\Testing\Unit\Pages\MarkdownPostHelpersTest" classname="Hyde.Framework.Testing.Unit.Pages.MarkdownPostHelpersTest" assertions="1" time="0.022768"/>
        <testcase name="Get post description returns post body when no description set in front matter" file="Markdown Post Helpers (Hyde\Framework\Testing\Unit\Pages\MarkdownPostHelpers)::Get post description returns post body when no description set in front matter" class="Hyde\Framework\Testing\Unit\Pages\MarkdownPostHelpersTest" classname="Hyde.Framework.Testing.Unit.Pages.MarkdownPostHelpersTest" assertions="1" time="0.022968"/>
        <testcase name="Dynamic description is truncated when longer than 128 characters" file="Markdown Post Helpers (Hyde\Framework\Testing\Unit\Pages\MarkdownPostHelpers)::Dynamic description is truncated when longer than 128 characters" class="Hyde\Framework\Testing\Unit\Pages\MarkdownPostHelpersTest" classname="Hyde.Framework.Testing.Unit.Pages.MarkdownPostHelpersTest" assertions="1" time="0.028709"/>
        <testcase name="Dynamic description strips markdown" file="Markdown Post Helpers (Hyde\Framework\Testing\Unit\Pages\MarkdownPostHelpers)::Dynamic description strips markdown" class="Hyde\Framework\Testing\Unit\Pages\MarkdownPostHelpersTest" classname="Hyde.Framework.Testing.Unit.Pages.MarkdownPostHelpersTest" assertions="1" time="0.023191"/>
      </testsuite>
      <testsuite name="Hyde\Framework\Testing\Unit\Pages\MarkdownPostParserTest" file="Markdown Post Parser (Hyde\Framework\Testing\Unit\Pages\MarkdownPostParser)" tests="2" assertions="12" errors="0" failures="0" skipped="0" time="0.060285">
        <testcase name="Can parse markdown file" file="Markdown Post Parser (Hyde\Framework\Testing\Unit\Pages\MarkdownPostParser)::Can parse markdown file" class="Hyde\Framework\Testing\Unit\Pages\MarkdownPostParserTest" classname="Hyde.Framework.Testing.Unit.Pages.MarkdownPostParserTest" assertions="8" time="0.035432"/>
        <testcase name="Parsed markdown post contains valid front matter" file="Markdown Post Parser (Hyde\Framework\Testing\Unit\Pages\MarkdownPostParser)::Parsed markdown post contains valid front matter" class="Hyde\Framework\Testing\Unit\Pages\MarkdownPostParserTest" classname="Hyde.Framework.Testing.Unit.Pages.MarkdownPostParserTest" assertions="4" time="0.024852"/>
      </testsuite>
      <testsuite name="Hyde\Framework\Testing\Unit\Pages\MarkdownPostUnitTest" file="Markdown Post Unit (Hyde\Framework\Testing\Unit\Pages\MarkdownPostUnit)" tests="35" assertions="39" errors="0" failures="0" skipped="0" time="0.189620">
        <testcase name="Source directory" file="Markdown Post Unit (Hyde\Framework\Testing\Unit\Pages\MarkdownPostUnit)::Source directory" class="Hyde\Framework\Testing\Unit\Pages\MarkdownPostUnitTest" classname="Hyde.Framework.Testing.Unit.Pages.MarkdownPostUnitTest" assertions="1" time="0.006431"/>
        <testcase name="Output directory" file="Markdown Post Unit (Hyde\Framework\Testing\Unit\Pages\MarkdownPostUnit)::Output directory" class="Hyde\Framework\Testing\Unit\Pages\MarkdownPostUnitTest" classname="Hyde.Framework.Testing.Unit.Pages.MarkdownPostUnitTest" assertions="1" time="0.003231"/>
        <testcase name="Base route key" file="Markdown Post Unit (Hyde\Framework\Testing\Unit\Pages\MarkdownPostUnit)::Base route key" class="Hyde\Framework\Testing\Unit\Pages\MarkdownPostUnitTest" classname="Hyde.Framework.Testing.Unit.Pages.MarkdownPostUnitTest" assertions="1" time="0.003281"/>
        <testcase name="File extension" file="Markdown Post Unit (Hyde\Framework\Testing\Unit\Pages\MarkdownPostUnit)::File extension" class="Hyde\Framework\Testing\Unit\Pages\MarkdownPostUnitTest" classname="Hyde.Framework.Testing.Unit.Pages.MarkdownPostUnitTest" assertions="1" time="0.003251"/>
        <testcase name="Source path" file="Markdown Post Unit (Hyde\Framework\Testing\Unit\Pages\MarkdownPostUnit)::Source path" class="Hyde\Framework\Testing\Unit\Pages\MarkdownPostUnitTest" classname="Hyde.Framework.Testing.Unit.Pages.MarkdownPostUnitTest" assertions="1" time="0.003217"/>
        <testcase name="Output path" file="Markdown Post Unit (Hyde\Framework\Testing\Unit\Pages\MarkdownPostUnit)::Output path" class="Hyde\Framework\Testing\Unit\Pages\MarkdownPostUnitTest" classname="Hyde.Framework.Testing.Unit.Pages.MarkdownPostUnitTest" assertions="1" time="0.003255"/>
        <testcase name="Path" file="Markdown Post Unit (Hyde\Framework\Testing\Unit\Pages\MarkdownPostUnit)::Path" class="Hyde\Framework\Testing\Unit\Pages\MarkdownPostUnitTest" classname="Hyde.Framework.Testing.Unit.Pages.MarkdownPostUnitTest" assertions="1" time="0.003330"/>
        <testcase name="Get source path" file="Markdown Post Unit (Hyde\Framework\Testing\Unit\Pages\MarkdownPostUnit)::Get source path" class="Hyde\Framework\Testing\Unit\Pages\MarkdownPostUnitTest" classname="Hyde.Framework.Testing.Unit.Pages.MarkdownPostUnitTest" assertions="1" time="0.004754"/>
        <testcase name="Get output path" file="Markdown Post Unit (Hyde\Framework\Testing\Unit\Pages\MarkdownPostUnit)::Get output path" class="Hyde\Framework\Testing\Unit\Pages\MarkdownPostUnitTest" classname="Hyde.Framework.Testing.Unit.Pages.MarkdownPostUnitTest" assertions="1" time="0.004713"/>
        <testcase name="Get link" file="Markdown Post Unit (Hyde\Framework\Testing\Unit\Pages\MarkdownPostUnit)::Get link" class="Hyde\Framework\Testing\Unit\Pages\MarkdownPostUnitTest" classname="Hyde.Framework.Testing.Unit.Pages.MarkdownPostUnitTest" assertions="1" time="0.004718"/>
        <testcase name="Make" file="Markdown Post Unit (Hyde\Framework\Testing\Unit\Pages\MarkdownPostUnit)::Make" class="Hyde\Framework\Testing\Unit\Pages\MarkdownPostUnitTest" classname="Hyde.Framework.Testing.Unit.Pages.MarkdownPostUnitTest" assertions="1" time="0.006049"/>
        <testcase name="Make with data" file="Markdown Post Unit (Hyde\Framework\Testing\Unit\Pages\MarkdownPostUnit)::Make with data" class="Hyde\Framework\Testing\Unit\Pages\MarkdownPostUnitTest" classname="Hyde.Framework.Testing.Unit.Pages.MarkdownPostUnitTest" assertions="1" time="0.006355"/>
        <testcase name="Show in navigation" file="Markdown Post Unit (Hyde\Framework\Testing\Unit\Pages\MarkdownPostUnit)::Show in navigation" class="Hyde\Framework\Testing\Unit\Pages\MarkdownPostUnitTest" classname="Hyde.Framework.Testing.Unit.Pages.MarkdownPostUnitTest" assertions="1" time="0.004591"/>
        <testcase name="Navigation menu priority" file="Markdown Post Unit (Hyde\Framework\Testing\Unit\Pages\MarkdownPostUnit)::Navigation menu priority" class="Hyde\Framework\Testing\Unit\Pages\MarkdownPostUnitTest" classname="Hyde.Framework.Testing.Unit.Pages.MarkdownPostUnitTest" assertions="1" time="0.004620"/>
        <testcase name="Navigation menu label" file="Markdown Post Unit (Hyde\Framework\Testing\Unit\Pages\MarkdownPostUnit)::Navigation menu label" class="Hyde\Framework\Testing\Unit\Pages\MarkdownPostUnitTest" classname="Hyde.Framework.Testing.Unit.Pages.MarkdownPostUnitTest" assertions="1" time="0.004703"/>
        <testcase name="Navigation menu group" file="Markdown Post Unit (Hyde\Framework\Testing\Unit\Pages\MarkdownPostUnit)::Navigation menu group" class="Hyde\Framework\Testing\Unit\Pages\MarkdownPostUnitTest" classname="Hyde.Framework.Testing.Unit.Pages.MarkdownPostUnitTest" assertions="1" time="0.004716"/>
        <testcase name="Get blade view" file="Markdown Post Unit (Hyde\Framework\Testing\Unit\Pages\MarkdownPostUnit)::Get blade view" class="Hyde\Framework\Testing\Unit\Pages\MarkdownPostUnitTest" classname="Hyde.Framework.Testing.Unit.Pages.MarkdownPostUnitTest" assertions="1" time="0.004695"/>
        <testcase name="Files" file="Markdown Post Unit (Hyde\Framework\Testing\Unit\Pages\MarkdownPostUnit)::Files" class="Hyde\Framework\Testing\Unit\Pages\MarkdownPostUnitTest" classname="Hyde.Framework.Testing.Unit.Pages.MarkdownPostUnitTest" assertions="1" time="0.008661"/>
        <testcase name="Data" file="Markdown Post Unit (Hyde\Framework\Testing\Unit\Pages\MarkdownPostUnit)::Data" class="Hyde\Framework\Testing\Unit\Pages\MarkdownPostUnitTest" classname="Hyde.Framework.Testing.Unit.Pages.MarkdownPostUnitTest" assertions="1" time="0.004699"/>
        <testcase name="Get" file="Markdown Post Unit (Hyde\Framework\Testing\Unit\Pages\MarkdownPostUnit)::Get" class="Hyde\Framework\Testing\Unit\Pages\MarkdownPostUnitTest" classname="Hyde.Framework.Testing.Unit.Pages.MarkdownPostUnitTest" assertions="1" time="0.012219"/>
        <testcase name="Parse" file="Markdown Post Unit (Hyde\Framework\Testing\Unit\Pages\MarkdownPostUnit)::Parse" class="Hyde\Framework\Testing\Unit\Pages\MarkdownPostUnitTest" classname="Hyde.Framework.Testing.Unit.Pages.MarkdownPostUnitTest" assertions="1" time="0.005730"/>
        <testcase name="Get route key" file="Markdown Post Unit (Hyde\Framework\Testing\Unit\Pages\MarkdownPostUnit)::Get route key" class="Hyde\Framework\Testing\Unit\Pages\MarkdownPostUnitTest" classname="Hyde.Framework.Testing.Unit.Pages.MarkdownPostUnitTest" assertions="1" time="0.004841"/>
        <testcase name="Title" file="Markdown Post Unit (Hyde\Framework\Testing\Unit\Pages\MarkdownPostUnit)::Title" class="Hyde\Framework\Testing\Unit\Pages\MarkdownPostUnitTest" classname="Hyde.Framework.Testing.Unit.Pages.MarkdownPostUnitTest" assertions="1" time="0.004849"/>
        <testcase name="All" file="Markdown Post Unit (Hyde\Framework\Testing\Unit\Pages\MarkdownPostUnit)::All" class="Hyde\Framework\Testing\Unit\Pages\MarkdownPostUnitTest" classname="Hyde.Framework.Testing.Unit.Pages.MarkdownPostUnitTest" assertions="1" time="0.008451"/>
        <testcase name="Metadata" file="Markdown Post Unit (Hyde\Framework\Testing\Unit\Pages\MarkdownPostUnit)::Metadata" class="Hyde\Framework\Testing\Unit\Pages\MarkdownPostUnitTest" classname="Hyde.Framework.Testing.Unit.Pages.MarkdownPostUnitTest" assertions="1" time="0.004578"/>
        <testcase name="Construct" file="Markdown Post Unit (Hyde\Framework\Testing\Unit\Pages\MarkdownPostUnit)::Construct" class="Hyde\Framework\Testing\Unit\Pages\MarkdownPostUnitTest" classname="Hyde.Framework.Testing.Unit.Pages.MarkdownPostUnitTest" assertions="1" time="0.004535"/>
        <testcase name="Get route" file="Markdown Post Unit (Hyde\Framework\Testing\Unit\Pages\MarkdownPostUnit)::Get route" class="Hyde\Framework\Testing\Unit\Pages\MarkdownPostUnitTest" classname="Hyde.Framework.Testing.Unit.Pages.MarkdownPostUnitTest" assertions="1" time="0.009070"/>
        <testcase name="Get identifier" file="Markdown Post Unit (Hyde\Framework\Testing\Unit\Pages\MarkdownPostUnit)::Get identifier" class="Hyde\Framework\Testing\Unit\Pages\MarkdownPostUnitTest" classname="Hyde.Framework.Testing.Unit.Pages.MarkdownPostUnitTest" assertions="1" time="0.004883"/>
        <testcase name="Has" file="Markdown Post Unit (Hyde\Framework\Testing\Unit\Pages\MarkdownPostUnit)::Has" class="Hyde\Framework\Testing\Unit\Pages\MarkdownPostUnitTest" classname="Hyde.Framework.Testing.Unit.Pages.MarkdownPostUnitTest" assertions="1" time="0.004850"/>
        <testcase name="To core data object" file="Markdown Post Unit (Hyde\Framework\Testing\Unit\Pages\MarkdownPostUnit)::To core data object" class="Hyde\Framework\Testing\Unit\Pages\MarkdownPostUnitTest" classname="Hyde.Framework.Testing.Unit.Pages.MarkdownPostUnitTest" assertions="1" time="0.004700"/>
        <testcase name="Compile" file="Markdown Post Unit (Hyde\Framework\Testing\Unit\Pages\MarkdownPostUnit)::Compile" class="Hyde\Framework\Testing\Unit\Pages\MarkdownPostUnitTest" classname="Hyde.Framework.Testing.Unit.Pages.MarkdownPostUnitTest" assertions="1" time="0.010913"/>
        <testcase name="Matter" file="Markdown Post Unit (Hyde\Framework\Testing\Unit\Pages\MarkdownPostUnit)::Matter" class="Hyde\Framework\Testing\Unit\Pages\MarkdownPostUnitTest" classname="Hyde.Framework.Testing.Unit.Pages.MarkdownPostUnitTest" assertions="1" time="0.004657"/>
        <testcase name="Markdown" file="Markdown Post Unit (Hyde\Framework\Testing\Unit\Pages\MarkdownPostUnit)::Markdown" class="Hyde\Framework\Testing\Unit\Pages\MarkdownPostUnitTest" classname="Hyde.Framework.Testing.Unit.Pages.MarkdownPostUnitTest" assertions="1" time="0.004638"/>
        <testcase name="Save" file="Markdown Post Unit (Hyde\Framework\Testing\Unit\Pages\MarkdownPostUnit)::Save" class="Hyde\Framework\Testing\Unit\Pages\MarkdownPostUnitTest" classname="Hyde.Framework.Testing.Unit.Pages.MarkdownPostUnitTest" assertions="2" time="0.005451"/>
        <testcase name="Get canonical url" file="Markdown Post Unit (Hyde\Framework\Testing\Unit\Pages\MarkdownPostUnit)::Get canonical url" class="Hyde\Framework\Testing\Unit\Pages\MarkdownPostUnitTest" classname="Hyde.Framework.Testing.Unit.Pages.MarkdownPostUnitTest" assertions="4" time="0.005987"/>
      </testsuite>
      <testsuite name="Hyde\Framework\Testing\Unit\Pages\PageModelGetFileHelpersTest" file="Page Model Get File Helpers (Hyde\Framework\Testing\Unit\Pages\PageModelGetFileHelpers)" tests="8" assertions="24" errors="0" failures="0" skipped="0" time="0.113548">
        <testcase name="Blade page files helper returns blade page array" file="Page Model Get File Helpers (Hyde\Framework\Testing\Unit\Pages\PageModelGetFileHelpers)::Blade page files helper returns blade page array" class="Hyde\Framework\Testing\Unit\Pages\PageModelGetFileHelpersTest" classname="Hyde.Framework.Testing.Unit.Pages.PageModelGetFileHelpersTest" assertions="3" time="0.048919"/>
        <testcase name="Markdown page files helper returns markdown page array" file="Page Model Get File Helpers (Hyde\Framework\Testing\Unit\Pages\PageModelGetFileHelpers)::Markdown page files helper returns markdown page array" class="Hyde\Framework\Testing\Unit\Pages\PageModelGetFileHelpersTest" classname="Hyde.Framework.Testing.Unit.Pages.PageModelGetFileHelpersTest" assertions="3" time="0.010198"/>
        <testcase name="Markdown post files helper returns markdown post array" file="Page Model Get File Helpers (Hyde\Framework\Testing\Unit\Pages\PageModelGetFileHelpers)::Markdown post files helper returns markdown post array" class="Hyde\Framework\Testing\Unit\Pages\PageModelGetFileHelpersTest" classname="Hyde.Framework.Testing.Unit.Pages.PageModelGetFileHelpersTest" assertions="3" time="0.009604"/>
        <testcase name="Documentation page files helper returns documentation page array" file="Page Model Get File Helpers (Hyde\Framework\Testing\Unit\Pages\PageModelGetFileHelpers)::Documentation page files helper returns documentation page array" class="Hyde\Framework\Testing\Unit\Pages\PageModelGetFileHelpersTest" classname="Hyde.Framework.Testing.Unit.Pages.PageModelGetFileHelpersTest" assertions="3" time="0.009233"/>
        <testcase name="Blade page all helper returns blade page collection" file="Page Model Get File Helpers (Hyde\Framework\Testing\Unit\Pages\PageModelGetFileHelpers)::Blade page all helper returns blade page collection" class="Hyde\Framework\Testing\Unit\Pages\PageModelGetFileHelpersTest" classname="Hyde.Framework.Testing.Unit.Pages.PageModelGetFileHelpersTest" assertions="3" time="0.008653"/>
        <testcase name="Markdown page all helper returns markdown page collection" file="Page Model Get File Helpers (Hyde\Framework\Testing\Unit\Pages\PageModelGetFileHelpers)::Markdown page all helper returns markdown page collection" class="Hyde\Framework\Testing\Unit\Pages\PageModelGetFileHelpersTest" classname="Hyde.Framework.Testing.Unit.Pages.PageModelGetFileHelpersTest" assertions="3" time="0.008874"/>
        <testcase name="Markdown post all helper returns markdown post collection" file="Page Model Get File Helpers (Hyde\Framework\Testing\Unit\Pages\PageModelGetFileHelpers)::Markdown post all helper returns markdown post collection" class="Hyde\Framework\Testing\Unit\Pages\PageModelGetFileHelpersTest" classname="Hyde.Framework.Testing.Unit.Pages.PageModelGetFileHelpersTest" assertions="3" time="0.009144"/>
        <testcase name="Documentation page all helper returns documentation page collection" file="Page Model Get File Helpers (Hyde\Framework\Testing\Unit\Pages\PageModelGetFileHelpers)::Documentation page all helper returns documentation page collection" class="Hyde\Framework\Testing\Unit\Pages\PageModelGetFileHelpersTest" classname="Hyde.Framework.Testing.Unit.Pages.PageModelGetFileHelpersTest" assertions="3" time="0.008924"/>
      </testsuite>
      <testsuite name="Hyde\Framework\Testing\Unit\Pages\PageModelParseHelperTest" file="Page Model Parse Helper (Hyde\Framework\Testing\Unit\Pages\PageModelParseHelper)" tests="4" assertions="12" errors="0" failures="0" skipped="0" time="0.030460">
        <testcase name="Blade page get helper returns blade page object" file="Page Model Parse Helper (Hyde\Framework\Testing\Unit\Pages\PageModelParseHelper)::Blade page get helper returns blade page object" class="Hyde\Framework\Testing\Unit\Pages\PageModelParseHelperTest" classname="Hyde.Framework.Testing.Unit.Pages.PageModelParseHelperTest" assertions="3" time="0.017140"/>
        <testcase name="Markdown page get helper returns markdown page object" file="Page Model Parse Helper (Hyde\Framework\Testing\Unit\Pages\PageModelParseHelper)::Markdown page get helper returns markdown page object" class="Hyde\Framework\Testing\Unit\Pages\PageModelParseHelperTest" classname="Hyde.Framework.Testing.Unit.Pages.PageModelParseHelperTest" assertions="3" time="0.004291"/>
        <testcase name="Markdown post get helper returns markdown post object" file="Page Model Parse Helper (Hyde\Framework\Testing\Unit\Pages\PageModelParseHelper)::Markdown post get helper returns markdown post object" class="Hyde\Framework\Testing\Unit\Pages\PageModelParseHelperTest" classname="Hyde.Framework.Testing.Unit.Pages.PageModelParseHelperTest" assertions="3" time="0.004688"/>
        <testcase name="Documentation page get helper returns documentation page object" file="Page Model Parse Helper (Hyde\Framework\Testing\Unit\Pages\PageModelParseHelper)::Documentation page get helper returns documentation page object" class="Hyde\Framework\Testing\Unit\Pages\PageModelParseHelperTest" classname="Hyde.Framework.Testing.Unit.Pages.PageModelParseHelperTest" assertions="3" time="0.004342"/>
      </testsuite>
      <testsuite name="Hyde\Framework\Testing\Unit\Pages\TestAllPageTypesHaveUnitTestsTest" file="All Page Types Have Unit Tests (Hyde\Framework\Testing\Unit\Pages\AllPageTypesHaveUnitTests)" tests="1" assertions="8" errors="0" failures="0" skipped="0" time="0.028827">
        <testcase name="All page types have unit tests" file="All Page Types Have Unit Tests (Hyde\Framework\Testing\Unit\Pages\AllPageTypesHaveUnitTests)::All page types have unit tests" class="Hyde\Framework\Testing\Unit\Pages\TestAllPageTypesHaveUnitTestsTest" classname="Hyde.Framework.Testing.Unit.Pages.TestAllPageTypesHaveUnitTestsTest" assertions="8" time="0.028827"/>
      </testsuite>
      <testsuite name="Hyde\Framework\Testing\Unit\PostAuthorTest" file="Post Author (Hyde\Framework\Testing\Unit\PostAuthor)" tests="15" assertions="26" errors="0" failures="0" skipped="0" time="0.033748">
        <testcase name="Create method creates new author model" file="Post Author (Hyde\Framework\Testing\Unit\PostAuthor)::Create method creates new author model" class="Hyde\Framework\Testing\Unit\PostAuthorTest" classname="Hyde.Framework.Testing.Unit.PostAuthorTest" assertions="1" time="0.003847"/>
        <testcase name="Create method accepts all parameters" file="Post Author (Hyde\Framework\Testing\Unit\PostAuthor)::Create method accepts all parameters" class="Hyde\Framework\Testing\Unit\PostAuthorTest" classname="Hyde.Framework.Testing.Unit.PostAuthorTest" assertions="3" time="0.002094"/>
        <testcase name="Get or create method creates new author model from string" file="Post Author (Hyde\Framework\Testing\Unit\PostAuthor)::Get or create method creates new author model from string" class="Hyde\Framework\Testing\Unit\PostAuthorTest" classname="Hyde.Framework.Testing.Unit.PostAuthorTest" assertions="1" time="0.002279"/>
        <testcase name="Get or create method creates new author model from string can find existing author" file="Post Author (Hyde\Framework\Testing\Unit\PostAuthor)::Get or create method creates new author model from string can find existing author" class="Hyde\Framework\Testing\Unit\PostAuthorTest" classname="Hyde.Framework.Testing.Unit.PostAuthorTest" assertions="1" time="0.002350"/>
        <testcase name="Get or create method creates new author model from array" file="Post Author (Hyde\Framework\Testing\Unit\PostAuthor)::Get or create method creates new author model from array" class="Hyde\Framework\Testing\Unit\PostAuthorTest" classname="Hyde.Framework.Testing.Unit.PostAuthorTest" assertions="1" time="0.002064"/>
        <testcase name="Get or create method creates new author model from array only needs username" file="Post Author (Hyde\Framework\Testing\Unit\PostAuthor)::Get or create method creates new author model from array only needs username" class="Hyde\Framework\Testing\Unit\PostAuthorTest" classname="Hyde.Framework.Testing.Unit.PostAuthorTest" assertions="1" time="0.002134"/>
        <testcase name="All method returns empty collection if no authors are set in config" file="Post Author (Hyde\Framework\Testing\Unit\PostAuthor)::All method returns empty collection if no authors are set in config" class="Hyde\Framework\Testing\Unit\PostAuthorTest" classname="Hyde.Framework.Testing.Unit.PostAuthorTest" assertions="2" time="0.002117"/>
        <testcase name="All method returns collection with all authors defined in config" file="Post Author (Hyde\Framework\Testing\Unit\PostAuthor)::All method returns collection with all authors defined in config" class="Hyde\Framework\Testing\Unit\PostAuthorTest" classname="Hyde.Framework.Testing.Unit.PostAuthorTest" assertions="3" time="0.002392"/>
        <testcase name="Multiple authors can be defined in config" file="Post Author (Hyde\Framework\Testing\Unit\PostAuthor)::Multiple authors can be defined in config" class="Hyde\Framework\Testing\Unit\PostAuthorTest" classname="Hyde.Framework.Testing.Unit.PostAuthorTest" assertions="4" time="0.002570"/>
        <testcase name="Get method returns config defined author by username" file="Post Author (Hyde\Framework\Testing\Unit\PostAuthor)::Get method returns config defined author by username" class="Hyde\Framework\Testing\Unit\PostAuthorTest" classname="Hyde.Framework.Testing.Unit.PostAuthorTest" assertions="3" time="0.002318"/>
        <testcase name="Get method returns new author if username not found in config" file="Post Author (Hyde\Framework\Testing\Unit\PostAuthor)::Get method returns new author if username not found in config" class="Hyde\Framework\Testing\Unit\PostAuthorTest" classname="Hyde.Framework.Testing.Unit.PostAuthorTest" assertions="2" time="0.002217"/>
        <testcase name="Get name helper returns name if set" file="Post Author (Hyde\Framework\Testing\Unit\PostAuthor)::Get name helper returns name if set" class="Hyde\Framework\Testing\Unit\PostAuthorTest" classname="Hyde.Framework.Testing.Unit.PostAuthorTest" assertions="1" time="0.001842"/>
        <testcase name="Get name helper returns username if name is not set" file="Post Author (Hyde\Framework\Testing\Unit\PostAuthor)::Get name helper returns username if name is not set" class="Hyde\Framework\Testing\Unit\PostAuthorTest" classname="Hyde.Framework.Testing.Unit.PostAuthorTest" assertions="1" time="0.001853"/>
        <testcase name="Name is set to username if name is not set" file="Post Author (Hyde\Framework\Testing\Unit\PostAuthor)::Name is set to username if name is not set" class="Hyde\Framework\Testing\Unit\PostAuthorTest" classname="Hyde.Framework.Testing.Unit.PostAuthorTest" assertions="1" time="0.001839"/>
        <testcase name="To string helper returns the name" file="Post Author (Hyde\Framework\Testing\Unit\PostAuthor)::To string helper returns the name" class="Hyde\Framework\Testing\Unit\PostAuthorTest" classname="Hyde.Framework.Testing.Unit.PostAuthorTest" assertions="1" time="0.001832"/>
      </testsuite>
      <testsuite name="Hyde\Framework\Testing\Unit\RelativeLinksAcrossPagesRetainsIntegrityTest" file="Relative Links Across Pages Retains Integrity (Hyde\Framework\Testing\Unit\RelativeLinksAcrossPagesRetainsIntegrity)" tests="1" assertions="18" errors="0" failures="0" skipped="0" time="0.188071">
        <testcase name="Relative links across pages retains integrity" file="Relative Links Across Pages Retains Integrity (Hyde\Framework\Testing\Unit\RelativeLinksAcrossPagesRetainsIntegrity)::Relative links across pages retains integrity" class="Hyde\Framework\Testing\Unit\RelativeLinksAcrossPagesRetainsIntegrityTest" classname="Hyde.Framework.Testing.Unit.RelativeLinksAcrossPagesRetainsIntegrityTest" assertions="18" time="0.188071"/>
      </testsuite>
      <testsuite name="Hyde\Framework\Testing\Unit\RenderHelperTest" file="Render Helper (Hyde\Framework\Testing\Unit\RenderHelper)" tests="18" assertions="44" errors="0" failures="0" skipped="0" time="0.066595">
        <testcase name="Set and get page" file="Render Helper (Hyde\Framework\Testing\Unit\RenderHelper)::Set and get page" class="Hyde\Framework\Testing\Unit\RenderHelperTest" classname="Hyde.Framework.Testing.Unit.RenderHelperTest" assertions="2" time="0.010711"/>
        <testcase name="Set page shares data to view automatically" file="Render Helper (Hyde\Framework\Testing\Unit\RenderHelper)::Set page shares data to view automatically" class="Hyde\Framework\Testing\Unit\RenderHelperTest" classname="Hyde.Framework.Testing.Unit.RenderHelperTest" assertions="2" time="0.003816"/>
        <testcase name="Get route" file="Render Helper (Hyde\Framework\Testing\Unit\RenderHelper)::Get route" class="Hyde\Framework\Testing\Unit\RenderHelperTest" classname="Hyde.Framework.Testing.Unit.RenderHelperTest" assertions="2" time="0.004045"/>
        <testcase name="Get route key" file="Render Helper (Hyde\Framework\Testing\Unit\RenderHelper)::Get route key" class="Hyde\Framework\Testing\Unit\RenderHelperTest" classname="Hyde.Framework.Testing.Unit.RenderHelperTest" assertions="2" time="0.003595"/>
        <testcase name="Share to view" file="Render Helper (Hyde\Framework\Testing\Unit\RenderHelper)::Share to view" class="Hyde\Framework\Testing\Unit\RenderHelperTest" classname="Hyde.Framework.Testing.Unit.RenderHelperTest" assertions="6" time="0.004334"/>
        <testcase name="Share route key" file="Render Helper (Hyde\Framework\Testing\Unit\RenderHelper)::Share route key" class="Hyde\Framework\Testing\Unit\RenderHelperTest" classname="Hyde.Framework.Testing.Unit.RenderHelperTest" assertions="2" time="0.002431"/>
        <testcase name="Share route" file="Render Helper (Hyde\Framework\Testing\Unit\RenderHelper)::Share route" class="Hyde\Framework\Testing\Unit\RenderHelperTest" classname="Hyde.Framework.Testing.Unit.RenderHelperTest" assertions="2" time="0.003579"/>
        <testcase name="Share page" file="Render Helper (Hyde\Framework\Testing\Unit\RenderHelper)::Share page" class="Hyde\Framework\Testing\Unit\RenderHelperTest" classname="Hyde.Framework.Testing.Unit.RenderHelperTest" assertions="2" time="0.003454"/>
        <testcase name="Share invalid property" file="Render Helper (Hyde\Framework\Testing\Unit\RenderHelper)::Share invalid property" class="Hyde\Framework\Testing\Unit\RenderHelperTest" classname="Hyde.Framework.Testing.Unit.RenderHelperTest" assertions="2" time="0.002383"/>
        <testcase name="Share invalid type" file="Render Helper (Hyde\Framework\Testing\Unit\RenderHelper)::Share invalid type" class="Hyde\Framework\Testing\Unit\RenderHelperTest" classname="Hyde.Framework.Testing.Unit.RenderHelperTest" assertions="2" time="0.002370"/>
        <testcase name="Share invalid type for property" file="Render Helper (Hyde\Framework\Testing\Unit\RenderHelper)::Share invalid type for property" class="Hyde\Framework\Testing\Unit\RenderHelperTest" classname="Hyde.Framework.Testing.Unit.RenderHelperTest" assertions="2" time="0.002355"/>
        <testcase name="Share cascades data to view" file="Render Helper (Hyde\Framework\Testing\Unit\RenderHelper)::Share cascades data to view" class="Hyde\Framework\Testing\Unit\RenderHelperTest" classname="Hyde.Framework.Testing.Unit.RenderHelperTest" assertions="2" time="0.002512"/>
        <testcase name="Clear data" file="Render Helper (Hyde\Framework\Testing\Unit\RenderHelper)::Clear data" class="Hyde\Framework\Testing\Unit\RenderHelperTest" classname="Hyde.Framework.Testing.Unit.RenderHelperTest" assertions="2" time="0.003733"/>
        <testcase name="Clear data on facade" file="Render Helper (Hyde\Framework\Testing\Unit\RenderHelper)::Clear data on facade" class="Hyde\Framework\Testing\Unit\RenderHelperTest" classname="Hyde.Framework.Testing.Unit.RenderHelperTest" assertions="2" time="0.003682"/>
        <testcase name="Clear data cascades to clear its view data" file="Render Helper (Hyde\Framework\Testing\Unit\RenderHelper)::Clear data cascades to clear its view data" class="Hyde\Framework\Testing\Unit\RenderHelperTest" classname="Hyde.Framework.Testing.Unit.RenderHelperTest" assertions="6" time="0.004408"/>
        <testcase name="Clear data does not clear other view data" file="Render Helper (Hyde\Framework\Testing\Unit\RenderHelper)::Clear data does not clear other view data" class="Hyde\Framework\Testing\Unit\RenderHelperTest" classname="Hyde.Framework.Testing.Unit.RenderHelperTest" assertions="2" time="0.002654"/>
        <testcase name="Clear data does not clear render instance from view data" file="Render Helper (Hyde\Framework\Testing\Unit\RenderHelper)::Clear data does not clear render instance from view data" class="Hyde\Framework\Testing\Unit\RenderHelperTest" classname="Hyde.Framework.Testing.Unit.RenderHelperTest" assertions="2" time="0.002551"/>
        <testcase name="To array" file="Render Helper (Hyde\Framework\Testing\Unit\RenderHelper)::To array" class="Hyde\Framework\Testing\Unit\RenderHelperTest" classname="Hyde.Framework.Testing.Unit.RenderHelperTest" assertions="2" time="0.003983"/>
      </testsuite>
      <testsuite name="Hyde\Framework\Testing\Unit\RouteKeyTest" file="Route Key (Hyde\Framework\Testing\Unit\RouteKey)" tests="12" assertions="25" errors="0" failures="0" skipped="0" time="0.040885">
        <testcase name="Make" file="Route Key (Hyde\Framework\Testing\Unit\RouteKey)::Make" class="Hyde\Framework\Testing\Unit\RouteKeyTest" classname="Hyde.Framework.Testing.Unit.RouteKeyTest" assertions="1" time="0.017650"/>
        <testcase name="Construct" file="Route Key (Hyde\Framework\Testing\Unit\RouteKey)::Construct" class="Hyde\Framework\Testing\Unit\RouteKeyTest" classname="Hyde.Framework.Testing.Unit.RouteKeyTest" assertions="1" time="0.001780"/>
        <testcase name="To string" file="Route Key (Hyde\Framework\Testing\Unit\RouteKey)::To string" class="Hyde\Framework\Testing\Unit\RouteKeyTest" classname="Hyde.Framework.Testing.Unit.RouteKeyTest" assertions="1" time="0.001811"/>
        <testcase name="Get" file="Route Key (Hyde\Framework\Testing\Unit\RouteKey)::Get" class="Hyde\Framework\Testing\Unit\RouteKeyTest" classname="Hyde.Framework.Testing.Unit.RouteKeyTest" assertions="1" time="0.001802"/>
        <testcase name="Cast" file="Route Key (Hyde\Framework\Testing\Unit\RouteKey)::Cast" class="Hyde\Framework\Testing\Unit\RouteKeyTest" classname="Hyde.Framework.Testing.Unit.RouteKeyTest" assertions="1" time="0.001789"/>
        <testcase name="Constructor values are normalized" file="Route Key (Hyde\Framework\Testing\Unit\RouteKey)::Constructor values are normalized" class="Hyde\Framework\Testing\Unit\RouteKeyTest" classname="Hyde.Framework.Testing.Unit.RouteKeyTest" assertions="3" time="0.002216"/>
        <testcase name="Static constructor values are normalized" file="Route Key (Hyde\Framework\Testing\Unit\RouteKey)::Static constructor values are normalized" class="Hyde\Framework\Testing\Unit\RouteKeyTest" classname="Hyde.Framework.Testing.Unit.RouteKeyTest" assertions="3" time="0.002211"/>
        <testcase name="From page" file="Route Key (Hyde\Framework\Testing\Unit\RouteKey)::From page" class="Hyde\Framework\Testing\Unit\RouteKeyTest" classname="Hyde.Framework.Testing.Unit.RouteKeyTest" assertions="5" time="0.002562"/>
        <testcase name="From page with nested identifier" file="Route Key (Hyde\Framework\Testing\Unit\RouteKey)::From page with nested identifier" class="Hyde\Framework\Testing\Unit\RouteKeyTest" classname="Hyde.Framework.Testing.Unit.RouteKeyTest" assertions="5" time="0.002866"/>
        <testcase name="From page with in memory page" file="Route Key (Hyde\Framework\Testing\Unit\RouteKey)::From page with in memory page" class="Hyde\Framework\Testing\Unit\RouteKeyTest" classname="Hyde.Framework.Testing.Unit.RouteKeyTest" assertions="2" time="0.002168"/>
        <testcase name="From page with custom output directory" file="Route Key (Hyde\Framework\Testing\Unit\RouteKey)::From page with custom output directory" class="Hyde\Framework\Testing\Unit\RouteKeyTest" classname="Hyde.Framework.Testing.Unit.RouteKeyTest" assertions="1" time="0.002009"/>
        <testcase name="From page with custom nested output directory" file="Route Key (Hyde\Framework\Testing\Unit\RouteKey)::From page with custom nested output directory" class="Hyde\Framework\Testing\Unit\RouteKeyTest" classname="Hyde.Framework.Testing.Unit.RouteKeyTest" assertions="1" time="0.002021"/>
      </testsuite>
      <testsuite name="Hyde\Framework\Testing\Unit\RouteNotFoundExceptionTest" file="Route Not Found Exception (Hyde\Framework\Testing\Unit\RouteNotFoundException)" tests="2" assertions="4" errors="0" failures="0" skipped="0" time="0.015138">
        <testcase name="It can be instantiated" file="Route Not Found Exception (Hyde\Framework\Testing\Unit\RouteNotFoundException)::It can be instantiated" class="Hyde\Framework\Testing\Unit\RouteNotFoundExceptionTest" classname="Hyde.Framework.Testing.Unit.RouteNotFoundExceptionTest" assertions="1" time="0.012776"/>
        <testcase name="It throws an exception when page type is not supported" file="Route Not Found Exception (Hyde\Framework\Testing\Unit\RouteNotFoundException)::It throws an exception when page type is not supported" class="Hyde\Framework\Testing\Unit\RouteNotFoundExceptionTest" classname="Hyde.Framework.Testing.Unit.RouteNotFoundExceptionTest" assertions="3" time="0.002361"/>
      </testsuite>
      <testsuite name="Hyde\Framework\Testing\Unit\RouteTest" file="Route (Hyde\Framework\Testing\Unit\Route)" tests="18" assertions="23" errors="0" failures="0" skipped="0" time="0.070402">
        <testcase name="Constructor creates route from page model" file="Route (Hyde\Framework\Testing\Unit\Route)::Constructor creates route from page model" class="Hyde\Framework\Testing\Unit\RouteTest" classname="Hyde.Framework.Testing.Unit.RouteTest" assertions="1" time="0.005962"/>
        <testcase name="Get page type returns fully qualified class name" file="Route (Hyde\Framework\Testing\Unit\Route)::Get page type returns fully qualified class name" class="Hyde\Framework\Testing\Unit\RouteTest" classname="Hyde.Framework.Testing.Unit.RouteTest" assertions="1" time="0.003230"/>
        <testcase name="Get source model returns page model" file="Route (Hyde\Framework\Testing\Unit\Route)::Get source model returns page model" class="Hyde\Framework\Testing\Unit\RouteTest" classname="Hyde.Framework.Testing.Unit.RouteTest" assertions="2" time="0.003339"/>
        <testcase name="Get route key returns page path" file="Route (Hyde\Framework\Testing\Unit\Route)::Get route key returns page path" class="Hyde\Framework\Testing\Unit\RouteTest" classname="Hyde.Framework.Testing.Unit.RouteTest" assertions="1" time="0.003213"/>
        <testcase name="Get source file path returns page source path" file="Route (Hyde\Framework\Testing\Unit\Route)::Get source file path returns page source path" class="Hyde\Framework\Testing\Unit\RouteTest" classname="Hyde.Framework.Testing.Unit.RouteTest" assertions="1" time="0.003233"/>
        <testcase name="Get output file path returns page output path" file="Route (Hyde\Framework\Testing\Unit\Route)::Get output file path returns page output path" class="Hyde\Framework\Testing\Unit\RouteTest" classname="Hyde.Framework.Testing.Unit.RouteTest" assertions="1" time="0.003213"/>
        <testcase name="Get link returns correct path for root pages" file="Route (Hyde\Framework\Testing\Unit\Route)::Get link returns correct path for root pages" class="Hyde\Framework\Testing\Unit\RouteTest" classname="Hyde.Framework.Testing.Unit.RouteTest" assertions="2" time="0.003800"/>
        <testcase name="Get link returns correct path for nested pages" file="Route (Hyde\Framework\Testing\Unit\Route)::Get link returns correct path for nested pages" class="Hyde\Framework\Testing\Unit\RouteTest" classname="Hyde.Framework.Testing.Unit.RouteTest" assertions="2" time="0.003775"/>
        <testcase name="Get link returns correct path for nested current page" file="Route (Hyde\Framework\Testing\Unit\Route)::Get link returns correct path for nested current page" class="Hyde\Framework\Testing\Unit\RouteTest" classname="Hyde.Framework.Testing.Unit.RouteTest" assertions="2" time="0.004330"/>
        <testcase name="Get link returns pretty url if enabled" file="Route (Hyde\Framework\Testing\Unit\Route)::Get link returns pretty url if enabled" class="Hyde\Framework\Testing\Unit\RouteTest" classname="Hyde.Framework.Testing.Unit.RouteTest" assertions="2" time="0.003849"/>
        <testcase name="To string is alias for get link" file="Route (Hyde\Framework\Testing\Unit\Route)::To string is alias for get link" class="Hyde\Framework\Testing\Unit\RouteTest" classname="Hyde.Framework.Testing.Unit.RouteTest" assertions="1" time="0.003587"/>
        <testcase name="Is with route returns true when true" file="Route (Hyde\Framework\Testing\Unit\Route)::Is with route returns true when true" class="Hyde\Framework\Testing\Unit\RouteTest" classname="Hyde.Framework.Testing.Unit.RouteTest" assertions="1" time="0.003381"/>
        <testcase name="Is with route returns false when false" file="Route (Hyde\Framework\Testing\Unit\Route)::Is with route returns false when false" class="Hyde\Framework\Testing\Unit\RouteTest" classname="Hyde.Framework.Testing.Unit.RouteTest" assertions="1" time="0.003782"/>
        <testcase name="Is with route key returns true when true" file="Route (Hyde\Framework\Testing\Unit\Route)::Is with route key returns true when true" class="Hyde\Framework\Testing\Unit\RouteTest" classname="Hyde.Framework.Testing.Unit.RouteTest" assertions="1" time="0.003365"/>
        <testcase name="Is with route key returns false when false" file="Route (Hyde\Framework\Testing\Unit\Route)::Is with route key returns false when false" class="Hyde\Framework\Testing\Unit\RouteTest" classname="Hyde.Framework.Testing.Unit.RouteTest" assertions="1" time="0.003348"/>
        <testcase name="Is with route key object returns true when true" file="Route (Hyde\Framework\Testing\Unit\Route)::Is with route key object returns true when true" class="Hyde\Framework\Testing\Unit\RouteTest" classname="Hyde.Framework.Testing.Unit.RouteTest" assertions="1" time="0.003359"/>
        <testcase name="Is with route key object returns true when false" file="Route (Hyde\Framework\Testing\Unit\Route)::Is with route key object returns true when false" class="Hyde\Framework\Testing\Unit\RouteTest" classname="Hyde.Framework.Testing.Unit.RouteTest" assertions="1" time="0.003362"/>
        <testcase name="To array method" file="Route (Hyde\Framework\Testing\Unit\Route)::To array method" class="Hyde\Framework\Testing\Unit\RouteTest" classname="Hyde.Framework.Testing.Unit.RouteTest" assertions="1" time="0.008274"/>
      </testsuite>
      <testsuite name="Hyde\Framework\Testing\Unit\SchemaContractsTest" file="Schema Contracts (Hyde\Framework\Testing\Unit\SchemaContracts)" tests="5" assertions="30" errors="0" failures="0" skipped="0" time="0.029777">
        <testcase name="Schemas are not accidentally changed" file="Schema Contracts (Hyde\Framework\Testing\Unit\SchemaContracts)::Schemas are not accidentally changed" class="Hyde\Framework\Testing\Unit\SchemaContractsTest" classname="Hyde.Framework.Testing.Unit.SchemaContractsTest" assertions="5" time="0.020077"/>
        <testcase name="All schemas are tested" file="Schema Contracts (Hyde\Framework\Testing\Unit\SchemaContracts)::All schemas are tested" class="Hyde\Framework\Testing\Unit\SchemaContractsTest" classname="Hyde.Framework.Testing.Unit.SchemaContractsTest" assertions="3" time="0.002420"/>
        <testcase name="All schemas extend front matter schema interface" file="Schema Contracts (Hyde\Framework\Testing\Unit\SchemaContracts)::All schemas extend front matter schema interface" class="Hyde\Framework\Testing\Unit\SchemaContractsTest" classname="Hyde.Framework.Testing.Unit.SchemaContractsTest" assertions="5" time="0.002041"/>
        <testcase name="All schemas have constant matching their interface name" file="Schema Contracts (Hyde\Framework\Testing\Unit\SchemaContracts)::All schemas have constant matching their interface name" class="Hyde\Framework\Testing\Unit\SchemaContractsTest" classname="Hyde.Framework.Testing.Unit.SchemaContractsTest" assertions="5" time="0.002093"/>
        <testcase name="Each interface only has one schema" file="Schema Contracts (Hyde\Framework\Testing\Unit\SchemaContracts)::Each interface only has one schema" class="Hyde\Framework\Testing\Unit\SchemaContractsTest" classname="Hyde.Framework.Testing.Unit.SchemaContractsTest" assertions="12" time="0.003145"/>
      </testsuite>
      <testsuite name="Hyde\Framework\Testing\Unit\SerializableContractTest" file="Serializable Contract (Hyde\Framework\Testing\Unit\SerializableContract)" tests="4" assertions="4" errors="0" failures="0" skipped="0" time="0.011815">
        <testcase name="Interface" file="Serializable Contract (Hyde\Framework\Testing\Unit\SerializableContract)::Interface" class="Hyde\Framework\Testing\Unit\SerializableContractTest" classname="Hyde.Framework.Testing.Unit.SerializableContractTest" assertions="1" time="0.006921"/>
        <testcase name="Interface extends json serializable" file="Serializable Contract (Hyde\Framework\Testing\Unit\SerializableContract)::Interface extends json serializable" class="Hyde\Framework\Testing\Unit\SerializableContractTest" classname="Hyde.Framework.Testing.Unit.SerializableContractTest" assertions="1" time="0.001631"/>
        <testcase name="Interface extends arrayable" file="Serializable Contract (Hyde\Framework\Testing\Unit\SerializableContract)::Interface extends arrayable" class="Hyde\Framework\Testing\Unit\SerializableContractTest" classname="Hyde.Framework.Testing.Unit.SerializableContractTest" assertions="1" time="0.001619"/>
        <testcase name="Interface extends jsonable" file="Serializable Contract (Hyde\Framework\Testing\Unit\SerializableContract)::Interface extends jsonable" class="Hyde\Framework\Testing\Unit\SerializableContractTest" classname="Hyde.Framework.Testing.Unit.SerializableContractTest" assertions="1" time="0.001643"/>
      </testsuite>
      <testsuite name="Hyde\Framework\Testing\Unit\SerializableTest" file="Serializable (Hyde\Framework\Testing\Unit\Serializable)" tests="9" assertions="9" errors="0" failures="0" skipped="0" time="0.022512">
        <testcase name="To array" file="Serializable (Hyde\Framework\Testing\Unit\Serializable)::To array" class="Hyde\Framework\Testing\Unit\SerializableTest" classname="Hyde.Framework.Testing.Unit.SerializableTest" assertions="1" time="0.006146"/>
        <testcase name="Json serialize" file="Serializable (Hyde\Framework\Testing\Unit\Serializable)::Json serialize" class="Hyde\Framework\Testing\Unit\SerializableTest" classname="Hyde.Framework.Testing.Unit.SerializableTest" assertions="1" time="0.002104"/>
        <testcase name="To json" file="Serializable (Hyde\Framework\Testing\Unit\Serializable)::To json" class="Hyde\Framework\Testing\Unit\SerializableTest" classname="Hyde.Framework.Testing.Unit.SerializableTest" assertions="1" time="0.001964"/>
        <testcase name="Json encode" file="Serializable (Hyde\Framework\Testing\Unit\Serializable)::Json encode" class="Hyde\Framework\Testing\Unit\SerializableTest" classname="Hyde.Framework.Testing.Unit.SerializableTest" assertions="1" time="0.001943"/>
        <testcase name="Serialize" file="Serializable (Hyde\Framework\Testing\Unit\Serializable)::Serialize" class="Hyde\Framework\Testing\Unit\SerializableTest" classname="Hyde.Framework.Testing.Unit.SerializableTest" assertions="1" time="0.002029"/>
        <testcase name="Serialize with arrayable" file="Serializable (Hyde\Framework\Testing\Unit\Serializable)::Serialize with arrayable" class="Hyde\Framework\Testing\Unit\SerializableTest" classname="Hyde.Framework.Testing.Unit.SerializableTest" assertions="1" time="0.002147"/>
        <testcase name="Json serialize with arrayable" file="Serializable (Hyde\Framework\Testing\Unit\Serializable)::Json serialize with arrayable" class="Hyde\Framework\Testing\Unit\SerializableTest" classname="Hyde.Framework.Testing.Unit.SerializableTest" assertions="1" time="0.002141"/>
        <testcase name="To json with arrayable" file="Serializable (Hyde\Framework\Testing\Unit\Serializable)::To json with arrayable" class="Hyde\Framework\Testing\Unit\SerializableTest" classname="Hyde.Framework.Testing.Unit.SerializableTest" assertions="1" time="0.001984"/>
        <testcase name="Automatically serialization" file="Serializable (Hyde\Framework\Testing\Unit\Serializable)::Automatically serialization" class="Hyde\Framework\Testing\Unit\SerializableTest" classname="Hyde.Framework.Testing.Unit.SerializableTest" assertions="1" time="0.002054"/>
      </testsuite>
      <testsuite name="Hyde\Framework\Testing\Unit\ServeCommandOptionsUnitTest" file="Serve Command Options Unit (Hyde\Framework\Testing\Unit\ServeCommandOptionsUnit)" tests="30" assertions="62" errors="0" failures="0" skipped="0" time="0.118444">
        <testcase name="Get host selection" file="Serve Command Options Unit (Hyde\Framework\Testing\Unit\ServeCommandOptionsUnit)::Get host selection" class="Hyde\Framework\Testing\Unit\ServeCommandOptionsUnitTest" classname="Hyde.Framework.Testing.Unit.ServeCommandOptionsUnitTest" assertions="1" time="0.012017"/>
        <testcase name="Get host selection with host option" file="Serve Command Options Unit (Hyde\Framework\Testing\Unit\ServeCommandOptionsUnit)::Get host selection with host option" class="Hyde\Framework\Testing\Unit\ServeCommandOptionsUnitTest" classname="Hyde.Framework.Testing.Unit.ServeCommandOptionsUnitTest" assertions="1" time="0.002818"/>
        <testcase name="Get host selection with config option" file="Serve Command Options Unit (Hyde\Framework\Testing\Unit\ServeCommandOptionsUnit)::Get host selection with config option" class="Hyde\Framework\Testing\Unit\ServeCommandOptionsUnitTest" classname="Hyde.Framework.Testing.Unit.ServeCommandOptionsUnitTest" assertions="1" time="0.002894"/>
        <testcase name="Get host selection with host option and config option" file="Serve Command Options Unit (Hyde\Framework\Testing\Unit\ServeCommandOptionsUnit)::Get host selection with host option and config option" class="Hyde\Framework\Testing\Unit\ServeCommandOptionsUnitTest" classname="Hyde.Framework.Testing.Unit.ServeCommandOptionsUnitTest" assertions="1" time="0.002887"/>
        <testcase name="Get port selection" file="Serve Command Options Unit (Hyde\Framework\Testing\Unit\ServeCommandOptionsUnit)::Get port selection" class="Hyde\Framework\Testing\Unit\ServeCommandOptionsUnitTest" classname="Hyde.Framework.Testing.Unit.ServeCommandOptionsUnitTest" assertions="1" time="0.002817"/>
        <testcase name="Get port selection with port option" file="Serve Command Options Unit (Hyde\Framework\Testing\Unit\ServeCommandOptionsUnit)::Get port selection with port option" class="Hyde\Framework\Testing\Unit\ServeCommandOptionsUnitTest" classname="Hyde.Framework.Testing.Unit.ServeCommandOptionsUnitTest" assertions="1" time="0.002849"/>
        <testcase name="Get port selection with config option" file="Serve Command Options Unit (Hyde\Framework\Testing\Unit\ServeCommandOptionsUnit)::Get port selection with config option" class="Hyde\Framework\Testing\Unit\ServeCommandOptionsUnitTest" classname="Hyde.Framework.Testing.Unit.ServeCommandOptionsUnitTest" assertions="1" time="0.002903"/>
        <testcase name="Get port selection with port option and config option" file="Serve Command Options Unit (Hyde\Framework\Testing\Unit\ServeCommandOptionsUnit)::Get port selection with port option and config option" class="Hyde\Framework\Testing\Unit\ServeCommandOptionsUnitTest" classname="Hyde.Framework.Testing.Unit.ServeCommandOptionsUnitTest" assertions="1" time="0.002867"/>
        <testcase name="Get environment variables" file="Serve Command Options Unit (Hyde\Framework\Testing\Unit\ServeCommandOptionsUnit)::Get environment variables" class="Hyde\Framework\Testing\Unit\ServeCommandOptionsUnitTest" classname="Hyde.Framework.Testing.Unit.ServeCommandOptionsUnitTest" assertions="1" time="0.002928"/>
        <testcase name="Get environment variables with no ansi option" file="Serve Command Options Unit (Hyde\Framework\Testing\Unit\ServeCommandOptionsUnit)::Get environment variables with no ansi option" class="Hyde\Framework\Testing\Unit\ServeCommandOptionsUnitTest" classname="Hyde.Framework.Testing.Unit.ServeCommandOptionsUnitTest" assertions="1" time="0.002953"/>
        <testcase name="Save preview option propagates to environment variables" file="Serve Command Options Unit (Hyde\Framework\Testing\Unit\ServeCommandOptionsUnit)::Save preview option propagates to environment variables" class="Hyde\Framework\Testing\Unit\ServeCommandOptionsUnitTest" classname="Hyde.Framework.Testing.Unit.ServeCommandOptionsUnitTest" assertions="5" time="0.004160"/>
        <testcase name="Dashboard option propagates to environment variables" file="Serve Command Options Unit (Hyde\Framework\Testing\Unit\ServeCommandOptionsUnit)::Dashboard option propagates to environment variables" class="Hyde\Framework\Testing\Unit\ServeCommandOptionsUnitTest" classname="Hyde.Framework.Testing.Unit.ServeCommandOptionsUnitTest" assertions="5" time="0.004130"/>
        <testcase name="Pretty urls option propagates to environment variables" file="Serve Command Options Unit (Hyde\Framework\Testing\Unit\ServeCommandOptionsUnit)::Pretty urls option propagates to environment variables" class="Hyde\Framework\Testing\Unit\ServeCommandOptionsUnitTest" classname="Hyde.Framework.Testing.Unit.ServeCommandOptionsUnitTest" assertions="5" time="0.004123"/>
        <testcase name="Play cdn option propagates to environment variables" file="Serve Command Options Unit (Hyde\Framework\Testing\Unit\ServeCommandOptionsUnit)::Play cdn option propagates to environment variables" class="Hyde\Framework\Testing\Unit\ServeCommandOptionsUnitTest" classname="Hyde.Framework.Testing.Unit.ServeCommandOptionsUnitTest" assertions="5" time="0.005366"/>
        <testcase name="Parse environment option" file="Serve Command Options Unit (Hyde\Framework\Testing\Unit\ServeCommandOptionsUnit)::Parse environment option" class="Hyde\Framework\Testing\Unit\ServeCommandOptionsUnitTest" classname="Hyde.Framework.Testing.Unit.ServeCommandOptionsUnitTest" assertions="2" time="0.003176"/>
        <testcase name="Parse environment option with empty string" file="Serve Command Options Unit (Hyde\Framework\Testing\Unit\ServeCommandOptionsUnit)::Parse environment option with empty string" class="Hyde\Framework\Testing\Unit\ServeCommandOptionsUnitTest" classname="Hyde.Framework.Testing.Unit.ServeCommandOptionsUnitTest" assertions="1" time="0.002853"/>
        <testcase name="Parse environment option with null" file="Serve Command Options Unit (Hyde\Framework\Testing\Unit\ServeCommandOptionsUnit)::Parse environment option with null" class="Hyde\Framework\Testing\Unit\ServeCommandOptionsUnitTest" classname="Hyde.Framework.Testing.Unit.ServeCommandOptionsUnitTest" assertions="1" time="0.002855"/>
        <testcase name="Parse environment option with invalid value" file="Serve Command Options Unit (Hyde\Framework\Testing\Unit\ServeCommandOptionsUnit)::Parse environment option with invalid value" class="Hyde\Framework\Testing\Unit\ServeCommandOptionsUnitTest" classname="Hyde.Framework.Testing.Unit.ServeCommandOptionsUnitTest" assertions="2" time="0.003001"/>
        <testcase name="Check argv for option" file="Serve Command Options Unit (Hyde\Framework\Testing\Unit\ServeCommandOptionsUnit)::Check argv for option" class="Hyde\Framework\Testing\Unit\ServeCommandOptionsUnitTest" classname="Hyde.Framework.Testing.Unit.ServeCommandOptionsUnitTest" assertions="2" time="0.002892"/>
        <testcase name="With open argument" file="Serve Command Options Unit (Hyde\Framework\Testing\Unit\ServeCommandOptionsUnit)::With open argument" class="Hyde\Framework\Testing\Unit\ServeCommandOptionsUnitTest" classname="Hyde.Framework.Testing.Unit.ServeCommandOptionsUnitTest" assertions="1" time="0.003209"/>
        <testcase name="With open argument when string" file="Serve Command Options Unit (Hyde\Framework\Testing\Unit\ServeCommandOptionsUnit)::With open argument when string" class="Hyde\Framework\Testing\Unit\ServeCommandOptionsUnitTest" classname="Hyde.Framework.Testing.Unit.ServeCommandOptionsUnitTest" assertions="1" time="0.003161"/>
        <testcase name="With open argument when path" file="Serve Command Options Unit (Hyde\Framework\Testing\Unit\ServeCommandOptionsUnit)::With open argument when path" class="Hyde\Framework\Testing\Unit\ServeCommandOptionsUnitTest" classname="Hyde.Framework.Testing.Unit.ServeCommandOptionsUnitTest" assertions="1" time="0.003166"/>
        <testcase name="Open in browser" file="Serve Command Options Unit (Hyde\Framework\Testing\Unit\ServeCommandOptionsUnit)::Open in browser" class="Hyde\Framework\Testing\Unit\ServeCommandOptionsUnitTest" classname="Hyde.Framework.Testing.Unit.ServeCommandOptionsUnitTest" assertions="4" time="0.014404"/>
        <testcase name="Open in browser with path" file="Serve Command Options Unit (Hyde\Framework\Testing\Unit\ServeCommandOptionsUnit)::Open in browser with path" class="Hyde\Framework\Testing\Unit\ServeCommandOptionsUnitTest" classname="Hyde.Framework.Testing.Unit.ServeCommandOptionsUnitTest" assertions="3" time="0.003145"/>
        <testcase name="Open in browser with path normalizes paths" file="Serve Command Options Unit (Hyde\Framework\Testing\Unit\ServeCommandOptionsUnit)::Open in browser with path normalizes paths" class="Hyde\Framework\Testing\Unit\ServeCommandOptionsUnitTest" classname="Hyde.Framework.Testing.Unit.ServeCommandOptionsUnitTest" assertions="3" time="0.004552"/>
        <testcase name="Open in browser that fails" file="Serve Command Options Unit (Hyde\Framework\Testing\Unit\ServeCommandOptionsUnit)::Open in browser that fails" class="Hyde\Framework\Testing\Unit\ServeCommandOptionsUnitTest" classname="Hyde.Framework.Testing.Unit.ServeCommandOptionsUnitTest" assertions="7" time="0.005144"/>
        <testcase name="Get open command for windows" file="Serve Command Options Unit (Hyde\Framework\Testing\Unit\ServeCommandOptionsUnit)::Get open command for windows" class="Hyde\Framework\Testing\Unit\ServeCommandOptionsUnitTest" classname="Hyde.Framework.Testing.Unit.ServeCommandOptionsUnitTest" assertions="1" time="0.002845"/>
        <testcase name="Get open command for darwin" file="Serve Command Options Unit (Hyde\Framework\Testing\Unit\ServeCommandOptionsUnit)::Get open command for darwin" class="Hyde\Framework\Testing\Unit\ServeCommandOptionsUnitTest" classname="Hyde.Framework.Testing.Unit.ServeCommandOptionsUnitTest" assertions="1" time="0.002768"/>
        <testcase name="Get open command for linux" file="Serve Command Options Unit (Hyde\Framework\Testing\Unit\ServeCommandOptionsUnit)::Get open command for linux" class="Hyde\Framework\Testing\Unit\ServeCommandOptionsUnitTest" classname="Hyde.Framework.Testing.Unit.ServeCommandOptionsUnitTest" assertions="1" time="0.002797"/>
        <testcase name="Get open command for unknown o s" file="Serve Command Options Unit (Hyde\Framework\Testing\Unit\ServeCommandOptionsUnit)::Get open command for unknown o s" class="Hyde\Framework\Testing\Unit\ServeCommandOptionsUnitTest" classname="Hyde.Framework.Testing.Unit.ServeCommandOptionsUnitTest" assertions="1" time="0.002763"/>
      </testsuite>
      <testsuite name="Hyde\Framework\Testing\Unit\SourceFilesInCustomDirectoriesCanBeCompiledTest" file="Source Files In Custom Directories Can Be Compiled (Hyde\Framework\Testing\Unit\SourceFilesInCustomDirectoriesCanBeCompiled)" tests="4" assertions="4" errors="0" failures="0" skipped="0" time="0.188267">
        <testcase name="Markdown posts in changed directory can be compiled" file="Source Files In Custom Directories Can Be Compiled (Hyde\Framework\Testing\Unit\SourceFilesInCustomDirectoriesCanBeCompiled)::Markdown posts in changed directory can be compiled" class="Hyde\Framework\Testing\Unit\SourceFilesInCustomDirectoriesCanBeCompiledTest" classname="Hyde.Framework.Testing.Unit.SourceFilesInCustomDirectoriesCanBeCompiledTest" assertions="1" time="0.071472"/>
        <testcase name="Markdown pages in changed directory can be compiled" file="Source Files In Custom Directories Can Be Compiled (Hyde\Framework\Testing\Unit\SourceFilesInCustomDirectoriesCanBeCompiled)::Markdown pages in changed directory can be compiled" class="Hyde\Framework\Testing\Unit\SourceFilesInCustomDirectoriesCanBeCompiledTest" classname="Hyde.Framework.Testing.Unit.SourceFilesInCustomDirectoriesCanBeCompiledTest" assertions="1" time="0.041323"/>
        <testcase name="Documentation pages in changed directory can be compiled" file="Source Files In Custom Directories Can Be Compiled (Hyde\Framework\Testing\Unit\SourceFilesInCustomDirectoriesCanBeCompiled)::Documentation pages in changed directory can be compiled" class="Hyde\Framework\Testing\Unit\SourceFilesInCustomDirectoriesCanBeCompiledTest" classname="Hyde.Framework.Testing.Unit.SourceFilesInCustomDirectoriesCanBeCompiledTest" assertions="1" time="0.045165"/>
        <testcase name="Blade pages in changed directory can be compiled" file="Source Files In Custom Directories Can Be Compiled (Hyde\Framework\Testing\Unit\SourceFilesInCustomDirectoriesCanBeCompiled)::Blade pages in changed directory can be compiled" class="Hyde\Framework\Testing\Unit\SourceFilesInCustomDirectoriesCanBeCompiledTest" classname="Hyde.Framework.Testing.Unit.SourceFilesInCustomDirectoriesCanBeCompiledTest" assertions="1" time="0.030307"/>
      </testsuite>
      <testsuite name="Hyde\Framework\Testing\Unit\TestBuildStaticSiteCommandFlagToEnablePrettyUrlsTest" file="Build Static Site Command Flag To Enable Pretty Urls (Hyde\Framework\Testing\Unit\BuildStaticSiteCommandFlagToEnablePrettyUrls)" tests="2" assertions="4" errors="0" failures="0" skipped="0" time="0.070488">
        <testcase name="Pretty urls can be enabled with flag" file="Build Static Site Command Flag To Enable Pretty Urls (Hyde\Framework\Testing\Unit\BuildStaticSiteCommandFlagToEnablePrettyUrls)::Pretty urls can be enabled with flag" class="Hyde\Framework\Testing\Unit\TestBuildStaticSiteCommandFlagToEnablePrettyUrlsTest" classname="Hyde.Framework.Testing.Unit.TestBuildStaticSiteCommandFlagToEnablePrettyUrlsTest" assertions="3" time="0.048466"/>
        <testcase name="Config change is not persisted" file="Build Static Site Command Flag To Enable Pretty Urls (Hyde\Framework\Testing\Unit\BuildStaticSiteCommandFlagToEnablePrettyUrls)::Config change is not persisted" class="Hyde\Framework\Testing\Unit\TestBuildStaticSiteCommandFlagToEnablePrettyUrlsTest" classname="Hyde.Framework.Testing.Unit.TestBuildStaticSiteCommandFlagToEnablePrettyUrlsTest" assertions="1" time="0.022023"/>
      </testsuite>
      <testsuite name="Hyde\Framework\Testing\Unit\TestingSupportHelpersMetaTest" file="ing Support Helpers Meta (Hyde\Framework\Testing\Unit\ingSupportHelpersMeta)" tests="7" assertions="33" errors="0" failures="0" skipped="0" time="0.017765">
        <testcase name="With pages" file="ing Support Helpers Meta (Hyde\Framework\Testing\Unit\ingSupportHelpersMeta)::With pages" class="Hyde\Framework\Testing\Unit\TestingSupportHelpersMetaTest" classname="Hyde.Framework.Testing.Unit.TestingSupportHelpersMetaTest" assertions="2" time="0.004728"/>
        <testcase name="With pages replaces existing pages" file="ing Support Helpers Meta (Hyde\Framework\Testing\Unit\ingSupportHelpersMeta)::With pages replaces existing pages" class="Hyde\Framework\Testing\Unit\TestingSupportHelpersMetaTest" classname="Hyde.Framework.Testing.Unit.TestingSupportHelpersMetaTest" assertions="2" time="0.004093"/>
        <testcase name="With pages replaces existing routes" file="ing Support Helpers Meta (Hyde\Framework\Testing\Unit\ingSupportHelpersMeta)::With pages replaces existing routes" class="Hyde\Framework\Testing\Unit\TestingSupportHelpersMetaTest" classname="Hyde.Framework.Testing.Unit.TestingSupportHelpersMetaTest" assertions="2" time="0.004092"/>
        <testcase name="With pages when supplying strings" file="ing Support Helpers Meta (Hyde\Framework\Testing\Unit\ingSupportHelpersMeta)::With pages when supplying strings" class="Hyde\Framework\Testing\Unit\TestingSupportHelpersMetaTest" classname="Hyde.Framework.Testing.Unit.TestingSupportHelpersMetaTest" assertions="3" time="0.002694"/>
        <testcase name="Assert all same asserts all values are the same" file="ing Support Helpers Meta (Hyde\Framework\Testing\Unit\ingSupportHelpersMeta)::Assert all same asserts all values are the same" class="Hyde\Framework\Testing\Unit\TestingSupportHelpersMetaTest" classname="Hyde.Framework.Testing.Unit.TestingSupportHelpersMetaTest" assertions="12" time="0.000843"/>
        <testcase name="Assert all same fails when values are not equal" file="ing Support Helpers Meta (Hyde\Framework\Testing\Unit\ingSupportHelpersMeta)::Assert all same fails when values are not equal" class="Hyde\Framework\Testing\Unit\TestingSupportHelpersMetaTest" classname="Hyde.Framework.Testing.Unit.TestingSupportHelpersMetaTest" assertions="9" time="0.000851"/>
        <testcase name="Assert all same fails when values are not identical" file="ing Support Helpers Meta (Hyde\Framework\Testing\Unit\ingSupportHelpersMeta)::Assert all same fails when values are not identical" class="Hyde\Framework\Testing\Unit\TestingSupportHelpersMetaTest" classname="Hyde.Framework.Testing.Unit.TestingSupportHelpersMetaTest" assertions="3" time="0.000464"/>
      </testsuite>
      <testsuite name="Hyde\Framework\Testing\Unit\TracksExecutionTimeTest" file="Tracks Execution Time (Hyde\Framework\Testing\Unit\TracksExecutionTime)" tests="4" assertions="10" errors="0" failures="0" skipped="0" time="0.014350">
        <testcase name="Start clock" file="Tracks Execution Time (Hyde\Framework\Testing\Unit\TracksExecutionTime)::Start clock" class="Hyde\Framework\Testing\Unit\TracksExecutionTimeTest" classname="Hyde.Framework.Testing.Unit.TracksExecutionTimeTest" assertions="4" time="0.008507"/>
        <testcase name="Stop clock" file="Tracks Execution Time (Hyde\Framework\Testing\Unit\TracksExecutionTime)::Stop clock" class="Hyde\Framework\Testing\Unit\TracksExecutionTimeTest" classname="Hyde.Framework.Testing.Unit.TracksExecutionTimeTest" assertions="2" time="0.001955"/>
        <testcase name="Get execution time in ms" file="Tracks Execution Time (Hyde\Framework\Testing\Unit\TracksExecutionTime)::Get execution time in ms" class="Hyde\Framework\Testing\Unit\TracksExecutionTimeTest" classname="Hyde.Framework.Testing.Unit.TracksExecutionTimeTest" assertions="2" time="0.001940"/>
        <testcase name="Get execution time string" file="Tracks Execution Time (Hyde\Framework\Testing\Unit\TracksExecutionTime)::Get execution time string" class="Hyde\Framework\Testing\Unit\TracksExecutionTimeTest" classname="Hyde.Framework.Testing.Unit.TracksExecutionTimeTest" assertions="2" time="0.001948"/>
      </testsuite>
      <testsuite name="Hyde\Framework\Testing\Unit\UnixsumTest" file="Unixsum (Hyde\Framework\Testing\Unit\Unixsum)" tests="10" assertions="13" errors="0" failures="0" skipped="0" time="0.023510">
        <testcase name="Method returns string" file="Unixsum (Hyde\Framework\Testing\Unit\Unixsum)::Method returns string" class="Hyde\Framework\Testing\Unit\UnixsumTest" classname="Hyde.Framework.Testing.Unit.UnixsumTest" assertions="1" time="0.006133"/>
        <testcase name="Method returns string with length of 32" file="Unixsum (Hyde\Framework\Testing\Unit\Unixsum)::Method returns string with length of 32" class="Hyde\Framework\Testing\Unit\UnixsumTest" classname="Hyde.Framework.Testing.Unit.UnixsumTest" assertions="1" time="0.001756"/>
        <testcase name="Method returns string matching expected format" file="Unixsum (Hyde\Framework\Testing\Unit\Unixsum)::Method returns string matching expected format" class="Hyde\Framework\Testing\Unit\UnixsumTest" classname="Hyde.Framework.Testing.Unit.UnixsumTest" assertions="1" time="0.001936"/>
        <testcase name="Method returns same value for same string using normal method" file="Unixsum (Hyde\Framework\Testing\Unit\Unixsum)::Method returns same value for same string using normal method" class="Hyde\Framework\Testing\Unit\UnixsumTest" classname="Hyde.Framework.Testing.Unit.UnixsumTest" assertions="1" time="0.001758"/>
        <testcase name="Method returns different value for different string" file="Unixsum (Hyde\Framework\Testing\Unit\Unixsum)::Method returns different value for different string" class="Hyde\Framework\Testing\Unit\UnixsumTest" classname="Hyde.Framework.Testing.Unit.UnixsumTest" assertions="1" time="0.001869"/>
        <testcase name="Function is case sensitive" file="Unixsum (Hyde\Framework\Testing\Unit\Unixsum)::Function is case sensitive" class="Hyde\Framework\Testing\Unit\UnixsumTest" classname="Hyde.Framework.Testing.Unit.UnixsumTest" assertions="1" time="0.001787"/>
        <testcase name="Function is space sensitive" file="Unixsum (Hyde\Framework\Testing\Unit\Unixsum)::Function is space sensitive" class="Hyde\Framework\Testing\Unit\UnixsumTest" classname="Hyde.Framework.Testing.Unit.UnixsumTest" assertions="1" time="0.001776"/>
        <testcase name="Method returns same value regardless of end of line sequence" file="Unixsum (Hyde\Framework\Testing\Unit\Unixsum)::Method returns same value regardless of end of line sequence" class="Hyde\Framework\Testing\Unit\UnixsumTest" classname="Hyde.Framework.Testing.Unit.UnixsumTest" assertions="4" time="0.002069"/>
        <testcase name="Method returns same value for string with mixed end of line sequences" file="Unixsum (Hyde\Framework\Testing\Unit\Unixsum)::Method returns same value for string with mixed end of line sequences" class="Hyde\Framework\Testing\Unit\UnixsumTest" classname="Hyde.Framework.Testing.Unit.UnixsumTest" assertions="1" time="0.001771"/>
        <testcase name="Method returns same value when loaded from file using shorthand" file="Unixsum (Hyde\Framework\Testing\Unit\Unixsum)::Method returns same value when loaded from file using shorthand" class="Hyde\Framework\Testing\Unit\UnixsumTest" classname="Hyde.Framework.Testing.Unit.UnixsumTest" assertions="1" time="0.002656"/>
      </testsuite>
      <testsuite name="Hyde\Framework\Testing\Unit\UnsupportedPageTypeExceptionTest" file="Unsupported Page Type Exception (Hyde\Framework\Testing\Unit\UnsupportedPageTypeException)" tests="2" assertions="3" errors="0" failures="0" skipped="0" time="0.013253">
        <testcase name="It can be instantiated" file="Unsupported Page Type Exception (Hyde\Framework\Testing\Unit\UnsupportedPageTypeException)::It can be instantiated" class="Hyde\Framework\Testing\Unit\UnsupportedPageTypeExceptionTest" classname="Hyde.Framework.Testing.Unit.UnsupportedPageTypeExceptionTest" assertions="1" time="0.011222"/>
        <testcase name="It throws an exception when page type is not supported" file="Unsupported Page Type Exception (Hyde\Framework\Testing\Unit\UnsupportedPageTypeException)::It throws an exception when page type is not supported" class="Hyde\Framework\Testing\Unit\UnsupportedPageTypeExceptionTest" classname="Hyde.Framework.Testing.Unit.UnsupportedPageTypeExceptionTest" assertions="2" time="0.002031"/>
      </testsuite>
      <testsuite name="Hyde\Framework\Testing\Unit\ValidatesExistenceTest" file="Validates Existence (Hyde\Framework\Testing\Unit\ValidatesExistence)" tests="2" assertions="2" errors="0" failures="0" skipped="0" time="0.007661">
        <testcase name="Validate existence does nothing if file exists" file="Validates Existence (Hyde\Framework\Testing\Unit\ValidatesExistence)::Validate existence does nothing if file exists" class="Hyde\Framework\Testing\Unit\ValidatesExistenceTest" classname="Hyde.Framework.Testing.Unit.ValidatesExistenceTest" assertions="1" time="0.005144"/>
        <testcase name="Validate existence throws file not found exception if file does not exist" file="Validates Existence (Hyde\Framework\Testing\Unit\ValidatesExistence)::Validate existence throws file not found exception if file does not exist" class="Hyde\Framework\Testing\Unit\ValidatesExistenceTest" classname="Hyde.Framework.Testing.Unit.ValidatesExistenceTest" assertions="1" time="0.002517"/>
      </testsuite>
      <testsuite name="Hyde\Framework\Testing\Unit\ViewDiffServiceTest" file="View Diff Service (Hyde\Framework\Testing\Unit\ViewDiffService)" tests="4" assertions="8" errors="0" failures="0" skipped="0" time="0.037525">
        <testcase name="Get filecache" file="View Diff Service (Hyde\Framework\Testing\Unit\ViewDiffService)::Get filecache" class="Hyde\Framework\Testing\Unit\ViewDiffServiceTest" classname="Hyde.Framework.Testing.Unit.ViewDiffServiceTest" assertions="4" time="0.017864"/>
        <testcase name="Get checksums" file="View Diff Service (Hyde\Framework\Testing\Unit\ViewDiffService)::Get checksums" class="Hyde\Framework\Testing\Unit\ViewDiffServiceTest" classname="Hyde.Framework.Testing.Unit.ViewDiffServiceTest" assertions="2" time="0.006894"/>
        <testcase name="Checksum matches any" file="View Diff Service (Hyde\Framework\Testing\Unit\ViewDiffService)::Checksum matches any" class="Hyde\Framework\Testing\Unit\ViewDiffServiceTest" classname="Hyde.Framework.Testing.Unit.ViewDiffServiceTest" assertions="1" time="0.006497"/>
        <testcase name="Checksum matches any false" file="View Diff Service (Hyde\Framework\Testing\Unit\ViewDiffService)::Checksum matches any false" class="Hyde\Framework\Testing\Unit\ViewDiffServiceTest" classname="Hyde.Framework.Testing.Unit.ViewDiffServiceTest" assertions="1" time="0.006270"/>
      </testsuite>
      <testsuite name="Hyde\Framework\Testing\Unit\Views\ArticleExcerptViewTest" file="Article Excerpt View (Hyde\Framework\Testing\Unit\Views\ArticleExcerptView)" tests="5" assertions="10" errors="0" failures="0" skipped="0" time="0.168740">
        <testcase name="Component can be rendered" file="Article Excerpt View (Hyde\Framework\Testing\Unit\Views\ArticleExcerptView)::Component can be rendered" class="Hyde\Framework\Testing\Unit\Views\ArticleExcerptViewTest" classname="Hyde.Framework.Testing.Unit.Views.ArticleExcerptViewTest" assertions="1" time="0.038061"/>
        <testcase name="Component renders post data" file="Article Excerpt View (Hyde\Framework\Testing\Unit\Views\ArticleExcerptView)::Component renders post data" class="Hyde\Framework\Testing\Unit\Views\ArticleExcerptViewTest" classname="Hyde.Framework.Testing.Unit.Views.ArticleExcerptViewTest" assertions="5" time="0.031475"/>
        <testcase name="Component renders post with author object" file="Article Excerpt View (Hyde\Framework\Testing\Unit\Views\ArticleExcerptView)::Component renders post with author object" class="Hyde\Framework\Testing\Unit\Views\ArticleExcerptViewTest" classname="Hyde.Framework.Testing.Unit.Views.ArticleExcerptViewTest" assertions="1" time="0.037118"/>
        <testcase name="There is no comma after date string when there is no author" file="Article Excerpt View (Hyde\Framework\Testing\Unit\Views\ArticleExcerptView)::There is no comma after date string when there is no author" class="Hyde\Framework\Testing\Unit\Views\ArticleExcerptViewTest" classname="Hyde.Framework.Testing.Unit.Views.ArticleExcerptViewTest" assertions="2" time="0.031193"/>
        <testcase name="There is a comma after date string when there is a author" file="Article Excerpt View (Hyde\Framework\Testing\Unit\Views\ArticleExcerptView)::There is a comma after date string when there is a author" class="Hyde\Framework\Testing\Unit\Views\ArticleExcerptViewTest" classname="Hyde.Framework.Testing.Unit.Views.ArticleExcerptViewTest" assertions="1" time="0.030893"/>
      </testsuite>
      <testsuite name="Hyde\Framework\Testing\Unit\Views\BreadcrumbsComponentViewTest" file="Breadcrumbs Component View (Hyde\Framework\Testing\Unit\Views\BreadcrumbsComponentView)" tests="6" assertions="6" errors="0" failures="0" skipped="0" time="0.183818">
        <testcase name="Rendered blade view" file="Breadcrumbs Component View (Hyde\Framework\Testing\Unit\Views\BreadcrumbsComponentView)::Rendered blade view" class="Hyde\Framework\Testing\Unit\Views\BreadcrumbsComponentViewTest" classname="Hyde.Framework.Testing.Unit.Views.BreadcrumbsComponentViewTest" assertions="1" time="0.037748"/>
        <testcase name="Rendered blade view on index page" file="Breadcrumbs Component View (Hyde\Framework\Testing\Unit\Views\BreadcrumbsComponentView)::Rendered blade view on index page" class="Hyde\Framework\Testing\Unit\Views\BreadcrumbsComponentViewTest" classname="Hyde.Framework.Testing.Unit.Views.BreadcrumbsComponentViewTest" assertions="1" time="0.029113"/>
        <testcase name="Rendered blade view on nested page" file="Breadcrumbs Component View (Hyde\Framework\Testing\Unit\Views\BreadcrumbsComponentView)::Rendered blade view on nested page" class="Hyde\Framework\Testing\Unit\Views\BreadcrumbsComponentViewTest" classname="Hyde.Framework.Testing.Unit.Views.BreadcrumbsComponentViewTest" assertions="1" time="0.029610"/>
        <testcase name="Rendered blade view on deeply nested page" file="Breadcrumbs Component View (Hyde\Framework\Testing\Unit\Views\BreadcrumbsComponentView)::Rendered blade view on deeply nested page" class="Hyde\Framework\Testing\Unit\Views\BreadcrumbsComponentViewTest" classname="Hyde.Framework.Testing.Unit.Views.BreadcrumbsComponentViewTest" assertions="1" time="0.028857"/>
        <testcase name="Rendered blade view on nested index page" file="Breadcrumbs Component View (Hyde\Framework\Testing\Unit\Views\BreadcrumbsComponentView)::Rendered blade view on nested index page" class="Hyde\Framework\Testing\Unit\Views\BreadcrumbsComponentViewTest" classname="Hyde.Framework.Testing.Unit.Views.BreadcrumbsComponentViewTest" assertions="1" time="0.029700"/>
        <testcase name="Rendered blade view with attributes" file="Breadcrumbs Component View (Hyde\Framework\Testing\Unit\Views\BreadcrumbsComponentView)::Rendered blade view with attributes" class="Hyde\Framework\Testing\Unit\Views\BreadcrumbsComponentViewTest" classname="Hyde.Framework.Testing.Unit.Views.BreadcrumbsComponentViewTest" assertions="1" time="0.028789"/>
      </testsuite>
      <testsuite name="Hyde\Framework\Testing\Unit\Views\FeaturedImageViewTest" file="Featured Image View (Hyde\Framework\Testing\Unit\Views\FeaturedImageView)" tests="21" assertions="46" errors="0" failures="0" skipped="0" time="0.551491">
        <testcase name="The view" file="Featured Image View (Hyde\Framework\Testing\Unit\Views\FeaturedImageView)::The view" class="Hyde\Framework\Testing\Unit\Views\FeaturedImageViewTest" classname="Hyde.Framework.Testing.Unit.Views.FeaturedImageViewTest" assertions="9" time="0.038108"/>
        <testcase name="Image author attribution string" file="Featured Image View (Hyde\Framework\Testing\Unit\Views\FeaturedImageView)::Image author attribution string" class="Hyde\Framework\Testing\Unit\Views\FeaturedImageViewTest" classname="Hyde.Framework.Testing.Unit.Views.FeaturedImageViewTest" assertions="3" time="0.025399"/>
        <testcase name="Image author attribution string with url" file="Featured Image View (Hyde\Framework\Testing\Unit\Views\FeaturedImageView)::Image author attribution string with url" class="Hyde\Framework\Testing\Unit\Views\FeaturedImageViewTest" classname="Hyde.Framework.Testing.Unit.Views.FeaturedImageViewTest" assertions="5" time="0.025275"/>
        <testcase name="Copyright string" file="Featured Image View (Hyde\Framework\Testing\Unit\Views\FeaturedImageView)::Copyright string" class="Hyde\Framework\Testing\Unit\Views\FeaturedImageViewTest" classname="Hyde.Framework.Testing.Unit.Views.FeaturedImageViewTest" assertions="2" time="0.025044"/>
        <testcase name="Copyright string inverse" file="Featured Image View (Hyde\Framework\Testing\Unit\Views\FeaturedImageView)::Copyright string inverse" class="Hyde\Framework\Testing\Unit\Views\FeaturedImageViewTest" classname="Hyde.Framework.Testing.Unit.Views.FeaturedImageViewTest" assertions="1" time="0.025017"/>
        <testcase name="License string" file="Featured Image View (Hyde\Framework\Testing\Unit\Views\FeaturedImageView)::License string" class="Hyde\Framework\Testing\Unit\Views\FeaturedImageViewTest" classname="Hyde.Framework.Testing.Unit.Views.FeaturedImageViewTest" assertions="1" time="0.024706"/>
        <testcase name="License string with url" file="Featured Image View (Hyde\Framework\Testing\Unit\Views\FeaturedImageView)::License string with url" class="Hyde\Framework\Testing\Unit\Views\FeaturedImageViewTest" classname="Hyde.Framework.Testing.Unit.Views.FeaturedImageViewTest" assertions="1" time="0.025770"/>
        <testcase name="License string inverse" file="Featured Image View (Hyde\Framework\Testing\Unit\Views\FeaturedImageView)::License string inverse" class="Hyde\Framework\Testing\Unit\Views\FeaturedImageViewTest" classname="Hyde.Framework.Testing.Unit.Views.FeaturedImageViewTest" assertions="2" time="0.026228"/>
        <testcase name="License string inverse with url" file="Featured Image View (Hyde\Framework\Testing\Unit\Views\FeaturedImageView)::License string inverse with url" class="Hyde\Framework\Testing\Unit\Views\FeaturedImageViewTest" classname="Hyde.Framework.Testing.Unit.Views.FeaturedImageViewTest" assertions="2" time="0.025704"/>
        <testcase name="Fluent attribution logic uses rich html tags" file="Featured Image View (Hyde\Framework\Testing\Unit\Views\FeaturedImageView)::Fluent attribution logic uses rich html tags" class="Hyde\Framework\Testing\Unit\Views\FeaturedImageViewTest" classname="Hyde.Framework.Testing.Unit.Views.FeaturedImageViewTest" assertions="7" time="0.026023"/>
        <testcase name="Fluent attribution logic uses rich html tags" file="Featured Image View (Hyde\Framework\Testing\Unit\Views\FeaturedImageView)::Fluent attribution logic uses rich html tags" class="Hyde\Framework\Testing\Unit\Views\FeaturedImageViewTest" classname="Hyde.Framework.Testing.Unit.Views.FeaturedImageViewTest" assertions="2" time="0.025331"/>
        <testcase name="Fluent attribution logic uses rich html tags" file="Featured Image View (Hyde\Framework\Testing\Unit\Views\FeaturedImageView)::Fluent attribution logic uses rich html tags" class="Hyde\Framework\Testing\Unit\Views\FeaturedImageViewTest" classname="Hyde.Framework.Testing.Unit.Views.FeaturedImageViewTest" assertions="1" time="0.025096"/>
        <testcase name="Fluent attribution logic uses rich html tags" file="Featured Image View (Hyde\Framework\Testing\Unit\Views\FeaturedImageView)::Fluent attribution logic uses rich html tags" class="Hyde\Framework\Testing\Unit\Views\FeaturedImageViewTest" classname="Hyde.Framework.Testing.Unit.Views.FeaturedImageViewTest" assertions="1" time="0.025318"/>
        <testcase name="Fluent attribution logic uses rich html tags" file="Featured Image View (Hyde\Framework\Testing\Unit\Views\FeaturedImageView)::Fluent attribution logic uses rich html tags" class="Hyde\Framework\Testing\Unit\Views\FeaturedImageViewTest" classname="Hyde.Framework.Testing.Unit.Views.FeaturedImageViewTest" assertions="2" time="0.032803"/>
        <testcase name="Fluent attribution logic creates fluent messages 1" file="Featured Image View (Hyde\Framework\Testing\Unit\Views\FeaturedImageView)::Fluent attribution logic creates fluent messages 1" class="Hyde\Framework\Testing\Unit\Views\FeaturedImageViewTest" classname="Hyde.Framework.Testing.Unit.Views.FeaturedImageViewTest" assertions="1" time="0.025494"/>
        <testcase name="Fluent attribution logic creates fluent messages 2" file="Featured Image View (Hyde\Framework\Testing\Unit\Views\FeaturedImageView)::Fluent attribution logic creates fluent messages 2" class="Hyde\Framework\Testing\Unit\Views\FeaturedImageViewTest" classname="Hyde.Framework.Testing.Unit.Views.FeaturedImageViewTest" assertions="1" time="0.025270"/>
        <testcase name="Fluent attribution logic creates fluent messages 3" file="Featured Image View (Hyde\Framework\Testing\Unit\Views\FeaturedImageView)::Fluent attribution logic creates fluent messages 3" class="Hyde\Framework\Testing\Unit\Views\FeaturedImageViewTest" classname="Hyde.Framework.Testing.Unit.Views.FeaturedImageViewTest" assertions="1" time="0.024972"/>
        <testcase name="Fluent attribution logic creates fluent messages 4" file="Featured Image View (Hyde\Framework\Testing\Unit\Views\FeaturedImageView)::Fluent attribution logic creates fluent messages 4" class="Hyde\Framework\Testing\Unit\Views\FeaturedImageViewTest" classname="Hyde.Framework.Testing.Unit.Views.FeaturedImageViewTest" assertions="1" time="0.024958"/>
        <testcase name="Fluent attribution logic creates fluent messages 5" file="Featured Image View (Hyde\Framework\Testing\Unit\Views\FeaturedImageView)::Fluent attribution logic creates fluent messages 5" class="Hyde\Framework\Testing\Unit\Views\FeaturedImageViewTest" classname="Hyde.Framework.Testing.Unit.Views.FeaturedImageViewTest" assertions="1" time="0.024963"/>
        <testcase name="Fluent attribution logic creates fluent messages 6" file="Featured Image View (Hyde\Framework\Testing\Unit\Views\FeaturedImageView)::Fluent attribution logic creates fluent messages 6" class="Hyde\Framework\Testing\Unit\Views\FeaturedImageViewTest" classname="Hyde.Framework.Testing.Unit.Views.FeaturedImageViewTest" assertions="1" time="0.024937"/>
        <testcase name="Fluent attribution logic creates fluent messages 7" file="Featured Image View (Hyde\Framework\Testing\Unit\Views\FeaturedImageView)::Fluent attribution logic creates fluent messages 7" class="Hyde\Framework\Testing\Unit\Views\FeaturedImageViewTest" classname="Hyde.Framework.Testing.Unit.Views.FeaturedImageViewTest" assertions="1" time="0.025076"/>
      </testsuite>
      <testsuite name="Hyde\Framework\Testing\Unit\Views\HeadComponentViewTest" file="Head Component View (Hyde\Framework\Testing\Unit\Views\HeadComponentView)" tests="9" assertions="9" errors="0" failures="0" skipped="0" time="0.263901">
        <testcase name="Component can be rendered" file="Head Component View (Hyde\Framework\Testing\Unit\Views\HeadComponentView)::Component can be rendered" class="Hyde\Framework\Testing\Unit\Views\HeadComponentViewTest" classname="Hyde.Framework.Testing.Unit.Views.HeadComponentViewTest" assertions="1" time="0.057010"/>
        <testcase name="Title element uses page title" file="Head Component View (Hyde\Framework\Testing\Unit\Views\HeadComponentView)::Title element uses page title" class="Hyde\Framework\Testing\Unit\Views\HeadComponentViewTest" classname="Hyde.Framework.Testing.Unit.Views.HeadComponentViewTest" assertions="1" time="0.029594"/>
        <testcase name="Link to favicon is not added when file does not exist" file="Head Component View (Hyde\Framework\Testing\Unit\Views\HeadComponentView)::Link to favicon is not added when file does not exist" class="Hyde\Framework\Testing\Unit\Views\HeadComponentViewTest" classname="Hyde.Framework.Testing.Unit.Views.HeadComponentViewTest" assertions="1" time="0.025225"/>
        <testcase name="Link to favicon is added when file exists" file="Head Component View (Hyde\Framework\Testing\Unit\Views\HeadComponentView)::Link to favicon is added when file exists" class="Hyde\Framework\Testing\Unit\Views\HeadComponentViewTest" classname="Hyde.Framework.Testing.Unit.Views.HeadComponentViewTest" assertions="1" time="0.025844"/>
        <testcase name="Link to favicon uses relative url" file="Head Component View (Hyde\Framework\Testing\Unit\Views\HeadComponentView)::Link to favicon uses relative url" class="Hyde\Framework\Testing\Unit\Views\HeadComponentViewTest" classname="Hyde.Framework.Testing.Unit.Views.HeadComponentViewTest" assertions="1" time="0.025958"/>
        <testcase name="Component includes meta view" file="Head Component View (Hyde\Framework\Testing\Unit\Views\HeadComponentView)::Component includes meta view" class="Hyde\Framework\Testing\Unit\Views\HeadComponentViewTest" classname="Hyde.Framework.Testing.Unit.Views.HeadComponentViewTest" assertions="1" time="0.025167"/>
        <testcase name="Component includes styles view" file="Head Component View (Hyde\Framework\Testing\Unit\Views\HeadComponentView)::Component includes styles view" class="Hyde\Framework\Testing\Unit\Views\HeadComponentViewTest" classname="Hyde.Framework.Testing.Unit.Views.HeadComponentViewTest" assertions="1" time="0.024849"/>
        <testcase name="Can add head html from config hook" file="Head Component View (Hyde\Framework\Testing\Unit\Views\HeadComponentView)::Can add head html from config hook" class="Hyde\Framework\Testing\Unit\Views\HeadComponentViewTest" classname="Hyde.Framework.Testing.Unit.Views.HeadComponentViewTest" assertions="1" time="0.024916"/>
        <testcase name="Can add head html from html include" file="Head Component View (Hyde\Framework\Testing\Unit\Views\HeadComponentView)::Can add head html from html include" class="Hyde\Framework\Testing\Unit\Views\HeadComponentViewTest" classname="Hyde.Framework.Testing.Unit.Views.HeadComponentViewTest" assertions="1" time="0.025336"/>
      </testsuite>
      <testsuite name="Hyde\Framework\Testing\Unit\Views\LinkComponentViewTest" file="Link Component View (Hyde\Framework\Testing\Unit\Views\LinkComponentView)" tests="3" assertions="3" errors="0" failures="0" skipped="0" time="0.113079">
        <testcase name="Link component can be rendered" file="Link Component View (Hyde\Framework\Testing\Unit\Views\LinkComponentView)::Link component can be rendered" class="Hyde\Framework\Testing\Unit\Views\LinkComponentViewTest" classname="Hyde.Framework.Testing.Unit.Views.LinkComponentViewTest" assertions="1" time="0.042554"/>
        <testcase name="Link component can be rendered with route" file="Link Component View (Hyde\Framework\Testing\Unit\Views\LinkComponentView)::Link component can be rendered with route" class="Hyde\Framework\Testing\Unit\Views\LinkComponentViewTest" classname="Hyde.Framework.Testing.Unit.Views.LinkComponentViewTest" assertions="1" time="0.038248"/>
        <testcase name="Link component can be rendered with route for nested pages" file="Link Component View (Hyde\Framework\Testing\Unit\Views\LinkComponentView)::Link component can be rendered with route for nested pages" class="Hyde\Framework\Testing\Unit\Views\LinkComponentViewTest" classname="Hyde.Framework.Testing.Unit.Views.LinkComponentViewTest" assertions="1" time="0.032276"/>
      </testsuite>
      <testsuite name="Hyde\Framework\Testing\Unit\Views\NavigationBrandViewTest" file="Navigation Brand View (Hyde\Framework\Testing\Unit\Views\NavigationBrandView)" tests="2" assertions="3" errors="0" failures="0" skipped="0" time="0.064736">
        <testcase name="Component links to home route" file="Navigation Brand View (Hyde\Framework\Testing\Unit\Views\NavigationBrandView)::Component links to home route" class="Hyde\Framework\Testing\Unit\Views\NavigationBrandViewTest" classname="Hyde.Framework.Testing.Unit.Views.NavigationBrandViewTest" assertions="1" time="0.034192"/>
        <testcase name="Component uses site name" file="Navigation Brand View (Hyde\Framework\Testing\Unit\Views\NavigationBrandView)::Component uses site name" class="Hyde\Framework\Testing\Unit\Views\NavigationBrandViewTest" classname="Hyde.Framework.Testing.Unit.Views.NavigationBrandViewTest" assertions="2" time="0.030544"/>
      </testsuite>
      <testsuite name="Hyde\Framework\Testing\Unit\Views\NavigationLinkViewTest" file="Navigation Link View (Hyde\Framework\Testing\Unit\Views\NavigationLinkView)" tests="4" assertions="4" errors="0" failures="0" skipped="0" time="0.111899">
        <testcase name="Component links to route destination" file="Navigation Link View (Hyde\Framework\Testing\Unit\Views\NavigationLinkView)::Component links to route destination" class="Hyde\Framework\Testing\Unit\Views\NavigationLinkViewTest" classname="Hyde.Framework.Testing.Unit.Views.NavigationLinkViewTest" assertions="1" time="0.028494"/>
        <testcase name="Component uses title" file="Navigation Link View (Hyde\Framework\Testing\Unit\Views\NavigationLinkView)::Component uses title" class="Hyde\Framework\Testing\Unit\Views\NavigationLinkViewTest" classname="Hyde.Framework.Testing.Unit.Views.NavigationLinkViewTest" assertions="1" time="0.024527"/>
        <testcase name="Component is current when current route matches" file="Navigation Link View (Hyde\Framework\Testing\Unit\Views\NavigationLinkView)::Component is current when current route matches" class="Hyde\Framework\Testing\Unit\Views\NavigationLinkViewTest" classname="Hyde.Framework.Testing.Unit.Views.NavigationLinkViewTest" assertions="1" time="0.029946"/>
        <testcase name="Component has aria current when current route matches" file="Navigation Link View (Hyde\Framework\Testing\Unit\Views\NavigationLinkView)::Component has aria current when current route matches" class="Hyde\Framework\Testing\Unit\Views\NavigationLinkViewTest" classname="Hyde.Framework.Testing.Unit.Views.NavigationLinkViewTest" assertions="1" time="0.028933"/>
      </testsuite>
      <testsuite name="Hyde\Framework\Testing\Unit\Views\NavigationMenuViewTest" file="Navigation Menu View (Hyde\Framework\Testing\Unit\Views\NavigationMenuView)" tests="11" assertions="18" errors="0" failures="0" skipped="0" time="0.402665">
        <testcase name="Component can be rendered" file="Navigation Menu View (Hyde\Framework\Testing\Unit\Views\NavigationMenuView)::Component can be rendered" class="Hyde\Framework\Testing\Unit\Views\NavigationMenuViewTest" classname="Hyde.Framework.Testing.Unit.Views.NavigationMenuViewTest" assertions="1" time="0.036187"/>
        <testcase name="Component contains dark mode button" file="Navigation Menu View (Hyde\Framework\Testing\Unit\Views\NavigationMenuView)::Component contains dark mode button" class="Hyde\Framework\Testing\Unit\Views\NavigationMenuViewTest" classname="Hyde.Framework.Testing.Unit.Views.NavigationMenuViewTest" assertions="1" time="0.030008"/>
        <testcase name="Component contains navigation menu toggle button" file="Navigation Menu View (Hyde\Framework\Testing\Unit\Views\NavigationMenuView)::Component contains navigation menu toggle button" class="Hyde\Framework\Testing\Unit\Views\NavigationMenuViewTest" classname="Hyde.Framework.Testing.Unit.Views.NavigationMenuViewTest" assertions="1" time="0.030143"/>
        <testcase name="Component contains main navigation links" file="Navigation Menu View (Hyde\Framework\Testing\Unit\Views\NavigationMenuView)::Component contains main navigation links" class="Hyde\Framework\Testing\Unit\Views\NavigationMenuViewTest" classname="Hyde.Framework.Testing.Unit.Views.NavigationMenuViewTest" assertions="1" time="0.030190"/>
        <testcase name="Component contains index html link" file="Navigation Menu View (Hyde\Framework\Testing\Unit\Views\NavigationMenuView)::Component contains index html link" class="Hyde\Framework\Testing\Unit\Views\NavigationMenuViewTest" classname="Hyde.Framework.Testing.Unit.Views.NavigationMenuViewTest" assertions="1" time="0.029927"/>
        <testcase name="Component not contains 404 html link" file="Navigation Menu View (Hyde\Framework\Testing\Unit\Views\NavigationMenuView)::Component not contains 404 html link" class="Hyde\Framework\Testing\Unit\Views\NavigationMenuViewTest" classname="Hyde.Framework.Testing.Unit.Views.NavigationMenuViewTest" assertions="1" time="0.031136"/>
        <testcase name="Navigation menu with root pages" file="Navigation Menu View (Hyde\Framework\Testing\Unit\Views\NavigationMenuView)::Navigation menu with root pages" class="Hyde\Framework\Testing\Unit\Views\NavigationMenuViewTest" classname="Hyde.Framework.Testing.Unit.Views.NavigationMenuViewTest" assertions="2" time="0.038838"/>
        <testcase name="Navigation menu with dropdown pages" file="Navigation Menu View (Hyde\Framework\Testing\Unit\Views\NavigationMenuView)::Navigation menu with dropdown pages" class="Hyde\Framework\Testing\Unit\Views\NavigationMenuViewTest" classname="Hyde.Framework.Testing.Unit.Views.NavigationMenuViewTest" assertions="4" time="0.041798"/>
        <testcase name="Navigation menu with dropdown pages with root group page" file="Navigation Menu View (Hyde\Framework\Testing\Unit\Views\NavigationMenuView)::Navigation menu with dropdown pages with root group page" class="Hyde\Framework\Testing\Unit\Views\NavigationMenuViewTest" classname="Hyde.Framework.Testing.Unit.Views.NavigationMenuViewTest" assertions="4" time="0.040416"/>
        <testcase name="Navigation menu label can be changed in front matter" file="Navigation Menu View (Hyde\Framework\Testing\Unit\Views\NavigationMenuView)::Navigation menu label can be changed in front matter" class="Hyde\Framework\Testing\Unit\Views\NavigationMenuViewTest" classname="Hyde.Framework.Testing.Unit.Views.NavigationMenuViewTest" assertions="1" time="0.051304"/>
        <testcase name="Navigation menu label can be changed in blade matter" file="Navigation Menu View (Hyde\Framework\Testing\Unit\Views\NavigationMenuView)::Navigation menu label can be changed in blade matter" class="Hyde\Framework\Testing\Unit\Views\NavigationMenuViewTest" classname="Hyde.Framework.Testing.Unit.Views.NavigationMenuViewTest" assertions="1" time="0.042718"/>
      </testsuite>
      <testsuite name="Hyde\Framework\Testing\Unit\Views\ScriptsComponentViewTest" file="Scripts Component View (Hyde\Framework\Testing\Unit\Views\ScriptsComponentView)" tests="7" assertions="9" errors="0" failures="0" skipped="0" time="0.194459">
        <testcase name="Component can be rendered" file="Scripts Component View (Hyde\Framework\Testing\Unit\Views\ScriptsComponentView)::Component can be rendered" class="Hyde\Framework\Testing\Unit\Views\ScriptsComponentViewTest" classname="Hyde.Framework.Testing.Unit.Views.ScriptsComponentViewTest" assertions="1" time="0.042113"/>
        <testcase name="Component has link to app js file when it exists" file="Scripts Component View (Hyde\Framework\Testing\Unit\Views\ScriptsComponentView)::Component has link to app js file when it exists" class="Hyde\Framework\Testing\Unit\Views\ScriptsComponentViewTest" classname="Hyde.Framework.Testing.Unit.Views.ScriptsComponentViewTest" assertions="1" time="0.025898"/>
        <testcase name="Component does not render link to app js when it does not exist" file="Scripts Component View (Hyde\Framework\Testing\Unit\Views\ScriptsComponentView)::Component does not render link to app js when it does not exist" class="Hyde\Framework\Testing\Unit\Views\ScriptsComponentViewTest" classname="Hyde.Framework.Testing.Unit.Views.ScriptsComponentViewTest" assertions="1" time="0.024849"/>
        <testcase name="Component uses relative path to app js file for nested pages" file="Scripts Component View (Hyde\Framework\Testing\Unit\Views\ScriptsComponentView)::Component uses relative path to app js file for nested pages" class="Hyde\Framework\Testing\Unit\Views\ScriptsComponentViewTest" classname="Hyde.Framework.Testing.Unit.Views.ScriptsComponentViewTest" assertions="3" time="0.027378"/>
        <testcase name="Can add scripts html from config hook" file="Scripts Component View (Hyde\Framework\Testing\Unit\Views\ScriptsComponentView)::Can add scripts html from config hook" class="Hyde\Framework\Testing\Unit\Views\ScriptsComponentViewTest" classname="Hyde.Framework.Testing.Unit.Views.ScriptsComponentViewTest" assertions="1" time="0.024713"/>
        <testcase name="Can add scripts html from html include" file="Scripts Component View (Hyde\Framework\Testing\Unit\Views\ScriptsComponentView)::Can add scripts html from html include" class="Hyde\Framework\Testing\Unit\Views\ScriptsComponentViewTest" classname="Hyde.Framework.Testing.Unit.Views.ScriptsComponentViewTest" assertions="1" time="0.025463"/>
        <testcase name="Scripts can be pushed to the component scripts stack" file="Scripts Component View (Hyde\Framework\Testing\Unit\Views\ScriptsComponentView)::Scripts can be pushed to the component scripts stack" class="Hyde\Framework\Testing\Unit\Views\ScriptsComponentViewTest" classname="Hyde.Framework.Testing.Unit.Views.ScriptsComponentViewTest" assertions="1" time="0.024045"/>
      </testsuite>
      <testsuite name="Hyde\Framework\Testing\Unit\Views\StylesComponentViewTest" file="Styles Component View (Hyde\Framework\Testing\Unit\Views\StylesComponentView)" tests="9" assertions="11" errors="0" failures="0" skipped="0" time="0.237569">
        <testcase name="Component can be rendered" file="Styles Component View (Hyde\Framework\Testing\Unit\Views\StylesComponentView)::Component can be rendered" class="Hyde\Framework\Testing\Unit\Views\StylesComponentViewTest" classname="Hyde.Framework.Testing.Unit.Views.StylesComponentViewTest" assertions="1" time="0.035132"/>
        <testcase name="Component has link to app css file" file="Styles Component View (Hyde\Framework\Testing\Unit\Views\StylesComponentView)::Component has link to app css file" class="Hyde\Framework\Testing\Unit\Views\StylesComponentViewTest" classname="Hyde.Framework.Testing.Unit.Views.StylesComponentViewTest" assertions="1" time="0.024911"/>
        <testcase name="Component uses relative path to app css file for nested pages" file="Styles Component View (Hyde\Framework\Testing\Unit\Views\StylesComponentView)::Component uses relative path to app css file for nested pages" class="Hyde\Framework\Testing\Unit\Views\StylesComponentViewTest" classname="Hyde.Framework.Testing.Unit.Views.StylesComponentViewTest" assertions="3" time="0.027401"/>
        <testcase name="Component does not render link to app css when it does not exist" file="Styles Component View (Hyde\Framework\Testing\Unit\Views\StylesComponentView)::Component does not render link to app css when it does not exist" class="Hyde\Framework\Testing\Unit\Views\StylesComponentViewTest" classname="Hyde.Framework.Testing.Unit.Views.StylesComponentViewTest" assertions="1" time="0.024918"/>
        <testcase name="Styles can be pushed to the component styles stack" file="Styles Component View (Hyde\Framework\Testing\Unit\Views\StylesComponentView)::Styles can be pushed to the component styles stack" class="Hyde\Framework\Testing\Unit\Views\StylesComponentViewTest" classname="Hyde.Framework.Testing.Unit.Views.StylesComponentViewTest" assertions="1" time="0.023890"/>
        <testcase name="Component renders tailwind play cdn link when enabled in config" file="Styles Component View (Hyde\Framework\Testing\Unit\Views\StylesComponentView)::Component renders tailwind play cdn link when enabled in config" class="Hyde\Framework\Testing\Unit\Views\StylesComponentViewTest" classname="Hyde.Framework.Testing.Unit.Views.StylesComponentViewTest" assertions="1" time="0.026317"/>
        <testcase name="Component renders app cdn link when enabled in config" file="Styles Component View (Hyde\Framework\Testing\Unit\Views\StylesComponentView)::Component renders app cdn link when enabled in config" class="Hyde\Framework\Testing\Unit\Views\StylesComponentViewTest" classname="Hyde.Framework.Testing.Unit.Views.StylesComponentViewTest" assertions="1" time="0.024823"/>
        <testcase name="Component does not render link to local app css when cdn link is enabled in config" file="Styles Component View (Hyde\Framework\Testing\Unit\Views\StylesComponentView)::Component does not render link to local app css when cdn link is enabled in config" class="Hyde\Framework\Testing\Unit\Views\StylesComponentViewTest" classname="Hyde.Framework.Testing.Unit.Views.StylesComponentViewTest" assertions="1" time="0.024841"/>
        <testcase name="Component does not render cdn link when a local file exists" file="Styles Component View (Hyde\Framework\Testing\Unit\Views\StylesComponentView)::Component does not render cdn link when a local file exists" class="Hyde\Framework\Testing\Unit\Views\StylesComponentViewTest" classname="Hyde.Framework.Testing.Unit.Views.StylesComponentViewTest" assertions="1" time="0.025336"/>
      </testsuite>
    </testsuite>
    <testsuite name="FeatureFramework" tests="1316" assertions="2843" errors="0" failures="0" skipped="0" time="34.382673">
      <testsuite name="Hyde\Framework\Testing\Feature\Actions\AnonymousViewCompilerTest" file="Anonymous View Compiler (Hyde\Framework\Testing\Feature\Actions\AnonymousViewCompiler)" tests="3" assertions="4" errors="0" failures="0" skipped="0" time="0.083317">
        <testcase name="Can compile blade file" file="Anonymous View Compiler (Hyde\Framework\Testing\Feature\Actions\AnonymousViewCompiler)::Can compile blade file" class="Hyde\Framework\Testing\Feature\Actions\AnonymousViewCompilerTest" classname="Hyde.Framework.Testing.Feature.Actions.AnonymousViewCompilerTest" assertions="1" time="0.037403"/>
        <testcase name="Can compile blade file with data" file="Anonymous View Compiler (Hyde\Framework\Testing\Feature\Actions\AnonymousViewCompiler)::Can compile blade file with data" class="Hyde\Framework\Testing\Feature\Actions\AnonymousViewCompilerTest" classname="Hyde.Framework.Testing.Feature.Actions.AnonymousViewCompilerTest" assertions="1" time="0.023666"/>
        <testcase name="With missing view" file="Anonymous View Compiler (Hyde\Framework\Testing\Feature\Actions\AnonymousViewCompiler)::With missing view" class="Hyde\Framework\Testing\Feature\Actions\AnonymousViewCompilerTest" classname="Hyde.Framework.Testing.Feature.Actions.AnonymousViewCompilerTest" assertions="2" time="0.022248"/>
      </testsuite>
      <testsuite name="Hyde\Framework\Testing\Feature\Actions\ConvertsMarkdownToPlainTextTest" file="Converts Markdown To Plain Text (Hyde\Framework\Testing\Feature\Actions\ConvertsMarkdownToPlainText)" tests="28" assertions="28" errors="0" failures="0" skipped="0" time="0.625320">
        <testcase name="It removes headings" file="Converts Markdown To Plain Text (Hyde\Framework\Testing\Feature\Actions\ConvertsMarkdownToPlainText)::It removes headings" class="Hyde\Framework\Testing\Feature\Actions\ConvertsMarkdownToPlainTextTest" classname="Hyde.Framework.Testing.Feature.Actions.ConvertsMarkdownToPlainTextTest" assertions="1" time="0.026213"/>
        <testcase name="It removes headings alternate syntax" file="Converts Markdown To Plain Text (Hyde\Framework\Testing\Feature\Actions\ConvertsMarkdownToPlainText)::It removes headings alternate syntax" class="Hyde\Framework\Testing\Feature\Actions\ConvertsMarkdownToPlainTextTest" classname="Hyde.Framework.Testing.Feature.Actions.ConvertsMarkdownToPlainTextTest" assertions="1" time="0.021802"/>
        <testcase name="It removes paragraphs" file="Converts Markdown To Plain Text (Hyde\Framework\Testing\Feature\Actions\ConvertsMarkdownToPlainText)::It removes paragraphs" class="Hyde\Framework\Testing\Feature\Actions\ConvertsMarkdownToPlainTextTest" classname="Hyde.Framework.Testing.Feature.Actions.ConvertsMarkdownToPlainTextTest" assertions="1" time="0.021668"/>
        <testcase name="It removes paragraphs multiline" file="Converts Markdown To Plain Text (Hyde\Framework\Testing\Feature\Actions\ConvertsMarkdownToPlainText)::It removes paragraphs multiline" class="Hyde\Framework\Testing\Feature\Actions\ConvertsMarkdownToPlainTextTest" classname="Hyde.Framework.Testing.Feature.Actions.ConvertsMarkdownToPlainTextTest" assertions="1" time="0.021863"/>
        <testcase name="It removes linebreaks" file="Converts Markdown To Plain Text (Hyde\Framework\Testing\Feature\Actions\ConvertsMarkdownToPlainText)::It removes linebreaks" class="Hyde\Framework\Testing\Feature\Actions\ConvertsMarkdownToPlainTextTest" classname="Hyde.Framework.Testing.Feature.Actions.ConvertsMarkdownToPlainTextTest" assertions="1" time="0.021825"/>
        <testcase name="It removes bold" file="Converts Markdown To Plain Text (Hyde\Framework\Testing\Feature\Actions\ConvertsMarkdownToPlainText)::It removes bold" class="Hyde\Framework\Testing\Feature\Actions\ConvertsMarkdownToPlainTextTest" classname="Hyde.Framework.Testing.Feature.Actions.ConvertsMarkdownToPlainTextTest" assertions="1" time="0.021676"/>
        <testcase name="It removes italic" file="Converts Markdown To Plain Text (Hyde\Framework\Testing\Feature\Actions\ConvertsMarkdownToPlainText)::It removes italic" class="Hyde\Framework\Testing\Feature\Actions\ConvertsMarkdownToPlainTextTest" classname="Hyde.Framework.Testing.Feature.Actions.ConvertsMarkdownToPlainTextTest" assertions="1" time="0.021659"/>
        <testcase name="It removes bold and italic" file="Converts Markdown To Plain Text (Hyde\Framework\Testing\Feature\Actions\ConvertsMarkdownToPlainText)::It removes bold and italic" class="Hyde\Framework\Testing\Feature\Actions\ConvertsMarkdownToPlainTextTest" classname="Hyde.Framework.Testing.Feature.Actions.ConvertsMarkdownToPlainTextTest" assertions="1" time="0.021684"/>
        <testcase name="It removes blockquotes" file="Converts Markdown To Plain Text (Hyde\Framework\Testing\Feature\Actions\ConvertsMarkdownToPlainText)::It removes blockquotes" class="Hyde\Framework\Testing\Feature\Actions\ConvertsMarkdownToPlainTextTest" classname="Hyde.Framework.Testing.Feature.Actions.ConvertsMarkdownToPlainTextTest" assertions="1" time="0.021680"/>
        <testcase name="It removes blockquotes with multiple paragraphs" file="Converts Markdown To Plain Text (Hyde\Framework\Testing\Feature\Actions\ConvertsMarkdownToPlainText)::It removes blockquotes with multiple paragraphs" class="Hyde\Framework\Testing\Feature\Actions\ConvertsMarkdownToPlainTextTest" classname="Hyde.Framework.Testing.Feature.Actions.ConvertsMarkdownToPlainTextTest" assertions="1" time="0.022077"/>
        <testcase name="It removes ordered lists" file="Converts Markdown To Plain Text (Hyde\Framework\Testing\Feature\Actions\ConvertsMarkdownToPlainText)::It removes ordered lists" class="Hyde\Framework\Testing\Feature\Actions\ConvertsMarkdownToPlainTextTest" classname="Hyde.Framework.Testing.Feature.Actions.ConvertsMarkdownToPlainTextTest" assertions="1" time="0.021967"/>
        <testcase name="It removes unordered lists" file="Converts Markdown To Plain Text (Hyde\Framework\Testing\Feature\Actions\ConvertsMarkdownToPlainText)::It removes unordered lists" class="Hyde\Framework\Testing\Feature\Actions\ConvertsMarkdownToPlainTextTest" classname="Hyde.Framework.Testing.Feature.Actions.ConvertsMarkdownToPlainTextTest" assertions="1" time="0.022130"/>
        <testcase name="It removes code" file="Converts Markdown To Plain Text (Hyde\Framework\Testing\Feature\Actions\ConvertsMarkdownToPlainText)::It removes code" class="Hyde\Framework\Testing\Feature\Actions\ConvertsMarkdownToPlainTextTest" classname="Hyde.Framework.Testing.Feature.Actions.ConvertsMarkdownToPlainTextTest" assertions="1" time="0.029826"/>
        <testcase name="It removes code blocks" file="Converts Markdown To Plain Text (Hyde\Framework\Testing\Feature\Actions\ConvertsMarkdownToPlainText)::It removes code blocks" class="Hyde\Framework\Testing\Feature\Actions\ConvertsMarkdownToPlainTextTest" classname="Hyde.Framework.Testing.Feature.Actions.ConvertsMarkdownToPlainTextTest" assertions="1" time="0.022523"/>
        <testcase name="It removes horizontal rules" file="Converts Markdown To Plain Text (Hyde\Framework\Testing\Feature\Actions\ConvertsMarkdownToPlainText)::It removes horizontal rules" class="Hyde\Framework\Testing\Feature\Actions\ConvertsMarkdownToPlainTextTest" classname="Hyde.Framework.Testing.Feature.Actions.ConvertsMarkdownToPlainTextTest" assertions="1" time="0.022304"/>
        <testcase name="It removes links" file="Converts Markdown To Plain Text (Hyde\Framework\Testing\Feature\Actions\ConvertsMarkdownToPlainText)::It removes links" class="Hyde\Framework\Testing\Feature\Actions\ConvertsMarkdownToPlainTextTest" classname="Hyde.Framework.Testing.Feature.Actions.ConvertsMarkdownToPlainTextTest" assertions="1" time="0.021992"/>
        <testcase name="It removes images" file="Converts Markdown To Plain Text (Hyde\Framework\Testing\Feature\Actions\ConvertsMarkdownToPlainText)::It removes images" class="Hyde\Framework\Testing\Feature\Actions\ConvertsMarkdownToPlainTextTest" classname="Hyde.Framework.Testing.Feature.Actions.ConvertsMarkdownToPlainTextTest" assertions="1" time="0.021741"/>
        <testcase name="It removes linking images" file="Converts Markdown To Plain Text (Hyde\Framework\Testing\Feature\Actions\ConvertsMarkdownToPlainText)::It removes linking images" class="Hyde\Framework\Testing\Feature\Actions\ConvertsMarkdownToPlainTextTest" classname="Hyde.Framework.Testing.Feature.Actions.ConvertsMarkdownToPlainTextTest" assertions="1" time="0.021859"/>
        <testcase name="It removes html" file="Converts Markdown To Plain Text (Hyde\Framework\Testing\Feature\Actions\ConvertsMarkdownToPlainText)::It removes html" class="Hyde\Framework\Testing\Feature\Actions\ConvertsMarkdownToPlainTextTest" classname="Hyde.Framework.Testing.Feature.Actions.ConvertsMarkdownToPlainTextTest" assertions="1" time="0.021708"/>
        <testcase name="It removes footnotes" file="Converts Markdown To Plain Text (Hyde\Framework\Testing\Feature\Actions\ConvertsMarkdownToPlainText)::It removes footnotes" class="Hyde\Framework\Testing\Feature\Actions\ConvertsMarkdownToPlainTextTest" classname="Hyde.Framework.Testing.Feature.Actions.ConvertsMarkdownToPlainTextTest" assertions="1" time="0.021561"/>
        <testcase name="It removes footnotes alternate" file="Converts Markdown To Plain Text (Hyde\Framework\Testing\Feature\Actions\ConvertsMarkdownToPlainText)::It removes footnotes alternate" class="Hyde\Framework\Testing\Feature\Actions\ConvertsMarkdownToPlainTextTest" classname="Hyde.Framework.Testing.Feature.Actions.ConvertsMarkdownToPlainTextTest" assertions="1" time="0.022491"/>
        <testcase name="It replaces consecutively occurring newlines" file="Converts Markdown To Plain Text (Hyde\Framework\Testing\Feature\Actions\ConvertsMarkdownToPlainText)::It replaces consecutively occurring newlines" class="Hyde\Framework\Testing\Feature\Actions\ConvertsMarkdownToPlainTextTest" classname="Hyde.Framework.Testing.Feature.Actions.ConvertsMarkdownToPlainTextTest" assertions="1" time="0.022607"/>
        <testcase name="It removes fenced code blocks" file="Converts Markdown To Plain Text (Hyde\Framework\Testing\Feature\Actions\ConvertsMarkdownToPlainText)::It removes fenced code blocks" class="Hyde\Framework\Testing\Feature\Actions\ConvertsMarkdownToPlainTextTest" classname="Hyde.Framework.Testing.Feature.Actions.ConvertsMarkdownToPlainTextTest" assertions="1" time="0.021823"/>
        <testcase name="It removes fenced code blocks alternate" file="Converts Markdown To Plain Text (Hyde\Framework\Testing\Feature\Actions\ConvertsMarkdownToPlainText)::It removes fenced code blocks alternate" class="Hyde\Framework\Testing\Feature\Actions\ConvertsMarkdownToPlainTextTest" classname="Hyde.Framework.Testing.Feature.Actions.ConvertsMarkdownToPlainTextTest" assertions="1" time="0.021628"/>
        <testcase name="It removes tables" file="Converts Markdown To Plain Text (Hyde\Framework\Testing\Feature\Actions\ConvertsMarkdownToPlainText)::It removes tables" class="Hyde\Framework\Testing\Feature\Actions\ConvertsMarkdownToPlainTextTest" classname="Hyde.Framework.Testing.Feature.Actions.ConvertsMarkdownToPlainTextTest" assertions="1" time="0.021613"/>
        <testcase name="It trims indentation" file="Converts Markdown To Plain Text (Hyde\Framework\Testing\Feature\Actions\ConvertsMarkdownToPlainText)::It trims indentation" class="Hyde\Framework\Testing\Feature\Actions\ConvertsMarkdownToPlainTextTest" classname="Hyde.Framework.Testing.Feature.Actions.ConvertsMarkdownToPlainTextTest" assertions="1" time="0.022061"/>
        <testcase name="With empty string" file="Converts Markdown To Plain Text (Hyde\Framework\Testing\Feature\Actions\ConvertsMarkdownToPlainText)::With empty string" class="Hyde\Framework\Testing\Feature\Actions\ConvertsMarkdownToPlainTextTest" classname="Hyde.Framework.Testing.Feature.Actions.ConvertsMarkdownToPlainTextTest" assertions="1" time="0.021822"/>
        <testcase name="With only empty lines" file="Converts Markdown To Plain Text (Hyde\Framework\Testing\Feature\Actions\ConvertsMarkdownToPlainText)::With only empty lines" class="Hyde\Framework\Testing\Feature\Actions\ConvertsMarkdownToPlainTextTest" classname="Hyde.Framework.Testing.Feature.Actions.ConvertsMarkdownToPlainTextTest" assertions="1" time="0.021519"/>
      </testsuite>
      <testsuite name="Hyde\Framework\Testing\Feature\Actions\CreatesNewPageSourceFileTest" file="Creates New Page Source File (Hyde\Framework\Testing\Feature\Actions\CreatesNewPageSourceFile)" tests="15" assertions="28" errors="0" failures="0" skipped="0" time="0.425375">
        <testcase name="Class can be instantiated" file="Creates New Page Source File (Hyde\Framework\Testing\Feature\Actions\CreatesNewPageSourceFile)::Class can be instantiated" class="Hyde\Framework\Testing\Feature\Actions\CreatesNewPageSourceFileTest" classname="Hyde.Framework.Testing.Feature.Actions.CreatesNewPageSourceFileTest" assertions="1" time="0.089893"/>
        <testcase name="That an exception is thrown for invalid page type" file="Creates New Page Source File (Hyde\Framework\Testing\Feature\Actions\CreatesNewPageSourceFile)::That an exception is thrown for invalid page type" class="Hyde\Framework\Testing\Feature\Actions\CreatesNewPageSourceFileTest" classname="Hyde.Framework.Testing.Feature.Actions.CreatesNewPageSourceFileTest" assertions="2" time="0.023472"/>
        <testcase name="That an exception is thrown if file already exists and overwrite is false" file="Creates New Page Source File (Hyde\Framework\Testing\Feature\Actions\CreatesNewPageSourceFile)::That an exception is thrown if file already exists and overwrite is false" class="Hyde\Framework\Testing\Feature\Actions\CreatesNewPageSourceFileTest" classname="Hyde.Framework.Testing.Feature.Actions.CreatesNewPageSourceFileTest" assertions="3" time="0.022989"/>
        <testcase name="That can save file returns true if file already exists and overwrite is true" file="Creates New Page Source File (Hyde\Framework\Testing\Feature\Actions\CreatesNewPageSourceFile)::That can save file returns true if file already exists and overwrite is true" class="Hyde\Framework\Testing\Feature\Actions\CreatesNewPageSourceFileTest" classname="Hyde.Framework.Testing.Feature.Actions.CreatesNewPageSourceFileTest" assertions="1" time="0.024722"/>
        <testcase name="Exception is thrown for conflicting blade pages" file="Creates New Page Source File (Hyde\Framework\Testing\Feature\Actions\CreatesNewPageSourceFile)::Exception is thrown for conflicting blade pages" class="Hyde\Framework\Testing\Feature\Actions\CreatesNewPageSourceFileTest" classname="Hyde.Framework.Testing.Feature.Actions.CreatesNewPageSourceFileTest" assertions="3" time="0.023134"/>
        <testcase name="Exception is thrown for conflicting documentation pages" file="Creates New Page Source File (Hyde\Framework\Testing\Feature\Actions\CreatesNewPageSourceFile)::Exception is thrown for conflicting documentation pages" class="Hyde\Framework\Testing\Feature\Actions\CreatesNewPageSourceFileTest" classname="Hyde.Framework.Testing.Feature.Actions.CreatesNewPageSourceFileTest" assertions="3" time="0.023242"/>
        <testcase name="That a markdown file can be created and contains expected content" file="Creates New Page Source File (Hyde\Framework\Testing\Feature\Actions\CreatesNewPageSourceFile)::That a markdown file can be created and contains expected content" class="Hyde\Framework\Testing\Feature\Actions\CreatesNewPageSourceFileTest" classname="Hyde.Framework.Testing.Feature.Actions.CreatesNewPageSourceFileTest" assertions="2" time="0.023969"/>
        <testcase name="That a blade file can be created and contains expected content" file="Creates New Page Source File (Hyde\Framework\Testing\Feature\Actions\CreatesNewPageSourceFile)::That a blade file can be created and contains expected content" class="Hyde\Framework\Testing\Feature\Actions\CreatesNewPageSourceFileTest" classname="Hyde.Framework.Testing.Feature.Actions.CreatesNewPageSourceFileTest" assertions="2" time="0.023210"/>
        <testcase name="That a documentation file can be created and contains expected content" file="Creates New Page Source File (Hyde\Framework\Testing\Feature\Actions\CreatesNewPageSourceFile)::That a documentation file can be created and contains expected content" class="Hyde\Framework\Testing\Feature\Actions\CreatesNewPageSourceFileTest" classname="Hyde.Framework.Testing.Feature.Actions.CreatesNewPageSourceFileTest" assertions="2" time="0.024608"/>
        <testcase name="That a markdown file can be created with custom content" file="Creates New Page Source File (Hyde\Framework\Testing\Feature\Actions\CreatesNewPageSourceFile)::That a markdown file can be created with custom content" class="Hyde\Framework\Testing\Feature\Actions\CreatesNewPageSourceFileTest" classname="Hyde.Framework.Testing.Feature.Actions.CreatesNewPageSourceFileTest" assertions="2" time="0.024894"/>
        <testcase name="That a blade file can be created with custom content" file="Creates New Page Source File (Hyde\Framework\Testing\Feature\Actions\CreatesNewPageSourceFile)::That a blade file can be created with custom content" class="Hyde\Framework\Testing\Feature\Actions\CreatesNewPageSourceFileTest" classname="Hyde.Framework.Testing.Feature.Actions.CreatesNewPageSourceFileTest" assertions="2" time="0.024031"/>
        <testcase name="That the file path can be returned" file="Creates New Page Source File (Hyde\Framework\Testing\Feature\Actions\CreatesNewPageSourceFile)::That the file path can be returned" class="Hyde\Framework\Testing\Feature\Actions\CreatesNewPageSourceFileTest" classname="Hyde.Framework.Testing.Feature.Actions.CreatesNewPageSourceFileTest" assertions="2" time="0.024714"/>
        <testcase name="File is created using slug generated from title" file="Creates New Page Source File (Hyde\Framework\Testing\Feature\Actions\CreatesNewPageSourceFile)::File is created using slug generated from title" class="Hyde\Framework\Testing\Feature\Actions\CreatesNewPageSourceFileTest" classname="Hyde.Framework.Testing.Feature.Actions.CreatesNewPageSourceFileTest" assertions="1" time="0.023925"/>
        <testcase name="Action can generate nested pages" file="Creates New Page Source File (Hyde\Framework\Testing\Feature\Actions\CreatesNewPageSourceFile)::Action can generate nested pages" class="Hyde\Framework\Testing\Feature\Actions\CreatesNewPageSourceFileTest" classname="Hyde.Framework.Testing.Feature.Actions.CreatesNewPageSourceFileTest" assertions="1" time="0.024090"/>
        <testcase name="Can create deeply nested pages" file="Creates New Page Source File (Hyde\Framework\Testing\Feature\Actions\CreatesNewPageSourceFile)::Can create deeply nested pages" class="Hyde\Framework\Testing\Feature\Actions\CreatesNewPageSourceFileTest" classname="Hyde.Framework.Testing.Feature.Actions.CreatesNewPageSourceFileTest" assertions="1" time="0.024482"/>
      </testsuite>
      <testsuite name="Hyde\Framework\Testing\Feature\Actions\GeneratesSidebarTableOfContentsTest" file="Generates Sidebar Table Of Contents (Hyde\Framework\Testing\Feature\Actions\GeneratesSidebarTableOfContents)" tests="9" assertions="13" errors="0" failures="0" skipped="0" time="0.071574">
        <testcase name="Can generate table of contents" file="Generates Sidebar Table Of Contents (Hyde\Framework\Testing\Feature\Actions\GeneratesSidebarTableOfContents)::Can generate table of contents" class="Hyde\Framework\Testing\Feature\Actions\GeneratesSidebarTableOfContentsTest" classname="Hyde.Framework.Testing.Feature.Actions.GeneratesSidebarTableOfContentsTest" assertions="4" time="0.026351"/>
        <testcase name="Return string contains expected content" file="Generates Sidebar Table Of Contents (Hyde\Framework\Testing\Feature\Actions\GeneratesSidebarTableOfContents)::Return string contains expected content" class="Hyde\Framework\Testing\Feature\Actions\GeneratesSidebarTableOfContentsTest" classname="Hyde.Framework.Testing.Feature.Actions.GeneratesSidebarTableOfContentsTest" assertions="1" time="0.004597"/>
        <testcase name="Can generate table of contents for document using setext headers" file="Generates Sidebar Table Of Contents (Hyde\Framework\Testing\Feature\Actions\GeneratesSidebarTableOfContents)::Can generate table of contents for document using setext headers" class="Hyde\Framework\Testing\Feature\Actions\GeneratesSidebarTableOfContentsTest" classname="Hyde.Framework.Testing.Feature.Actions.GeneratesSidebarTableOfContentsTest" assertions="2" time="0.009851"/>
        <testcase name="Non heading markdown is removed" file="Generates Sidebar Table Of Contents (Hyde\Framework\Testing\Feature\Actions\GeneratesSidebarTableOfContents)::Non heading markdown is removed" class="Hyde\Framework\Testing\Feature\Actions\GeneratesSidebarTableOfContentsTest" classname="Hyde.Framework.Testing.Feature.Actions.GeneratesSidebarTableOfContentsTest" assertions="1" time="0.007361"/>
        <testcase name="With no level one heading" file="Generates Sidebar Table Of Contents (Hyde\Framework\Testing\Feature\Actions\GeneratesSidebarTableOfContents)::With no level one heading" class="Hyde\Framework\Testing\Feature\Actions\GeneratesSidebarTableOfContentsTest" classname="Hyde.Framework.Testing.Feature.Actions.GeneratesSidebarTableOfContentsTest" assertions="1" time="0.004289"/>
        <testcase name="With multiple nested headings" file="Generates Sidebar Table Of Contents (Hyde\Framework\Testing\Feature\Actions\GeneratesSidebarTableOfContents)::With multiple nested headings" class="Hyde\Framework\Testing\Feature\Actions\GeneratesSidebarTableOfContentsTest" classname="Hyde.Framework.Testing.Feature.Actions.GeneratesSidebarTableOfContentsTest" assertions="1" time="0.006580"/>
        <testcase name="With multiple level one headings" file="Generates Sidebar Table Of Contents (Hyde\Framework\Testing\Feature\Actions\GeneratesSidebarTableOfContents)::With multiple level one headings" class="Hyde\Framework\Testing\Feature\Actions\GeneratesSidebarTableOfContentsTest" classname="Hyde.Framework.Testing.Feature.Actions.GeneratesSidebarTableOfContentsTest" assertions="1" time="0.005266"/>
        <testcase name="With no headings" file="Generates Sidebar Table Of Contents (Hyde\Framework\Testing\Feature\Actions\GeneratesSidebarTableOfContents)::With no headings" class="Hyde\Framework\Testing\Feature\Actions\GeneratesSidebarTableOfContentsTest" classname="Hyde.Framework.Testing.Feature.Actions.GeneratesSidebarTableOfContentsTest" assertions="1" time="0.003966"/>
        <testcase name="With no content" file="Generates Sidebar Table Of Contents (Hyde\Framework\Testing\Feature\Actions\GeneratesSidebarTableOfContents)::With no content" class="Hyde\Framework\Testing\Feature\Actions\GeneratesSidebarTableOfContentsTest" classname="Hyde.Framework.Testing.Feature.Actions.GeneratesSidebarTableOfContentsTest" assertions="1" time="0.003313"/>
      </testsuite>
      <testsuite name="Hyde\Framework\Testing\Feature\AssetServiceTest" file="Asset Service (Hyde\Framework\Testing\Feature\AssetService)" tests="3" assertions="6" errors="0" failures="0" skipped="0" time="0.087396">
        <testcase name="Media link returns media path with cache key" file="Asset Service (Hyde\Framework\Testing\Feature\AssetService)::Media link returns media path with cache key" class="Hyde\Framework\Testing\Feature\AssetServiceTest" classname="Hyde.Framework.Testing.Feature.AssetServiceTest" assertions="2" time="0.041520"/>
        <testcase name="Media link returns media path without cache key if cache busting is disabled" file="Asset Service (Hyde\Framework\Testing\Feature\AssetService)::Media link returns media path without cache key if cache busting is disabled" class="Hyde\Framework\Testing\Feature\AssetServiceTest" classname="Hyde.Framework.Testing.Feature.AssetServiceTest" assertions="2" time="0.022451"/>
        <testcase name="Media link supports custom media directories" file="Asset Service (Hyde\Framework\Testing\Feature\AssetService)::Media link supports custom media directories" class="Hyde\Framework\Testing\Feature\AssetServiceTest" classname="Hyde.Framework.Testing.Feature.AssetServiceTest" assertions="2" time="0.023425"/>
      </testsuite>
      <testsuite name="Hyde\Framework\Testing\Feature\BladeMatterParserTest" file="Blade Matter Parser (Hyde\Framework\Testing\Feature\BladeMatterParser)" tests="15" assertions="38" errors="0" failures="0" skipped="0" time="0.339493">
        <testcase name="Can parse front matter" file="Blade Matter Parser (Hyde\Framework\Testing\Feature\BladeMatterParser)::Can parse front matter" class="Hyde\Framework\Testing\Feature\BladeMatterParserTest" classname="Hyde.Framework.Testing.Feature.BladeMatterParserTest" assertions="1" time="0.026835"/>
        <testcase name="Parse string helper method" file="Blade Matter Parser (Hyde\Framework\Testing\Feature\BladeMatterParser)::Parse string helper method" class="Hyde\Framework\Testing\Feature\BladeMatterParserTest" classname="Hyde.Framework.Testing.Feature.BladeMatterParserTest" assertions="1" time="0.021738"/>
        <testcase name="Parse file helper method" file="Blade Matter Parser (Hyde\Framework\Testing\Feature\BladeMatterParser)::Parse file helper method" class="Hyde\Framework\Testing\Feature\BladeMatterParserTest" classname="Hyde.Framework.Testing.Feature.BladeMatterParserTest" assertions="1" time="0.022426"/>
        <testcase name="Can parse multiple front matter lines" file="Blade Matter Parser (Hyde\Framework\Testing\Feature\BladeMatterParser)::Can parse multiple front matter lines" class="Hyde\Framework\Testing\Feature\BladeMatterParserTest" classname="Hyde.Framework.Testing.Feature.BladeMatterParserTest" assertions="1" time="0.022464"/>
        <testcase name="Can parse front matter with various formats" file="Blade Matter Parser (Hyde\Framework\Testing\Feature\BladeMatterParser)::Can parse front matter with various formats" class="Hyde\Framework\Testing\Feature\BladeMatterParserTest" classname="Hyde.Framework.Testing.Feature.BladeMatterParserTest" assertions="4" time="0.022350"/>
        <testcase name="Can parse front matter with array" file="Blade Matter Parser (Hyde\Framework\Testing\Feature\BladeMatterParser)::Can parse front matter with array" class="Hyde\Framework\Testing\Feature\BladeMatterParserTest" classname="Hyde.Framework.Testing.Feature.BladeMatterParserTest" assertions="1" time="0.021890"/>
        <testcase name="Line matches front matter" file="Blade Matter Parser (Hyde\Framework\Testing\Feature\BladeMatterParser)::Line matches front matter" class="Hyde\Framework\Testing\Feature\BladeMatterParserTest" classname="Hyde.Framework.Testing.Feature.BladeMatterParserTest" assertions="2" time="0.021609"/>
        <testcase name="Directive cannot have leading whitespace" file="Blade Matter Parser (Hyde\Framework\Testing\Feature\BladeMatterParser)::Directive cannot have leading whitespace" class="Hyde\Framework\Testing\Feature\BladeMatterParserTest" classname="Hyde.Framework.Testing.Feature.BladeMatterParserTest" assertions="1" time="0.022148"/>
        <testcase name="Directive signature cannot contain whitespace" file="Blade Matter Parser (Hyde\Framework\Testing\Feature\BladeMatterParser)::Directive signature cannot contain whitespace" class="Hyde\Framework\Testing\Feature\BladeMatterParserTest" classname="Hyde.Framework.Testing.Feature.BladeMatterParserTest" assertions="3" time="0.022587"/>
        <testcase name="Extract key" file="Blade Matter Parser (Hyde\Framework\Testing\Feature\BladeMatterParser)::Extract key" class="Hyde\Framework\Testing\Feature\BladeMatterParserTest" classname="Hyde.Framework.Testing.Feature.BladeMatterParserTest" assertions="1" time="0.022207"/>
        <testcase name="Extract value" file="Blade Matter Parser (Hyde\Framework\Testing\Feature\BladeMatterParser)::Extract value" class="Hyde\Framework\Testing\Feature\BladeMatterParserTest" classname="Hyde.Framework.Testing.Feature.BladeMatterParserTest" assertions="1" time="0.022765"/>
        <testcase name="Get value with type" file="Blade Matter Parser (Hyde\Framework\Testing\Feature\BladeMatterParser)::Get value with type" class="Hyde\Framework\Testing\Feature\BladeMatterParserTest" classname="Hyde.Framework.Testing.Feature.BladeMatterParserTest" assertions="11" time="0.023253"/>
        <testcase name="Parse array string" file="Blade Matter Parser (Hyde\Framework\Testing\Feature\BladeMatterParser)::Parse array string" class="Hyde\Framework\Testing\Feature\BladeMatterParserTest" classname="Hyde.Framework.Testing.Feature.BladeMatterParserTest" assertions="8" time="0.023329"/>
        <testcase name="Parse invalid array string" file="Blade Matter Parser (Hyde\Framework\Testing\Feature\BladeMatterParser)::Parse invalid array string" class="Hyde\Framework\Testing\Feature\BladeMatterParserTest" classname="Hyde.Framework.Testing.Feature.BladeMatterParserTest" assertions="1" time="0.021952"/>
        <testcase name="Parse multidimensional array string" file="Blade Matter Parser (Hyde\Framework\Testing\Feature\BladeMatterParser)::Parse multidimensional array string" class="Hyde\Framework\Testing\Feature\BladeMatterParserTest" classname="Hyde.Framework.Testing.Feature.BladeMatterParserTest" assertions="1" time="0.021940"/>
      </testsuite>
      <testsuite name="Hyde\Framework\Testing\Feature\ColoredBlockquoteShortcodesTest" file="Colored Blockquote Shortcodes (Hyde\Framework\Testing\Feature\ColoredBlockquoteShortcodes)" tests="5" assertions="5" errors="0" failures="0" skipped="0" time="0.033202">
        <testcase name="Signature" file="Colored Blockquote Shortcodes (Hyde\Framework\Testing\Feature\ColoredBlockquoteShortcodes)::Signature" class="Hyde\Framework\Testing\Feature\ColoredBlockquoteShortcodesTest" classname="Hyde.Framework.Testing.Feature.ColoredBlockquoteShortcodesTest" assertions="1" time="0.022334"/>
        <testcase name="Signatures" file="Colored Blockquote Shortcodes (Hyde\Framework\Testing\Feature\ColoredBlockquoteShortcodes)::Signatures" class="Hyde\Framework\Testing\Feature\ColoredBlockquoteShortcodesTest" classname="Hyde.Framework.Testing.Feature.ColoredBlockquoteShortcodesTest" assertions="1" time="0.002077"/>
        <testcase name="Resolve method" file="Colored Blockquote Shortcodes (Hyde\Framework\Testing\Feature\ColoredBlockquoteShortcodes)::Resolve method" class="Hyde\Framework\Testing\Feature\ColoredBlockquoteShortcodesTest" classname="Hyde.Framework.Testing.Feature.ColoredBlockquoteShortcodesTest" assertions="1" time="0.003096"/>
        <testcase name="Can use markdown within blockquote" file="Colored Blockquote Shortcodes (Hyde\Framework\Testing\Feature\ColoredBlockquoteShortcodes)::Can use markdown within blockquote" class="Hyde\Framework\Testing\Feature\ColoredBlockquoteShortcodesTest" classname="Hyde.Framework.Testing.Feature.ColoredBlockquoteShortcodesTest" assertions="1" time="0.003794"/>
        <testcase name="With unrelated class" file="Colored Blockquote Shortcodes (Hyde\Framework\Testing\Feature\ColoredBlockquoteShortcodes)::With unrelated class" class="Hyde\Framework\Testing\Feature\ColoredBlockquoteShortcodesTest" classname="Hyde.Framework.Testing.Feature.ColoredBlockquoteShortcodesTest" assertions="1" time="0.001901"/>
      </testsuite>
      <testsuite name="Hyde\Framework\Testing\Feature\CommandTest" file="Command (Hyde\Framework\Testing\Feature\Command)" tests="23" assertions="31" errors="0" failures="0" skipped="0" time="0.057890">
        <testcase name="User exit constant" file="Command (Hyde\Framework\Testing\Feature\Command)::User exit constant" class="Hyde\Framework\Testing\Feature\CommandTest" classname="Hyde.Framework.Testing.Feature.CommandTest" assertions="1" time="0.007130"/>
        <testcase name="File link helper creates link for existing file" file="Command (Hyde\Framework\Testing\Feature\Command)::File link helper creates link for existing file" class="Hyde\Framework\Testing\Feature\CommandTest" classname="Hyde.Framework.Testing.Feature.CommandTest" assertions="1" time="0.002258"/>
        <testcase name="File link helper creates link for non existing file" file="Command (Hyde\Framework\Testing\Feature\Command)::File link helper creates link for non existing file" class="Hyde\Framework\Testing\Feature\CommandTest" classname="Hyde.Framework.Testing.Feature.CommandTest" assertions="1" time="0.002119"/>
        <testcase name="File link helper with custom label" file="Command (Hyde\Framework\Testing\Feature\Command)::File link helper with custom label" class="Hyde\Framework\Testing\Feature\CommandTest" classname="Hyde.Framework.Testing.Feature.CommandTest" assertions="1" time="0.002087"/>
        <testcase name="File link helper with absolute path input" file="Command (Hyde\Framework\Testing\Feature\Command)::File link helper with absolute path input" class="Hyde\Framework\Testing\Feature\CommandTest" classname="Hyde.Framework.Testing.Feature.CommandTest" assertions="1" time="0.002134"/>
        <testcase name="File link helper with absolute path input and custom label" file="Command (Hyde\Framework\Testing\Feature\Command)::File link helper with absolute path input and custom label" class="Hyde\Framework\Testing\Feature\CommandTest" classname="Hyde.Framework.Testing.Feature.CommandTest" assertions="1" time="0.002132"/>
        <testcase name="File link helper with absolute path and real file" file="Command (Hyde\Framework\Testing\Feature\Command)::File link helper with absolute path and real file" class="Hyde\Framework\Testing\Feature\CommandTest" classname="Hyde.Framework.Testing.Feature.CommandTest" assertions="1" time="0.002234"/>
        <testcase name="Info comment" file="Command (Hyde\Framework\Testing\Feature\Command)::Info comment" class="Hyde\Framework\Testing\Feature\CommandTest" classname="Hyde.Framework.Testing.Feature.CommandTest" assertions="1" time="0.002425"/>
        <testcase name="Info comment with extra info" file="Command (Hyde\Framework\Testing\Feature\Command)::Info comment with extra info" class="Hyde\Framework\Testing\Feature\CommandTest" classname="Hyde.Framework.Testing.Feature.CommandTest" assertions="1" time="0.002339"/>
        <testcase name="Info comment with extra info and comments" file="Command (Hyde\Framework\Testing\Feature\Command)::Info comment with extra info and comments" class="Hyde\Framework\Testing\Feature\CommandTest" classname="Hyde.Framework.Testing.Feature.CommandTest" assertions="1" time="0.002376"/>
        <testcase name="Href" file="Command (Hyde\Framework\Testing\Feature\Command)::Href" class="Hyde\Framework\Testing\Feature\CommandTest" classname="Hyde.Framework.Testing.Feature.CommandTest" assertions="1" time="0.002108"/>
        <testcase name="Inline gray" file="Command (Hyde\Framework\Testing\Feature\Command)::Inline gray" class="Hyde\Framework\Testing\Feature\CommandTest" classname="Hyde.Framework.Testing.Feature.CommandTest" assertions="1" time="0.002116"/>
        <testcase name="Gray" file="Command (Hyde\Framework\Testing\Feature\Command)::Gray" class="Hyde\Framework\Testing\Feature\CommandTest" classname="Hyde.Framework.Testing.Feature.CommandTest" assertions="1" time="0.002335"/>
        <testcase name="Indented line" file="Command (Hyde\Framework\Testing\Feature\Command)::Indented line" class="Hyde\Framework\Testing\Feature\CommandTest" classname="Hyde.Framework.Testing.Feature.CommandTest" assertions="1" time="0.002312"/>
        <testcase name="Indented line with multiple indentations" file="Command (Hyde\Framework\Testing\Feature\Command)::Indented line with multiple indentations" class="Hyde\Framework\Testing\Feature\CommandTest" classname="Hyde.Framework.Testing.Feature.CommandTest" assertions="1" time="0.002353"/>
        <testcase name="Indented line with no indentation" file="Command (Hyde\Framework\Testing\Feature\Command)::Indented line with no indentation" class="Hyde\Framework\Testing\Feature\CommandTest" classname="Hyde.Framework.Testing.Feature.CommandTest" assertions="1" time="0.002339"/>
        <testcase name="Handle calls base safe handle" file="Command (Hyde\Framework\Testing\Feature\Command)::Handle calls base safe handle" class="Hyde\Framework\Testing\Feature\CommandTest" classname="Hyde.Framework.Testing.Feature.CommandTest" assertions="1" time="0.002038"/>
        <testcase name="Handle calls child safe handle" file="Command (Hyde\Framework\Testing\Feature\Command)::Handle calls child safe handle" class="Hyde\Framework\Testing\Feature\CommandTest" classname="Hyde.Framework.Testing.Feature.CommandTest" assertions="1" time="0.002123"/>
        <testcase name="Safe handle exception" file="Command (Hyde\Framework\Testing\Feature\Command)::Safe handle exception" class="Hyde\Framework\Testing\Feature\CommandTest" classname="Hyde.Framework.Testing.Feature.CommandTest" assertions="2" time="0.002737"/>
        <testcase name="Can enable throw on exception" file="Command (Hyde\Framework\Testing\Feature\Command)::Can enable throw on exception" class="Hyde\Framework\Testing\Feature\CommandTest" classname="Hyde.Framework.Testing.Feature.CommandTest" assertions="2" time="0.002592"/>
        <testcase name="Ask for string" file="Command (Hyde\Framework\Testing\Feature\Command)::Ask for string" class="Hyde\Framework\Testing\Feature\CommandTest" classname="Hyde.Framework.Testing.Feature.CommandTest" assertions="3" time="0.002550"/>
        <testcase name="Ask for string with default value" file="Command (Hyde\Framework\Testing\Feature\Command)::Ask for string with default value" class="Hyde\Framework\Testing\Feature\CommandTest" classname="Hyde.Framework.Testing.Feature.CommandTest" assertions="3" time="0.002530"/>
        <testcase name="Ask for string with default value supplying null" file="Command (Hyde\Framework\Testing\Feature\Command)::Ask for string with default value supplying null" class="Hyde\Framework\Testing\Feature\CommandTest" classname="Hyde.Framework.Testing.Feature.CommandTest" assertions="3" time="0.002522"/>
      </testsuite>
      <testsuite name="Hyde\Framework\Testing\Feature\Commands\BuildRssFeedCommandTest" file="Build Rss Feed Command (Hyde\Framework\Testing\Feature\Commands\BuildRssFeedCommand)" tests="2" assertions="8" errors="0" failures="0" skipped="0" time="0.128616">
        <testcase name="Rss feed is generated when conditions are met" file="Build Rss Feed Command (Hyde\Framework\Testing\Feature\Commands\BuildRssFeedCommand)::Rss feed is generated when conditions are met" class="Hyde\Framework\Testing\Feature\Commands\BuildRssFeedCommandTest" classname="Hyde.Framework.Testing.Feature.Commands.BuildRssFeedCommandTest" assertions="3" time="0.093179"/>
        <testcase name="Rss filename can be changed" file="Build Rss Feed Command (Hyde\Framework\Testing\Feature\Commands\BuildRssFeedCommand)::Rss filename can be changed" class="Hyde\Framework\Testing\Feature\Commands\BuildRssFeedCommandTest" classname="Hyde.Framework.Testing.Feature.Commands.BuildRssFeedCommandTest" assertions="5" time="0.035438"/>
      </testsuite>
      <testsuite name="Hyde\Framework\Testing\Feature\Commands\BuildSearchCommandTest" file="Build Search Command (Hyde\Framework\Testing\Feature\Commands\BuildSearchCommand)" tests="8" assertions="22" errors="0" failures="0" skipped="0" time="0.333328">
        <testcase name="It creates the search json file" file="Build Search Command (Hyde\Framework\Testing\Feature\Commands\BuildSearchCommand)::It creates the search json file" class="Hyde\Framework\Testing\Feature\Commands\BuildSearchCommandTest" classname="Hyde.Framework.Testing.Feature.Commands.BuildSearchCommandTest" assertions="3" time="0.053503"/>
        <testcase name="It creates the search page" file="Build Search Command (Hyde\Framework\Testing\Feature\Commands\BuildSearchCommand)::It creates the search page" class="Hyde\Framework\Testing\Feature\Commands\BuildSearchCommandTest" classname="Hyde.Framework.Testing.Feature.Commands.BuildSearchCommandTest" assertions="3" time="0.040153"/>
        <testcase name="It does not create the search page if disabled" file="Build Search Command (Hyde\Framework\Testing\Feature\Commands\BuildSearchCommand)::It does not create the search page if disabled" class="Hyde\Framework\Testing\Feature\Commands\BuildSearchCommandTest" classname="Hyde.Framework.Testing.Feature.Commands.BuildSearchCommandTest" assertions="2" time="0.031199"/>
        <testcase name="It does not display the estimation message when it is less than 1 second" file="Build Search Command (Hyde\Framework\Testing\Feature\Commands\BuildSearchCommand)::It does not display the estimation message when it is less than 1 second" class="Hyde\Framework\Testing\Feature\Commands\BuildSearchCommandTest" classname="Hyde.Framework.Testing.Feature.Commands.BuildSearchCommandTest" assertions="2" time="0.040446"/>
        <testcase name="Search files can be generated for custom docs output directory" file="Build Search Command (Hyde\Framework\Testing\Feature\Commands\BuildSearchCommand)::Search files can be generated for custom docs output directory" class="Hyde\Framework\Testing\Feature\Commands\BuildSearchCommandTest" classname="Hyde.Framework.Testing.Feature.Commands.BuildSearchCommandTest" assertions="3" time="0.040395"/>
        <testcase name="Search files can be generated for custom site output directory" file="Build Search Command (Hyde\Framework\Testing\Feature\Commands\BuildSearchCommand)::Search files can be generated for custom site output directory" class="Hyde\Framework\Testing\Feature\Commands\BuildSearchCommandTest" classname="Hyde.Framework.Testing.Feature.Commands.BuildSearchCommandTest" assertions="3" time="0.040124"/>
        <testcase name="Search files can be generated for custom site and docs output directories" file="Build Search Command (Hyde\Framework\Testing\Feature\Commands\BuildSearchCommand)::Search files can be generated for custom site and docs output directories" class="Hyde\Framework\Testing\Feature\Commands\BuildSearchCommandTest" classname="Hyde.Framework.Testing.Feature.Commands.BuildSearchCommandTest" assertions="3" time="0.039896"/>
        <testcase name="Search files can be generated for custom site and nested docs output directories" file="Build Search Command (Hyde\Framework\Testing\Feature\Commands\BuildSearchCommand)::Search files can be generated for custom site and nested docs output directories" class="Hyde\Framework\Testing\Feature\Commands\BuildSearchCommandTest" classname="Hyde.Framework.Testing.Feature.Commands.BuildSearchCommandTest" assertions="3" time="0.047612"/>
      </testsuite>
      <testsuite name="Hyde\Framework\Testing\Feature\Commands\BuildSitemapCommandTest" file="Build Sitemap Command (Hyde\Framework\Testing\Feature\Commands\BuildSitemapCommand)" tests="2" assertions="9" errors="0" failures="0" skipped="0" time="0.086309">
        <testcase name="Sitemap is generated when conditions are met" file="Build Sitemap Command (Hyde\Framework\Testing\Feature\Commands\BuildSitemapCommand)::Sitemap is generated when conditions are met" class="Hyde\Framework\Testing\Feature\Commands\BuildSitemapCommandTest" classname="Hyde.Framework.Testing.Feature.Commands.BuildSitemapCommandTest" assertions="3" time="0.060850"/>
        <testcase name="Sitemap is not generated when conditions are not met" file="Build Sitemap Command (Hyde\Framework\Testing\Feature\Commands\BuildSitemapCommand)::Sitemap is not generated when conditions are not met" class="Hyde\Framework\Testing\Feature\Commands\BuildSitemapCommandTest" classname="Hyde.Framework.Testing.Feature.Commands.BuildSitemapCommandTest" assertions="6" time="0.025459"/>
      </testsuite>
      <testsuite name="Hyde\Framework\Testing\Feature\Commands\CacheClearCommandTest" file="Cache Clear Command (Hyde\Framework\Testing\Feature\Commands\CacheClearCommand)" tests="1" assertions="4" errors="0" failures="0" skipped="0" time="0.019258">
        <testcase name="Cache clear command" file="Cache Clear Command (Hyde\Framework\Testing\Feature\Commands\CacheClearCommand)::Cache clear command" class="Hyde\Framework\Testing\Feature\Commands\CacheClearCommandTest" classname="Hyde.Framework.Testing.Feature.Commands.CacheClearCommandTest" assertions="4" time="0.019258"/>
      </testsuite>
      <testsuite name="Hyde\Framework\Testing\Feature\Commands\ChangeSourceDirectoryCommandTest" file="Change Source Directory Command (Hyde\Framework\Testing\Feature\Commands\ChangeSourceDirectoryCommand)" tests="6" assertions="38" errors="0" failures="0" skipped="0" time="0.162993">
        <testcase name="Command moves source directories to new supplied directory and updates the configuration file" file="Change Source Directory Command (Hyde\Framework\Testing\Feature\Commands\ChangeSourceDirectoryCommand)::Command moves source directories to new supplied directory and updates the configuration file" class="Hyde\Framework\Testing\Feature\Commands\ChangeSourceDirectoryCommandTest" classname="Hyde.Framework.Testing.Feature.Commands.ChangeSourceDirectoryCommandTest" assertions="15" time="0.031858"/>
        <testcase name="With missing config search string" file="Change Source Directory Command (Hyde\Framework\Testing\Feature\Commands\ChangeSourceDirectoryCommand)::With missing config search string" class="Hyde\Framework\Testing\Feature\Commands\ChangeSourceDirectoryCommandTest" classname="Hyde.Framework.Testing.Feature.Commands.ChangeSourceDirectoryCommandTest" assertions="15" time="0.030128"/>
        <testcase name="With name matching current value" file="Change Source Directory Command (Hyde\Framework\Testing\Feature\Commands\ChangeSourceDirectoryCommand)::With name matching current value" class="Hyde\Framework\Testing\Feature\Commands\ChangeSourceDirectoryCommandTest" classname="Hyde.Framework.Testing.Feature.Commands.ChangeSourceDirectoryCommandTest" assertions="2" time="0.024244"/>
        <testcase name="With existing directory" file="Change Source Directory Command (Hyde\Framework\Testing\Feature\Commands\ChangeSourceDirectoryCommand)::With existing directory" class="Hyde\Framework\Testing\Feature\Commands\ChangeSourceDirectoryCommandTest" classname="Hyde.Framework.Testing.Feature.Commands.ChangeSourceDirectoryCommandTest" assertions="2" time="0.025905"/>
        <testcase name="With target containing subdirectory file" file="Change Source Directory Command (Hyde\Framework\Testing\Feature\Commands\ChangeSourceDirectoryCommand)::With target containing subdirectory file" class="Hyde\Framework\Testing\Feature\Commands\ChangeSourceDirectoryCommandTest" classname="Hyde.Framework.Testing.Feature.Commands.ChangeSourceDirectoryCommandTest" assertions="2" time="0.025571"/>
        <testcase name="With target being file" file="Change Source Directory Command (Hyde\Framework\Testing\Feature\Commands\ChangeSourceDirectoryCommand)::With target being file" class="Hyde\Framework\Testing\Feature\Commands\ChangeSourceDirectoryCommandTest" classname="Hyde.Framework.Testing.Feature.Commands.ChangeSourceDirectoryCommandTest" assertions="2" time="0.025287"/>
      </testsuite>
      <testsuite name="Hyde\Framework\Testing\Feature\Commands\DebugCommandTest" file="Debug Command (Hyde\Framework\Testing\Feature\Commands\DebugCommand)" tests="4" assertions="15" errors="0" failures="0" skipped="0" time="0.119451">
        <testcase name="Debug command can run" file="Debug Command (Hyde\Framework\Testing\Feature\Commands\DebugCommand)::Debug command can run" class="Hyde\Framework\Testing\Feature\Commands\DebugCommandTest" classname="Hyde.Framework.Testing.Feature.Commands.DebugCommandTest" assertions="1" time="0.035493"/>
        <testcase name="It prints debug information" file="Debug Command (Hyde\Framework\Testing\Feature\Commands\DebugCommand)::It prints debug information" class="Hyde\Framework\Testing\Feature\Commands\DebugCommandTest" classname="Hyde.Framework.Testing.Feature.Commands.DebugCommandTest" assertions="7" time="0.026458"/>
        <testcase name="It prints verbose debug information" file="Debug Command (Hyde\Framework\Testing\Feature\Commands\DebugCommand)::It prints verbose debug information" class="Hyde\Framework\Testing\Feature\Commands\DebugCommandTest" classname="Hyde.Framework.Testing.Feature.Commands.DebugCommandTest" assertions="6" time="0.026658"/>
        <testcase name="It prints phar debug information" file="Debug Command (Hyde\Framework\Testing\Feature\Commands\DebugCommand)::It prints phar debug information" class="Hyde\Framework\Testing\Feature\Commands\DebugCommandTest" classname="Hyde.Framework.Testing.Feature.Commands.DebugCommandTest" assertions="1" time="0.030842"/>
      </testsuite>
      <testsuite name="Hyde\Framework\Testing\Feature\Commands\MakePageCommandTest" file="Make Page Command (Hyde\Framework\Testing\Feature\Commands\MakePageCommand)" tests="14" assertions="34" errors="0" failures="0" skipped="0" time="0.387630">
        <testcase name="Command can run" file="Make Page Command (Hyde\Framework\Testing\Feature\Commands\MakePageCommand)::Command can run" class="Hyde\Framework\Testing\Feature\Commands\MakePageCommandTest" classname="Hyde.Framework.Testing.Feature.Commands.MakePageCommandTest" assertions="1" time="0.032765"/>
        <testcase name="Command output" file="Make Page Command (Hyde\Framework\Testing\Feature\Commands\MakePageCommand)::Command output" class="Hyde\Framework\Testing\Feature\Commands\MakePageCommandTest" classname="Hyde.Framework.Testing.Feature.Commands.MakePageCommandTest" assertions="3" time="0.027221"/>
        <testcase name="Command allows user to specify page type" file="Make Page Command (Hyde\Framework\Testing\Feature\Commands\MakePageCommand)::Command allows user to specify page type" class="Hyde\Framework\Testing\Feature\Commands\MakePageCommandTest" classname="Hyde.Framework.Testing.Feature.Commands.MakePageCommandTest" assertions="2" time="0.029514"/>
        <testcase name="Type option is case insensitive" file="Make Page Command (Hyde\Framework\Testing\Feature\Commands\MakePageCommand)::Type option is case insensitive" class="Hyde\Framework\Testing\Feature\Commands\MakePageCommandTest" classname="Hyde.Framework.Testing.Feature.Commands.MakePageCommandTest" assertions="2" time="0.029184"/>
        <testcase name="Command fails if user specifies invalid page type" file="Make Page Command (Hyde\Framework\Testing\Feature\Commands\MakePageCommand)::Command fails if user specifies invalid page type" class="Hyde\Framework\Testing\Feature\Commands\MakePageCommandTest" classname="Hyde.Framework.Testing.Feature.Commands.MakePageCommandTest" assertions="3" time="0.024786"/>
        <testcase name="Command creates markdown file" file="Make Page Command (Hyde\Framework\Testing\Feature\Commands\MakePageCommand)::Command creates markdown file" class="Hyde\Framework\Testing\Feature\Commands\MakePageCommandTest" classname="Hyde.Framework.Testing.Feature.Commands.MakePageCommandTest" assertions="2" time="0.029592"/>
        <testcase name="Command creates blade file" file="Make Page Command (Hyde\Framework\Testing\Feature\Commands\MakePageCommand)::Command creates blade file" class="Hyde\Framework\Testing\Feature\Commands\MakePageCommandTest" classname="Hyde.Framework.Testing.Feature.Commands.MakePageCommandTest" assertions="2" time="0.026238"/>
        <testcase name="Command creates documentation file" file="Make Page Command (Hyde\Framework\Testing\Feature\Commands\MakePageCommand)::Command creates documentation file" class="Hyde\Framework\Testing\Feature\Commands\MakePageCommandTest" classname="Hyde.Framework.Testing.Feature.Commands.MakePageCommandTest" assertions="2" time="0.027119"/>
        <testcase name="Command fails if file already exists" file="Make Page Command (Hyde\Framework\Testing\Feature\Commands\MakePageCommand)::Command fails if file already exists" class="Hyde\Framework\Testing\Feature\Commands\MakePageCommandTest" classname="Hyde.Framework.Testing.Feature.Commands.MakePageCommandTest" assertions="3" time="0.025280"/>
        <testcase name="Command overwrites existing files when force option is used" file="Make Page Command (Hyde\Framework\Testing\Feature\Commands\MakePageCommand)::Command overwrites existing files when force option is used" class="Hyde\Framework\Testing\Feature\Commands\MakePageCommandTest" classname="Hyde.Framework.Testing.Feature.Commands.MakePageCommandTest" assertions="2" time="0.027408"/>
        <testcase name="Command prompts for title if it was not specified" file="Make Page Command (Hyde\Framework\Testing\Feature\Commands\MakePageCommand)::Command prompts for title if it was not specified" class="Hyde\Framework\Testing\Feature\Commands\MakePageCommandTest" classname="Hyde.Framework.Testing.Feature.Commands.MakePageCommandTest" assertions="3" time="0.027958"/>
        <testcase name="Command falls back to default title if user enters nothing" file="Make Page Command (Hyde\Framework\Testing\Feature\Commands\MakePageCommand)::Command falls back to default title if user enters nothing" class="Hyde\Framework\Testing\Feature\Commands\MakePageCommandTest" classname="Hyde.Framework.Testing.Feature.Commands.MakePageCommandTest" assertions="3" time="0.027398"/>
        <testcase name="Page type shorthand can be used to create blade pages" file="Make Page Command (Hyde\Framework\Testing\Feature\Commands\MakePageCommand)::Page type shorthand can be used to create blade pages" class="Hyde\Framework\Testing\Feature\Commands\MakePageCommandTest" classname="Hyde.Framework.Testing.Feature.Commands.MakePageCommandTest" assertions="3" time="0.025944"/>
        <testcase name="Page type shorthand can be used to create documentation pages" file="Make Page Command (Hyde\Framework\Testing\Feature\Commands\MakePageCommand)::Page type shorthand can be used to create documentation pages" class="Hyde\Framework\Testing\Feature\Commands\MakePageCommandTest" classname="Hyde.Framework.Testing.Feature.Commands.MakePageCommandTest" assertions="3" time="0.027223"/>
      </testsuite>
      <testsuite name="Hyde\Framework\Testing\Feature\Commands\MakePostCommandTest" file="Make Post Command (Hyde\Framework\Testing\Feature\Commands\MakePostCommand)" tests="5" assertions="48" errors="0" failures="0" skipped="0" time="0.175839">
        <testcase name="Command has expected output and creates valid file" file="Make Post Command (Hyde\Framework\Testing\Feature\Commands\MakePostCommand)::Command has expected output and creates valid file" class="Hyde\Framework\Testing\Feature\Commands\MakePostCommandTest" classname="Hyde.Framework.Testing.Feature.Commands.MakePostCommandTest" assertions="16" time="0.050601"/>
        <testcase name="That files are not overwritten when force flag is not set" file="Make Post Command (Hyde\Framework\Testing\Feature\Commands\MakePostCommand)::That files are not overwritten when force flag is not set" class="Hyde\Framework\Testing\Feature\Commands\MakePostCommandTest" classname="Hyde.Framework.Testing.Feature.Commands.MakePostCommandTest" assertions="9" time="0.029827"/>
        <testcase name="That files are overwritten when force flag is set" file="Make Post Command (Hyde\Framework\Testing\Feature\Commands\MakePostCommand)::That files are overwritten when force flag is set" class="Hyde\Framework\Testing\Feature\Commands\MakePostCommandTest" classname="Hyde.Framework.Testing.Feature.Commands.MakePostCommandTest" assertions="9" time="0.038149"/>
        <testcase name="That title can be specified in command signature" file="Make Post Command (Hyde\Framework\Testing\Feature\Commands\MakePostCommand)::That title can be specified in command signature" class="Hyde\Framework\Testing\Feature\Commands\MakePostCommandTest" classname="Hyde.Framework.Testing.Feature.Commands.MakePostCommandTest" assertions="6" time="0.029702"/>
        <testcase name="That command can be canceled" file="Make Post Command (Hyde\Framework\Testing\Feature\Commands\MakePostCommand)::That command can be canceled" class="Hyde\Framework\Testing\Feature\Commands\MakePostCommandTest" classname="Hyde.Framework.Testing.Feature.Commands.MakePostCommandTest" assertions="8" time="0.027558"/>
      </testsuite>
      <testsuite name="Hyde\Framework\Testing\Feature\Commands\PackageDiscoverCommandTest" file="Package Discover Command (Hyde\Framework\Testing\Feature\Commands\PackageDiscoverCommand)" tests="1" assertions="3" errors="0" failures="0" skipped="0" time="0.085006">
        <testcase name="Package discover command registers manifest path" file="Package Discover Command (Hyde\Framework\Testing\Feature\Commands\PackageDiscoverCommand)::Package discover command registers manifest path" class="Hyde\Framework\Testing\Feature\Commands\PackageDiscoverCommandTest" classname="Hyde.Framework.Testing.Feature.Commands.PackageDiscoverCommandTest" assertions="3" time="0.085006"/>
      </testsuite>
      <testsuite name="Hyde\Framework\Testing\Feature\Commands\PublishConfigsCommandTest" file="Publish Configs Command (Hyde\Framework\Testing\Feature\Commands\PublishConfigsCommand)" tests="3" assertions="16" errors="0" failures="0" skipped="0" time="0.108257">
        <testcase name="Command has expected output" file="Publish Configs Command (Hyde\Framework\Testing\Feature\Commands\PublishConfigsCommand)::Command has expected output" class="Hyde\Framework\Testing\Feature\Commands\PublishConfigsCommandTest" classname="Hyde.Framework.Testing.Feature.Commands.PublishConfigsCommandTest" assertions="4" time="0.040971"/>
        <testcase name="Config files are published" file="Publish Configs Command (Hyde\Framework\Testing\Feature\Commands\PublishConfigsCommand)::Config files are published" class="Hyde\Framework\Testing\Feature\Commands\PublishConfigsCommandTest" classname="Hyde.Framework.Testing.Feature.Commands.PublishConfigsCommandTest" assertions="8" time="0.033819"/>
        <testcase name="Command overwrites existing files" file="Publish Configs Command (Hyde\Framework\Testing\Feature\Commands\PublishConfigsCommand)::Command overwrites existing files" class="Hyde\Framework\Testing\Feature\Commands\PublishConfigsCommandTest" classname="Hyde.Framework.Testing.Feature.Commands.PublishConfigsCommandTest" assertions="4" time="0.033466"/>
      </testsuite>
      <testsuite name="Hyde\Framework\Testing\Feature\Commands\PublishHomepageCommandTest" file="Publish Homepage Command (Hyde\Framework\Testing\Feature\Commands\PublishHomepageCommand)" tests="9" assertions="28" errors="0" failures="0" skipped="0" time="0.281345">
        <testcase name="There are no default pages" file="Publish Homepage Command (Hyde\Framework\Testing\Feature\Commands\PublishHomepageCommand)::There are no default pages" class="Hyde\Framework\Testing\Feature\Commands\PublishHomepageCommandTest" classname="Hyde.Framework.Testing.Feature.Commands.PublishHomepageCommandTest" assertions="1" time="0.028927"/>
        <testcase name="Command returns expected output" file="Publish Homepage Command (Hyde\Framework\Testing\Feature\Commands\PublishHomepageCommand)::Command returns expected output" class="Hyde\Framework\Testing\Feature\Commands\PublishHomepageCommandTest" classname="Hyde.Framework.Testing.Feature.Commands.PublishHomepageCommandTest" assertions="3" time="0.028716"/>
        <testcase name="Command returns expected output with rebuild" file="Publish Homepage Command (Hyde\Framework\Testing\Feature\Commands\PublishHomepageCommand)::Command returns expected output with rebuild" class="Hyde\Framework\Testing\Feature\Commands\PublishHomepageCommandTest" classname="Hyde.Framework.Testing.Feature.Commands.PublishHomepageCommandTest" assertions="5" time="0.046774"/>
        <testcase name="Command prompts for output" file="Publish Homepage Command (Hyde\Framework\Testing\Feature\Commands\PublishHomepageCommand)::Command prompts for output" class="Hyde\Framework\Testing\Feature\Commands\PublishHomepageCommandTest" classname="Hyde.Framework.Testing.Feature.Commands.PublishHomepageCommandTest" assertions="5" time="0.029654"/>
        <testcase name="Command shows feedback output when supplying a homepage name" file="Publish Homepage Command (Hyde\Framework\Testing\Feature\Commands\PublishHomepageCommand)::Command shows feedback output when supplying a homepage name" class="Hyde\Framework\Testing\Feature\Commands\PublishHomepageCommandTest" classname="Hyde.Framework.Testing.Feature.Commands.PublishHomepageCommandTest" assertions="4" time="0.029257"/>
        <testcase name="Command handles error code 404" file="Publish Homepage Command (Hyde\Framework\Testing\Feature\Commands\PublishHomepageCommand)::Command handles error code 404" class="Hyde\Framework\Testing\Feature\Commands\PublishHomepageCommandTest" classname="Hyde.Framework.Testing.Feature.Commands.PublishHomepageCommandTest" assertions="2" time="0.026642"/>
        <testcase name="Command does not overwrite modified files without force flag" file="Publish Homepage Command (Hyde\Framework\Testing\Feature\Commands\PublishHomepageCommand)::Command does not overwrite modified files without force flag" class="Hyde\Framework\Testing\Feature\Commands\PublishHomepageCommandTest" classname="Hyde.Framework.Testing.Feature.Commands.PublishHomepageCommandTest" assertions="3" time="0.029748"/>
        <testcase name="Command overwrites modified files if force flag is set" file="Publish Homepage Command (Hyde\Framework\Testing\Feature\Commands\PublishHomepageCommand)::Command overwrites modified files if force flag is set" class="Hyde\Framework\Testing\Feature\Commands\PublishHomepageCommandTest" classname="Hyde.Framework.Testing.Feature.Commands.PublishHomepageCommandTest" assertions="3" time="0.028859"/>
        <testcase name="Command does not return 409 if the current file is a default file" file="Publish Homepage Command (Hyde\Framework\Testing\Feature\Commands\PublishHomepageCommand)::Command does not return 409 if the current file is a default file" class="Hyde\Framework\Testing\Feature\Commands\PublishHomepageCommandTest" classname="Hyde.Framework.Testing.Feature.Commands.PublishHomepageCommandTest" assertions="2" time="0.032769"/>
      </testsuite>
      <testsuite name="Hyde\Framework\Testing\Feature\Commands\PublishViewsCommandTest" file="Publish Views Command (Hyde\Framework\Testing\Feature\Commands\PublishViewsCommand)" tests="3" assertions="9" errors="0" failures="0" skipped="0" time="0.116103">
        <testcase name="Command publishes views" file="Publish Views Command (Hyde\Framework\Testing\Feature\Commands\PublishViewsCommand)::Command publishes views" class="Hyde\Framework\Testing\Feature\Commands\PublishViewsCommandTest" classname="Hyde.Framework.Testing.Feature.Commands.PublishViewsCommandTest" assertions="4" time="0.063246"/>
        <testcase name="Can select view" file="Publish Views Command (Hyde\Framework\Testing\Feature\Commands\PublishViewsCommand)::Can select view" class="Hyde\Framework\Testing\Feature\Commands\PublishViewsCommandTest" classname="Hyde.Framework.Testing.Feature.Commands.PublishViewsCommandTest" assertions="3" time="0.027495"/>
        <testcase name="With invalid supplied tag" file="Publish Views Command (Hyde\Framework\Testing\Feature\Commands\PublishViewsCommand)::With invalid supplied tag" class="Hyde\Framework\Testing\Feature\Commands\PublishViewsCommandTest" classname="Hyde.Framework.Testing.Feature.Commands.PublishViewsCommandTest" assertions="2" time="0.025361"/>
      </testsuite>
      <testsuite name="Hyde\Framework\Testing\Feature\Commands\RebuildPageCommandTest" file="Rebuild Page Command (Hyde\Framework\Testing\Feature\Commands\RebuildPageCommand)" tests="6" assertions="12" errors="0" failures="0" skipped="0" time="0.217857">
        <testcase name="Handle is successful with valid path" file="Rebuild Page Command (Hyde\Framework\Testing\Feature\Commands\RebuildPageCommand)::Handle is successful with valid path" class="Hyde\Framework\Testing\Feature\Commands\RebuildPageCommandTest" classname="Hyde.Framework.Testing.Feature.Commands.RebuildPageCommandTest" assertions="2" time="0.045651"/>
        <testcase name="Media files can be transferred" file="Rebuild Page Command (Hyde\Framework\Testing\Feature\Commands\RebuildPageCommand)::Media files can be transferred" class="Hyde\Framework\Testing\Feature\Commands\RebuildPageCommandTest" classname="Hyde.Framework.Testing.Feature.Commands.RebuildPageCommandTest" assertions="2" time="0.033094"/>
        <testcase name="Validate catches bad source directory" file="Rebuild Page Command (Hyde\Framework\Testing\Feature\Commands\RebuildPageCommand)::Validate catches bad source directory" class="Hyde\Framework\Testing\Feature\Commands\RebuildPageCommandTest" classname="Hyde.Framework.Testing.Feature.Commands.RebuildPageCommandTest" assertions="2" time="0.025710"/>
        <testcase name="Validate catches missing file" file="Rebuild Page Command (Hyde\Framework\Testing\Feature\Commands\RebuildPageCommand)::Validate catches missing file" class="Hyde\Framework\Testing\Feature\Commands\RebuildPageCommandTest" classname="Hyde.Framework.Testing.Feature.Commands.RebuildPageCommandTest" assertions="2" time="0.025033"/>
        <testcase name="Rebuild documentation page" file="Rebuild Page Command (Hyde\Framework\Testing\Feature\Commands\RebuildPageCommand)::Rebuild documentation page" class="Hyde\Framework\Testing\Feature\Commands\RebuildPageCommandTest" classname="Hyde.Framework.Testing.Feature.Commands.RebuildPageCommandTest" assertions="2" time="0.045428"/>
        <testcase name="Rebuild blog post" file="Rebuild Page Command (Hyde\Framework\Testing\Feature\Commands\RebuildPageCommand)::Rebuild blog post" class="Hyde\Framework\Testing\Feature\Commands\RebuildPageCommandTest" classname="Hyde.Framework.Testing.Feature.Commands.RebuildPageCommandTest" assertions="2" time="0.042942"/>
      </testsuite>
      <testsuite name="Hyde\Framework\Testing\Feature\Commands\RouteListCommandTest" file="Route List Command (Hyde\Framework\Testing\Feature\Commands\RouteListCommand)" tests="8" assertions="42" errors="0" failures="0" skipped="0" time="0.301512">
        <testcase name="Route list command" file="Route List Command (Hyde\Framework\Testing\Feature\Commands\RouteListCommand)::Route list command" class="Hyde\Framework\Testing\Feature\Commands\RouteListCommandTest" classname="Hyde.Framework.Testing.Feature.Commands.RouteListCommandTest" assertions="7" time="0.061843"/>
        <testcase name="Console route list" file="Route List Command (Hyde\Framework\Testing\Feature\Commands\RouteListCommand)::Console route list" class="Hyde\Framework\Testing\Feature\Commands\RouteListCommandTest" classname="Hyde.Framework.Testing.Feature.Commands.RouteListCommandTest" assertions="6" time="0.033566"/>
        <testcase name="Console route list with clickable output paths" file="Route List Command (Hyde\Framework\Testing\Feature\Commands\RouteListCommand)::Console route list with clickable output paths" class="Hyde\Framework\Testing\Feature\Commands\RouteListCommandTest" classname="Hyde.Framework.Testing.Feature.Commands.RouteListCommandTest" assertions="6" time="0.041641"/>
        <testcase name="Console route list with dynamic pages" file="Route List Command (Hyde\Framework\Testing\Feature\Commands\RouteListCommand)::Console route list with dynamic pages" class="Hyde\Framework\Testing\Feature\Commands\RouteListCommandTest" classname="Hyde.Framework.Testing.Feature.Commands.RouteListCommandTest" assertions="6" time="0.035034"/>
        <testcase name="Console route list with type label" file="Route List Command (Hyde\Framework\Testing\Feature\Commands\RouteListCommand)::Console route list with type label" class="Hyde\Framework\Testing\Feature\Commands\RouteListCommandTest" classname="Hyde.Framework.Testing.Feature.Commands.RouteListCommandTest" assertions="6" time="0.034419"/>
        <testcase name="Console route list with text format option" file="Route List Command (Hyde\Framework\Testing\Feature\Commands\RouteListCommand)::Console route list with text format option" class="Hyde\Framework\Testing\Feature\Commands\RouteListCommandTest" classname="Hyde.Framework.Testing.Feature.Commands.RouteListCommandTest" assertions="7" time="0.034065"/>
        <testcase name="Console route list with json format option" file="Route List Command (Hyde\Framework\Testing\Feature\Commands\RouteListCommand)::Console route list with json format option" class="Hyde\Framework\Testing\Feature\Commands\RouteListCommandTest" classname="Hyde.Framework.Testing.Feature.Commands.RouteListCommandTest" assertions="2" time="0.030791"/>
        <testcase name="Console route list with invalid format option" file="Route List Command (Hyde\Framework\Testing\Feature\Commands\RouteListCommand)::Console route list with invalid format option" class="Hyde\Framework\Testing\Feature\Commands\RouteListCommandTest" classname="Hyde.Framework.Testing.Feature.Commands.RouteListCommandTest" assertions="2" time="0.030152"/>
      </testsuite>
      <testsuite name="Hyde\Framework\Testing\Feature\Commands\ServeCommandTest" file="Serve Command (Hyde\Framework\Testing\Feature\Commands\ServeCommand)" tests="13" assertions="41" errors="0" failures="0" skipped="0" time="0.345404">
        <testcase name="Hyde serve command" file="Serve Command (Hyde\Framework\Testing\Feature\Commands\ServeCommand)::Hyde serve command" class="Hyde\Framework\Testing\Feature\Commands\ServeCommandTest" classname="Hyde.Framework.Testing.Feature.Commands.ServeCommandTest" assertions="3" time="0.039156"/>
        <testcase name="Hyde serve command with port option" file="Serve Command (Hyde\Framework\Testing\Feature\Commands\ServeCommand)::Hyde serve command with port option" class="Hyde\Framework\Testing\Feature\Commands\ServeCommandTest" classname="Hyde.Framework.Testing.Feature.Commands.ServeCommandTest" assertions="3" time="0.026422"/>
        <testcase name="Hyde serve command with host option" file="Serve Command (Hyde\Framework\Testing\Feature\Commands\ServeCommand)::Hyde serve command with host option" class="Hyde\Framework\Testing\Feature\Commands\ServeCommandTest" classname="Hyde.Framework.Testing.Feature.Commands.ServeCommandTest" assertions="3" time="0.025373"/>
        <testcase name="Hyde serve command with port and host option" file="Serve Command (Hyde\Framework\Testing\Feature\Commands\ServeCommand)::Hyde serve command with port and host option" class="Hyde\Framework\Testing\Feature\Commands\ServeCommandTest" classname="Hyde.Framework.Testing.Feature.Commands.ServeCommandTest" assertions="3" time="0.025357"/>
        <testcase name="Hyde serve command with port defined in config" file="Serve Command (Hyde\Framework\Testing\Feature\Commands\ServeCommand)::Hyde serve command with port defined in config" class="Hyde\Framework\Testing\Feature\Commands\ServeCommandTest" classname="Hyde.Framework.Testing.Feature.Commands.ServeCommandTest" assertions="3" time="0.026222"/>
        <testcase name="Hyde serve command with port defined in config and port option" file="Serve Command (Hyde\Framework\Testing\Feature\Commands\ServeCommand)::Hyde serve command with port defined in config and port option" class="Hyde\Framework\Testing\Feature\Commands\ServeCommandTest" classname="Hyde.Framework.Testing.Feature.Commands.ServeCommandTest" assertions="3" time="0.025836"/>
        <testcase name="Hyde serve command with port missing in config and port option" file="Serve Command (Hyde\Framework\Testing\Feature\Commands\ServeCommand)::Hyde serve command with port missing in config and port option" class="Hyde\Framework\Testing\Feature\Commands\ServeCommandTest" classname="Hyde.Framework.Testing.Feature.Commands.ServeCommandTest" assertions="3" time="0.025068"/>
        <testcase name="Hyde serve command with host defined in config" file="Serve Command (Hyde\Framework\Testing\Feature\Commands\ServeCommand)::Hyde serve command with host defined in config" class="Hyde\Framework\Testing\Feature\Commands\ServeCommandTest" classname="Hyde.Framework.Testing.Feature.Commands.ServeCommandTest" assertions="3" time="0.024546"/>
        <testcase name="Hyde serve command with host defined in config and host option" file="Serve Command (Hyde\Framework\Testing\Feature\Commands\ServeCommand)::Hyde serve command with host defined in config and host option" class="Hyde\Framework\Testing\Feature\Commands\ServeCommandTest" classname="Hyde.Framework.Testing.Feature.Commands.ServeCommandTest" assertions="3" time="0.024683"/>
        <testcase name="Hyde serve command with host missing in config and host option" file="Serve Command (Hyde\Framework\Testing\Feature\Commands\ServeCommand)::Hyde serve command with host missing in config and host option" class="Hyde\Framework\Testing\Feature\Commands\ServeCommandTest" classname="Hyde.Framework.Testing.Feature.Commands.ServeCommandTest" assertions="3" time="0.024773"/>
        <testcase name="Hyde serve command with invalid config value" file="Serve Command (Hyde\Framework\Testing\Feature\Commands\ServeCommand)::Hyde serve command with invalid config value" class="Hyde\Framework\Testing\Feature\Commands\ServeCommandTest" classname="Hyde.Framework.Testing.Feature.Commands.ServeCommandTest" assertions="2" time="0.023965"/>
        <testcase name="Hyde serve command passes through process output" file="Serve Command (Hyde\Framework\Testing\Feature\Commands\ServeCommand)::Hyde serve command passes through process output" class="Hyde\Framework\Testing\Feature\Commands\ServeCommandTest" classname="Hyde.Framework.Testing.Feature.Commands.ServeCommandTest" assertions="6" time="0.025420"/>
        <testcase name="With fancy output" file="Serve Command (Hyde\Framework\Testing\Feature\Commands\ServeCommand)::With fancy output" class="Hyde\Framework\Testing\Feature\Commands\ServeCommandTest" classname="Hyde.Framework.Testing.Feature.Commands.ServeCommandTest" assertions="3" time="0.028582"/>
      </testsuite>
      <testsuite name="Hyde\Framework\Testing\Feature\Commands\ValidateCommandTest" file="Validate Command (Hyde\Framework\Testing\Feature\Commands\ValidateCommand)" tests="2" assertions="8" errors="0" failures="0" skipped="0" time="0.108026">
        <testcase name="Validate command can run" file="Validate Command (Hyde\Framework\Testing\Feature\Commands\ValidateCommand)::Validate command can run" class="Hyde\Framework\Testing\Feature\Commands\ValidateCommandTest" classname="Hyde.Framework.Testing.Feature.Commands.ValidateCommandTest" assertions="5" time="0.077639"/>
        <testcase name="Validate command can run with skips" file="Validate Command (Hyde\Framework\Testing\Feature\Commands\ValidateCommand)::Validate command can run with skips" class="Hyde\Framework\Testing\Feature\Commands\ValidateCommandTest" classname="Hyde.Framework.Testing.Feature.Commands.ValidateCommandTest" assertions="3" time="0.030386"/>
      </testsuite>
      <testsuite name="Hyde\Framework\Testing\Feature\Commands\VendorPublishCommandTest" file="Vendor Publish Command (Hyde\Framework\Testing\Feature\Commands\VendorPublishCommand)" tests="5" assertions="13" errors="0" failures="0" skipped="0" time="0.132770">
        <testcase name="Command prompts for provider or tag" file="Vendor Publish Command (Hyde\Framework\Testing\Feature\Commands\VendorPublishCommand)::Command prompts for provider or tag" class="Hyde\Framework\Testing\Feature\Commands\VendorPublishCommandTest" classname="Hyde.Framework.Testing.Feature.Commands.VendorPublishCommandTest" assertions="3" time="0.030292"/>
        <testcase name="Unhelpful publishers are removed" file="Vendor Publish Command (Hyde\Framework\Testing\Feature\Commands\VendorPublishCommand)::Unhelpful publishers are removed" class="Hyde\Framework\Testing\Feature\Commands\VendorPublishCommandTest" classname="Hyde.Framework.Testing.Feature.Commands.VendorPublishCommandTest" assertions="3" time="0.024881"/>
        <testcase name="Config group is renamed to be more helpful" file="Vendor Publish Command (Hyde\Framework\Testing\Feature\Commands\VendorPublishCommand)::Config group is renamed to be more helpful" class="Hyde\Framework\Testing\Feature\Commands\VendorPublishCommandTest" classname="Hyde.Framework.Testing.Feature.Commands.VendorPublishCommandTest" assertions="3" time="0.025369"/>
        <testcase name="Can select default" file="Vendor Publish Command (Hyde\Framework\Testing\Feature\Commands\VendorPublishCommand)::Can select default" class="Hyde\Framework\Testing\Feature\Commands\VendorPublishCommandTest" classname="Hyde.Framework.Testing.Feature.Commands.VendorPublishCommandTest" assertions="3" time="0.024869"/>
        <testcase name="Status method" file="Vendor Publish Command (Hyde\Framework\Testing\Feature\Commands\VendorPublishCommand)::Status method" class="Hyde\Framework\Testing\Feature\Commands\VendorPublishCommandTest" classname="Hyde.Framework.Testing.Feature.Commands.VendorPublishCommandTest" assertions="1" time="0.027360"/>
      </testsuite>
      <testsuite name="Hyde\Framework\Testing\Feature\ConfigurableFeaturesTest" file="Configurable Features (Hyde\Framework\Testing\Feature\ConfigurableFeatures)" tests="14" assertions="70" errors="0" failures="0" skipped="0" time="0.344452">
        <testcase name="Has feature returns false when feature is not enabled" file="Configurable Features (Hyde\Framework\Testing\Feature\ConfigurableFeatures)::Has feature returns false when feature is not enabled" class="Hyde\Framework\Testing\Feature\ConfigurableFeaturesTest" classname="Hyde.Framework.Testing.Feature.ConfigurableFeaturesTest" assertions="9" time="0.030325"/>
        <testcase name="Has feature returns true when feature is enabled" file="Configurable Features (Hyde\Framework\Testing\Feature\ConfigurableFeatures)::Has feature returns true when feature is enabled" class="Hyde\Framework\Testing\Feature\ConfigurableFeaturesTest" classname="Hyde.Framework.Testing.Feature.ConfigurableFeaturesTest" assertions="7" time="0.023191"/>
        <testcase name="Can generate sitemap helper returns true if hyde has base url" file="Configurable Features (Hyde\Framework\Testing\Feature\ConfigurableFeatures)::Can generate sitemap helper returns true if hyde has base url" class="Hyde\Framework\Testing\Feature\ConfigurableFeaturesTest" classname="Hyde.Framework.Testing.Feature.ConfigurableFeaturesTest" assertions="1" time="0.022353"/>
        <testcase name="Can generate sitemap helper returns false if hyde does not have base url" file="Configurable Features (Hyde\Framework\Testing\Feature\ConfigurableFeatures)::Can generate sitemap helper returns false if hyde does not have base url" class="Hyde\Framework\Testing\Feature\ConfigurableFeaturesTest" classname="Hyde.Framework.Testing.Feature.ConfigurableFeaturesTest" assertions="1" time="0.022053"/>
        <testcase name="Can generate sitemap helper returns false if sitemaps are disabled in config" file="Configurable Features (Hyde\Framework\Testing\Feature\ConfigurableFeatures)::Can generate sitemap helper returns false if sitemaps are disabled in config" class="Hyde\Framework\Testing\Feature\ConfigurableFeaturesTest" classname="Hyde.Framework.Testing.Feature.ConfigurableFeaturesTest" assertions="1" time="0.021954"/>
        <testcase name="Has theme toggle buttons returns true when darkmode enabled and config true" file="Configurable Features (Hyde\Framework\Testing\Feature\ConfigurableFeatures)::Has theme toggle buttons returns true when darkmode enabled and config true" class="Hyde\Framework\Testing\Feature\ConfigurableFeaturesTest" classname="Hyde.Framework.Testing.Feature.ConfigurableFeaturesTest" assertions="1" time="0.021778"/>
        <testcase name="Has theme toggle buttons returns false when darkmode disabled" file="Configurable Features (Hyde\Framework\Testing\Feature\ConfigurableFeatures)::Has theme toggle buttons returns false when darkmode disabled" class="Hyde\Framework\Testing\Feature\ConfigurableFeaturesTest" classname="Hyde.Framework.Testing.Feature.ConfigurableFeaturesTest" assertions="1" time="0.021868"/>
        <testcase name="Has theme toggle buttons returns false when config false" file="Configurable Features (Hyde\Framework\Testing\Feature\ConfigurableFeatures)::Has theme toggle buttons returns false when config false" class="Hyde\Framework\Testing\Feature\ConfigurableFeaturesTest" classname="Hyde.Framework.Testing.Feature.ConfigurableFeaturesTest" assertions="1" time="0.021843"/>
        <testcase name="Has theme toggle buttons returns true when darkmode enabled and config not set" file="Configurable Features (Hyde\Framework\Testing\Feature\ConfigurableFeatures)::Has theme toggle buttons returns true when darkmode enabled and config not set" class="Hyde\Framework\Testing\Feature\ConfigurableFeaturesTest" classname="Hyde.Framework.Testing.Feature.ConfigurableFeaturesTest" assertions="1" time="0.030713"/>
        <testcase name="To array method returns method array" file="Configurable Features (Hyde\Framework\Testing\Feature\ConfigurableFeatures)::To array method returns method array" class="Hyde\Framework\Testing\Feature\ConfigurableFeaturesTest" classname="Hyde.Framework.Testing.Feature.ConfigurableFeaturesTest" assertions="29" time="0.031052"/>
        <testcase name="To array method contains all settings" file="Configurable Features (Hyde\Framework\Testing\Feature\ConfigurableFeatures)::To array method contains all settings" class="Hyde\Framework\Testing\Feature\ConfigurableFeaturesTest" classname="Hyde.Framework.Testing.Feature.ConfigurableFeaturesTest" assertions="10" time="0.030014"/>
        <testcase name="Features can be mocked" file="Configurable Features (Hyde\Framework\Testing\Feature\ConfigurableFeatures)::Features can be mocked" class="Hyde\Framework\Testing\Feature\ConfigurableFeaturesTest" classname="Hyde.Framework.Testing.Feature.ConfigurableFeaturesTest" assertions="2" time="0.022511"/>
        <testcase name="Dynamic features can be mocked" file="Configurable Features (Hyde\Framework\Testing\Feature\ConfigurableFeatures)::Dynamic features can be mocked" class="Hyde\Framework\Testing\Feature\ConfigurableFeaturesTest" classname="Hyde.Framework.Testing.Feature.ConfigurableFeaturesTest" assertions="2" time="0.022040"/>
        <testcase name="Multiple features can be mocked" file="Configurable Features (Hyde\Framework\Testing\Feature\ConfigurableFeatures)::Multiple features can be mocked" class="Hyde\Framework\Testing\Feature\ConfigurableFeaturesTest" classname="Hyde.Framework.Testing.Feature.ConfigurableFeaturesTest" assertions="4" time="0.022756"/>
      </testsuite>
      <testsuite name="Hyde\Framework\Testing\Feature\ConfigurableSourceRootsFeatureTest" file="Configurable Source Roots Feature (Hyde\Framework\Testing\Feature\ConfigurableSourceRootsFeature)" tests="4" assertions="5" errors="0" failures="0" skipped="0" time="0.141272">
        <testcase name="Default config value is empty string" file="Configurable Source Roots Feature (Hyde\Framework\Testing\Feature\ConfigurableSourceRootsFeature)::Default config value is empty string" class="Hyde\Framework\Testing\Feature\ConfigurableSourceRootsFeatureTest" classname="Hyde.Framework.Testing.Feature.ConfigurableSourceRootsFeatureTest" assertions="1" time="0.040547"/>
        <testcase name="Files in custom source root can be discovered" file="Configurable Source Roots Feature (Hyde\Framework\Testing\Feature\ConfigurableSourceRootsFeature)::Files in custom source root can be discovered" class="Hyde\Framework\Testing\Feature\ConfigurableSourceRootsFeatureTest" classname="Hyde.Framework.Testing.Feature.ConfigurableSourceRootsFeatureTest" assertions="2" time="0.028111"/>
        <testcase name="Files in custom source root can be compiled" file="Configurable Source Roots Feature (Hyde\Framework\Testing\Feature\ConfigurableSourceRootsFeature)::Files in custom source root can be compiled" class="Hyde\Framework\Testing\Feature\ConfigurableSourceRootsFeatureTest" classname="Hyde.Framework.Testing.Feature.ConfigurableSourceRootsFeatureTest" assertions="1" time="0.048450"/>
        <testcase name="Hyde page path method supports custom source roots" file="Configurable Source Roots Feature (Hyde\Framework\Testing\Feature\ConfigurableSourceRootsFeature)::Hyde page path method supports custom source roots" class="Hyde\Framework\Testing\Feature\ConfigurableSourceRootsFeatureTest" classname="Hyde.Framework.Testing.Feature.ConfigurableSourceRootsFeatureTest" assertions="1" time="0.024164"/>
      </testsuite>
      <testsuite name="Hyde\Framework\Testing\Feature\ConsoleKernelTest" file="Console Kernel (Hyde\Framework\Testing\Feature\ConsoleKernel)" tests="4" assertions="6" errors="0" failures="0" skipped="0" time="0.098290">
        <testcase name="Is instantiable" file="Console Kernel (Hyde\Framework\Testing\Feature\ConsoleKernel)::Is instantiable" class="Hyde\Framework\Testing\Feature\ConsoleKernelTest" classname="Hyde.Framework.Testing.Feature.ConsoleKernelTest" assertions="1" time="0.030643"/>
        <testcase name="Class implements kernel interface" file="Console Kernel (Hyde\Framework\Testing\Feature\ConsoleKernel)::Class implements kernel interface" class="Hyde\Framework\Testing\Feature\ConsoleKernelTest" classname="Hyde.Framework.Testing.Feature.ConsoleKernelTest" assertions="1" time="0.022347"/>
        <testcase name="Laravel zero bootstrappers have not changed" file="Console Kernel (Hyde\Framework\Testing\Feature\ConsoleKernel)::Laravel zero bootstrappers have not changed" class="Hyde\Framework\Testing\Feature\ConsoleKernelTest" classname="Hyde.Framework.Testing.Feature.ConsoleKernelTest" assertions="1" time="0.022547"/>
        <testcase name="Hyde bootstrapper injections" file="Console Kernel (Hyde\Framework\Testing\Feature\ConsoleKernel)::Hyde bootstrapper injections" class="Hyde\Framework\Testing\Feature\ConsoleKernelTest" classname="Hyde.Framework.Testing.Feature.ConsoleKernelTest" assertions="3" time="0.022753"/>
      </testsuite>
      <testsuite name="Hyde\Framework\Testing\Feature\ConvertsArrayToFrontMatterTest" file="Converts Array To Front Matter (Hyde\Framework\Testing\Feature\ConvertsArrayToFrontMatter)" tests="2" assertions="2" errors="0" failures="0" skipped="0" time="0.050134">
        <testcase name="Action converts an array to front matter" file="Converts Array To Front Matter (Hyde\Framework\Testing\Feature\ConvertsArrayToFrontMatter)::Action converts an array to front matter" class="Hyde\Framework\Testing\Feature\ConvertsArrayToFrontMatterTest" classname="Hyde.Framework.Testing.Feature.ConvertsArrayToFrontMatterTest" assertions="1" time="0.028238"/>
        <testcase name="Action returns empty string if array is empty" file="Converts Array To Front Matter (Hyde\Framework\Testing\Feature\ConvertsArrayToFrontMatter)::Action returns empty string if array is empty" class="Hyde\Framework\Testing\Feature\ConvertsArrayToFrontMatterTest" classname="Hyde.Framework.Testing.Feature.ConvertsArrayToFrontMatterTest" assertions="1" time="0.021895"/>
      </testsuite>
      <testsuite name="Hyde\Framework\Testing\Feature\DarkmodeFeatureTest" file="Darkmode Feature (Hyde\Framework\Testing\Feature\DarkmodeFeature)" tests="7" assertions="14" errors="0" failures="0" skipped="0" time="0.243722">
        <testcase name="Has darkmode" file="Darkmode Feature (Hyde\Framework\Testing\Feature\DarkmodeFeature)::Has darkmode" class="Hyde\Framework\Testing\Feature\DarkmodeFeatureTest" classname="Hyde.Framework.Testing.Feature.DarkmodeFeatureTest" assertions="2" time="0.027348"/>
        <testcase name="Layout has toggle button and script when enabled" file="Darkmode Feature (Hyde\Framework\Testing\Feature\DarkmodeFeature)::Layout has toggle button and script when enabled" class="Hyde\Framework\Testing\Feature\DarkmodeFeatureTest" classname="Hyde.Framework.Testing.Feature.DarkmodeFeatureTest" assertions="2" time="0.034623"/>
        <testcase name="Documentation page has toggle button and script when enabled" file="Darkmode Feature (Hyde\Framework\Testing\Feature\DarkmodeFeature)::Documentation page has toggle button and script when enabled" class="Hyde\Framework\Testing\Feature\DarkmodeFeatureTest" classname="Hyde.Framework.Testing.Feature.DarkmodeFeatureTest" assertions="2" time="0.043893"/>
        <testcase name="Dark mode theme button is hidden in layouts when disabled" file="Darkmode Feature (Hyde\Framework\Testing\Feature\DarkmodeFeature)::Dark mode theme button is hidden in layouts when disabled" class="Hyde\Framework\Testing\Feature\DarkmodeFeatureTest" classname="Hyde.Framework.Testing.Feature.DarkmodeFeatureTest" assertions="2" time="0.033944"/>
        <testcase name="Dark mode theme button is hidden in documentation pages when disabled" file="Darkmode Feature (Hyde\Framework\Testing\Feature\DarkmodeFeature)::Dark mode theme button is hidden in documentation pages when disabled" class="Hyde\Framework\Testing\Feature\DarkmodeFeatureTest" classname="Hyde.Framework.Testing.Feature.DarkmodeFeatureTest" assertions="2" time="0.032684"/>
        <testcase name="Dark mode theme button is hidden when theme toggle is disabled" file="Darkmode Feature (Hyde\Framework\Testing\Feature\DarkmodeFeature)::Dark mode theme button is hidden when theme toggle is disabled" class="Hyde\Framework\Testing\Feature\DarkmodeFeatureTest" classname="Hyde.Framework.Testing.Feature.DarkmodeFeatureTest" assertions="2" time="0.034377"/>
        <testcase name="Dark mode theme button is hidden from documentation pages when theme toggle is disabled" file="Darkmode Feature (Hyde\Framework\Testing\Feature\DarkmodeFeature)::Dark mode theme button is hidden from documentation pages when theme toggle is disabled" class="Hyde\Framework\Testing\Feature\DarkmodeFeatureTest" classname="Hyde.Framework.Testing.Feature.DarkmodeFeatureTest" assertions="2" time="0.036852"/>
      </testsuite>
      <testsuite name="Hyde\Framework\Testing\Feature\DataCollectionTest" file="Data Collection (Hyde\Framework\Testing\Feature\DataCollection)" tests="16" assertions="20" errors="0" failures="0" skipped="0" time="0.408888">
        <testcase name="Markdown collections" file="Data Collection (Hyde\Framework\Testing\Feature\DataCollection)::Markdown collections" class="Hyde\Framework\Testing\Feature\DataCollectionTest" classname="Hyde.Framework.Testing.Feature.DataCollectionTest" assertions="1" time="0.035490"/>
        <testcase name="Yaml collections" file="Data Collection (Hyde\Framework\Testing\Feature\DataCollection)::Yaml collections" class="Hyde\Framework\Testing\Feature\DataCollectionTest" classname="Hyde.Framework.Testing.Feature.DataCollectionTest" assertions="1" time="0.025558"/>
        <testcase name="Yaml collections without triple dashes" file="Data Collection (Hyde\Framework\Testing\Feature\DataCollection)::Yaml collections without triple dashes" class="Hyde\Framework\Testing\Feature\DataCollectionTest" classname="Hyde.Framework.Testing.Feature.DataCollectionTest" assertions="1" time="0.025010"/>
        <testcase name="Json collections" file="Data Collection (Hyde\Framework\Testing\Feature\DataCollection)::Json collections" class="Hyde\Framework\Testing\Feature\DataCollectionTest" classname="Hyde.Framework.Testing.Feature.DataCollectionTest" assertions="1" time="0.024982"/>
        <testcase name="Json collections as arrays" file="Data Collection (Hyde\Framework\Testing\Feature\DataCollection)::Json collections as arrays" class="Hyde\Framework\Testing\Feature\DataCollectionTest" classname="Hyde.Framework.Testing.Feature.DataCollectionTest" assertions="1" time="0.024354"/>
        <testcase name="Find markdown files method returns empty array if the specified directory does not exist" file="Data Collection (Hyde\Framework\Testing\Feature\DataCollection)::Find markdown files method returns empty array if the specified directory does not exist" class="Hyde\Framework\Testing\Feature\DataCollectionTest" classname="Hyde.Framework.Testing.Feature.DataCollectionTest" assertions="2" time="0.022865"/>
        <testcase name="Find markdown files method returns empty array if no files are found in specified directory" file="Data Collection (Hyde\Framework\Testing\Feature\DataCollection)::Find markdown files method returns empty array if no files are found in specified directory" class="Hyde\Framework\Testing\Feature\DataCollectionTest" classname="Hyde.Framework.Testing.Feature.DataCollectionTest" assertions="2" time="0.023735"/>
        <testcase name="Find markdown files method returns an array of markdown files in the specified directory" file="Data Collection (Hyde\Framework\Testing\Feature\DataCollection)::Find markdown files method returns an array of markdown files in the specified directory" class="Hyde\Framework\Testing\Feature\DataCollectionTest" classname="Hyde.Framework.Testing.Feature.DataCollectionTest" assertions="1" time="0.024648"/>
        <testcase name="Find markdown files method does not include files in subdirectories" file="Data Collection (Hyde\Framework\Testing\Feature\DataCollection)::Find markdown files method does not include files in subdirectories" class="Hyde\Framework\Testing\Feature\DataCollectionTest" classname="Hyde.Framework.Testing.Feature.DataCollectionTest" assertions="1" time="0.033728"/>
        <testcase name="Find markdown files method does not include files with extensions other than md" file="Data Collection (Hyde\Framework\Testing\Feature\DataCollection)::Find markdown files method does not include files with extensions other than md" class="Hyde\Framework\Testing\Feature\DataCollectionTest" classname="Hyde.Framework.Testing.Feature.DataCollectionTest" assertions="1" time="0.024783"/>
        <testcase name="Find markdown files method does not remove files starting with an underscore" file="Data Collection (Hyde\Framework\Testing\Feature\DataCollection)::Find markdown files method does not remove files starting with an underscore" class="Hyde\Framework\Testing\Feature\DataCollectionTest" classname="Hyde.Framework.Testing.Feature.DataCollectionTest" assertions="1" time="0.024133"/>
        <testcase name="Static markdown helper discovers and parses markdown files in the specified directory" file="Data Collection (Hyde\Framework\Testing\Feature\DataCollection)::Static markdown helper discovers and parses markdown files in the specified directory" class="Hyde\Framework\Testing\Feature\DataCollectionTest" classname="Hyde.Framework.Testing.Feature.DataCollectionTest" assertions="1" time="0.024705"/>
        <testcase name="Static markdown helper doest not ignore files starting with an underscore" file="Data Collection (Hyde\Framework\Testing\Feature\DataCollection)::Static markdown helper doest not ignore files starting with an underscore" class="Hyde\Framework\Testing\Feature\DataCollectionTest" classname="Hyde.Framework.Testing.Feature.DataCollectionTest" assertions="1" time="0.023961"/>
        <testcase name="Source directory can be changed" file="Data Collection (Hyde\Framework\Testing\Feature\DataCollection)::Source directory can be changed" class="Hyde\Framework\Testing\Feature\DataCollectionTest" classname="Hyde.Framework.Testing.Feature.DataCollectionTest" assertions="1" time="0.024220"/>
        <testcase name="Source directory is automatically added if missing" file="Data Collection (Hyde\Framework\Testing\Feature\DataCollection)::Source directory is automatically added if missing" class="Hyde\Framework\Testing\Feature\DataCollectionTest" classname="Hyde.Framework.Testing.Feature.DataCollectionTest" assertions="2" time="0.023261"/>
        <testcase name="Custom source directory is automatically added if missing" file="Data Collection (Hyde\Framework\Testing\Feature\DataCollection)::Custom source directory is automatically added if missing" class="Hyde\Framework\Testing\Feature\DataCollectionTest" classname="Hyde.Framework.Testing.Feature.DataCollectionTest" assertions="2" time="0.023454"/>
      </testsuite>
      <testsuite name="Hyde\Framework\Testing\Feature\DiscoveryServiceTest" file="Discovery Service (Hyde\Framework\Testing\Feature\DiscoveryService)" tests="18" assertions="38" errors="0" failures="0" skipped="0" time="0.130812">
        <testcase name="Get source file list for model method finds default model properties" file="Discovery Service (Hyde\Framework\Testing\Feature\DiscoveryService)::Get source file list for model method finds default model properties" class="Hyde\Framework\Testing\Feature\DiscoveryServiceTest" classname="Hyde.Framework.Testing.Feature.DiscoveryServiceTest" assertions="1" time="0.030866"/>
        <testcase name="Get source file list for model method finds customized source directory" file="Discovery Service (Hyde\Framework\Testing\Feature\DiscoveryService)::Get source file list for model method finds customized source directory" class="Hyde\Framework\Testing\Feature\DiscoveryServiceTest" classname="Hyde.Framework.Testing.Feature.DiscoveryServiceTest" assertions="1" time="0.009390"/>
        <testcase name="Get source file list for model method finds customized file extension" file="Discovery Service (Hyde\Framework\Testing\Feature\DiscoveryService)::Get source file list for model method finds customized file extension" class="Hyde\Framework\Testing\Feature\DiscoveryServiceTest" classname="Hyde.Framework.Testing.Feature.DiscoveryServiceTest" assertions="1" time="0.009454"/>
        <testcase name="Get media asset files" file="Discovery Service (Hyde\Framework\Testing\Feature\DiscoveryService)::Get media asset files" class="Hyde\Framework\Testing\Feature\DiscoveryServiceTest" classname="Hyde.Framework.Testing.Feature.DiscoveryServiceTest" assertions="1" time="0.003463"/>
        <testcase name="Get media asset files discovers files" file="Discovery Service (Hyde\Framework\Testing\Feature\DiscoveryService)::Get media asset files discovers files" class="Hyde\Framework\Testing\Feature\DiscoveryServiceTest" classname="Hyde.Framework.Testing.Feature.DiscoveryServiceTest" assertions="8" time="0.011550"/>
        <testcase name="Get media asset files discovers custom file types" file="Discovery Service (Hyde\Framework\Testing\Feature\DiscoveryService)::Get media asset files discovers custom file types" class="Hyde\Framework\Testing\Feature\DiscoveryServiceTest" classname="Hyde.Framework.Testing.Feature.DiscoveryServiceTest" assertions="2" time="0.004406"/>
        <testcase name="Get media asset files discovers files recursively" file="Discovery Service (Hyde\Framework\Testing\Feature\DiscoveryService)::Get media asset files discovers files recursively" class="Hyde\Framework\Testing\Feature\DiscoveryServiceTest" classname="Hyde.Framework.Testing.Feature.DiscoveryServiceTest" assertions="1" time="0.003982"/>
        <testcase name="Get media asset files discovers files very recursively" file="Discovery Service (Hyde\Framework\Testing\Feature\DiscoveryService)::Get media asset files discovers files very recursively" class="Hyde\Framework\Testing\Feature\DiscoveryServiceTest" classname="Hyde.Framework.Testing.Feature.DiscoveryServiceTest" assertions="1" time="0.004102"/>
        <testcase name="Media asset extensions can be added by comma separated values" file="Discovery Service (Hyde\Framework\Testing\Feature\DiscoveryService)::Media asset extensions can be added by comma separated values" class="Hyde\Framework\Testing\Feature\DiscoveryServiceTest" classname="Hyde.Framework.Testing.Feature.DiscoveryServiceTest" assertions="2" time="0.004619"/>
        <testcase name="Media asset extensions can be added by array" file="Discovery Service (Hyde\Framework\Testing\Feature\DiscoveryService)::Media asset extensions can be added by array" class="Hyde\Framework\Testing\Feature\DiscoveryServiceTest" classname="Hyde.Framework.Testing.Feature.DiscoveryServiceTest" assertions="2" time="0.004637"/>
        <testcase name="Blade page files starting with underscore are ignored" file="Discovery Service (Hyde\Framework\Testing\Feature\DiscoveryService)::Blade page files starting with underscore are ignored" class="Hyde\Framework\Testing\Feature\DiscoveryServiceTest" classname="Hyde.Framework.Testing.Feature.DiscoveryServiceTest" assertions="1" time="0.008285"/>
        <testcase name="Markdown page files starting with underscore are ignored" file="Discovery Service (Hyde\Framework\Testing\Feature\DiscoveryService)::Markdown page files starting with underscore are ignored" class="Hyde\Framework\Testing\Feature\DiscoveryServiceTest" classname="Hyde.Framework.Testing.Feature.DiscoveryServiceTest" assertions="1" time="0.008202"/>
        <testcase name="Post files starting with underscore are ignored" file="Discovery Service (Hyde\Framework\Testing\Feature\DiscoveryService)::Post files starting with underscore are ignored" class="Hyde\Framework\Testing\Feature\DiscoveryServiceTest" classname="Hyde.Framework.Testing.Feature.DiscoveryServiceTest" assertions="1" time="0.008161"/>
        <testcase name="Documentation page files starting with underscore are ignored" file="Discovery Service (Hyde\Framework\Testing\Feature\DiscoveryService)::Documentation page files starting with underscore are ignored" class="Hyde\Framework\Testing\Feature\DiscoveryServiceTest" classname="Hyde.Framework.Testing.Feature.DiscoveryServiceTest" assertions="1" time="0.008089"/>
        <testcase name="Blade page path to identifier helper formats path to identifier" file="Discovery Service (Hyde\Framework\Testing\Feature\DiscoveryService)::Blade page path to identifier helper formats path to identifier" class="Hyde\Framework\Testing\Feature\DiscoveryServiceTest" classname="Hyde.Framework.Testing.Feature.DiscoveryServiceTest" assertions="5" time="0.003117"/>
        <testcase name="Markdown page path to identifier helper formats path to identifier" file="Discovery Service (Hyde\Framework\Testing\Feature\DiscoveryService)::Markdown page path to identifier helper formats path to identifier" class="Hyde\Framework\Testing\Feature\DiscoveryServiceTest" classname="Hyde.Framework.Testing.Feature.DiscoveryServiceTest" assertions="3" time="0.002820"/>
        <testcase name="Markdown post path to identifier helper formats path to identifier" file="Discovery Service (Hyde\Framework\Testing\Feature\DiscoveryService)::Markdown post path to identifier helper formats path to identifier" class="Hyde\Framework\Testing\Feature\DiscoveryServiceTest" classname="Hyde.Framework.Testing.Feature.DiscoveryServiceTest" assertions="3" time="0.002838"/>
        <testcase name="Documentation page path to identifier helper formats path to identifier" file="Discovery Service (Hyde\Framework\Testing\Feature\DiscoveryService)::Documentation page path to identifier helper formats path to identifier" class="Hyde\Framework\Testing\Feature\DiscoveryServiceTest" classname="Hyde.Framework.Testing.Feature.DiscoveryServiceTest" assertions="3" time="0.002830"/>
      </testsuite>
      <testsuite name="Hyde\Framework\Testing\Feature\DocumentationPageTest" file="Documentation Page (Hyde\Framework\Testing\Feature\DocumentationPage)" tests="28" assertions="43" errors="0" failures="0" skipped="0" time="0.715064">
        <testcase name="Can generate table of contents" file="Documentation Page (Hyde\Framework\Testing\Feature\DocumentationPage)::Can generate table of contents" class="Hyde\Framework\Testing\Feature\DocumentationPageTest" classname="Hyde.Framework.Testing.Feature.DocumentationPageTest" assertions="1" time="0.047126"/>
        <testcase name="Can get current page path" file="Documentation Page (Hyde\Framework\Testing\Feature\DocumentationPage)::Can get current page path" class="Hyde\Framework\Testing\Feature\DocumentationPageTest" classname="Hyde.Framework.Testing.Feature.DocumentationPageTest" assertions="1" time="0.023668"/>
        <testcase name="Can get current custom page path" file="Documentation Page (Hyde\Framework\Testing\Feature\DocumentationPage)::Can get current custom page path" class="Hyde\Framework\Testing\Feature\DocumentationPageTest" classname="Hyde.Framework.Testing.Feature.DocumentationPageTest" assertions="1" time="0.023913"/>
        <testcase name="Can get current page path when using flattened output paths" file="Documentation Page (Hyde\Framework\Testing\Feature\DocumentationPage)::Can get current page path when using flattened output paths" class="Hyde\Framework\Testing\Feature\DocumentationPageTest" classname="Hyde.Framework.Testing.Feature.DocumentationPageTest" assertions="2" time="0.024471"/>
        <testcase name="Can get current page path when not using flattened output paths" file="Documentation Page (Hyde\Framework\Testing\Feature\DocumentationPage)::Can get current page path when not using flattened output paths" class="Hyde\Framework\Testing\Feature\DocumentationPageTest" classname="Hyde.Framework.Testing.Feature.DocumentationPageTest" assertions="2" time="0.024410"/>
        <testcase name="Can get online source path" file="Documentation Page (Hyde\Framework\Testing\Feature\DocumentationPage)::Can get online source path" class="Hyde\Framework\Testing\Feature\DocumentationPageTest" classname="Hyde.Framework.Testing.Feature.DocumentationPageTest" assertions="1" time="0.023027"/>
        <testcase name="Can get online source path with source file location base" file="Documentation Page (Hyde\Framework\Testing\Feature\DocumentationPage)::Can get online source path with source file location base" class="Hyde\Framework\Testing\Feature\DocumentationPageTest" classname="Hyde.Framework.Testing.Feature.DocumentationPageTest" assertions="1" time="0.022898"/>
        <testcase name="Can get online source path with trailing slash" file="Documentation Page (Hyde\Framework\Testing\Feature\DocumentationPage)::Can get online source path with trailing slash" class="Hyde\Framework\Testing\Feature\DocumentationPageTest" classname="Hyde.Framework.Testing.Feature.DocumentationPageTest" assertions="2" time="0.023207"/>
        <testcase name="Can get documentation output path" file="Documentation Page (Hyde\Framework\Testing\Feature\DocumentationPage)::Can get documentation output path" class="Hyde\Framework\Testing\Feature\DocumentationPageTest" classname="Hyde.Framework.Testing.Feature.DocumentationPageTest" assertions="1" time="0.021799"/>
        <testcase name="Can get documentation output path with custom output directory" file="Documentation Page (Hyde\Framework\Testing\Feature\DocumentationPage)::Can get documentation output path with custom output directory" class="Hyde\Framework\Testing\Feature\DocumentationPageTest" classname="Hyde.Framework.Testing.Feature.DocumentationPageTest" assertions="1" time="0.023200"/>
        <testcase name="Can get documentation output path with trailing slashes" file="Documentation Page (Hyde\Framework\Testing\Feature\DocumentationPage)::Can get documentation output path with trailing slashes" class="Hyde\Framework\Testing\Feature\DocumentationPageTest" classname="Hyde.Framework.Testing.Feature.DocumentationPageTest" assertions="5" time="0.026355"/>
        <testcase name="Get source path returns qualified basename" file="Documentation Page (Hyde\Framework\Testing\Feature\DocumentationPage)::Get source path returns qualified basename" class="Hyde\Framework\Testing\Feature\DocumentationPageTest" classname="Hyde.Framework.Testing.Feature.DocumentationPageTest" assertions="1" time="0.023763"/>
        <testcase name="Get source path returns qualified basename for nested page" file="Documentation Page (Hyde\Framework\Testing\Feature\DocumentationPage)::Get source path returns qualified basename for nested page" class="Hyde\Framework\Testing\Feature\DocumentationPageTest" classname="Hyde.Framework.Testing.Feature.DocumentationPageTest" assertions="1" time="0.023071"/>
        <testcase name="Home method returns null when there is no index page" file="Documentation Page (Hyde\Framework\Testing\Feature\DocumentationPage)::Home method returns null when there is no index page" class="Hyde\Framework\Testing\Feature\DocumentationPageTest" classname="Hyde.Framework.Testing.Feature.DocumentationPageTest" assertions="1" time="0.027376"/>
        <testcase name="Home method returns docs index route when it exists" file="Documentation Page (Hyde\Framework\Testing\Feature\DocumentationPage)::Home method returns docs index route when it exists" class="Hyde\Framework\Testing\Feature\DocumentationPageTest" classname="Hyde.Framework.Testing.Feature.DocumentationPageTest" assertions="2" time="0.028500"/>
        <testcase name="Home method finds docs index for custom output directory" file="Documentation Page (Hyde\Framework\Testing\Feature\DocumentationPage)::Home method finds docs index for custom output directory" class="Hyde\Framework\Testing\Feature\DocumentationPageTest" classname="Hyde.Framework.Testing.Feature.DocumentationPageTest" assertions="2" time="0.029893"/>
        <testcase name="Home method finds docs index for custom nested output directory" file="Documentation Page (Hyde\Framework\Testing\Feature\DocumentationPage)::Home method finds docs index for custom nested output directory" class="Hyde\Framework\Testing\Feature\DocumentationPageTest" classname="Hyde.Framework.Testing.Feature.DocumentationPageTest" assertions="2" time="0.029869"/>
        <testcase name="Home route name method returns output directory slash index" file="Documentation Page (Hyde\Framework\Testing\Feature\DocumentationPage)::Home route name method returns output directory slash index" class="Hyde\Framework\Testing\Feature\DocumentationPageTest" classname="Hyde.Framework.Testing.Feature.DocumentationPageTest" assertions="1" time="0.022085"/>
        <testcase name="Home route name method returns customized output directory slash index" file="Documentation Page (Hyde\Framework\Testing\Feature\DocumentationPage)::Home route name method returns customized output directory slash index" class="Hyde\Framework\Testing\Feature\DocumentationPageTest" classname="Hyde.Framework.Testing.Feature.DocumentationPageTest" assertions="1" time="0.022666"/>
        <testcase name="Has table of contents" file="Documentation Page (Hyde\Framework\Testing\Feature\DocumentationPage)::Has table of contents" class="Hyde\Framework\Testing\Feature\DocumentationPageTest" classname="Hyde.Framework.Testing.Feature.DocumentationPageTest" assertions="3" time="0.022068"/>
        <testcase name="Compiled pages originating in subdirectories get output to root docs path" file="Documentation Page (Hyde\Framework\Testing\Feature\DocumentationPage)::Compiled pages originating in subdirectories get output to root docs path" class="Hyde\Framework\Testing\Feature\DocumentationPageTest" classname="Hyde.Framework.Testing.Feature.DocumentationPageTest" assertions="1" time="0.023996"/>
        <testcase name="Compiled pages originating in subdirectories get output to root docs path when using flattened output paths" file="Documentation Page (Hyde\Framework\Testing\Feature\DocumentationPage)::Compiled pages originating in subdirectories get output to root docs path when using flattened output paths" class="Hyde\Framework\Testing\Feature\DocumentationPageTest" classname="Hyde.Framework.Testing.Feature.DocumentationPageTest" assertions="1" time="0.023691"/>
        <testcase name="Compiled pages originating in subdirectories retain subdirectory structure when not using flattened output paths" file="Documentation Page (Hyde\Framework\Testing\Feature\DocumentationPage)::Compiled pages originating in subdirectories retain subdirectory structure when not using flattened output paths" class="Hyde\Framework\Testing\Feature\DocumentationPageTest" classname="Hyde.Framework.Testing.Feature.DocumentationPageTest" assertions="1" time="0.030865"/>
        <testcase name="Page has front matter" file="Documentation Page (Hyde\Framework\Testing\Feature\DocumentationPage)::Page has front matter" class="Hyde\Framework\Testing\Feature\DocumentationPageTest" classname="Hyde.Framework.Testing.Feature.DocumentationPageTest" assertions="4" time="0.025417"/>
        <testcase name="Page can be hidden from sidebar using front matter" file="Documentation Page (Hyde\Framework\Testing\Feature\DocumentationPage)::Page can be hidden from sidebar using front matter" class="Hyde\Framework\Testing\Feature\DocumentationPageTest" classname="Hyde.Framework.Testing.Feature.DocumentationPageTest" assertions="1" time="0.024354"/>
        <testcase name="Page is visible in sidebar without using front matter" file="Documentation Page (Hyde\Framework\Testing\Feature\DocumentationPage)::Page is visible in sidebar without using front matter" class="Hyde\Framework\Testing\Feature\DocumentationPageTest" classname="Hyde.Framework.Testing.Feature.DocumentationPageTest" assertions="1" time="0.024527"/>
        <testcase name="Page can set sidebar priority using front matter" file="Documentation Page (Hyde\Framework\Testing\Feature\DocumentationPage)::Page can set sidebar priority using front matter" class="Hyde\Framework\Testing\Feature\DocumentationPageTest" classname="Hyde.Framework.Testing.Feature.DocumentationPageTest" assertions="1" time="0.024563"/>
        <testcase name="Page can set sidebar label using front matter" file="Documentation Page (Hyde\Framework\Testing\Feature\DocumentationPage)::Page can set sidebar label using front matter" class="Hyde\Framework\Testing\Feature\DocumentationPageTest" classname="Hyde.Framework.Testing.Feature.DocumentationPageTest" assertions="1" time="0.024288"/>
      </testsuite>
      <testsuite name="Hyde\Framework\Testing\Feature\DocumentationSearchPageTest" file="Documentation Search Page (Hyde\Framework\Testing\Feature\DocumentationSearchPage)" tests="9" assertions="9" errors="0" failures="0" skipped="0" time="0.257060">
        <testcase name="Can create documentation search page instance" file="Documentation Search Page (Hyde\Framework\Testing\Feature\DocumentationSearchPage)::Can create documentation search page instance" class="Hyde\Framework\Testing\Feature\DocumentationSearchPageTest" classname="Hyde.Framework.Testing.Feature.DocumentationSearchPageTest" assertions="1" time="0.060664"/>
        <testcase name="Route key is set to documentation output directory" file="Documentation Search Page (Hyde\Framework\Testing\Feature\DocumentationSearchPage)::Route key is set to documentation output directory" class="Hyde\Framework\Testing\Feature\DocumentationSearchPageTest" classname="Hyde.Framework.Testing.Feature.DocumentationSearchPageTest" assertions="1" time="0.022935"/>
        <testcase name="Route key is set to configured documentation output directory" file="Documentation Search Page (Hyde\Framework\Testing\Feature\DocumentationSearchPage)::Route key is set to configured documentation output directory" class="Hyde\Framework\Testing\Feature\DocumentationSearchPageTest" classname="Hyde.Framework.Testing.Feature.DocumentationSearchPageTest" assertions="1" time="0.022727"/>
        <testcase name="Enabled defaults to true" file="Documentation Search Page (Hyde\Framework\Testing\Feature\DocumentationSearchPage)::Enabled defaults to true" class="Hyde\Framework\Testing\Feature\DocumentationSearchPageTest" classname="Hyde.Framework.Testing.Feature.DocumentationSearchPageTest" assertions="1" time="0.027171"/>
        <testcase name="Enabled is false when disabled" file="Documentation Search Page (Hyde\Framework\Testing\Feature\DocumentationSearchPage)::Enabled is false when disabled" class="Hyde\Framework\Testing\Feature\DocumentationSearchPageTest" classname="Hyde.Framework.Testing.Feature.DocumentationSearchPageTest" assertions="1" time="0.022059"/>
        <testcase name="Enabled is false when route exists" file="Documentation Search Page (Hyde\Framework\Testing\Feature\DocumentationSearchPage)::Enabled is false when route exists" class="Hyde\Framework\Testing\Feature\DocumentationSearchPageTest" classname="Hyde.Framework.Testing.Feature.DocumentationSearchPageTest" assertions="1" time="0.029214"/>
        <testcase name="Enabled is false when disabled and route exists" file="Documentation Search Page (Hyde\Framework\Testing\Feature\DocumentationSearchPage)::Enabled is false when disabled and route exists" class="Hyde\Framework\Testing\Feature\DocumentationSearchPageTest" classname="Hyde.Framework.Testing.Feature.DocumentationSearchPageTest" assertions="1" time="0.028245"/>
        <testcase name="Static route key helper" file="Documentation Search Page (Hyde\Framework\Testing\Feature\DocumentationSearchPage)::Static route key helper" class="Hyde\Framework\Testing\Feature\DocumentationSearchPageTest" classname="Hyde.Framework.Testing.Feature.DocumentationSearchPageTest" assertions="1" time="0.022068"/>
        <testcase name="Static route key helper with custom output directory" file="Documentation Search Page (Hyde\Framework\Testing\Feature\DocumentationSearchPage)::Static route key helper with custom output directory" class="Hyde\Framework\Testing\Feature\DocumentationSearchPageTest" classname="Hyde.Framework.Testing.Feature.DocumentationSearchPageTest" assertions="1" time="0.021977"/>
      </testsuite>
      <testsuite name="Hyde\Framework\Testing\Feature\ExampleTest" file="Example (Hyde\Framework\Testing\Feature\Example)" tests="1" assertions="1" errors="0" failures="0" skipped="0" time="0.036628">
        <testcase name="Example" file="Example (Hyde\Framework\Testing\Feature\Example)::Example" class="Hyde\Framework\Testing\Feature\ExampleTest" classname="Hyde.Framework.Testing.Feature.ExampleTest" assertions="1" time="0.036628"/>
      </testsuite>
      <testsuite name="Hyde\Framework\Testing\Feature\FeaturedImageFactoryTest" file="Featured Image Factory (Hyde\Framework\Testing\Feature\FeaturedImageFactory)" tests="8" assertions="27" errors="0" failures="0" skipped="0" time="0.194581">
        <testcase name="With data from schema" file="Featured Image Factory (Hyde\Framework\Testing\Feature\FeaturedImageFactory)::With data from schema" class="Hyde\Framework\Testing\Feature\FeaturedImageFactoryTest" classname="Hyde.Framework.Testing.Feature.FeaturedImageFactoryTest" assertions="1" time="0.024623"/>
        <testcase name="Make method creates image when path is set" file="Featured Image Factory (Hyde\Framework\Testing\Feature\FeaturedImageFactory)::Make method creates image when path is set" class="Hyde\Framework\Testing\Feature\FeaturedImageFactoryTest" classname="Hyde.Framework.Testing.Feature.FeaturedImageFactoryTest" assertions="2" time="0.023194"/>
        <testcase name="Make method throws exception if no path information is set" file="Featured Image Factory (Hyde\Framework\Testing\Feature\FeaturedImageFactory)::Make method throws exception if no path information is set" class="Hyde\Framework\Testing\Feature\FeaturedImageFactoryTest" classname="Hyde.Framework.Testing.Feature.FeaturedImageFactoryTest" assertions="2" time="0.022402"/>
        <testcase name="Make method can create image from just string" file="Featured Image Factory (Hyde\Framework\Testing\Feature\FeaturedImageFactory)::Make method can create image from just string" class="Hyde\Framework\Testing\Feature\FeaturedImageFactoryTest" classname="Hyde.Framework.Testing.Feature.FeaturedImageFactoryTest" assertions="2" time="0.022476"/>
        <testcase name="Make method can create image from just string with url" file="Featured Image Factory (Hyde\Framework\Testing\Feature\FeaturedImageFactory)::Make method can create image from just string with url" class="Hyde\Framework\Testing\Feature\FeaturedImageFactoryTest" classname="Hyde.Framework.Testing.Feature.FeaturedImageFactoryTest" assertions="2" time="0.029697"/>
        <testcase name="Image paths are normalized" file="Featured Image Factory (Hyde\Framework\Testing\Feature\FeaturedImageFactory)::Image paths are normalized" class="Hyde\Framework\Testing\Feature\FeaturedImageFactoryTest" classname="Hyde.Framework.Testing.Feature.FeaturedImageFactoryTest" assertions="6" time="0.024233"/>
        <testcase name="Image paths are normalized for customized media directory" file="Featured Image Factory (Hyde\Framework\Testing\Feature\FeaturedImageFactory)::Image paths are normalized for customized media directory" class="Hyde\Framework\Testing\Feature\FeaturedImageFactoryTest" classname="Hyde.Framework.Testing.Feature.FeaturedImageFactoryTest" assertions="6" time="0.023855"/>
        <testcase name="Image paths are normalized for customized media directory without underscore" file="Featured Image Factory (Hyde\Framework\Testing\Feature\FeaturedImageFactory)::Image paths are normalized for customized media directory without underscore" class="Hyde\Framework\Testing\Feature\FeaturedImageFactoryTest" classname="Hyde.Framework.Testing.Feature.FeaturedImageFactoryTest" assertions="6" time="0.024101"/>
      </testsuite>
      <testsuite name="Hyde\Framework\Testing\Feature\FeaturedImageTest" file="Featured Image (Hyde\Framework\Testing\Feature\FeaturedImage)" tests="7" assertions="19" errors="0" failures="0" skipped="0" time="0.184249">
        <testcase name="Get metadata array" file="Featured Image (Hyde\Framework\Testing\Feature\FeaturedImage)::Get metadata array" class="Hyde\Framework\Testing\Feature\FeaturedImageTest" classname="Hyde.Framework.Testing.Feature.FeaturedImageTest" assertions="4" time="0.035099"/>
        <testcase name="Can construct featured image" file="Featured Image (Hyde\Framework\Testing\Feature\FeaturedImage)::Can construct featured image" class="Hyde\Framework\Testing\Feature\FeaturedImageTest" classname="Hyde.Framework.Testing.Feature.FeaturedImageTest" assertions="2" time="0.022205"/>
        <testcase name="Featured image get content length" file="Featured Image (Hyde\Framework\Testing\Feature\FeaturedImage)::Featured image get content length" class="Hyde\Framework\Testing\Feature\FeaturedImageTest" classname="Hyde.Framework.Testing.Feature.FeaturedImageTest" assertions="1" time="0.022734"/>
        <testcase name="Featured image get content length with remote source" file="Featured Image (Hyde\Framework\Testing\Feature\FeaturedImage)::Featured image get content length with remote source" class="Hyde\Framework\Testing\Feature\FeaturedImageTest" classname="Hyde.Framework.Testing.Feature.FeaturedImageTest" assertions="1" time="0.033400"/>
        <testcase name="Featured image get content length with remote source and not found response" file="Featured Image (Hyde\Framework\Testing\Feature\FeaturedImage)::Featured image get content length with remote source and not found response" class="Hyde\Framework\Testing\Feature\FeaturedImageTest" classname="Hyde.Framework.Testing.Feature.FeaturedImageTest" assertions="1" time="0.022996"/>
        <testcase name="Featured image get content length with remote source and invalid response" file="Featured Image (Hyde\Framework\Testing\Feature\FeaturedImage)::Featured image get content length with remote source and invalid response" class="Hyde\Framework\Testing\Feature\FeaturedImageTest" classname="Hyde.Framework.Testing.Feature.FeaturedImageTest" assertions="1" time="0.023038"/>
        <testcase name="Get source method" file="Featured Image (Hyde\Framework\Testing\Feature\FeaturedImage)::Get source method" class="Hyde\Framework\Testing\Feature\FeaturedImageTest" classname="Hyde.Framework.Testing.Feature.FeaturedImageTest" assertions="9" time="0.024777"/>
      </testsuite>
      <testsuite name="Hyde\Framework\Testing\Feature\FileCollectionTest" file="File Collection (Hyde\Framework\Testing\Feature\FileCollection)" tests="10" assertions="22" errors="0" failures="0" skipped="0" time="0.282918">
        <testcase name="Boot method creates new page collection and discovers pages automatically" file="File Collection (Hyde\Framework\Testing\Feature\FileCollection)::Boot method creates new page collection and discovers pages automatically" class="Hyde\Framework\Testing\Feature\FileCollectionTest" classname="Hyde.Framework.Testing.Feature.FileCollectionTest" assertions="3" time="0.036550"/>
        <testcase name="Get file returns parsed file object for given file path" file="File Collection (Hyde\Framework\Testing\Feature\FileCollection)::Get file returns parsed file object for given file path" class="Hyde\Framework\Testing\Feature\FileCollectionTest" classname="Hyde.Framework.Testing.Feature.FileCollectionTest" assertions="1" time="0.030846"/>
        <testcase name="Get file throws exception when file is not found" file="File Collection (Hyde\Framework\Testing\Feature\FileCollection)::Get file throws exception when file is not found" class="Hyde\Framework\Testing\Feature\FileCollectionTest" classname="Hyde.Framework.Testing.Feature.FileCollectionTest" assertions="2" time="0.028147"/>
        <testcase name="Get source files returns all discovered source files when no parameter is supplied" file="File Collection (Hyde\Framework\Testing\Feature\FileCollection)::Get source files returns all discovered source files when no parameter is supplied" class="Hyde\Framework\Testing\Feature\FileCollectionTest" classname="Hyde.Framework.Testing.Feature.FileCollectionTest" assertions="1" time="0.027651"/>
        <testcase name="Get source files does not include non page source files" file="File Collection (Hyde\Framework\Testing\Feature\FileCollection)::Get source files does not include non page source files" class="Hyde\Framework\Testing\Feature\FileCollectionTest" classname="Hyde.Framework.Testing.Feature.FileCollectionTest" assertions="1" time="0.025808"/>
        <testcase name="Blade pages are discovered" file="File Collection (Hyde\Framework\Testing\Feature\FileCollection)::Blade pages are discovered" class="Hyde\Framework\Testing\Feature\FileCollectionTest" classname="Hyde.Framework.Testing.Feature.FileCollectionTest" assertions="2" time="0.026556"/>
        <testcase name="Markdown pages are discovered" file="File Collection (Hyde\Framework\Testing\Feature\FileCollection)::Markdown pages are discovered" class="Hyde\Framework\Testing\Feature\FileCollectionTest" classname="Hyde.Framework.Testing.Feature.FileCollectionTest" assertions="2" time="0.025626"/>
        <testcase name="Markdown posts are discovered" file="File Collection (Hyde\Framework\Testing\Feature\FileCollection)::Markdown posts are discovered" class="Hyde\Framework\Testing\Feature\FileCollectionTest" classname="Hyde.Framework.Testing.Feature.FileCollectionTest" assertions="2" time="0.026590"/>
        <testcase name="Documentation pages are discovered" file="File Collection (Hyde\Framework\Testing\Feature\FileCollection)::Documentation pages are discovered" class="Hyde\Framework\Testing\Feature\FileCollectionTest" classname="Hyde.Framework.Testing.Feature.FileCollectionTest" assertions="2" time="0.026148"/>
        <testcase name="Discover files for recursively discovers files in subdirectories" file="File Collection (Hyde\Framework\Testing\Feature\FileCollection)::Discover files for recursively discovers files in subdirectories" class="Hyde\Framework\Testing\Feature\FileCollectionTest" classname="Hyde.Framework.Testing.Feature.FileCollectionTest" assertions="6" time="0.028995"/>
      </testsuite>
      <testsuite name="Hyde\Framework\Testing\Feature\FilesystemFacadeTest" file="Filesystem Facade (Hyde\Framework\Testing\Feature\FilesystemFacade)" tests="10" assertions="16" errors="0" failures="0" skipped="0" time="0.248056">
        <testcase name="Base path" file="Filesystem Facade (Hyde\Framework\Testing\Feature\FilesystemFacade)::Base path" class="Hyde\Framework\Testing\Feature\FilesystemFacadeTest" classname="Hyde.Framework.Testing.Feature.FilesystemFacadeTest" assertions="1" time="0.044154"/>
        <testcase name="Absolute path" file="Filesystem Facade (Hyde\Framework\Testing\Feature\FilesystemFacade)::Absolute path" class="Hyde\Framework\Testing\Feature\FilesystemFacadeTest" classname="Hyde.Framework.Testing.Feature.FilesystemFacadeTest" assertions="2" time="0.022706"/>
        <testcase name="Relative path" file="Filesystem Facade (Hyde\Framework\Testing\Feature\FilesystemFacade)::Relative path" class="Hyde\Framework\Testing\Feature\FilesystemFacadeTest" classname="Hyde.Framework.Testing.Feature.FilesystemFacadeTest" assertions="3" time="0.022414"/>
        <testcase name="Touch" file="Filesystem Facade (Hyde\Framework\Testing\Feature\FilesystemFacade)::Touch" class="Hyde\Framework\Testing\Feature\FilesystemFacadeTest" classname="Hyde.Framework.Testing.Feature.FilesystemFacadeTest" assertions="1" time="0.022508"/>
        <testcase name="Unlink" file="Filesystem Facade (Hyde\Framework\Testing\Feature\FilesystemFacade)::Unlink" class="Hyde\Framework\Testing\Feature\FilesystemFacadeTest" classname="Hyde.Framework.Testing.Feature.FilesystemFacadeTest" assertions="1" time="0.022466"/>
        <testcase name="Unlink if exists" file="Filesystem Facade (Hyde\Framework\Testing\Feature\FilesystemFacade)::Unlink if exists" class="Hyde\Framework\Testing\Feature\FilesystemFacadeTest" classname="Hyde.Framework.Testing.Feature.FilesystemFacadeTest" assertions="1" time="0.022286"/>
        <testcase name="Method without mocking" file="Filesystem Facade (Hyde\Framework\Testing\Feature\FilesystemFacade)::Method without mocking" class="Hyde\Framework\Testing\Feature\FilesystemFacadeTest" classname="Hyde.Framework.Testing.Feature.FilesystemFacadeTest" assertions="2" time="0.022616"/>
        <testcase name="Method with named arguments" file="Filesystem Facade (Hyde\Framework\Testing\Feature\FilesystemFacade)::Method with named arguments" class="Hyde\Framework\Testing\Feature\FilesystemFacadeTest" classname="Hyde.Framework.Testing.Feature.FilesystemFacadeTest" assertions="2" time="0.022667"/>
        <testcase name="Method with mixed sequential and named arguments" file="Filesystem Facade (Hyde\Framework\Testing\Feature\FilesystemFacade)::Method with mixed sequential and named arguments" class="Hyde\Framework\Testing\Feature\FilesystemFacadeTest" classname="Hyde.Framework.Testing.Feature.FilesystemFacadeTest" assertions="2" time="0.023113"/>
        <testcase name="Method with mixed sequential and named arguments skipping middle one" file="Filesystem Facade (Hyde\Framework\Testing\Feature\FilesystemFacade)::Method with mixed sequential and named arguments skipping middle one" class="Hyde\Framework\Testing\Feature\FilesystemFacadeTest" classname="Hyde.Framework.Testing.Feature.FilesystemFacadeTest" assertions="1" time="0.023127"/>
      </testsuite>
      <testsuite name="Hyde\Framework\Testing\Feature\Foundation\FilesystemTest" file="Filesystem (Hyde\Framework\Testing\Feature\Foundation\Filesystem)" tests="57" assertions="100" errors="0" failures="0" skipped="0" time="0.189161">
        <testcase name="Get base path returns kernels base path" file="Filesystem (Hyde\Framework\Testing\Feature\Foundation\Filesystem)::Get base path returns kernels base path" class="Hyde\Framework\Testing\Feature\Foundation\FilesystemTest" classname="Hyde.Framework.Testing.Feature.Foundation.FilesystemTest" assertions="1" time="0.016821"/>
        <testcase name="Path method exists" file="Filesystem (Hyde\Framework\Testing\Feature\Foundation\Filesystem)::Path method exists" class="Hyde\Framework\Testing\Feature\Foundation\FilesystemTest" classname="Hyde.Framework.Testing.Feature.Foundation.FilesystemTest" assertions="1" time="0.002613"/>
        <testcase name="Path method returns string" file="Filesystem (Hyde\Framework\Testing\Feature\Foundation\Filesystem)::Path method returns string" class="Hyde\Framework\Testing\Feature\Foundation\FilesystemTest" classname="Hyde.Framework.Testing.Feature.Foundation.FilesystemTest" assertions="1" time="0.002614"/>
        <testcase name="Path method returns base path when not supplied with argument" file="Filesystem (Hyde\Framework\Testing\Feature\Foundation\Filesystem)::Path method returns base path when not supplied with argument" class="Hyde\Framework\Testing\Feature\Foundation\FilesystemTest" classname="Hyde.Framework.Testing.Feature.Foundation.FilesystemTest" assertions="1" time="0.002648"/>
        <testcase name="Path method returns path relative to base path when supplied with argument" file="Filesystem (Hyde\Framework\Testing\Feature\Foundation\Filesystem)::Path method returns path relative to base path when supplied with argument" class="Hyde\Framework\Testing\Feature\Foundation\FilesystemTest" classname="Hyde.Framework.Testing.Feature.Foundation.FilesystemTest" assertions="1" time="0.002734"/>
        <testcase name="Path method returns qualified file path when supplied with argument" file="Filesystem (Hyde\Framework\Testing\Feature\Foundation\Filesystem)::Path method returns qualified file path when supplied with argument" class="Hyde\Framework\Testing\Feature\Foundation\FilesystemTest" classname="Hyde.Framework.Testing.Feature.Foundation.FilesystemTest" assertions="1" time="0.002727"/>
        <testcase name="Path method returns expected value for nested path arguments" file="Filesystem (Hyde\Framework\Testing\Feature\Foundation\Filesystem)::Path method returns expected value for nested path arguments" class="Hyde\Framework\Testing\Feature\Foundation\FilesystemTest" classname="Hyde.Framework.Testing.Feature.Foundation.FilesystemTest" assertions="1" time="0.002740"/>
        <testcase name="Path method strips trailing directory separators from argument" file="Filesystem (Hyde\Framework\Testing\Feature\Foundation\Filesystem)::Path method strips trailing directory separators from argument" class="Hyde\Framework\Testing\Feature\Foundation\FilesystemTest" classname="Hyde.Framework.Testing.Feature.Foundation.FilesystemTest" assertions="1" time="0.002741"/>
        <testcase name="Path method returns expected value regardless of trailing directory separators in argument" file="Filesystem (Hyde\Framework\Testing\Feature\Foundation\Filesystem)::Path method returns expected value regardless of trailing directory separators in argument" class="Hyde\Framework\Testing\Feature\Foundation\FilesystemTest" classname="Hyde.Framework.Testing.Feature.Foundation.FilesystemTest" assertions="1" time="0.002749"/>
        <testcase name="Path method resolves already absolute paths" file="Filesystem (Hyde\Framework\Testing\Feature\Foundation\Filesystem)::Path method resolves already absolute paths" class="Hyde\Framework\Testing\Feature\Foundation\FilesystemTest" classname="Hyde.Framework.Testing.Feature.Foundation.FilesystemTest" assertions="1" time="0.002730"/>
        <testcase name="Path method resolves already absolute paths using helper" file="Filesystem (Hyde\Framework\Testing\Feature\Foundation\Filesystem)::Path method resolves already absolute paths using helper" class="Hyde\Framework\Testing\Feature\Foundation\FilesystemTest" classname="Hyde.Framework.Testing.Feature.Foundation.FilesystemTest" assertions="1" time="0.002758"/>
        <testcase name="Path method resolves already absolute paths using helper with trailing slash" file="Filesystem (Hyde\Framework\Testing\Feature\Foundation\Filesystem)::Path method resolves already absolute paths using helper with trailing slash" class="Hyde\Framework\Testing\Feature\Foundation\FilesystemTest" classname="Hyde.Framework.Testing.Feature.Foundation.FilesystemTest" assertions="1" time="0.002766"/>
        <testcase name="Path method does not modify phar paths" file="Filesystem (Hyde\Framework\Testing\Feature\Foundation\Filesystem)::Path method does not modify phar paths" class="Hyde\Framework\Testing\Feature\Foundation\FilesystemTest" classname="Hyde.Framework.Testing.Feature.Foundation.FilesystemTest" assertions="1" time="0.002604"/>
        <testcase name="Hyde path method exists" file="Filesystem (Hyde\Framework\Testing\Feature\Foundation\Filesystem)::Hyde path method exists" class="Hyde\Framework\Testing\Feature\Foundation\FilesystemTest" classname="Hyde.Framework.Testing.Feature.Foundation.FilesystemTest" assertions="1" time="0.002563"/>
        <testcase name="Hyde path string is returned" file="Filesystem (Hyde\Framework\Testing\Feature\Foundation\Filesystem)::Hyde path string is returned" class="Hyde\Framework\Testing\Feature\Foundation\FilesystemTest" classname="Hyde.Framework.Testing.Feature.Foundation.FilesystemTest" assertions="1" time="0.002621"/>
        <testcase name="Hyde path returned directory contains content expected to be in the project directory" file="Filesystem (Hyde\Framework\Testing\Feature\Foundation\Filesystem)::Hyde path returned directory contains content expected to be in the project directory" class="Hyde\Framework\Testing\Feature\Foundation\FilesystemTest" classname="Hyde.Framework.Testing.Feature.Foundation.FilesystemTest" assertions="1" time="0.002789"/>
        <testcase name="Vendor path method exists" file="Filesystem (Hyde\Framework\Testing\Feature\Foundation\Filesystem)::Vendor path method exists" class="Hyde\Framework\Testing\Feature\Foundation\FilesystemTest" classname="Hyde.Framework.Testing.Feature.Foundation.FilesystemTest" assertions="1" time="0.002567"/>
        <testcase name="Vendor path method returns string" file="Filesystem (Hyde\Framework\Testing\Feature\Foundation\Filesystem)::Vendor path method returns string" class="Hyde\Framework\Testing\Feature\Foundation\FilesystemTest" classname="Hyde.Framework.Testing.Feature.Foundation.FilesystemTest" assertions="1" time="0.002753"/>
        <testcase name="Vendor path method returns the vendor path" file="Filesystem (Hyde\Framework\Testing\Feature\Foundation\Filesystem)::Vendor path method returns the vendor path" class="Hyde\Framework\Testing\Feature\Foundation\FilesystemTest" classname="Hyde.Framework.Testing.Feature.Foundation.FilesystemTest" assertions="1" time="0.002791"/>
        <testcase name="Vendor path method returns qualified file path when supplied with argument" file="Filesystem (Hyde\Framework\Testing\Feature\Foundation\Filesystem)::Vendor path method returns qualified file path when supplied with argument" class="Hyde\Framework\Testing\Feature\Foundation\FilesystemTest" classname="Hyde.Framework.Testing.Feature.Foundation.FilesystemTest" assertions="1" time="0.002840"/>
        <testcase name="Vendor path method returns expected value regardless of trailing directory separators in argument" file="Filesystem (Hyde\Framework\Testing\Feature\Foundation\Filesystem)::Vendor path method returns expected value regardless of trailing directory separators in argument" class="Hyde\Framework\Testing\Feature\Foundation\FilesystemTest" classname="Hyde.Framework.Testing.Feature.Foundation.FilesystemTest" assertions="1" time="0.002828"/>
        <testcase name="Vendor path can specify which hyde package to use" file="Filesystem (Hyde\Framework\Testing\Feature\Foundation\Filesystem)::Vendor path can specify which hyde package to use" class="Hyde\Framework\Testing\Feature\Foundation\FilesystemTest" classname="Hyde.Framework.Testing.Feature.Foundation.FilesystemTest" assertions="2" time="0.002898"/>
        <testcase name="Vendor path can run in phar" file="Filesystem (Hyde\Framework\Testing\Feature\Foundation\Filesystem)::Vendor path can run in phar" class="Hyde\Framework\Testing\Feature\Foundation\FilesystemTest" classname="Hyde.Framework.Testing.Feature.Foundation.FilesystemTest" assertions="1" time="0.002911"/>
        <testcase name="Touch helper creates file at given path" file="Filesystem (Hyde\Framework\Testing\Feature\Foundation\Filesystem)::Touch helper creates file at given path" class="Hyde\Framework\Testing\Feature\Foundation\FilesystemTest" classname="Hyde.Framework.Testing.Feature.Foundation.FilesystemTest" assertions="2" time="0.003167"/>
        <testcase name="Touch helper creates multiple files at given paths" file="Filesystem (Hyde\Framework\Testing\Feature\Foundation\Filesystem)::Touch helper creates multiple files at given paths" class="Hyde\Framework\Testing\Feature\Foundation\FilesystemTest" classname="Hyde.Framework.Testing.Feature.Foundation.FilesystemTest" assertions="3" time="0.003349"/>
        <testcase name="Unlink helper deletes file at given path" file="Filesystem (Hyde\Framework\Testing\Feature\Foundation\Filesystem)::Unlink helper deletes file at given path" class="Hyde\Framework\Testing\Feature\Foundation\FilesystemTest" classname="Hyde.Framework.Testing.Feature.Foundation.FilesystemTest" assertions="2" time="0.003154"/>
        <testcase name="Unlink helper deletes multiple files at given paths" file="Filesystem (Hyde\Framework\Testing\Feature\Foundation\Filesystem)::Unlink helper deletes multiple files at given paths" class="Hyde\Framework\Testing\Feature\Foundation\FilesystemTest" classname="Hyde.Framework.Testing.Feature.Foundation.FilesystemTest" assertions="3" time="0.003347"/>
        <testcase name="Unlink if exists helper deletes file at given path" file="Filesystem (Hyde\Framework\Testing\Feature\Foundation\Filesystem)::Unlink if exists helper deletes file at given path" class="Hyde\Framework\Testing\Feature\Foundation\FilesystemTest" classname="Hyde.Framework.Testing.Feature.Foundation.FilesystemTest" assertions="2" time="0.003004"/>
        <testcase name="Unlink if exists handles non existent files gracefully" file="Filesystem (Hyde\Framework\Testing\Feature\Foundation\Filesystem)::Unlink if exists handles non existent files gracefully" class="Hyde\Framework\Testing\Feature\Foundation\FilesystemTest" classname="Hyde.Framework.Testing.Feature.Foundation.FilesystemTest" assertions="1" time="0.002729"/>
        <testcase name="Get model source path method returns path for model classes" file="Filesystem (Hyde\Framework\Testing\Feature\Foundation\Filesystem)::Get model source path method returns path for model classes" class="Hyde\Framework\Testing\Feature\Foundation\FilesystemTest" classname="Hyde.Framework.Testing.Feature.Foundation.FilesystemTest" assertions="5" time="0.003508"/>
        <testcase name="Get model source path method returns path to file for model classes" file="Filesystem (Hyde\Framework\Testing\Feature\Foundation\Filesystem)::Get model source path method returns path to file for model classes" class="Hyde\Framework\Testing\Feature\Foundation\FilesystemTest" classname="Hyde.Framework.Testing.Feature.Foundation.FilesystemTest" assertions="5" time="0.003411"/>
        <testcase name="Helper for blade pages" file="Filesystem (Hyde\Framework\Testing\Feature\Foundation\Filesystem)::Helper for blade pages" class="Hyde\Framework\Testing\Feature\Foundation\FilesystemTest" classname="Hyde.Framework.Testing.Feature.Foundation.FilesystemTest" assertions="1" time="0.002743"/>
        <testcase name="Helper for markdown pages" file="Filesystem (Hyde\Framework\Testing\Feature\Foundation\Filesystem)::Helper for markdown pages" class="Hyde\Framework\Testing\Feature\Foundation\FilesystemTest" classname="Hyde.Framework.Testing.Feature.Foundation.FilesystemTest" assertions="1" time="0.002764"/>
        <testcase name="Helper for markdown posts" file="Filesystem (Hyde\Framework\Testing\Feature\Foundation\Filesystem)::Helper for markdown posts" class="Hyde\Framework\Testing\Feature\Foundation\FilesystemTest" classname="Hyde.Framework.Testing.Feature.Foundation.FilesystemTest" assertions="1" time="0.002734"/>
        <testcase name="Helper for documentation pages" file="Filesystem (Hyde\Framework\Testing\Feature\Foundation\Filesystem)::Helper for documentation pages" class="Hyde\Framework\Testing\Feature\Foundation\FilesystemTest" classname="Hyde.Framework.Testing.Feature.Foundation.FilesystemTest" assertions="1" time="0.002750"/>
        <testcase name="Helper for media path" file="Filesystem (Hyde\Framework\Testing\Feature\Foundation\Filesystem)::Helper for media path" class="Hyde\Framework\Testing\Feature\Foundation\FilesystemTest" classname="Hyde.Framework.Testing.Feature.Foundation.FilesystemTest" assertions="1" time="0.002712"/>
        <testcase name="Helper for media path returns path to file within the directory" file="Filesystem (Hyde\Framework\Testing\Feature\Foundation\Filesystem)::Helper for media path returns path to file within the directory" class="Hyde\Framework\Testing\Feature\Foundation\FilesystemTest" classname="Hyde.Framework.Testing.Feature.Foundation.FilesystemTest" assertions="1" time="0.002766"/>
        <testcase name="Get media path returns absolute path" file="Filesystem (Hyde\Framework\Testing\Feature\Foundation\Filesystem)::Get media path returns absolute path" class="Hyde\Framework\Testing\Feature\Foundation\FilesystemTest" classname="Hyde.Framework.Testing.Feature.Foundation.FilesystemTest" assertions="1" time="0.002731"/>
        <testcase name="Helper for media output path" file="Filesystem (Hyde\Framework\Testing\Feature\Foundation\Filesystem)::Helper for media output path" class="Hyde\Framework\Testing\Feature\Foundation\FilesystemTest" classname="Hyde.Framework.Testing.Feature.Foundation.FilesystemTest" assertions="1" time="0.002761"/>
        <testcase name="Helper for media output path returns path to file within the directory" file="Filesystem (Hyde\Framework\Testing\Feature\Foundation\Filesystem)::Helper for media output path returns path to file within the directory" class="Hyde\Framework\Testing\Feature\Foundation\FilesystemTest" classname="Hyde.Framework.Testing.Feature.Foundation.FilesystemTest" assertions="1" time="0.002798"/>
        <testcase name="Get media output path returns absolute path" file="Filesystem (Hyde\Framework\Testing\Feature\Foundation\Filesystem)::Get media output path returns absolute path" class="Hyde\Framework\Testing\Feature\Foundation\FilesystemTest" classname="Hyde.Framework.Testing.Feature.Foundation.FilesystemTest" assertions="1" time="0.002772"/>
        <testcase name="Helper for site output path" file="Filesystem (Hyde\Framework\Testing\Feature\Foundation\Filesystem)::Helper for site output path" class="Hyde\Framework\Testing\Feature\Foundation\FilesystemTest" classname="Hyde.Framework.Testing.Feature.Foundation.FilesystemTest" assertions="1" time="0.002700"/>
        <testcase name="Helper for site output path returns path to file within the directory" file="Filesystem (Hyde\Framework\Testing\Feature\Foundation\Filesystem)::Helper for site output path returns path to file within the directory" class="Hyde\Framework\Testing\Feature\Foundation\FilesystemTest" classname="Hyde.Framework.Testing.Feature.Foundation.FilesystemTest" assertions="1" time="0.002769"/>
        <testcase name="Get site output path returns absolute path" file="Filesystem (Hyde\Framework\Testing\Feature\Foundation\Filesystem)::Get site output path returns absolute path" class="Hyde\Framework\Testing\Feature\Foundation\FilesystemTest" classname="Hyde.Framework.Testing.Feature.Foundation.FilesystemTest" assertions="1" time="0.002744"/>
        <testcase name="Site output path helper ignores trailing slashes" file="Filesystem (Hyde\Framework\Testing\Feature\Foundation\Filesystem)::Site output path helper ignores trailing slashes" class="Hyde\Framework\Testing\Feature\Foundation\FilesystemTest" classname="Hyde.Framework.Testing.Feature.Foundation.FilesystemTest" assertions="1" time="0.002770"/>
        <testcase name="Path to absolute" file="Filesystem (Hyde\Framework\Testing\Feature\Foundation\Filesystem)::Path to absolute" class="Hyde\Framework\Testing\Feature\Foundation\FilesystemTest" classname="Hyde.Framework.Testing.Feature.Foundation.FilesystemTest" assertions="1" time="0.002717"/>
        <testcase name="Path to absolute helper is alias for path helper" file="Filesystem (Hyde\Framework\Testing\Feature\Foundation\Filesystem)::Path to absolute helper is alias for path helper" class="Hyde\Framework\Testing\Feature\Foundation\FilesystemTest" classname="Hyde.Framework.Testing.Feature.Foundation.FilesystemTest" assertions="1" time="0.002711"/>
        <testcase name="Path to absolute can convert array of paths" file="Filesystem (Hyde\Framework\Testing\Feature\Foundation\Filesystem)::Path to absolute can convert array of paths" class="Hyde\Framework\Testing\Feature\Foundation\FilesystemTest" classname="Hyde.Framework.Testing.Feature.Foundation.FilesystemTest" assertions="1" time="0.002913"/>
        <testcase name="Path to relative helper decodes hyde path into relative" file="Filesystem (Hyde\Framework\Testing\Feature\Foundation\Filesystem)::Path to relative helper decodes hyde path into relative" class="Hyde\Framework\Testing\Feature\Foundation\FilesystemTest" classname="Hyde.Framework.Testing.Feature.Foundation.FilesystemTest" assertions="5" time="0.003308"/>
        <testcase name="Path to relative helper does not modify already relative paths" file="Filesystem (Hyde\Framework\Testing\Feature\Foundation\Filesystem)::Path to relative helper does not modify already relative paths" class="Hyde\Framework\Testing\Feature\Foundation\FilesystemTest" classname="Hyde.Framework.Testing.Feature.Foundation.FilesystemTest" assertions="7" time="0.003347"/>
        <testcase name="Path to relative helper does not modify non project paths" file="Filesystem (Hyde\Framework\Testing\Feature\Foundation\Filesystem)::Path to relative helper does not modify non project paths" class="Hyde\Framework\Testing\Feature\Foundation\FilesystemTest" classname="Hyde.Framework.Testing.Feature.Foundation.FilesystemTest" assertions="8" time="0.003453"/>
        <testcase name="Find file method finds files in directory" file="Filesystem (Hyde\Framework\Testing\Feature\Foundation\Filesystem)::Find file method finds files in directory" class="Hyde\Framework\Testing\Feature\Foundation\FilesystemTest" classname="Hyde.Framework.Testing.Feature.Foundation.FilesystemTest" assertions="4" time="0.005316"/>
        <testcase name="Find file method types" file="Filesystem (Hyde\Framework\Testing\Feature\Foundation\Filesystem)::Find file method types" class="Hyde\Framework\Testing\Feature\Foundation\FilesystemTest" classname="Hyde.Framework.Testing.Feature.Foundation.FilesystemTest" assertions="4" time="0.004575"/>
        <testcase name="Find file method types with arguments" file="Filesystem (Hyde\Framework\Testing\Feature\Foundation\Filesystem)::Find file method types with arguments" class="Hyde\Framework\Testing\Feature\Foundation\FilesystemTest" classname="Hyde.Framework.Testing.Feature.Foundation.FilesystemTest" assertions="4" time="0.005481"/>
        <testcase name="Find files from filesystem facade" file="Filesystem (Hyde\Framework\Testing\Feature\Foundation\Filesystem)::Find files from filesystem facade" class="Hyde\Framework\Testing\Feature\Foundation\FilesystemTest" classname="Hyde.Framework.Testing.Feature.Foundation.FilesystemTest" assertions="1" time="0.004992"/>
        <testcase name="Find files from filesystem facade with arguments" file="Filesystem (Hyde\Framework\Testing\Feature\Foundation\Filesystem)::Find files from filesystem facade with arguments" class="Hyde\Framework\Testing\Feature\Foundation\FilesystemTest" classname="Hyde.Framework.Testing.Feature.Foundation.FilesystemTest" assertions="2" time="0.006353"/>
        <testcase name="Can swap out file finder" file="Filesystem (Hyde\Framework\Testing\Feature\Foundation\Filesystem)::Can swap out file finder" class="Hyde\Framework\Testing\Feature\Foundation\FilesystemTest" classname="Hyde.Framework.Testing.Feature.Foundation.FilesystemTest" assertions="1" time="0.003006"/>
      </testsuite>
      <testsuite name="Hyde\Framework\Testing\Feature\Foundation\HyperlinksTest" file="Hyperlinks (Hyde\Framework\Testing\Feature\Foundation\Hyperlinks)" tests="21" assertions="28" errors="0" failures="0" skipped="0" time="0.543580">
        <testcase name="Asset helper gets relative web link to image stored in site media folder" file="Hyperlinks (Hyde\Framework\Testing\Feature\Foundation\Hyperlinks)::Asset helper gets relative web link to image stored in site media folder" class="Hyde\Framework\Testing\Feature\Foundation\HyperlinksTest" classname="Hyde.Framework.Testing.Feature.Foundation.HyperlinksTest" assertions="4" time="0.077486"/>
        <testcase name="Asset helper resolves paths for nested pages" file="Hyperlinks (Hyde\Framework\Testing\Feature\Foundation\Hyperlinks)::Asset helper resolves paths for nested pages" class="Hyde\Framework\Testing\Feature\Foundation\HyperlinksTest" classname="Hyde.Framework.Testing.Feature.Foundation.HyperlinksTest" assertions="4" time="0.026245"/>
        <testcase name="Asset helper returns qualified absolute uri when requested and site has base url" file="Hyperlinks (Hyde\Framework\Testing\Feature\Foundation\Hyperlinks)::Asset helper returns qualified absolute uri when requested and site has base url" class="Hyde\Framework\Testing\Feature\Foundation\HyperlinksTest" classname="Hyde.Framework.Testing.Feature.Foundation.HyperlinksTest" assertions="1" time="0.022639"/>
        <testcase name="Asset helper returns default relative path when qualified absolute uri is requested but site has no base url" file="Hyperlinks (Hyde\Framework\Testing\Feature\Foundation\Hyperlinks)::Asset helper returns default relative path when qualified absolute uri is requested but site has no base url" class="Hyde\Framework\Testing\Feature\Foundation\HyperlinksTest" classname="Hyde.Framework.Testing.Feature.Foundation.HyperlinksTest" assertions="1" time="0.022487"/>
        <testcase name="Asset helper returns default relative path when qualified absolute uri is requested but site base url is localhost" file="Hyperlinks (Hyde\Framework\Testing\Feature\Foundation\Hyperlinks)::Asset helper returns default relative path when qualified absolute uri is requested but site base url is localhost" class="Hyde\Framework\Testing\Feature\Foundation\HyperlinksTest" classname="Hyde.Framework.Testing.Feature.Foundation.HyperlinksTest" assertions="1" time="0.022063"/>
        <testcase name="Asset helper returns input when qualified absolute uri is requested but image is already qualified" file="Hyperlinks (Hyde\Framework\Testing\Feature\Foundation\Hyperlinks)::Asset helper returns input when qualified absolute uri is requested but image is already qualified" class="Hyde\Framework\Testing\Feature\Foundation\HyperlinksTest" classname="Hyde.Framework.Testing.Feature.Foundation.HyperlinksTest" assertions="1" time="0.022184"/>
        <testcase name="Asset helper returns input when qualified absolute uri is requested but image is already qualified regardless of matching the configured url" file="Hyperlinks (Hyde\Framework\Testing\Feature\Foundation\Hyperlinks)::Asset helper returns input when qualified absolute uri is requested but image is already qualified regardless of matching the configured url" class="Hyde\Framework\Testing\Feature\Foundation\HyperlinksTest" classname="Hyde.Framework.Testing.Feature.Foundation.HyperlinksTest" assertions="1" time="0.022183"/>
        <testcase name="Asset helper uses configured media directory" file="Hyperlinks (Hyde\Framework\Testing\Feature\Foundation\Hyperlinks)::Asset helper uses configured media directory" class="Hyde\Framework\Testing\Feature\Foundation\HyperlinksTest" classname="Hyde.Framework.Testing.Feature.Foundation.HyperlinksTest" assertions="1" time="0.022047"/>
        <testcase name="Media link helper" file="Hyperlinks (Hyde\Framework\Testing\Feature\Foundation\Hyperlinks)::Media link helper" class="Hyde\Framework\Testing\Feature\Foundation\HyperlinksTest" classname="Hyde.Framework.Testing.Feature.Foundation.HyperlinksTest" assertions="1" time="0.029830"/>
        <testcase name="Media link helper with relative path" file="Hyperlinks (Hyde\Framework\Testing\Feature\Foundation\Hyperlinks)::Media link helper with relative path" class="Hyde\Framework\Testing\Feature\Foundation\HyperlinksTest" classname="Hyde.Framework.Testing.Feature.Foundation.HyperlinksTest" assertions="1" time="0.023931"/>
        <testcase name="Media link helper uses configured media directory" file="Hyperlinks (Hyde\Framework\Testing\Feature\Foundation\Hyperlinks)::Media link helper uses configured media directory" class="Hyde\Framework\Testing\Feature\Foundation\HyperlinksTest" classname="Hyde.Framework.Testing.Feature.Foundation.HyperlinksTest" assertions="1" time="0.021983"/>
        <testcase name="Media link helper with validation and existing file" file="Hyperlinks (Hyde\Framework\Testing\Feature\Foundation\Hyperlinks)::Media link helper with validation and existing file" class="Hyde\Framework\Testing\Feature\Foundation\HyperlinksTest" classname="Hyde.Framework.Testing.Feature.Foundation.HyperlinksTest" assertions="1" time="0.022462"/>
        <testcase name="Media link helper with validation and non existing file" file="Hyperlinks (Hyde\Framework\Testing\Feature\Foundation\Hyperlinks)::Media link helper with validation and non existing file" class="Hyde\Framework\Testing\Feature\Foundation\HyperlinksTest" classname="Hyde.Framework.Testing.Feature.Foundation.HyperlinksTest" assertions="1" time="0.021877"/>
        <testcase name="Route helper" file="Hyperlinks (Hyde\Framework\Testing\Feature\Foundation\Hyperlinks)::Route helper" class="Hyde\Framework\Testing\Feature\Foundation\HyperlinksTest" classname="Hyde.Framework.Testing.Feature.Foundation.HyperlinksTest" assertions="2" time="0.027207"/>
        <testcase name="Route helper with invalid route" file="Hyperlinks (Hyde\Framework\Testing\Feature\Foundation\Hyperlinks)::Route helper with invalid route" class="Hyde\Framework\Testing\Feature\Foundation\HyperlinksTest" classname="Hyde.Framework.Testing.Feature.Foundation.HyperlinksTest" assertions="1" time="0.027475"/>
        <testcase name="Is remote with http url" file="Hyperlinks (Hyde\Framework\Testing\Feature\Foundation\Hyperlinks)::Is remote with http url" class="Hyde\Framework\Testing\Feature\Foundation\HyperlinksTest" classname="Hyde.Framework.Testing.Feature.Foundation.HyperlinksTest" assertions="1" time="0.022311"/>
        <testcase name="Is remote with https url" file="Hyperlinks (Hyde\Framework\Testing\Feature\Foundation\Hyperlinks)::Is remote with https url" class="Hyde\Framework\Testing\Feature\Foundation\HyperlinksTest" classname="Hyde.Framework.Testing.Feature.Foundation.HyperlinksTest" assertions="1" time="0.021873"/>
        <testcase name="Is remote with protocol relative url" file="Hyperlinks (Hyde\Framework\Testing\Feature\Foundation\Hyperlinks)::Is remote with protocol relative url" class="Hyde\Framework\Testing\Feature\Foundation\HyperlinksTest" classname="Hyde.Framework.Testing.Feature.Foundation.HyperlinksTest" assertions="1" time="0.021737"/>
        <testcase name="Is remote with relative url" file="Hyperlinks (Hyde\Framework\Testing\Feature\Foundation\Hyperlinks)::Is remote with relative url" class="Hyde\Framework\Testing\Feature\Foundation\HyperlinksTest" classname="Hyde.Framework.Testing.Feature.Foundation.HyperlinksTest" assertions="1" time="0.021758"/>
        <testcase name="Is remote with absolute local path" file="Hyperlinks (Hyde\Framework\Testing\Feature\Foundation\Hyperlinks)::Is remote with absolute local path" class="Hyde\Framework\Testing\Feature\Foundation\HyperlinksTest" classname="Hyde.Framework.Testing.Feature.Foundation.HyperlinksTest" assertions="1" time="0.021775"/>
        <testcase name="Is remote with empty string" file="Hyperlinks (Hyde\Framework\Testing\Feature\Foundation\Hyperlinks)::Is remote with empty string" class="Hyde\Framework\Testing\Feature\Foundation\HyperlinksTest" classname="Hyde.Framework.Testing.Feature.Foundation.HyperlinksTest" assertions="1" time="0.022029"/>
      </testsuite>
      <testsuite name="Hyde\Framework\Testing\Feature\GlobalMetadataBagTest" file="Global Metadata Bag (Hyde\Framework\Testing\Feature\GlobalMetadataBag)" tests="9" assertions="10" errors="0" failures="0" skipped="0" time="0.269737">
        <testcase name="Site metadata adds config defined metadata" file="Global Metadata Bag (Hyde\Framework\Testing\Feature\GlobalMetadataBag)::Site metadata adds config defined metadata" class="Hyde\Framework\Testing\Feature\GlobalMetadataBagTest" classname="Hyde.Framework.Testing.Feature.GlobalMetadataBagTest" assertions="2" time="0.052934"/>
        <testcase name="Site metadata automatically adds sitemap when enabled" file="Global Metadata Bag (Hyde\Framework\Testing\Feature\GlobalMetadataBag)::Site metadata automatically adds sitemap when enabled" class="Hyde\Framework\Testing\Feature\GlobalMetadataBagTest" classname="Hyde.Framework.Testing.Feature.GlobalMetadataBagTest" assertions="1" time="0.022975"/>
        <testcase name="Site metadata sitemap uses configured site url" file="Global Metadata Bag (Hyde\Framework\Testing\Feature\GlobalMetadataBag)::Site metadata sitemap uses configured site url" class="Hyde\Framework\Testing\Feature\GlobalMetadataBagTest" classname="Hyde.Framework.Testing.Feature.GlobalMetadataBagTest" assertions="1" time="0.022450"/>
        <testcase name="Site metadata automatically adds rss feed when enabled" file="Global Metadata Bag (Hyde\Framework\Testing\Feature\GlobalMetadataBag)::Site metadata automatically adds rss feed when enabled" class="Hyde\Framework\Testing\Feature\GlobalMetadataBagTest" classname="Hyde.Framework.Testing.Feature.GlobalMetadataBagTest" assertions="1" time="0.030240"/>
        <testcase name="Site metadata rss feed uses configured site url" file="Global Metadata Bag (Hyde\Framework\Testing\Feature\GlobalMetadataBag)::Site metadata rss feed uses configured site url" class="Hyde\Framework\Testing\Feature\GlobalMetadataBagTest" classname="Hyde.Framework.Testing.Feature.GlobalMetadataBagTest" assertions="1" time="0.030330"/>
        <testcase name="Site metadata rss feed uses configured site name" file="Global Metadata Bag (Hyde\Framework\Testing\Feature\GlobalMetadataBag)::Site metadata rss feed uses configured site name" class="Hyde\Framework\Testing\Feature\GlobalMetadataBagTest" classname="Hyde.Framework.Testing.Feature.GlobalMetadataBagTest" assertions="1" time="0.030664"/>
        <testcase name="Site metadata rss feed uses configured rss file name" file="Global Metadata Bag (Hyde\Framework\Testing\Feature\GlobalMetadataBag)::Site metadata rss feed uses configured rss file name" class="Hyde\Framework\Testing\Feature\GlobalMetadataBagTest" classname="Hyde.Framework.Testing.Feature.GlobalMetadataBagTest" assertions="1" time="0.030260"/>
        <testcase name="Metadata existing in the current page is not added" file="Global Metadata Bag (Hyde\Framework\Testing\Feature\GlobalMetadataBag)::Metadata existing in the current page is not added" class="Hyde\Framework\Testing\Feature\GlobalMetadataBagTest" classname="Hyde.Framework.Testing.Feature.GlobalMetadataBagTest" assertions="1" time="0.024778"/>
        <testcase name="Metadata existing in the current page is not added regardless of its value" file="Global Metadata Bag (Hyde\Framework\Testing\Feature\GlobalMetadataBag)::Metadata existing in the current page is not added regardless of its value" class="Hyde\Framework\Testing\Feature\GlobalMetadataBagTest" classname="Hyde.Framework.Testing.Feature.GlobalMetadataBagTest" assertions="1" time="0.025107"/>
      </testsuite>
      <testsuite name="Hyde\Framework\Testing\Feature\HelpersTest" file="Helpers (Hyde\Framework\Testing\Feature\Helpers)" tests="45" assertions="69" errors="0" failures="0" skipped="0" time="1.042789">
        <testcase name="Hyde function exists" file="Helpers (Hyde\Framework\Testing\Feature\Helpers)::Hyde function exists" class="Hyde\Framework\Testing\Feature\HelpersTest" classname="Hyde.Framework.Testing.Feature.HelpersTest" assertions="1" time="0.036012"/>
        <testcase name="Hyde function returns hyde kernel class" file="Helpers (Hyde\Framework\Testing\Feature\Helpers)::Hyde function returns hyde kernel class" class="Hyde\Framework\Testing\Feature\HelpersTest" classname="Hyde.Framework.Testing.Feature.HelpersTest" assertions="1" time="0.022013"/>
        <testcase name="Can call methods on returned hyde class" file="Helpers (Hyde\Framework\Testing\Feature\Helpers)::Can call methods on returned hyde class" class="Hyde\Framework\Testing\Feature\HelpersTest" classname="Hyde.Framework.Testing.Feature.HelpersTest" assertions="1" time="0.022379"/>
        <testcase name="Unslash function exists" file="Helpers (Hyde\Framework\Testing\Feature\Helpers)::Unslash function exists" class="Hyde\Framework\Testing\Feature\HelpersTest" classname="Hyde.Framework.Testing.Feature.HelpersTest" assertions="1" time="0.022104"/>
        <testcase name="Unslash function trims trailing slashes" file="Helpers (Hyde\Framework\Testing\Feature\Helpers)::Unslash function trims trailing slashes" class="Hyde\Framework\Testing\Feature\HelpersTest" classname="Hyde.Framework.Testing.Feature.HelpersTest" assertions="14" time="0.023750"/>
        <testcase name="Asset function" file="Helpers (Hyde\Framework\Testing\Feature\Helpers)::Asset function" class="Hyde\Framework\Testing\Feature\HelpersTest" classname="Hyde.Framework.Testing.Feature.HelpersTest" assertions="2" time="0.023319"/>
        <testcase name="Asset function with qualified url" file="Helpers (Hyde\Framework\Testing\Feature\Helpers)::Asset function with qualified url" class="Hyde\Framework\Testing\Feature\HelpersTest" classname="Hyde.Framework.Testing.Feature.HelpersTest" assertions="2" time="0.022427"/>
        <testcase name="Asset function with qualified url and set base url" file="Helpers (Hyde\Framework\Testing\Feature\Helpers)::Asset function with qualified url and set base url" class="Hyde\Framework\Testing\Feature\HelpersTest" classname="Hyde.Framework.Testing.Feature.HelpersTest" assertions="1" time="0.022103"/>
        <testcase name="Asset function with external url" file="Helpers (Hyde\Framework\Testing\Feature\Helpers)::Asset function with external url" class="Hyde\Framework\Testing\Feature\HelpersTest" classname="Hyde.Framework.Testing.Feature.HelpersTest" assertions="2" time="0.022072"/>
        <testcase name="Asset function with qualified url and no base url" file="Helpers (Hyde\Framework\Testing\Feature\Helpers)::Asset function with qualified url and no base url" class="Hyde\Framework\Testing\Feature\HelpersTest" classname="Hyde.Framework.Testing.Feature.HelpersTest" assertions="1" time="0.022255"/>
        <testcase name="Asset function with qualified url and localhost base url" file="Helpers (Hyde\Framework\Testing\Feature\Helpers)::Asset function with qualified url and localhost base url" class="Hyde\Framework\Testing\Feature\HelpersTest" classname="Hyde.Framework.Testing.Feature.HelpersTest" assertions="1" time="0.021960"/>
        <testcase name="Asset function from nested page" file="Helpers (Hyde\Framework\Testing\Feature\Helpers)::Asset function from nested page" class="Hyde\Framework\Testing\Feature\HelpersTest" classname="Hyde.Framework.Testing.Feature.HelpersTest" assertions="1" time="0.022228"/>
        <testcase name="Asset function from deeply nested page" file="Helpers (Hyde\Framework\Testing\Feature\Helpers)::Asset function from deeply nested page" class="Hyde\Framework\Testing\Feature\HelpersTest" classname="Hyde.Framework.Testing.Feature.HelpersTest" assertions="1" time="0.022070"/>
        <testcase name="Asset function with custom media directory" file="Helpers (Hyde\Framework\Testing\Feature\Helpers)::Asset function with custom media directory" class="Hyde\Framework\Testing\Feature\HelpersTest" classname="Hyde.Framework.Testing.Feature.HelpersTest" assertions="1" time="0.022017"/>
        <testcase name="Route function" file="Helpers (Hyde\Framework\Testing\Feature\Helpers)::Route function" class="Hyde\Framework\Testing\Feature\HelpersTest" classname="Hyde.Framework.Testing.Feature.HelpersTest" assertions="2" time="0.027174"/>
        <testcase name="Route function with invalid route" file="Helpers (Hyde\Framework\Testing\Feature\Helpers)::Route function with invalid route" class="Hyde\Framework\Testing\Feature\HelpersTest" classname="Hyde.Framework.Testing.Feature.HelpersTest" assertions="1" time="0.027292"/>
        <testcase name="Route function returns null for non existent route" file="Helpers (Hyde\Framework\Testing\Feature\Helpers)::Route function returns null for non existent route" class="Hyde\Framework\Testing\Feature\HelpersTest" classname="Hyde.Framework.Testing.Feature.HelpersTest" assertions="1" time="0.027091"/>
        <testcase name="Url function" file="Helpers (Hyde\Framework\Testing\Feature\Helpers)::Url function" class="Hyde\Framework\Testing\Feature\HelpersTest" classname="Hyde.Framework.Testing.Feature.HelpersTest" assertions="1" time="0.021878"/>
        <testcase name="Url function with base url" file="Helpers (Hyde\Framework\Testing\Feature\Helpers)::Url function with base url" class="Hyde\Framework\Testing\Feature\HelpersTest" classname="Hyde.Framework.Testing.Feature.HelpersTest" assertions="1" time="0.021917"/>
        <testcase name="Url function with localhost base url" file="Helpers (Hyde\Framework\Testing\Feature\Helpers)::Url function with localhost base url" class="Hyde\Framework\Testing\Feature\HelpersTest" classname="Hyde.Framework.Testing.Feature.HelpersTest" assertions="1" time="0.021861"/>
        <testcase name="Url function without base url" file="Helpers (Hyde\Framework\Testing\Feature\Helpers)::Url function without base url" class="Hyde\Framework\Testing\Feature\HelpersTest" classname="Hyde.Framework.Testing.Feature.HelpersTest" assertions="1" time="0.021796"/>
        <testcase name="Url function without base url or path" file="Helpers (Hyde\Framework\Testing\Feature\Helpers)::Url function without base url or path" class="Hyde\Framework\Testing\Feature\HelpersTest" classname="Hyde.Framework.Testing.Feature.HelpersTest" assertions="1" time="0.021868"/>
        <testcase name="Url function with localhost base url but no path" file="Helpers (Hyde\Framework\Testing\Feature\Helpers)::Url function with localhost base url but no path" class="Hyde\Framework\Testing\Feature\HelpersTest" classname="Hyde.Framework.Testing.Feature.HelpersTest" assertions="1" time="0.021677"/>
        <testcase name="Url function with already qualified url" file="Helpers (Hyde\Framework\Testing\Feature\Helpers)::Url function with already qualified url" class="Hyde\Framework\Testing\Feature\HelpersTest" classname="Hyde.Framework.Testing.Feature.HelpersTest" assertions="2" time="0.022017"/>
        <testcase name="Url function with already qualified url when site url is set" file="Helpers (Hyde\Framework\Testing\Feature\Helpers)::Url function with already qualified url when site url is set" class="Hyde\Framework\Testing\Feature\HelpersTest" classname="Hyde.Framework.Testing.Feature.HelpersTest" assertions="2" time="0.022377"/>
        <testcase name="Url function with already qualified url when site url is set to something else" file="Helpers (Hyde\Framework\Testing\Feature\Helpers)::Url function with already qualified url when site url is set to something else" class="Hyde\Framework\Testing\Feature\HelpersTest" classname="Hyde.Framework.Testing.Feature.HelpersTest" assertions="2" time="0.022034"/>
        <testcase name="Hyde function exists in hyde namespace" file="Helpers (Hyde\Framework\Testing\Feature\Helpers)::Hyde function exists in hyde namespace" class="Hyde\Framework\Testing\Feature\HelpersTest" classname="Hyde.Framework.Testing.Feature.HelpersTest" assertions="1" time="0.029893"/>
        <testcase name="Namespaced hyde function" file="Helpers (Hyde\Framework\Testing\Feature\Helpers)::Namespaced hyde function" class="Hyde\Framework\Testing\Feature\HelpersTest" classname="Hyde.Framework.Testing.Feature.HelpersTest" assertions="1" time="0.022009"/>
        <testcase name="Unslash function exists in hyde namespace" file="Helpers (Hyde\Framework\Testing\Feature\Helpers)::Unslash function exists in hyde namespace" class="Hyde\Framework\Testing\Feature\HelpersTest" classname="Hyde.Framework.Testing.Feature.HelpersTest" assertions="1" time="0.021774"/>
        <testcase name="Namespaced unslash function" file="Helpers (Hyde\Framework\Testing\Feature\Helpers)::Namespaced unslash function" class="Hyde\Framework\Testing\Feature\HelpersTest" classname="Hyde.Framework.Testing.Feature.HelpersTest" assertions="1" time="0.021662"/>
        <testcase name="Unixsum function" file="Helpers (Hyde\Framework\Testing\Feature\Helpers)::Unixsum function" class="Hyde\Framework\Testing\Feature\HelpersTest" classname="Hyde.Framework.Testing.Feature.HelpersTest" assertions="2" time="0.021772"/>
        <testcase name="Unixsum file function" file="Helpers (Hyde\Framework\Testing\Feature\Helpers)::Unixsum file function" class="Hyde\Framework\Testing\Feature\HelpersTest" classname="Hyde.Framework.Testing.Feature.HelpersTest" assertions="2" time="0.023165"/>
        <testcase name="Hyde make title function" file="Helpers (Hyde\Framework\Testing\Feature\Helpers)::Hyde make title function" class="Hyde\Framework\Testing\Feature\HelpersTest" classname="Hyde.Framework.Testing.Feature.HelpersTest" assertions="1" time="0.022090"/>
        <testcase name="Hyde normalize newlines function" file="Helpers (Hyde\Framework\Testing\Feature\Helpers)::Hyde normalize newlines function" class="Hyde\Framework\Testing\Feature\HelpersTest" classname="Hyde.Framework.Testing.Feature.HelpersTest" assertions="1" time="0.022275"/>
        <testcase name="Hyde strip newlines function" file="Helpers (Hyde\Framework\Testing\Feature\Helpers)::Hyde strip newlines function" class="Hyde\Framework\Testing\Feature\HelpersTest" classname="Hyde.Framework.Testing.Feature.HelpersTest" assertions="1" time="0.022213"/>
        <testcase name="Hyde trim slashes function" file="Helpers (Hyde\Framework\Testing\Feature\Helpers)::Hyde trim slashes function" class="Hyde\Framework\Testing\Feature\HelpersTest" classname="Hyde.Framework.Testing.Feature.HelpersTest" assertions="1" time="0.022133"/>
        <testcase name="Hyde evaluate arrayable function" file="Helpers (Hyde\Framework\Testing\Feature\Helpers)::Hyde evaluate arrayable function" class="Hyde\Framework\Testing\Feature\HelpersTest" classname="Hyde.Framework.Testing.Feature.HelpersTest" assertions="2" time="0.023410"/>
        <testcase name="Hyde yaml encode function" file="Helpers (Hyde\Framework\Testing\Feature\Helpers)::Hyde yaml encode function" class="Hyde\Framework\Testing\Feature\HelpersTest" classname="Hyde.Framework.Testing.Feature.HelpersTest" assertions="1" time="0.023148"/>
        <testcase name="Hyde yaml encode function encodes arrayables" file="Helpers (Hyde\Framework\Testing\Feature\Helpers)::Hyde yaml encode function encodes arrayables" class="Hyde\Framework\Testing\Feature\HelpersTest" classname="Hyde.Framework.Testing.Feature.HelpersTest" assertions="1" time="0.022589"/>
        <testcase name="Hyde yaml encode function accepts parameters" file="Helpers (Hyde\Framework\Testing\Feature\Helpers)::Hyde yaml encode function accepts parameters" class="Hyde\Framework\Testing\Feature\HelpersTest" classname="Hyde.Framework.Testing.Feature.HelpersTest" assertions="1" time="0.023326"/>
        <testcase name="Hyde yaml decode function" file="Helpers (Hyde\Framework\Testing\Feature\Helpers)::Hyde yaml decode function" class="Hyde\Framework\Testing\Feature\HelpersTest" classname="Hyde.Framework.Testing.Feature.HelpersTest" assertions="1" time="0.023930"/>
        <testcase name="Hyde yaml decode function accepts parameters" file="Helpers (Hyde\Framework\Testing\Feature\Helpers)::Hyde yaml decode function accepts parameters" class="Hyde\Framework\Testing\Feature\HelpersTest" classname="Hyde.Framework.Testing.Feature.HelpersTest" assertions="1" time="0.022782"/>
        <testcase name="Hyde path join function" file="Helpers (Hyde\Framework\Testing\Feature\Helpers)::Hyde path join function" class="Hyde\Framework\Testing\Feature\HelpersTest" classname="Hyde.Framework.Testing.Feature.HelpersTest" assertions="1" time="0.022373"/>
        <testcase name="Hyde path join function with multiple paths" file="Helpers (Hyde\Framework\Testing\Feature\Helpers)::Hyde path join function with multiple paths" class="Hyde\Framework\Testing\Feature\HelpersTest" classname="Hyde.Framework.Testing.Feature.HelpersTest" assertions="1" time="0.023201"/>
        <testcase name="Hyde normalize slashes function" file="Helpers (Hyde\Framework\Testing\Feature\Helpers)::Hyde normalize slashes function" class="Hyde\Framework\Testing\Feature\HelpersTest" classname="Hyde.Framework.Testing.Feature.HelpersTest" assertions="2" time="0.023352"/>
      </testsuite>
      <testsuite name="Hyde\Framework\Testing\Feature\HighLevelYamlConfigurationFeatureTest" file="High Level Yaml Configuration Feature (Hyde\Framework\Testing\Feature\HighLevelYamlConfigurationFeature)" tests="1" assertions="9" errors="0" failures="0" skipped="0" time="0.087162">
        <testcase name="Test the yaml configuration feature" file="High Level Yaml Configuration Feature (Hyde\Framework\Testing\Feature\HighLevelYamlConfigurationFeature)::Test the yaml configuration feature" class="Hyde\Framework\Testing\Feature\HighLevelYamlConfigurationFeatureTest" classname="Hyde.Framework.Testing.Feature.HighLevelYamlConfigurationFeatureTest" assertions="9" time="0.087162"/>
      </testsuite>
      <testsuite name="Hyde\Framework\Testing\Feature\HomepageViewTest" file="Homepage View (Hyde\Framework\Testing\Feature\HomepageView)" tests="4" assertions="13" errors="0" failures="0" skipped="0" time="0.082398">
        <testcase name="Blank homepage" file="Homepage View (Hyde\Framework\Testing\Feature\HomepageView)::Blank homepage" class="Hyde\Framework\Testing\Feature\HomepageViewTest" classname="Hyde.Framework.Testing.Feature.HomepageViewTest" assertions="2" time="0.029125"/>
        <testcase name="Welcome homepage" file="Homepage View (Hyde\Framework\Testing\Feature\HomepageView)::Welcome homepage" class="Hyde\Framework\Testing\Feature\HomepageViewTest" classname="Hyde.Framework.Testing.Feature.HomepageViewTest" assertions="2" time="0.014856"/>
        <testcase name="Post feed homepage" file="Homepage View (Hyde\Framework\Testing\Feature\HomepageView)::Post feed homepage" class="Hyde\Framework\Testing\Feature\HomepageViewTest" classname="Hyde.Framework.Testing.Feature.HomepageViewTest" assertions="3" time="0.018879"/>
        <testcase name="Post feed homepage with posts" file="Homepage View (Hyde\Framework\Testing\Feature\HomepageView)::Post feed homepage with posts" class="Hyde\Framework\Testing\Feature\HomepageViewTest" classname="Hyde.Framework.Testing.Feature.HomepageViewTest" assertions="6" time="0.019539"/>
      </testsuite>
      <testsuite name="Hyde\Framework\Testing\Feature\HydeCoreExtensionTest" file="Hyde Core Extension (Hyde\Framework\Testing\Feature\HydeCoreExtension)" tests="4" assertions="4" errors="0" failures="0" skipped="0" time="0.015749">
        <testcase name="Class extends extension class" file="Hyde Core Extension (Hyde\Framework\Testing\Feature\HydeCoreExtension)::Class extends extension class" class="Hyde\Framework\Testing\Feature\HydeCoreExtensionTest" classname="Hyde.Framework.Testing.Feature.HydeCoreExtensionTest" assertions="1" time="0.008998"/>
        <testcase name="Class is registered" file="Hyde Core Extension (Hyde\Framework\Testing\Feature\HydeCoreExtension)::Class is registered" class="Hyde\Framework\Testing\Feature\HydeCoreExtensionTest" classname="Hyde.Framework.Testing.Feature.HydeCoreExtensionTest" assertions="1" time="0.002016"/>
        <testcase name="Get page classes" file="Hyde Core Extension (Hyde\Framework\Testing\Feature\HydeCoreExtension)::Get page classes" class="Hyde\Framework\Testing\Feature\HydeCoreExtensionTest" classname="Hyde.Framework.Testing.Feature.HydeCoreExtensionTest" assertions="1" time="0.002363"/>
        <testcase name="Get page classes does not include classes for disabled features" file="Hyde Core Extension (Hyde\Framework\Testing\Feature\HydeCoreExtension)::Get page classes does not include classes for disabled features" class="Hyde\Framework\Testing\Feature\HydeCoreExtensionTest" classname="Hyde.Framework.Testing.Feature.HydeCoreExtensionTest" assertions="1" time="0.002373"/>
      </testsuite>
      <testsuite name="Hyde\Framework\Testing\Feature\HydeExtensionFeatureTest" file="Hyde Extension Feature (Hyde\Framework\Testing\Feature\HydeExtensionFeature)" tests="9" assertions="15" errors="0" failures="0" skipped="0" time="0.274361">
        <testcase name="Handler methods are called by discovery" file="Hyde Extension Feature (Hyde\Framework\Testing\Feature\HydeExtensionFeature)::Handler methods are called by discovery" class="Hyde\Framework\Testing\Feature\HydeExtensionFeatureTest" classname="Hyde.Framework.Testing.Feature.HydeExtensionFeatureTest" assertions="2" time="0.033867"/>
        <testcase name="File handler dependency injection" file="Hyde Extension Feature (Hyde\Framework\Testing\Feature\HydeExtensionFeature)::File handler dependency injection" class="Hyde\Framework\Testing\Feature\HydeExtensionFeatureTest" classname="Hyde.Framework.Testing.Feature.HydeExtensionFeatureTest" assertions="1" time="0.028160"/>
        <testcase name="Page handler dependency injection" file="Hyde Extension Feature (Hyde\Framework\Testing\Feature\HydeExtensionFeature)::Page handler dependency injection" class="Hyde\Framework\Testing\Feature\HydeExtensionFeatureTest" classname="Hyde.Framework.Testing.Feature.HydeExtensionFeatureTest" assertions="1" time="0.028701"/>
        <testcase name="Route handler dependency injection" file="Hyde Extension Feature (Hyde\Framework\Testing\Feature\HydeExtensionFeature)::Route handler dependency injection" class="Hyde\Framework\Testing\Feature\HydeExtensionFeatureTest" classname="Hyde.Framework.Testing.Feature.HydeExtensionFeatureTest" assertions="1" time="0.028524"/>
        <testcase name="Register extension method throws exception when kernel is already booted" file="Hyde Extension Feature (Hyde\Framework\Testing\Feature\HydeExtensionFeature)::Register extension method throws exception when kernel is already booted" class="Hyde\Framework\Testing\Feature\HydeExtensionFeatureTest" classname="Hyde.Framework.Testing.Feature.HydeExtensionFeatureTest" assertions="2" time="0.029504"/>
        <testcase name="Register extension method only accepts instances of hyde extension" file="Hyde Extension Feature (Hyde\Framework\Testing\Feature\HydeExtensionFeature)::Register extension method only accepts instances of hyde extension" class="Hyde\Framework\Testing\Feature\HydeExtensionFeatureTest" classname="Hyde.Framework.Testing.Feature.HydeExtensionFeatureTest" assertions="2" time="0.023357"/>
        <testcase name="Custom registered pages are discovered by the file collection class" file="Hyde Extension Feature (Hyde\Framework\Testing\Feature\HydeExtensionFeature)::Custom registered pages are discovered by the file collection class" class="Hyde\Framework\Testing\Feature\HydeExtensionFeatureTest" classname="Hyde.Framework.Testing.Feature.HydeExtensionFeatureTest" assertions="2" time="0.033685"/>
        <testcase name="Custom registered pages are discovered by the page collection class" file="Hyde Extension Feature (Hyde\Framework\Testing\Feature\HydeExtensionFeature)::Custom registered pages are discovered by the page collection class" class="Hyde\Framework\Testing\Feature\HydeExtensionFeatureTest" classname="Hyde.Framework.Testing.Feature.HydeExtensionFeatureTest" assertions="2" time="0.035368"/>
        <testcase name="Custom registered pages are discovered by the route collection class" file="Hyde Extension Feature (Hyde\Framework\Testing\Feature\HydeExtensionFeature)::Custom registered pages are discovered by the route collection class" class="Hyde\Framework\Testing\Feature\HydeExtensionFeatureTest" classname="Hyde.Framework.Testing.Feature.HydeExtensionFeatureTest" assertions="2" time="0.033194"/>
      </testsuite>
      <testsuite name="Hyde\Framework\Testing\Feature\HydeKernelTest" file="Hyde Kernel (Hyde\Framework\Testing\Feature\HydeKernel)" tests="68" assertions="115" errors="0" failures="0" skipped="0" time="1.735934">
        <testcase name="Kernel singleton can be accessed by service container" file="Hyde Kernel (Hyde\Framework\Testing\Feature\HydeKernel)::Kernel singleton can be accessed by service container" class="Hyde\Framework\Testing\Feature\HydeKernelTest" classname="Hyde.Framework.Testing.Feature.HydeKernelTest" assertions="1" time="0.037039"/>
        <testcase name="Kernel singleton can be accessed by kernel static method" file="Hyde Kernel (Hyde\Framework\Testing\Feature\HydeKernel)::Kernel singleton can be accessed by kernel static method" class="Hyde\Framework\Testing\Feature\HydeKernelTest" classname="Hyde.Framework.Testing.Feature.HydeKernelTest" assertions="1" time="0.023932"/>
        <testcase name="Kernel singleton can be accessed by hyde facade method" file="Hyde Kernel (Hyde\Framework\Testing\Feature\HydeKernel)::Kernel singleton can be accessed by hyde facade method" class="Hyde\Framework\Testing\Feature\HydeKernelTest" classname="Hyde.Framework.Testing.Feature.HydeKernelTest" assertions="1" time="0.023229"/>
        <testcase name="Kernel singleton can be accessed by helper function" file="Hyde Kernel (Hyde\Framework\Testing\Feature\HydeKernel)::Kernel singleton can be accessed by helper function" class="Hyde\Framework\Testing\Feature\HydeKernelTest" classname="Hyde.Framework.Testing.Feature.HydeKernelTest" assertions="1" time="0.022849"/>
        <testcase name="Hyde facade version method returns kernel version" file="Hyde Kernel (Hyde\Framework\Testing\Feature\HydeKernel)::Hyde facade version method returns kernel version" class="Hyde\Framework\Testing\Feature\HydeKernelTest" classname="Hyde.Framework.Testing.Feature.HydeKernelTest" assertions="1" time="0.023937"/>
        <testcase name="Hyde facade get facade root method returns kernel singleton" file="Hyde Kernel (Hyde\Framework\Testing\Feature\HydeKernel)::Hyde facade get facade root method returns kernel singleton" class="Hyde\Framework\Testing\Feature\HydeKernelTest" classname="Hyde.Framework.Testing.Feature.HydeKernelTest" assertions="3" time="0.023220"/>
        <testcase name="Features helper returns new features instance" file="Hyde Kernel (Hyde\Framework\Testing\Feature\HydeKernel)::Features helper returns new features instance" class="Hyde\Framework\Testing\Feature\HydeKernelTest" classname="Hyde.Framework.Testing.Feature.HydeKernelTest" assertions="1" time="0.023949"/>
        <testcase name="Has feature helper calls method on features class" file="Hyde Kernel (Hyde\Framework\Testing\Feature\HydeKernel)::Has feature helper calls method on features class" class="Hyde\Framework\Testing\Feature\HydeKernelTest" classname="Hyde.Framework.Testing.Feature.HydeKernelTest" assertions="2" time="0.032842"/>
        <testcase name="Current page helper returns current page name" file="Hyde Kernel (Hyde\Framework\Testing\Feature\HydeKernel)::Current page helper returns current page name" class="Hyde\Framework\Testing\Feature\HydeKernelTest" classname="Hyde.Framework.Testing.Feature.HydeKernelTest" assertions="1" time="0.023754"/>
        <testcase name="Current route helper returns current route object" file="Hyde Kernel (Hyde\Framework\Testing\Feature\HydeKernel)::Current route helper returns current route object" class="Hyde\Framework\Testing\Feature\HydeKernelTest" classname="Hyde.Framework.Testing.Feature.HydeKernelTest" assertions="2" time="0.024576"/>
        <testcase name="Current page helper returns current page object" file="Hyde Kernel (Hyde\Framework\Testing\Feature\HydeKernel)::Current page helper returns current page object" class="Hyde\Framework\Testing\Feature\HydeKernelTest" classname="Hyde.Framework.Testing.Feature.HydeKernelTest" assertions="2" time="0.025220"/>
        <testcase name="Make title helper returns title from page slug" file="Hyde Kernel (Hyde\Framework\Testing\Feature\HydeKernel)::Make title helper returns title from page slug" class="Hyde\Framework\Testing\Feature\HydeKernelTest" classname="Hyde.Framework.Testing.Feature.HydeKernelTest" assertions="1" time="0.023861"/>
        <testcase name="Make slug helper returns slug from title" file="Hyde Kernel (Hyde\Framework\Testing\Feature\HydeKernel)::Make slug helper returns slug from title" class="Hyde\Framework\Testing\Feature\HydeKernelTest" classname="Hyde.Framework.Testing.Feature.HydeKernelTest" assertions="1" time="0.023701"/>
        <testcase name="Normalize newlines replaces carriage returns with unix endings" file="Hyde Kernel (Hyde\Framework\Testing\Feature\HydeKernel)::Normalize newlines replaces carriage returns with unix endings" class="Hyde\Framework\Testing\Feature\HydeKernelTest" classname="Hyde.Framework.Testing.Feature.HydeKernelTest" assertions="1" time="0.023533"/>
        <testcase name="Strip newlines helper removes all newlines" file="Hyde Kernel (Hyde\Framework\Testing\Feature\HydeKernel)::Strip newlines helper removes all newlines" class="Hyde\Framework\Testing\Feature\HydeKernelTest" classname="Hyde.Framework.Testing.Feature.HydeKernelTest" assertions="1" time="0.023688"/>
        <testcase name="Trim slashes function trims trailing slashes" file="Hyde Kernel (Hyde\Framework\Testing\Feature\HydeKernel)::Trim slashes function trims trailing slashes" class="Hyde\Framework\Testing\Feature\HydeKernelTest" classname="Hyde.Framework.Testing.Feature.HydeKernelTest" assertions="14" time="0.025186"/>
        <testcase name="Markdown helper converts markdown to html" file="Hyde Kernel (Hyde\Framework\Testing\Feature\HydeKernel)::Markdown helper converts markdown to html" class="Hyde\Framework\Testing\Feature\HydeKernelTest" classname="Hyde.Framework.Testing.Feature.HydeKernelTest" assertions="1" time="0.024897"/>
        <testcase name="Markdown helper converts indented markdown to html" file="Hyde Kernel (Hyde\Framework\Testing\Feature\HydeKernel)::Markdown helper converts indented markdown to html" class="Hyde\Framework\Testing\Feature\HydeKernelTest" classname="Hyde.Framework.Testing.Feature.HydeKernelTest" assertions="1" time="0.024358"/>
        <testcase name="Format html path helper formats path according to config rules" file="Hyde Kernel (Hyde\Framework\Testing\Feature\HydeKernel)::Format html path helper formats path according to config rules" class="Hyde\Framework\Testing\Feature\HydeKernelTest" classname="Hyde.Framework.Testing.Feature.HydeKernelTest" assertions="4" time="0.023618"/>
        <testcase name="Relative link helper returns relative link to destination" file="Hyde Kernel (Hyde\Framework\Testing\Feature\HydeKernel)::Relative link helper returns relative link to destination" class="Hyde\Framework\Testing\Feature\HydeKernelTest" classname="Hyde.Framework.Testing.Feature.HydeKernelTest" assertions="2" time="0.023671"/>
        <testcase name="Media link helper returns relative link to destination" file="Hyde Kernel (Hyde\Framework\Testing\Feature\HydeKernel)::Media link helper returns relative link to destination" class="Hyde\Framework\Testing\Feature\HydeKernelTest" classname="Hyde.Framework.Testing.Feature.HydeKernelTest" assertions="2" time="0.023844"/>
        <testcase name="Image helper returns image path for given name" file="Hyde Kernel (Hyde\Framework\Testing\Feature\HydeKernel)::Image helper returns image path for given name" class="Hyde\Framework\Testing\Feature\HydeKernelTest" classname="Hyde.Framework.Testing.Feature.HydeKernelTest" assertions="4" time="0.033005"/>
        <testcase name="Image helper trims media prefix" file="Hyde Kernel (Hyde\Framework\Testing\Feature\HydeKernel)::Image helper trims media prefix" class="Hyde\Framework\Testing\Feature\HydeKernelTest" classname="Hyde.Framework.Testing.Feature.HydeKernelTest" assertions="1" time="0.024957"/>
        <testcase name="Image helper supports custom media directories" file="Hyde Kernel (Hyde\Framework\Testing\Feature\HydeKernel)::Image helper supports custom media directories" class="Hyde\Framework\Testing\Feature\HydeKernelTest" classname="Hyde.Framework.Testing.Feature.HydeKernelTest" assertions="1" time="0.023913"/>
        <testcase name="Route helper" file="Hyde Kernel (Hyde\Framework\Testing\Feature\HydeKernel)::Route helper" class="Hyde\Framework\Testing\Feature\HydeKernelTest" classname="Hyde.Framework.Testing.Feature.HydeKernelTest" assertions="2" time="0.029508"/>
        <testcase name="Route helper with invalid route" file="Hyde Kernel (Hyde\Framework\Testing\Feature\HydeKernel)::Route helper with invalid route" class="Hyde\Framework\Testing\Feature\HydeKernelTest" classname="Hyde.Framework.Testing.Feature.HydeKernelTest" assertions="1" time="0.029577"/>
        <testcase name="Has site url helper returns boolean value for when config setting is set" file="Hyde Kernel (Hyde\Framework\Testing\Feature\HydeKernel)::Has site url helper returns boolean value for when config setting is set" class="Hyde\Framework\Testing\Feature\HydeKernelTest" classname="Hyde.Framework.Testing.Feature.HydeKernelTest" assertions="2" time="0.024597"/>
        <testcase name="Url returns qualified url paths" file="Hyde Kernel (Hyde\Framework\Testing\Feature\HydeKernel)::Url returns qualified url paths" class="Hyde\Framework\Testing\Feature\HydeKernelTest" classname="Hyde.Framework.Testing.Feature.HydeKernelTest" assertions="6" time="0.024580"/>
        <testcase name="Filesystem helper returns the kernel filesystem instance" file="Hyde Kernel (Hyde\Framework\Testing\Feature\HydeKernel)::Filesystem helper returns the kernel filesystem instance" class="Hyde\Framework\Testing\Feature\HydeKernelTest" classname="Hyde.Framework.Testing.Feature.HydeKernelTest" assertions="1" time="0.023194"/>
        <testcase name="Path returns qualified path for given path" file="Hyde Kernel (Hyde\Framework\Testing\Feature\HydeKernel)::Path returns qualified path for given path" class="Hyde\Framework\Testing\Feature\HydeKernelTest" classname="Hyde.Framework.Testing.Feature.HydeKernelTest" assertions="2" time="0.023615"/>
        <testcase name="Vendor path returns qualified path for given path" file="Hyde Kernel (Hyde\Framework\Testing\Feature\HydeKernel)::Vendor path returns qualified path for given path" class="Hyde\Framework\Testing\Feature\HydeKernelTest" classname="Hyde.Framework.Testing.Feature.HydeKernelTest" assertions="2" time="0.023768"/>
        <testcase name="Fluent model source path helpers" file="Hyde Kernel (Hyde\Framework\Testing\Feature\HydeKernel)::Fluent model source path helpers" class="Hyde\Framework\Testing\Feature\HydeKernelTest" classname="Hyde.Framework.Testing.Feature.HydeKernelTest" assertions="7" time="0.027233"/>
        <testcase name="Path to relative helper returns relative path for given path" file="Hyde Kernel (Hyde\Framework\Testing\Feature\HydeKernel)::Path to relative helper returns relative path for given path" class="Hyde\Framework\Testing\Feature\HydeKernelTest" classname="Hyde.Framework.Testing.Feature.HydeKernelTest" assertions="1" time="0.028669"/>
        <testcase name="To array method" file="Hyde Kernel (Hyde\Framework\Testing\Feature\HydeKernel)::To array method" class="Hyde\Framework\Testing\Feature\HydeKernelTest" classname="Hyde.Framework.Testing.Feature.HydeKernelTest" assertions="1" time="0.043161"/>
        <testcase name="Json serialize method" file="Hyde Kernel (Hyde\Framework\Testing\Feature\HydeKernel)::Json serialize method" class="Hyde\Framework\Testing\Feature\HydeKernelTest" classname="Hyde.Framework.Testing.Feature.HydeKernelTest" assertions="1" time="0.030961"/>
        <testcase name="To json method" file="Hyde Kernel (Hyde\Framework\Testing\Feature\HydeKernel)::To json method" class="Hyde\Framework\Testing\Feature\HydeKernelTest" classname="Hyde.Framework.Testing.Feature.HydeKernelTest" assertions="1" time="0.030923"/>
        <testcase name="Version constant is a valid semver string" file="Hyde Kernel (Hyde\Framework\Testing\Feature\HydeKernel)::Version constant is a valid semver string" class="Hyde\Framework\Testing\Feature\HydeKernelTest" classname="Hyde.Framework.Testing.Feature.HydeKernelTest" assertions="1" time="0.023839"/>
        <testcase name="Version method returns version constant" file="Hyde Kernel (Hyde\Framework\Testing\Feature\HydeKernel)::Version method returns version constant" class="Hyde\Framework\Testing\Feature\HydeKernelTest" classname="Hyde.Framework.Testing.Feature.HydeKernelTest" assertions="1" time="0.023487"/>
        <testcase name="Can get source root" file="Hyde Kernel (Hyde\Framework\Testing\Feature\HydeKernel)::Can get source root" class="Hyde\Framework\Testing\Feature\HydeKernelTest" classname="Hyde.Framework.Testing.Feature.HydeKernelTest" assertions="1" time="0.023575"/>
        <testcase name="Can set source root" file="Hyde Kernel (Hyde\Framework\Testing\Feature\HydeKernel)::Can set source root" class="Hyde\Framework\Testing\Feature\HydeKernelTest" classname="Hyde.Framework.Testing.Feature.HydeKernelTest" assertions="1" time="0.023431"/>
        <testcase name="Can set source root to absolute project path" file="Hyde Kernel (Hyde\Framework\Testing\Feature\HydeKernel)::Can set source root to absolute project path" class="Hyde\Framework\Testing\Feature\HydeKernelTest" classname="Hyde.Framework.Testing.Feature.HydeKernelTest" assertions="1" time="0.023565"/>
        <testcase name="Set source root trims trailing slashes" file="Hyde Kernel (Hyde\Framework\Testing\Feature\HydeKernel)::Set source root trims trailing slashes" class="Hyde\Framework\Testing\Feature\HydeKernelTest" classname="Hyde.Framework.Testing.Feature.HydeKernelTest" assertions="1" time="0.023717"/>
        <testcase name="Can get output directory" file="Hyde Kernel (Hyde\Framework\Testing\Feature\HydeKernel)::Can get output directory" class="Hyde\Framework\Testing\Feature\HydeKernelTest" classname="Hyde.Framework.Testing.Feature.HydeKernelTest" assertions="1" time="0.022709"/>
        <testcase name="Can set output directory" file="Hyde Kernel (Hyde\Framework\Testing\Feature\HydeKernel)::Can set output directory" class="Hyde\Framework\Testing\Feature\HydeKernelTest" classname="Hyde.Framework.Testing.Feature.HydeKernelTest" assertions="2" time="0.028786"/>
        <testcase name="Can set output directory to absolute project path" file="Hyde Kernel (Hyde\Framework\Testing\Feature\HydeKernel)::Can set output directory to absolute project path" class="Hyde\Framework\Testing\Feature\HydeKernelTest" classname="Hyde.Framework.Testing.Feature.HydeKernelTest" assertions="2" time="0.023288"/>
        <testcase name="Set output directory trims trailing slashes" file="Hyde Kernel (Hyde\Framework\Testing\Feature\HydeKernel)::Set output directory trims trailing slashes" class="Hyde\Framework\Testing\Feature\HydeKernelTest" classname="Hyde.Framework.Testing.Feature.HydeKernelTest" assertions="1" time="0.022621"/>
        <testcase name="Site output directory path is normalized to trim trailing slashes" file="Hyde Kernel (Hyde\Framework\Testing\Feature\HydeKernel)::Site output directory path is normalized to trim trailing slashes" class="Hyde\Framework\Testing\Feature\HydeKernelTest" classname="Hyde.Framework.Testing.Feature.HydeKernelTest" assertions="1" time="0.022300"/>
        <testcase name="Can get media directory" file="Hyde Kernel (Hyde\Framework\Testing\Feature\HydeKernel)::Can get media directory" class="Hyde\Framework\Testing\Feature\HydeKernelTest" classname="Hyde.Framework.Testing.Feature.HydeKernelTest" assertions="1" time="0.022414"/>
        <testcase name="Can set media directory" file="Hyde Kernel (Hyde\Framework\Testing\Feature\HydeKernel)::Can set media directory" class="Hyde\Framework\Testing\Feature\HydeKernelTest" classname="Hyde.Framework.Testing.Feature.HydeKernelTest" assertions="1" time="0.022064"/>
        <testcase name="Set media directory trims trailing slashes" file="Hyde Kernel (Hyde\Framework\Testing\Feature\HydeKernel)::Set media directory trims trailing slashes" class="Hyde\Framework\Testing\Feature\HydeKernelTest" classname="Hyde.Framework.Testing.Feature.HydeKernelTest" assertions="1" time="0.022008"/>
        <testcase name="Can get media output directory name" file="Hyde Kernel (Hyde\Framework\Testing\Feature\HydeKernel)::Can get media output directory name" class="Hyde\Framework\Testing\Feature\HydeKernelTest" classname="Hyde.Framework.Testing.Feature.HydeKernelTest" assertions="1" time="0.021865"/>
        <testcase name="Get media output directory name uses trimmed version of media source directory" file="Hyde Kernel (Hyde\Framework\Testing\Feature\HydeKernel)::Get media output directory name uses trimmed version of media source directory" class="Hyde\Framework\Testing\Feature\HydeKernelTest" classname="Hyde.Framework.Testing.Feature.HydeKernelTest" assertions="1" time="0.022393"/>
        <testcase name="Can get site media output directory" file="Hyde Kernel (Hyde\Framework\Testing\Feature\HydeKernel)::Can get site media output directory" class="Hyde\Framework\Testing\Feature\HydeKernelTest" classname="Hyde.Framework.Testing.Feature.HydeKernelTest" assertions="1" time="0.022243"/>
        <testcase name="Get site media output directory uses trimmed version of media source directory" file="Hyde Kernel (Hyde\Framework\Testing\Feature\HydeKernel)::Get site media output directory uses trimmed version of media source directory" class="Hyde\Framework\Testing\Feature\HydeKernelTest" classname="Hyde.Framework.Testing.Feature.HydeKernelTest" assertions="1" time="0.023375"/>
        <testcase name="Get site media output directory uses configured site output directory" file="Hyde Kernel (Hyde\Framework\Testing\Feature\HydeKernel)::Get site media output directory uses configured site output directory" class="Hyde\Framework\Testing\Feature\HydeKernelTest" classname="Hyde.Framework.Testing.Feature.HydeKernelTest" assertions="1" time="0.022887"/>
        <testcase name="Media output directory can be changed in configuration" file="Hyde Kernel (Hyde\Framework\Testing\Feature\HydeKernel)::Media output directory can be changed in configuration" class="Hyde\Framework\Testing\Feature\HydeKernelTest" classname="Hyde.Framework.Testing.Feature.HydeKernelTest" assertions="2" time="0.023187"/>
        <testcase name="Can access kernel fluently using the facade" file="Hyde Kernel (Hyde\Framework\Testing\Feature\HydeKernel)::Can access kernel fluently using the facade" class="Hyde\Framework\Testing\Feature\HydeKernelTest" classname="Hyde.Framework.Testing.Feature.HydeKernelTest" assertions="2" time="0.022322"/>
        <testcase name="Can access kernel symbols fluently using the facade" file="Hyde Kernel (Hyde\Framework\Testing\Feature\HydeKernel)::Can access kernel symbols fluently using the facade" class="Hyde\Framework\Testing\Feature\HydeKernelTest" classname="Hyde.Framework.Testing.Feature.HydeKernelTest" assertions="1" time="0.022255"/>
        <testcase name="Can register booting callback closure" file="Hyde Kernel (Hyde\Framework\Testing\Feature\HydeKernel)::Can register booting callback closure" class="Hyde\Framework\Testing\Feature\HydeKernelTest" classname="Hyde.Framework.Testing.Feature.HydeKernelTest" assertions="1" time="0.026942"/>
        <testcase name="Can register booted callback closure" file="Hyde Kernel (Hyde\Framework\Testing\Feature\HydeKernel)::Can register booted callback closure" class="Hyde\Framework\Testing\Feature\HydeKernelTest" classname="Hyde.Framework.Testing.Feature.HydeKernelTest" assertions="1" time="0.029398"/>
        <testcase name="Can register booting callback callable" file="Hyde Kernel (Hyde\Framework\Testing\Feature\HydeKernel)::Can register booting callback callable" class="Hyde\Framework\Testing\Feature\HydeKernelTest" classname="Hyde.Framework.Testing.Feature.HydeKernelTest" assertions="1" time="0.027272"/>
        <testcase name="Can register booted callback callable" file="Hyde Kernel (Hyde\Framework\Testing\Feature\HydeKernel)::Can register booted callback callable" class="Hyde\Framework\Testing\Feature\HydeKernelTest" classname="Hyde.Framework.Testing.Feature.HydeKernelTest" assertions="1" time="0.036228"/>
        <testcase name="Booting callback receives kernel instance" file="Hyde Kernel (Hyde\Framework\Testing\Feature\HydeKernel)::Booting callback receives kernel instance" class="Hyde\Framework\Testing\Feature\HydeKernelTest" classname="Hyde.Framework.Testing.Feature.HydeKernelTest" assertions="1" time="0.027243"/>
        <testcase name="Booted callback receives kernel instance" file="Hyde Kernel (Hyde\Framework\Testing\Feature\HydeKernel)::Booted callback receives kernel instance" class="Hyde\Framework\Testing\Feature\HydeKernelTest" classname="Hyde.Framework.Testing.Feature.HydeKernelTest" assertions="1" time="0.027106"/>
        <testcase name="Can use booting callbacks to inject custom pages" file="Hyde Kernel (Hyde\Framework\Testing\Feature\HydeKernel)::Can use booting callbacks to inject custom pages" class="Hyde\Framework\Testing\Feature\HydeKernelTest" classname="Hyde.Framework.Testing.Feature.HydeKernelTest" assertions="2" time="0.028415"/>
        <testcase name="Is booted returns false when not booted" file="Hyde Kernel (Hyde\Framework\Testing\Feature\HydeKernel)::Is booted returns false when not booted" class="Hyde\Framework\Testing\Feature\HydeKernelTest" classname="Hyde.Framework.Testing.Feature.HydeKernelTest" assertions="1" time="0.022161"/>
        <testcase name="Is booted returns true when booted" file="Hyde Kernel (Hyde\Framework\Testing\Feature\HydeKernel)::Is booted returns true when booted" class="Hyde\Framework\Testing\Feature\HydeKernelTest" classname="Hyde.Framework.Testing.Feature.HydeKernelTest" assertions="1" time="0.028164"/>
        <testcase name="Is booted method on the facade" file="Hyde Kernel (Hyde\Framework\Testing\Feature\HydeKernel)::Is booted method on the facade" class="Hyde\Framework\Testing\Feature\HydeKernelTest" classname="Hyde.Framework.Testing.Feature.HydeKernelTest" assertions="2" time="0.028110"/>
      </testsuite>
      <testsuite name="Hyde\Framework\Testing\Feature\HydePageTest" file="Hyde Page (Hyde\Framework\Testing\Feature\HydePage)" tests="154" assertions="245" errors="0" failures="0" skipped="0" time="3.927378">
        <testcase name="Base source directory" file="Hyde Page (Hyde\Framework\Testing\Feature\HydePage)::Base source directory" class="Hyde\Framework\Testing\Feature\HydePageTest" classname="Hyde.Framework.Testing.Feature.HydePageTest" assertions="1" time="0.112618"/>
        <testcase name="Base output directory" file="Hyde Page (Hyde\Framework\Testing\Feature\HydePage)::Base output directory" class="Hyde\Framework\Testing\Feature\HydePageTest" classname="Hyde.Framework.Testing.Feature.HydePageTest" assertions="1" time="0.022773"/>
        <testcase name="Base file extension" file="Hyde Page (Hyde\Framework\Testing\Feature\HydePage)::Base file extension" class="Hyde\Framework\Testing\Feature\HydePageTest" classname="Hyde.Framework.Testing.Feature.HydePageTest" assertions="1" time="0.022265"/>
        <testcase name="Base source path" file="Hyde Page (Hyde\Framework\Testing\Feature\HydePage)::Base source path" class="Hyde\Framework\Testing\Feature\HydePageTest" classname="Hyde.Framework.Testing.Feature.HydePageTest" assertions="1" time="0.022208"/>
        <testcase name="Base output path" file="Hyde Page (Hyde\Framework\Testing\Feature\HydePage)::Base output path" class="Hyde\Framework\Testing\Feature\HydePageTest" classname="Hyde.Framework.Testing.Feature.HydePageTest" assertions="1" time="0.022427"/>
        <testcase name="Base path" file="Hyde Page (Hyde\Framework\Testing\Feature\HydePage)::Base path" class="Hyde\Framework\Testing\Feature\HydePageTest" classname="Hyde.Framework.Testing.Feature.HydePageTest" assertions="1" time="0.022185"/>
        <testcase name="Base path to identifier" file="Hyde Page (Hyde\Framework\Testing\Feature\HydePage)::Base path to identifier" class="Hyde\Framework\Testing\Feature\HydePageTest" classname="Hyde.Framework.Testing.Feature.HydePageTest" assertions="1" time="0.022263"/>
        <testcase name="Base base route key" file="Hyde Page (Hyde\Framework\Testing\Feature\HydePage)::Base base route key" class="Hyde\Framework\Testing\Feature\HydePageTest" classname="Hyde.Framework.Testing.Feature.HydePageTest" assertions="1" time="0.021989"/>
        <testcase name="Base is discoverable" file="Hyde Page (Hyde\Framework\Testing\Feature\HydePage)::Base is discoverable" class="Hyde\Framework\Testing\Feature\HydePageTest" classname="Hyde.Framework.Testing.Feature.HydePageTest" assertions="1" time="0.022155"/>
        <testcase name="Source directory" file="Hyde Page (Hyde\Framework\Testing\Feature\HydePage)::Source directory" class="Hyde\Framework\Testing\Feature\HydePageTest" classname="Hyde.Framework.Testing.Feature.HydePageTest" assertions="1" time="0.031131"/>
        <testcase name="Output directory" file="Hyde Page (Hyde\Framework\Testing\Feature\HydePage)::Output directory" class="Hyde\Framework\Testing\Feature\HydePageTest" classname="Hyde.Framework.Testing.Feature.HydePageTest" assertions="1" time="0.022731"/>
        <testcase name="File extension" file="Hyde Page (Hyde\Framework\Testing\Feature\HydePage)::File extension" class="Hyde\Framework\Testing\Feature\HydePageTest" classname="Hyde.Framework.Testing.Feature.HydePageTest" assertions="1" time="0.022167"/>
        <testcase name="Source path" file="Hyde Page (Hyde\Framework\Testing\Feature\HydePage)::Source path" class="Hyde\Framework\Testing\Feature\HydePageTest" classname="Hyde.Framework.Testing.Feature.HydePageTest" assertions="1" time="0.022734"/>
        <testcase name="Output path" file="Hyde Page (Hyde\Framework\Testing\Feature\HydePage)::Output path" class="Hyde\Framework\Testing\Feature\HydePageTest" classname="Hyde.Framework.Testing.Feature.HydePageTest" assertions="1" time="0.023164"/>
        <testcase name="Path" file="Hyde Page (Hyde\Framework\Testing\Feature\HydePage)::Path" class="Hyde\Framework\Testing\Feature\HydePageTest" classname="Hyde.Framework.Testing.Feature.HydePageTest" assertions="1" time="0.023307"/>
        <testcase name="Base route key" file="Hyde Page (Hyde\Framework\Testing\Feature\HydePage)::Base route key" class="Hyde\Framework\Testing\Feature\HydePageTest" classname="Hyde.Framework.Testing.Feature.HydePageTest" assertions="1" time="0.022980"/>
        <testcase name="Is discoverable" file="Hyde Page (Hyde\Framework\Testing\Feature\HydePage)::Is discoverable" class="Hyde\Framework\Testing\Feature\HydePageTest" classname="Hyde.Framework.Testing.Feature.HydePageTest" assertions="1" time="0.023061"/>
        <testcase name="Get source path" file="Hyde Page (Hyde\Framework\Testing\Feature\HydePage)::Get source path" class="Hyde\Framework\Testing\Feature\HydePageTest" classname="Hyde.Framework.Testing.Feature.HydePageTest" assertions="1" time="0.024517"/>
        <testcase name="Get output path" file="Hyde Page (Hyde\Framework\Testing\Feature\HydePage)::Get output path" class="Hyde\Framework\Testing\Feature\HydePageTest" classname="Hyde.Framework.Testing.Feature.HydePageTest" assertions="1" time="0.024484"/>
        <testcase name="Get link" file="Hyde Page (Hyde\Framework\Testing\Feature\HydePage)::Get link" class="Hyde\Framework\Testing\Feature\HydePageTest" classname="Hyde.Framework.Testing.Feature.HydePageTest" assertions="1" time="0.024364"/>
        <testcase name="Make" file="Hyde Page (Hyde\Framework\Testing\Feature\HydePage)::Make" class="Hyde\Framework\Testing\Feature\HydePageTest" classname="Hyde.Framework.Testing.Feature.HydePageTest" assertions="1" time="0.025176"/>
        <testcase name="Make with data" file="Hyde Page (Hyde\Framework\Testing\Feature\HydePage)::Make with data" class="Hyde\Framework\Testing\Feature\HydePageTest" classname="Hyde.Framework.Testing.Feature.HydePageTest" assertions="1" time="0.026412"/>
        <testcase name="Show in navigation" file="Hyde Page (Hyde\Framework\Testing\Feature\HydePage)::Show in navigation" class="Hyde\Framework\Testing\Feature\HydePageTest" classname="Hyde.Framework.Testing.Feature.HydePageTest" assertions="5" time="0.027684"/>
        <testcase name="Navigation menu priority" file="Hyde Page (Hyde\Framework\Testing\Feature\HydePage)::Navigation menu priority" class="Hyde\Framework\Testing\Feature\HydePageTest" classname="Hyde.Framework.Testing.Feature.HydePageTest" assertions="5" time="0.026899"/>
        <testcase name="Navigation menu label" file="Hyde Page (Hyde\Framework\Testing\Feature\HydePage)::Navigation menu label" class="Hyde\Framework\Testing\Feature\HydePageTest" classname="Hyde.Framework.Testing.Feature.HydePageTest" assertions="5" time="0.026206"/>
        <testcase name="Navigation menu group" file="Hyde Page (Hyde\Framework\Testing\Feature\HydePage)::Navigation menu group" class="Hyde\Framework\Testing\Feature\HydePageTest" classname="Hyde.Framework.Testing.Feature.HydePageTest" assertions="6" time="0.025986"/>
        <testcase name="To array" file="Hyde Page (Hyde\Framework\Testing\Feature\HydePage)::To array" class="Hyde\Framework\Testing\Feature\HydePageTest" classname="Hyde.Framework.Testing.Feature.HydePageTest" assertions="1" time="0.025364"/>
        <testcase name="Get source directory returns static property" file="Hyde Page (Hyde\Framework\Testing\Feature\HydePage)::Get source directory returns static property" class="Hyde\Framework\Testing\Feature\HydePageTest" classname="Hyde.Framework.Testing.Feature.HydePageTest" assertions="1" time="0.022960"/>
        <testcase name="Set source directory trims trailing slashes" file="Hyde Page (Hyde\Framework\Testing\Feature\HydePage)::Set source directory trims trailing slashes" class="Hyde\Framework\Testing\Feature\HydePageTest" classname="Hyde.Framework.Testing.Feature.HydePageTest" assertions="1" time="0.022440"/>
        <testcase name="Get output directory returns static property" file="Hyde Page (Hyde\Framework\Testing\Feature\HydePage)::Get output directory returns static property" class="Hyde\Framework\Testing\Feature\HydePageTest" classname="Hyde.Framework.Testing.Feature.HydePageTest" assertions="1" time="0.022410"/>
        <testcase name="Set output directory trims trailing slashes" file="Hyde Page (Hyde\Framework\Testing\Feature\HydePage)::Set output directory trims trailing slashes" class="Hyde\Framework\Testing\Feature\HydePageTest" classname="Hyde.Framework.Testing.Feature.HydePageTest" assertions="1" time="0.022728"/>
        <testcase name="Get file extension returns static property" file="Hyde Page (Hyde\Framework\Testing\Feature\HydePage)::Get file extension returns static property" class="Hyde\Framework\Testing\Feature\HydePageTest" classname="Hyde.Framework.Testing.Feature.HydePageTest" assertions="1" time="0.022629"/>
        <testcase name="Set file extension forces leading period" file="Hyde Page (Hyde\Framework\Testing\Feature\HydePage)::Set file extension forces leading period" class="Hyde\Framework\Testing\Feature\HydePageTest" classname="Hyde.Framework.Testing.Feature.HydePageTest" assertions="1" time="0.023072"/>
        <testcase name="Set file extension removes trailing period" file="Hyde Page (Hyde\Framework\Testing\Feature\HydePage)::Set file extension removes trailing period" class="Hyde\Framework\Testing\Feature\HydePageTest" classname="Hyde.Framework.Testing.Feature.HydePageTest" assertions="1" time="0.022441"/>
        <testcase name="Get identifier returns identifier property" file="Hyde Page (Hyde\Framework\Testing\Feature\HydePage)::Get identifier returns identifier property" class="Hyde\Framework\Testing\Feature\HydePageTest" classname="Hyde.Framework.Testing.Feature.HydePageTest" assertions="1" time="0.023508"/>
        <testcase name="Set source directory" file="Hyde Page (Hyde\Framework\Testing\Feature\HydePage)::Set source directory" class="Hyde\Framework\Testing\Feature\HydePageTest" classname="Hyde.Framework.Testing.Feature.HydePageTest" assertions="1" time="0.023406"/>
        <testcase name="Set output directory" file="Hyde Page (Hyde\Framework\Testing\Feature\HydePage)::Set output directory" class="Hyde\Framework\Testing\Feature\HydePageTest" classname="Hyde.Framework.Testing.Feature.HydePageTest" assertions="1" time="0.023198"/>
        <testcase name="Set file extension" file="Hyde Page (Hyde\Framework\Testing\Feature\HydePage)::Set file extension" class="Hyde\Framework\Testing\Feature\HydePageTest" classname="Hyde.Framework.Testing.Feature.HydePageTest" assertions="1" time="0.031243"/>
        <testcase name="Static get method returns discovered page" file="Hyde Page (Hyde\Framework\Testing\Feature\HydePage)::Static get method returns discovered page" class="Hyde\Framework\Testing\Feature\HydePageTest" classname="Hyde.Framework.Testing.Feature.HydePageTest" assertions="1" time="0.029920"/>
        <testcase name="Static get method throws exception if page not found" file="Hyde Page (Hyde\Framework\Testing\Feature\HydePage)::Static get method throws exception if page not found" class="Hyde\Framework\Testing\Feature\HydePageTest" classname="Hyde.Framework.Testing.Feature.HydePageTest" assertions="1" time="0.028053"/>
        <testcase name="Parse parses supplied slug into a page model" file="Hyde Page (Hyde\Framework\Testing\Feature\HydePage)::Parse parses supplied slug into a page model" class="Hyde\Framework\Testing\Feature\HydePageTest" classname="Hyde.Framework.Testing.Feature.HydePageTest" assertions="2" time="0.024555"/>
        <testcase name="Files returns array of source files" file="Hyde Page (Hyde\Framework\Testing\Feature\HydePage)::Files returns array of source files" class="Hyde\Framework\Testing\Feature\HydePageTest" classname="Hyde.Framework.Testing.Feature.HydePageTest" assertions="1" time="0.030224"/>
        <testcase name="All returns collection of all parsed source files from page index" file="Hyde Page (Hyde\Framework\Testing\Feature\HydePage)::All returns collection of all parsed source files from page index" class="Hyde\Framework\Testing\Feature\HydePageTest" classname="Hyde.Framework.Testing.Feature.HydePageTest" assertions="2" time="0.031752"/>
        <testcase name="Qualify basename properly expands basename for the model" file="Hyde Page (Hyde\Framework\Testing\Feature\HydePage)::Qualify basename properly expands basename for the model" class="Hyde\Framework\Testing\Feature\HydePageTest" classname="Hyde.Framework.Testing.Feature.HydePageTest" assertions="1" time="0.023575"/>
        <testcase name="Qualify basename trims slashes from input" file="Hyde Page (Hyde\Framework\Testing\Feature\HydePage)::Qualify basename trims slashes from input" class="Hyde\Framework\Testing\Feature\HydePageTest" classname="Hyde.Framework.Testing.Feature.HydePageTest" assertions="1" time="0.022484"/>
        <testcase name="Qualify basename uses the static properties" file="Hyde Page (Hyde\Framework\Testing\Feature\HydePage)::Qualify basename uses the static properties" class="Hyde\Framework\Testing\Feature\HydePageTest" classname="Hyde.Framework.Testing.Feature.HydePageTest" assertions="1" time="0.022327"/>
        <testcase name="Path returns absolute path to source directory when no parameter is supplied" file="Hyde Page (Hyde\Framework\Testing\Feature\HydePage)::Path returns absolute path to source directory when no parameter is supplied" class="Hyde\Framework\Testing\Feature\HydePageTest" classname="Hyde.Framework.Testing.Feature.HydePageTest" assertions="1" time="0.022286"/>
        <testcase name="Path returns absolute path to file in source directory when parameter is supplied" file="Hyde Page (Hyde\Framework\Testing\Feature\HydePage)::Path returns absolute path to file in source directory when parameter is supplied" class="Hyde\Framework\Testing\Feature\HydePageTest" classname="Hyde.Framework.Testing.Feature.HydePageTest" assertions="1" time="0.022490"/>
        <testcase name="Path method removes trailing slashes" file="Hyde Page (Hyde\Framework\Testing\Feature\HydePage)::Path method removes trailing slashes" class="Hyde\Framework\Testing\Feature\HydePageTest" classname="Hyde.Framework.Testing.Feature.HydePageTest" assertions="1" time="0.022330"/>
        <testcase name="Get output location returns the file output path for the supplied basename" file="Hyde Page (Hyde\Framework\Testing\Feature\HydePage)::Get output location returns the file output path for the supplied basename" class="Hyde\Framework\Testing\Feature\HydePageTest" classname="Hyde.Framework.Testing.Feature.HydePageTest" assertions="1" time="0.022345"/>
        <testcase name="Get output location returns the configured location" file="Hyde Page (Hyde\Framework\Testing\Feature\HydePage)::Get output location returns the configured location" class="Hyde\Framework\Testing\Feature\HydePageTest" classname="Hyde.Framework.Testing.Feature.HydePageTest" assertions="1" time="0.023360"/>
        <testcase name="Get output location trims trailing slashes from directory setting" file="Hyde Page (Hyde\Framework\Testing\Feature\HydePage)::Get output location trims trailing slashes from directory setting" class="Hyde\Framework\Testing\Feature\HydePageTest" classname="Hyde.Framework.Testing.Feature.HydePageTest" assertions="1" time="0.024287"/>
        <testcase name="Get output location trims trailing slashes from basename" file="Hyde Page (Hyde\Framework\Testing\Feature\HydePage)::Get output location trims trailing slashes from basename" class="Hyde\Framework\Testing\Feature\HydePageTest" classname="Hyde.Framework.Testing.Feature.HydePageTest" assertions="1" time="0.024511"/>
        <testcase name="Get route key returns output directory and basename" file="Hyde Page (Hyde\Framework\Testing\Feature\HydePage)::Get route key returns output directory and basename" class="Hyde\Framework\Testing\Feature\HydePageTest" classname="Hyde.Framework.Testing.Feature.HydePageTest" assertions="1" time="0.024556"/>
        <testcase name="Get route key returns output directory and basename for configured directory" file="Hyde Page (Hyde\Framework\Testing\Feature\HydePage)::Get route key returns output directory and basename for configured directory" class="Hyde\Framework\Testing\Feature\HydePageTest" classname="Hyde.Framework.Testing.Feature.HydePageTest" assertions="1" time="0.024444"/>
        <testcase name="Get route key trims trailing slashes from directory setting" file="Hyde Page (Hyde\Framework\Testing\Feature\HydePage)::Get route key trims trailing slashes from directory setting" class="Hyde\Framework\Testing\Feature\HydePageTest" classname="Hyde.Framework.Testing.Feature.HydePageTest" assertions="1" time="0.024291"/>
        <testcase name="Get output path returns current page path with html extension appended" file="Hyde Page (Hyde\Framework\Testing\Feature\HydePage)::Get output path returns current page path with html extension appended" class="Hyde\Framework\Testing\Feature\HydePageTest" classname="Hyde.Framework.Testing.Feature.HydePageTest" assertions="1" time="0.023463"/>
        <testcase name="Get source path returns qualified basename" file="Hyde Page (Hyde\Framework\Testing\Feature\HydePage)::Get source path returns qualified basename" class="Hyde\Framework\Testing\Feature\HydePageTest" classname="Hyde.Framework.Testing.Feature.HydePageTest" assertions="1" time="0.023346"/>
        <testcase name="Markdown page implements page contract" file="Hyde Page (Hyde\Framework\Testing\Feature\HydePage)::Markdown page implements page contract" class="Hyde\Framework\Testing\Feature\HydePageTest" classname="Hyde.Framework.Testing.Feature.HydePageTest" assertions="1" time="0.023124"/>
        <testcase name="All page models extend abstract page" file="Hyde Page (Hyde\Framework\Testing\Feature\HydePage)::All page models extend abstract page" class="Hyde\Framework\Testing\Feature\HydePageTest" classname="Hyde.Framework.Testing.Feature.HydePageTest" assertions="6" time="0.025916"/>
        <testcase name="All page models have configured source directory" file="Hyde Page (Hyde\Framework\Testing\Feature\HydePage)::All page models have configured source directory" class="Hyde\Framework\Testing\Feature\HydePageTest" classname="Hyde.Framework.Testing.Feature.HydePageTest" assertions="5" time="0.022641"/>
        <testcase name="All page models have configured output directory" file="Hyde Page (Hyde\Framework\Testing\Feature\HydePage)::All page models have configured output directory" class="Hyde\Framework\Testing\Feature\HydePageTest" classname="Hyde.Framework.Testing.Feature.HydePageTest" assertions="4" time="0.023894"/>
        <testcase name="All page models have configured file extension" file="Hyde Page (Hyde\Framework\Testing\Feature\HydePage)::All page models have configured file extension" class="Hyde\Framework\Testing\Feature\HydePageTest" classname="Hyde.Framework.Testing.Feature.HydePageTest" assertions="4" time="0.023713"/>
        <testcase name="Abstract markdown page extends abstract page" file="Hyde Page (Hyde\Framework\Testing\Feature\HydePage)::Abstract markdown page extends abstract page" class="Hyde\Framework\Testing\Feature\HydePageTest" classname="Hyde.Framework.Testing.Feature.HydePageTest" assertions="1" time="0.033673"/>
        <testcase name="Abstract markdown page implements page contract" file="Hyde Page (Hyde\Framework\Testing\Feature\HydePage)::Abstract markdown page implements page contract" class="Hyde\Framework\Testing\Feature\HydePageTest" classname="Hyde.Framework.Testing.Feature.HydePageTest" assertions="1" time="0.022606"/>
        <testcase name="Abstract markdown page has markdown document property" file="Hyde Page (Hyde\Framework\Testing\Feature\HydePage)::Abstract markdown page has markdown document property" class="Hyde\Framework\Testing\Feature\HydePageTest" classname="Hyde.Framework.Testing.Feature.HydePageTest" assertions="1" time="0.022497"/>
        <testcase name="Abstract markdown page has file extension property" file="Hyde Page (Hyde\Framework\Testing\Feature\HydePage)::Abstract markdown page has file extension property" class="Hyde\Framework\Testing\Feature\HydePageTest" classname="Hyde.Framework.Testing.Feature.HydePageTest" assertions="1" time="0.024668"/>
        <testcase name="Abstract markdown page file extension property is set to md" file="Hyde Page (Hyde\Framework\Testing\Feature\HydePage)::Abstract markdown page file extension property is set to md" class="Hyde\Framework\Testing\Feature\HydePageTest" classname="Hyde.Framework.Testing.Feature.HydePageTest" assertions="1" time="0.022360"/>
        <testcase name="Abstract markdown page constructor arguments are optional" file="Hyde Page (Hyde\Framework\Testing\Feature\HydePage)::Abstract markdown page constructor arguments are optional" class="Hyde\Framework\Testing\Feature\HydePageTest" classname="Hyde.Framework.Testing.Feature.HydePageTest" assertions="1" time="0.022379"/>
        <testcase name="Abstract markdown page constructor assigns markdown document property if set" file="Hyde Page (Hyde\Framework\Testing\Feature\HydePage)::Abstract markdown page constructor assigns markdown document property if set" class="Hyde\Framework\Testing\Feature\HydePageTest" classname="Hyde.Framework.Testing.Feature.HydePageTest" assertions="1" time="0.023246"/>
        <testcase name="Abstract markdown page constructor creates new markdown document if no markdown document is set" file="Hyde Page (Hyde\Framework\Testing\Feature\HydePage)::Abstract markdown page constructor creates new markdown document if no markdown document is set" class="Hyde\Framework\Testing\Feature\HydePageTest" classname="Hyde.Framework.Testing.Feature.HydePageTest" assertions="1" time="0.024546"/>
        <testcase name="Abstract markdown page markdown helper returns the markdown document instance" file="Hyde Page (Hyde\Framework\Testing\Feature\HydePage)::Abstract markdown page markdown helper returns the markdown document instance" class="Hyde\Framework\Testing\Feature\HydePageTest" classname="Hyde.Framework.Testing.Feature.HydePageTest" assertions="1" time="0.025118"/>
        <testcase name="Abstract markdown page markdown helper returns the configured markdown document instance" file="Hyde Page (Hyde\Framework\Testing\Feature\HydePage)::Abstract markdown page markdown helper returns the configured markdown document instance" class="Hyde\Framework\Testing\Feature\HydePageTest" classname="Hyde.Framework.Testing.Feature.HydePageTest" assertions="1" time="0.024929"/>
        <testcase name="Abstract markdown page make helper constructs dynamic title automatically" file="Hyde Page (Hyde\Framework\Testing\Feature\HydePage)::Abstract markdown page make helper constructs dynamic title automatically" class="Hyde\Framework\Testing\Feature\HydePageTest" classname="Hyde.Framework.Testing.Feature.HydePageTest" assertions="1" time="0.024537"/>
        <testcase name="Markdown based pages extend abstract markdown page" file="Hyde Page (Hyde\Framework\Testing\Feature\HydePage)::Markdown based pages extend abstract markdown page" class="Hyde\Framework\Testing\Feature\HydePageTest" classname="Hyde.Framework.Testing.Feature.HydePageTest" assertions="3" time="0.025713"/>
        <testcase name="Blade pages do not extend abstract markdown page" file="Hyde Page (Hyde\Framework\Testing\Feature\HydePage)::Blade pages do not extend abstract markdown page" class="Hyde\Framework\Testing\Feature\HydePageTest" classname="Hyde.Framework.Testing.Feature.HydePageTest" assertions="1" time="0.023682"/>
        <testcase name="Get route returns page route" file="Hyde Page (Hyde\Framework\Testing\Feature\HydePage)::Get route returns page route" class="Hyde\Framework\Testing\Feature\HydePageTest" classname="Hyde.Framework.Testing.Feature.HydePageTest" assertions="1" time="0.028476"/>
        <testcase name="Get route returns the route object from the router index" file="Hyde Page (Hyde\Framework\Testing\Feature\HydePage)::Get route returns the route object from the router index" class="Hyde\Framework\Testing\Feature\HydePageTest" classname="Hyde.Framework.Testing.Feature.HydePageTest" assertions="1" time="0.030764"/>
        <testcase name="Html title returns site name plus page title" file="Hyde Page (Hyde\Framework\Testing\Feature\HydePage)::Html title returns site name plus page title" class="Hyde\Framework\Testing\Feature\HydePageTest" classname="Hyde.Framework.Testing.Feature.HydePageTest" assertions="1" time="0.023772"/>
        <testcase name="Html title uses configured site name" file="Hyde Page (Hyde\Framework\Testing\Feature\HydePage)::Html title uses configured site name" class="Hyde\Framework\Testing\Feature\HydePageTest" classname="Hyde.Framework.Testing.Feature.HydePageTest" assertions="1" time="0.024018"/>
        <testcase name="Body helper returns markdown document body in markdown pages" file="Hyde Page (Hyde\Framework\Testing\Feature\HydePage)::Body helper returns markdown document body in markdown pages" class="Hyde\Framework\Testing\Feature\HydePageTest" classname="Hyde.Framework.Testing.Feature.HydePageTest" assertions="1" time="0.025907"/>
        <testcase name="Show in navigation returns false for markdown post" file="Hyde Page (Hyde\Framework\Testing\Feature\HydePage)::Show in navigation returns false for markdown post" class="Hyde\Framework\Testing\Feature\HydePageTest" classname="Hyde.Framework.Testing.Feature.HydePageTest" assertions="1" time="0.025771"/>
        <testcase name="Show in navigation returns true for documentation page if slug is index" file="Hyde Page (Hyde\Framework\Testing\Feature\HydePage)::Show in navigation returns true for documentation page if slug is index" class="Hyde\Framework\Testing\Feature\HydePageTest" classname="Hyde.Framework.Testing.Feature.HydePageTest" assertions="1" time="0.025502"/>
        <testcase name="Show in navigation returns true for documentation page if slug is not index" file="Hyde Page (Hyde\Framework\Testing\Feature\HydePage)::Show in navigation returns true for documentation page if slug is not index" class="Hyde\Framework\Testing\Feature\HydePageTest" classname="Hyde.Framework.Testing.Feature.HydePageTest" assertions="1" time="0.024189"/>
        <testcase name="Show in navigation returns false for abstract markdown page if matter navigation hidden is true" file="Hyde Page (Hyde\Framework\Testing\Feature\HydePage)::Show in navigation returns false for abstract markdown page if matter navigation hidden is true" class="Hyde\Framework\Testing\Feature\HydePageTest" classname="Hyde.Framework.Testing.Feature.HydePageTest" assertions="1" time="0.023364"/>
        <testcase name="Show in navigation returns true for abstract markdown page if matter navigation visible is true" file="Hyde Page (Hyde\Framework\Testing\Feature\HydePage)::Show in navigation returns true for abstract markdown page if matter navigation visible is true" class="Hyde\Framework\Testing\Feature\HydePageTest" classname="Hyde.Framework.Testing.Feature.HydePageTest" assertions="1" time="0.023421"/>
        <testcase name="Show in navigation returns true for abstract markdown page if matter navigation hidden is false" file="Hyde Page (Hyde\Framework\Testing\Feature\HydePage)::Show in navigation returns true for abstract markdown page if matter navigation hidden is false" class="Hyde\Framework\Testing\Feature\HydePageTest" classname="Hyde.Framework.Testing.Feature.HydePageTest" assertions="1" time="0.023353"/>
        <testcase name="Show in navigation returns true for abstract markdown page if matter navigation hidden is not set" file="Hyde Page (Hyde\Framework\Testing\Feature\HydePage)::Show in navigation returns true for abstract markdown page if matter navigation hidden is not set" class="Hyde\Framework\Testing\Feature\HydePageTest" classname="Hyde.Framework.Testing.Feature.HydePageTest" assertions="1" time="0.023566"/>
        <testcase name="Show in navigation returns false if slug is present in config hyde navigation exclude" file="Hyde Page (Hyde\Framework\Testing\Feature\HydePage)::Show in navigation returns false if slug is present in config hyde navigation exclude" class="Hyde\Framework\Testing\Feature\HydePageTest" classname="Hyde.Framework.Testing.Feature.HydePageTest" assertions="2" time="0.023683"/>
        <testcase name="Show in navigation returns false if slug is 404" file="Hyde Page (Hyde\Framework\Testing\Feature\HydePage)::Show in navigation returns false if slug is 404" class="Hyde\Framework\Testing\Feature\HydePageTest" classname="Hyde.Framework.Testing.Feature.HydePageTest" assertions="1" time="0.023169"/>
        <testcase name="Show in navigation defaults to true if all checks pass" file="Hyde Page (Hyde\Framework\Testing\Feature\HydePage)::Show in navigation defaults to true if all checks pass" class="Hyde\Framework\Testing\Feature\HydePageTest" classname="Hyde.Framework.Testing.Feature.HydePageTest" assertions="1" time="0.031843"/>
        <testcase name="Navigation menu priority returns front matter value of navigation priority if abstract markdown page and not null" file="Hyde Page (Hyde\Framework\Testing\Feature\HydePage)::Navigation menu priority returns front matter value of navigation priority if abstract markdown page and not null" class="Hyde\Framework\Testing\Feature\HydePageTest" classname="Hyde.Framework.Testing.Feature.HydePageTest" assertions="1" time="0.023995"/>
        <testcase name="Navigation menu priority can be set using order property" file="Hyde Page (Hyde\Framework\Testing\Feature\HydePage)::Navigation menu priority can be set using order property" class="Hyde\Framework\Testing\Feature\HydePageTest" classname="Hyde.Framework.Testing.Feature.HydePageTest" assertions="1" time="0.023868"/>
        <testcase name="Navigation menu priority returns specified config value if slug exists in config hyde navigation order" file="Hyde Page (Hyde\Framework\Testing\Feature\HydePage)::Navigation menu priority returns specified config value if slug exists in config hyde navigation order" class="Hyde\Framework\Testing\Feature\HydePageTest" classname="Hyde.Framework.Testing.Feature.HydePageTest" assertions="2" time="0.024283"/>
        <testcase name="Navigation menu priority gives precedence to front matter over config hyde navigation order" file="Hyde Page (Hyde\Framework\Testing\Feature\HydePage)::Navigation menu priority gives precedence to front matter over config hyde navigation order" class="Hyde\Framework\Testing\Feature\HydePageTest" classname="Hyde.Framework.Testing.Feature.HydePageTest" assertions="2" time="0.023857"/>
        <testcase name="Navigation menu priority returns 999 for documentation page" file="Hyde Page (Hyde\Framework\Testing\Feature\HydePage)::Navigation menu priority returns 999 for documentation page" class="Hyde\Framework\Testing\Feature\HydePageTest" classname="Hyde.Framework.Testing.Feature.HydePageTest" assertions="1" time="0.023564"/>
        <testcase name="Navigation menu priority returns 0 if slug is index" file="Hyde Page (Hyde\Framework\Testing\Feature\HydePage)::Navigation menu priority returns 0 if slug is index" class="Hyde\Framework\Testing\Feature\HydePageTest" classname="Hyde.Framework.Testing.Feature.HydePageTest" assertions="1" time="0.023331"/>
        <testcase name="Navigation menu priority returns 10 if slug is posts" file="Hyde Page (Hyde\Framework\Testing\Feature\HydePage)::Navigation menu priority returns 10 if slug is posts" class="Hyde\Framework\Testing\Feature\HydePageTest" classname="Hyde.Framework.Testing.Feature.HydePageTest" assertions="1" time="0.023741"/>
        <testcase name="Navigation menu priority defaults to 999 if no other conditions are met" file="Hyde Page (Hyde\Framework\Testing\Feature\HydePage)::Navigation menu priority defaults to 999 if no other conditions are met" class="Hyde\Framework\Testing\Feature\HydePageTest" classname="Hyde.Framework.Testing.Feature.HydePageTest" assertions="1" time="0.025478"/>
        <testcase name="Navigation menu title returns navigation title matter if set" file="Hyde Page (Hyde\Framework\Testing\Feature\HydePage)::Navigation menu title returns navigation title matter if set" class="Hyde\Framework\Testing\Feature\HydePageTest" classname="Hyde.Framework.Testing.Feature.HydePageTest" assertions="1" time="0.024665"/>
        <testcase name="Navigation menu title returns title matter if set" file="Hyde Page (Hyde\Framework\Testing\Feature\HydePage)::Navigation menu title returns title matter if set" class="Hyde\Framework\Testing\Feature\HydePageTest" classname="Hyde.Framework.Testing.Feature.HydePageTest" assertions="1" time="0.024980"/>
        <testcase name="Navigation menu title navigation title has precedence over title" file="Hyde Page (Hyde\Framework\Testing\Feature\HydePage)::Navigation menu title navigation title has precedence over title" class="Hyde\Framework\Testing\Feature\HydePageTest" classname="Hyde.Framework.Testing.Feature.HydePageTest" assertions="1" time="0.024094"/>
        <testcase name="Navigation menu title returns docs if slug is index and model is documentation page" file="Hyde Page (Hyde\Framework\Testing\Feature\HydePage)::Navigation menu title returns docs if slug is index and model is documentation page" class="Hyde\Framework\Testing\Feature\HydePageTest" classname="Hyde.Framework.Testing.Feature.HydePageTest" assertions="1" time="0.023713"/>
        <testcase name="Navigation menu title returns home if slug is index and model is not documentation page" file="Hyde Page (Hyde\Framework\Testing\Feature\HydePage)::Navigation menu title returns home if slug is index and model is not documentation page" class="Hyde\Framework\Testing\Feature\HydePageTest" classname="Hyde.Framework.Testing.Feature.HydePageTest" assertions="1" time="0.023255"/>
        <testcase name="Navigation menu title returns title if title is set and not empty" file="Hyde Page (Hyde\Framework\Testing\Feature\HydePage)::Navigation menu title returns title if title is set and not empty" class="Hyde\Framework\Testing\Feature\HydePageTest" classname="Hyde.Framework.Testing.Feature.HydePageTest" assertions="1" time="0.023180"/>
        <testcase name="Navigation menu title falls back to hyde make title from slug" file="Hyde Page (Hyde\Framework\Testing\Feature\HydePage)::Navigation menu title falls back to hyde make title from slug" class="Hyde\Framework\Testing\Feature\HydePageTest" classname="Hyde.Framework.Testing.Feature.HydePageTest" assertions="1" time="0.023653"/>
        <testcase name="Navigation menu title can be set in configuration" file="Hyde Page (Hyde\Framework\Testing\Feature\HydePage)::Navigation menu title can be set in configuration" class="Hyde\Framework\Testing\Feature\HydePageTest" classname="Hyde.Framework.Testing.Feature.HydePageTest" assertions="1" time="0.023443"/>
        <testcase name="Documentation page can be hidden from navigation using config" file="Hyde Page (Hyde\Framework\Testing\Feature\HydePage)::Documentation page can be hidden from navigation using config" class="Hyde\Framework\Testing\Feature\HydePageTest" classname="Hyde.Framework.Testing.Feature.HydePageTest" assertions="1" time="0.023466"/>
        <testcase name="Get canonical url returns url for top level page" file="Hyde Page (Hyde\Framework\Testing\Feature\HydePage)::Get canonical url returns url for top level page" class="Hyde\Framework\Testing\Feature\HydePageTest" classname="Hyde.Framework.Testing.Feature.HydePageTest" assertions="1" time="0.023616"/>
        <testcase name="Get canonical url returns pretty url for top level page" file="Hyde Page (Hyde\Framework\Testing\Feature\HydePage)::Get canonical url returns pretty url for top level page" class="Hyde\Framework\Testing\Feature\HydePageTest" classname="Hyde.Framework.Testing.Feature.HydePageTest" assertions="1" time="0.023669"/>
        <testcase name="Get canonical url returns url for nested page" file="Hyde Page (Hyde\Framework\Testing\Feature\HydePage)::Get canonical url returns url for nested page" class="Hyde\Framework\Testing\Feature\HydePageTest" classname="Hyde.Framework.Testing.Feature.HydePageTest" assertions="1" time="0.023879"/>
        <testcase name="Get canonical url returns url for deeply nested page" file="Hyde Page (Hyde\Framework\Testing\Feature\HydePage)::Get canonical url returns url for deeply nested page" class="Hyde\Framework\Testing\Feature\HydePageTest" classname="Hyde.Framework.Testing.Feature.HydePageTest" assertions="1" time="0.023938"/>
        <testcase name="Canonical url is not set when identifier is null" file="Hyde Page (Hyde\Framework\Testing\Feature\HydePage)::Canonical url is not set when identifier is null" class="Hyde\Framework\Testing\Feature\HydePageTest" classname="Hyde.Framework.Testing.Feature.HydePageTest" assertions="3" time="0.023664"/>
        <testcase name="Canonical url is not set when site url is null" file="Hyde Page (Hyde\Framework\Testing\Feature\HydePage)::Canonical url is not set when site url is null" class="Hyde\Framework\Testing\Feature\HydePageTest" classname="Hyde.Framework.Testing.Feature.HydePageTest" assertions="3" time="0.024090"/>
        <testcase name="Custom canonical link can be set in front matter" file="Hyde Page (Hyde\Framework\Testing\Feature\HydePage)::Custom canonical link can be set in front matter" class="Hyde\Framework\Testing\Feature\HydePageTest" classname="Hyde.Framework.Testing.Feature.HydePageTest" assertions="2" time="0.023939"/>
        <testcase name="Can create canonical url using base url from config" file="Hyde Page (Hyde\Framework\Testing\Feature\HydePage)::Can create canonical url using base url from config" class="Hyde\Framework\Testing\Feature\HydePageTest" classname="Hyde.Framework.Testing.Feature.HydePageTest" assertions="1" time="0.023686"/>
        <testcase name="Can create canonical url using base url from config using pretty urls" file="Hyde Page (Hyde\Framework\Testing\Feature\HydePage)::Can create canonical url using base url from config using pretty urls" class="Hyde\Framework\Testing\Feature\HydePageTest" classname="Hyde.Framework.Testing.Feature.HydePageTest" assertions="1" time="0.023498"/>
        <testcase name="Canonical url is null when no base url is set" file="Hyde Page (Hyde\Framework\Testing\Feature\HydePage)::Canonical url is null when no base url is set" class="Hyde\Framework\Testing\Feature\HydePageTest" classname="Hyde.Framework.Testing.Feature.HydePageTest" assertions="1" time="0.031877"/>
        <testcase name="Render page metadata returns string" file="Hyde Page (Hyde\Framework\Testing\Feature\HydePage)::Render page metadata returns string" class="Hyde\Framework\Testing\Feature\HydePageTest" classname="Hyde.Framework.Testing.Feature.HydePageTest" assertions="1" time="0.023787"/>
        <testcase name="Has method returns true if page has standard property" file="Hyde Page (Hyde\Framework\Testing\Feature\HydePage)::Has method returns true if page has standard property" class="Hyde\Framework\Testing\Feature\HydePageTest" classname="Hyde.Framework.Testing.Feature.HydePageTest" assertions="1" time="0.023928"/>
        <testcase name="Has method returns false if page does not have standard property" file="Hyde Page (Hyde\Framework\Testing\Feature\HydePage)::Has method returns false if page does not have standard property" class="Hyde\Framework\Testing\Feature\HydePageTest" classname="Hyde.Framework.Testing.Feature.HydePageTest" assertions="1" time="0.024881"/>
        <testcase name="Has method returns true if page has dynamic property" file="Hyde Page (Hyde\Framework\Testing\Feature\HydePage)::Has method returns true if page has dynamic property" class="Hyde\Framework\Testing\Feature\HydePageTest" classname="Hyde.Framework.Testing.Feature.HydePageTest" assertions="1" time="0.024356"/>
        <testcase name="Has method returns false if page does not have dynamic property" file="Hyde Page (Hyde\Framework\Testing\Feature\HydePage)::Has method returns false if page does not have dynamic property" class="Hyde\Framework\Testing\Feature\HydePageTest" classname="Hyde.Framework.Testing.Feature.HydePageTest" assertions="1" time="0.024325"/>
        <testcase name="Has method returns true if page has property set in front matter" file="Hyde Page (Hyde\Framework\Testing\Feature\HydePage)::Has method returns true if page has property set in front matter" class="Hyde\Framework\Testing\Feature\HydePageTest" classname="Hyde.Framework.Testing.Feature.HydePageTest" assertions="1" time="0.024769"/>
        <testcase name="Has method returns false if page does not have property set in front matter" file="Hyde Page (Hyde\Framework\Testing\Feature\HydePage)::Has method returns false if page does not have property set in front matter" class="Hyde\Framework\Testing\Feature\HydePageTest" classname="Hyde.Framework.Testing.Feature.HydePageTest" assertions="1" time="0.025432"/>
        <testcase name="Has method returns false if property exists but is blank" file="Hyde Page (Hyde\Framework\Testing\Feature\HydePage)::Has method returns false if property exists but is blank" class="Hyde\Framework\Testing\Feature\HydePageTest" classname="Hyde.Framework.Testing.Feature.HydePageTest" assertions="2" time="0.024050"/>
        <testcase name="Has method returns true if page has blank property set in front matter" file="Hyde Page (Hyde\Framework\Testing\Feature\HydePage)::Has method returns true if page has blank property set in front matter" class="Hyde\Framework\Testing\Feature\HydePageTest" classname="Hyde.Framework.Testing.Feature.HydePageTest" assertions="2" time="0.024360"/>
        <testcase name="Markdown pages can be saved to disk" file="Hyde Page (Hyde\Framework\Testing\Feature\HydePage)::Markdown pages can be saved to disk" class="Hyde\Framework\Testing\Feature\HydePageTest" classname="Hyde.Framework.Testing.Feature.HydePageTest" assertions="1" time="0.024803"/>
        <testcase name="Save method converts front matter array to yaml block" file="Hyde Page (Hyde\Framework\Testing\Feature\HydePage)::Save method converts front matter array to yaml block" class="Hyde\Framework\Testing\Feature\HydePageTest" classname="Hyde.Framework.Testing.Feature.HydePageTest" assertions="1" time="0.025320"/>
        <testcase name="Save method writes page body to file" file="Hyde Page (Hyde\Framework\Testing\Feature\HydePage)::Save method writes page body to file" class="Hyde\Framework\Testing\Feature\HydePageTest" classname="Hyde.Framework.Testing.Feature.HydePageTest" assertions="1" time="0.025340"/>
        <testcase name="Save method writes page body to file with front matter" file="Hyde Page (Hyde\Framework\Testing\Feature\HydePage)::Save method writes page body to file with front matter" class="Hyde\Framework\Testing\Feature\HydePageTest" classname="Hyde.Framework.Testing.Feature.HydePageTest" assertions="1" time="0.025408"/>
        <testcase name="New markdown pages can be saved" file="Hyde Page (Hyde\Framework\Testing\Feature\HydePage)::New markdown pages can be saved" class="Hyde\Framework\Testing\Feature\HydePageTest" classname="Hyde.Framework.Testing.Feature.HydePageTest" assertions="2" time="0.025528"/>
        <testcase name="Existing parsed markdown pages can be saved" file="Hyde Page (Hyde\Framework\Testing\Feature\HydePage)::Existing parsed markdown pages can be saved" class="Hyde\Framework\Testing\Feature\HydePageTest" classname="Hyde.Framework.Testing.Feature.HydePageTest" assertions="4" time="0.032262"/>
        <testcase name="Save method creates source directory if it does not exist" file="Hyde Page (Hyde\Framework\Testing\Feature\HydePage)::Save method creates source directory if it does not exist" class="Hyde\Framework\Testing\Feature\HydePageTest" classname="Hyde.Framework.Testing.Feature.HydePageTest" assertions="3" time="0.026708"/>
        <testcase name="Save method creates source directory recursively if it does not exist" file="Hyde Page (Hyde\Framework\Testing\Feature\HydePage)::Save method creates source directory recursively if it does not exist" class="Hyde\Framework\Testing\Feature\HydePageTest" classname="Hyde.Framework.Testing.Feature.HydePageTest" assertions="4" time="0.026001"/>
        <testcase name="Markdown posts can be saved" file="Hyde Page (Hyde\Framework\Testing\Feature\HydePage)::Markdown posts can be saved" class="Hyde\Framework\Testing\Feature\HydePageTest" classname="Hyde.Framework.Testing.Feature.HydePageTest" assertions="1" time="0.025750"/>
        <testcase name="Documentation pages can be saved" file="Hyde Page (Hyde\Framework\Testing\Feature\HydePage)::Documentation pages can be saved" class="Hyde\Framework\Testing\Feature\HydePageTest" classname="Hyde.Framework.Testing.Feature.HydePageTest" assertions="1" time="0.025756"/>
        <testcase name="Get method can access data from page" file="Hyde Page (Hyde\Framework\Testing\Feature\HydePage)::Get method can access data from page" class="Hyde\Framework\Testing\Feature\HydePageTest" classname="Hyde.Framework.Testing.Feature.HydePageTest" assertions="1" time="0.024402"/>
        <testcase name="Get method can access nested data from page" file="Hyde Page (Hyde\Framework\Testing\Feature\HydePage)::Get method can access nested data from page" class="Hyde\Framework\Testing\Feature\HydePageTest" classname="Hyde.Framework.Testing.Feature.HydePageTest" assertions="1" time="0.024038"/>
        <testcase name="Get method can access nested data from page with dot notation" file="Hyde Page (Hyde\Framework\Testing\Feature\HydePage)::Get method can access nested data from page with dot notation" class="Hyde\Framework\Testing\Feature\HydePageTest" classname="Hyde.Framework.Testing.Feature.HydePageTest" assertions="1" time="0.023655"/>
        <testcase name="Get link with pretty urls" file="Hyde Page (Hyde\Framework\Testing\Feature\HydePage)::Get link with pretty urls" class="Hyde\Framework\Testing\Feature\HydePageTest" classname="Hyde.Framework.Testing.Feature.HydePageTest" assertions="1" time="0.025089"/>
        <testcase name="Get link uses hyperlinks helper" file="Hyde Page (Hyde\Framework\Testing\Feature\HydePage)::Get link uses hyperlinks helper" class="Hyde\Framework\Testing\Feature\HydePageTest" classname="Hyde.Framework.Testing.Feature.HydePageTest" assertions="1" time="0.024999"/>
        <testcase name="Path helpers return same result as fluent filesystem helpers" file="Hyde Page (Hyde\Framework\Testing\Feature\HydePage)::Path helpers return same result as fluent filesystem helpers" class="Hyde\Framework\Testing\Feature\HydePageTest" classname="Hyde.Framework.Testing.Feature.HydePageTest" assertions="4" time="0.024544"/>
        <testcase name="All pages are routable" file="Hyde Page (Hyde\Framework\Testing\Feature\HydePage)::All pages are routable" class="Hyde\Framework\Testing\Feature\HydePageTest" classname="Hyde.Framework.Testing.Feature.HydePageTest" assertions="25" time="0.075954"/>
        <testcase name="Navigation data factory hides page from navigation when in a subdirectory" file="Hyde Page (Hyde\Framework\Testing\Feature\HydePage)::Navigation data factory hides page from navigation when in a subdirectory" class="Hyde\Framework\Testing\Feature\HydePageTest" classname="Hyde.Framework.Testing.Feature.HydePageTest" assertions="2" time="0.034228"/>
        <testcase name="Navigation data factory hides page from navigation when in a and config is set to hidden" file="Hyde Page (Hyde\Framework\Testing\Feature\HydePage)::Navigation data factory hides page from navigation when in a and config is set to hidden" class="Hyde\Framework\Testing\Feature\HydePageTest" classname="Hyde.Framework.Testing.Feature.HydePageTest" assertions="2" time="0.025417"/>
        <testcase name="Navigation data factory does not hide page from navigation when in a subdirectory and allowed in configuration" file="Hyde Page (Hyde\Framework\Testing\Feature\HydePage)::Navigation data factory does not hide page from navigation when in a subdirectory and allowed in configuration" class="Hyde\Framework\Testing\Feature\HydePageTest" classname="Hyde.Framework.Testing.Feature.HydePageTest" assertions="2" time="0.025204"/>
        <testcase name="Navigation data factory allows show in navigation and sets group when dropdown is selected in config" file="Hyde Page (Hyde\Framework\Testing\Feature\HydePage)::Navigation data factory allows show in navigation and sets group when dropdown is selected in config" class="Hyde\Framework\Testing\Feature\HydePageTest" classname="Hyde.Framework.Testing.Feature.HydePageTest" assertions="2" time="0.025169"/>
        <testcase name="Is discoverable method returns true for discoverable pages" file="Hyde Page (Hyde\Framework\Testing\Feature\HydePage)::Is discoverable method returns true for discoverable pages" class="Hyde\Framework\Testing\Feature\HydePageTest" classname="Hyde.Framework.Testing.Feature.HydePageTest" assertions="1" time="0.023538"/>
        <testcase name="Is discoverable method returns false for non discoverable pages" file="Hyde Page (Hyde\Framework\Testing\Feature\HydePage)::Is discoverable method returns false for non discoverable pages" class="Hyde\Framework\Testing\Feature\HydePageTest" classname="Hyde.Framework.Testing.Feature.HydePageTest" assertions="1" time="0.024066"/>
        <testcase name="Is discoverable method requires all required data to be present" file="Hyde Page (Hyde\Framework\Testing\Feature\HydePage)::Is discoverable method requires all required data to be present" class="Hyde\Framework\Testing\Feature\HydePageTest" classname="Hyde.Framework.Testing.Feature.HydePageTest" assertions="1" time="0.024881"/>
        <testcase name="Is discoverable method requires source directory to be filled" file="Hyde Page (Hyde\Framework\Testing\Feature\HydePage)::Is discoverable method requires source directory to be filled" class="Hyde\Framework\Testing\Feature\HydePageTest" classname="Hyde.Framework.Testing.Feature.HydePageTest" assertions="1" time="0.024223"/>
        <testcase name="All core extension pages are discoverable" file="Hyde Page (Hyde\Framework\Testing\Feature\HydePage)::All core extension pages are discoverable" class="Hyde\Framework\Testing\Feature\HydePageTest" classname="Hyde.Framework.Testing.Feature.HydePageTest" assertions="5" time="0.023656"/>
        <testcase name="Nested index pages show up in navigation" file="Hyde Page (Hyde\Framework\Testing\Feature\HydePage)::Nested index pages show up in navigation" class="Hyde\Framework\Testing\Feature\HydePageTest" classname="Hyde.Framework.Testing.Feature.HydePageTest" assertions="2" time="0.025208"/>
      </testsuite>
      <testsuite name="Hyde\Framework\Testing\Feature\HydeServiceProviderTest" file="Hyde Service Provider (Hyde\Framework\Testing\Feature\HydeServiceProvider)" tests="21" assertions="95" errors="0" failures="0" skipped="0" time="0.771934">
        <testcase name="Provider is constructed" file="Hyde Service Provider (Hyde\Framework\Testing\Feature\HydeServiceProvider)::Provider is constructed" class="Hyde\Framework\Testing\Feature\HydeServiceProviderTest" classname="Hyde.Framework.Testing.Feature.HydeServiceProviderTest" assertions="1" time="0.242868"/>
        <testcase name="Provider has register method" file="Hyde Service Provider (Hyde\Framework\Testing\Feature\HydeServiceProvider)::Provider has register method" class="Hyde\Framework\Testing\Feature\HydeServiceProviderTest" classname="Hyde.Framework.Testing.Feature.HydeServiceProviderTest" assertions="1" time="0.022847"/>
        <testcase name="Provider has boot method" file="Hyde Service Provider (Hyde\Framework\Testing\Feature\HydeServiceProvider)::Provider has boot method" class="Hyde\Framework\Testing\Feature\HydeServiceProviderTest" classname="Hyde.Framework.Testing.Feature.HydeServiceProviderTest" assertions="1" time="0.023720"/>
        <testcase name="Provider registers asset service as singleton" file="Hyde Service Provider (Hyde\Framework\Testing\Feature\HydeServiceProvider)::Provider registers asset service as singleton" class="Hyde\Framework\Testing\Feature\HydeServiceProviderTest" classname="Hyde.Framework.Testing.Feature.HydeServiceProviderTest" assertions="3" time="0.023714"/>
        <testcase name="Provider registers build task service as singleton" file="Hyde Service Provider (Hyde\Framework\Testing\Feature\HydeServiceProvider)::Provider registers build task service as singleton" class="Hyde\Framework\Testing\Feature\HydeServiceProviderTest" classname="Hyde.Framework.Testing.Feature.HydeServiceProviderTest" assertions="3" time="0.029624"/>
        <testcase name="Provider registers source directories" file="Hyde Service Provider (Hyde\Framework\Testing\Feature\HydeServiceProvider)::Provider registers source directories" class="Hyde\Framework\Testing\Feature\HydeServiceProviderTest" classname="Hyde.Framework.Testing.Feature.HydeServiceProviderTest" assertions="8" time="0.024317"/>
        <testcase name="Provider registers output directories" file="Hyde Service Provider (Hyde\Framework\Testing\Feature\HydeServiceProvider)::Provider registers output directories" class="Hyde\Framework\Testing\Feature\HydeServiceProviderTest" classname="Hyde.Framework.Testing.Feature.HydeServiceProviderTest" assertions="8" time="0.024372"/>
        <testcase name="Custom source roots are applied to the page models" file="Hyde Service Provider (Hyde\Framework\Testing\Feature\HydeServiceProvider)::Custom source roots are applied to the page models" class="Hyde\Framework\Testing\Feature\HydeServiceProviderTest" classname="Hyde.Framework.Testing.Feature.HydeServiceProviderTest" assertions="8" time="0.023997"/>
        <testcase name="Source root set in config is assigned" file="Hyde Service Provider (Hyde\Framework\Testing\Feature\HydeServiceProvider)::Source root set in config is assigned" class="Hyde\Framework\Testing\Feature\HydeServiceProviderTest" classname="Hyde.Framework.Testing.Feature.HydeServiceProviderTest" assertions="3" time="0.023920"/>
        <testcase name="Provider registers site output directory" file="Hyde Service Provider (Hyde\Framework\Testing\Feature\HydeServiceProvider)::Provider registers site output directory" class="Hyde\Framework\Testing\Feature\HydeServiceProviderTest" classname="Hyde.Framework.Testing.Feature.HydeServiceProviderTest" assertions="2" time="0.024000"/>
        <testcase name="Provider registers media directory" file="Hyde Service Provider (Hyde\Framework\Testing\Feature\HydeServiceProvider)::Provider registers media directory" class="Hyde\Framework\Testing\Feature\HydeServiceProviderTest" classname="Hyde.Framework.Testing.Feature.HydeServiceProviderTest" assertions="3" time="0.024112"/>
        <testcase name="Provider registers blade view discovery location for configured blade view path" file="Hyde Service Provider (Hyde\Framework\Testing\Feature\HydeServiceProvider)::Provider registers blade view discovery location for configured blade view path" class="Hyde\Framework\Testing\Feature\HydeServiceProviderTest" classname="Hyde.Framework.Testing.Feature.HydeServiceProviderTest" assertions="2" time="0.024122"/>
        <testcase name="Blade view locations are only registered once per key" file="Hyde Service Provider (Hyde\Framework\Testing\Feature\HydeServiceProvider)::Blade view locations are only registered once per key" class="Hyde\Framework\Testing\Feature\HydeServiceProviderTest" classname="Hyde.Framework.Testing.Feature.HydeServiceProviderTest" assertions="2" time="0.025834"/>
        <testcase name="Provider registers console commands" file="Hyde Service Provider (Hyde\Framework\Testing\Feature\HydeServiceProvider)::Provider registers console commands" class="Hyde\Framework\Testing\Feature\HydeServiceProviderTest" classname="Hyde.Framework.Testing.Feature.HydeServiceProviderTest" assertions="18" time="0.033537"/>
        <testcase name="Provider registers additional module service providers" file="Hyde Service Provider (Hyde\Framework\Testing\Feature\HydeServiceProvider)::Provider registers additional module service providers" class="Hyde\Framework\Testing\Feature\HydeServiceProviderTest" classname="Hyde.Framework.Testing.Feature.HydeServiceProviderTest" assertions="1" time="0.025549"/>
        <testcase name="Provider registers all page model source paths" file="Hyde Service Provider (Hyde\Framework\Testing\Feature\HydeServiceProvider)::Provider registers all page model source paths" class="Hyde\Framework\Testing\Feature\HydeServiceProviderTest" classname="Hyde.Framework.Testing.Feature.HydeServiceProviderTest" assertions="6" time="0.025719"/>
        <testcase name="Provider registers all page model output paths" file="Hyde Service Provider (Hyde\Framework\Testing\Feature\HydeServiceProvider)::Provider registers all page model output paths" class="Hyde\Framework\Testing\Feature\HydeServiceProviderTest" classname="Hyde.Framework.Testing.Feature.HydeServiceProviderTest" assertions="5" time="0.033739"/>
        <testcase name="Provider registers source directories using options in configuration" file="Hyde Service Provider (Hyde\Framework\Testing\Feature\HydeServiceProvider)::Provider registers source directories using options in configuration" class="Hyde\Framework\Testing\Feature\HydeServiceProviderTest" classname="Hyde.Framework.Testing.Feature.HydeServiceProviderTest" assertions="5" time="0.026860"/>
        <testcase name="Source directories can be set using kebab case class names" file="Hyde Service Provider (Hyde\Framework\Testing\Feature\HydeServiceProvider)::Source directories can be set using kebab case class names" class="Hyde\Framework\Testing\Feature\HydeServiceProviderTest" classname="Hyde.Framework.Testing.Feature.HydeServiceProviderTest" assertions="5" time="0.036091"/>
        <testcase name="Provider registers output directories using options in configuration" file="Hyde Service Provider (Hyde\Framework\Testing\Feature\HydeServiceProvider)::Provider registers output directories using options in configuration" class="Hyde\Framework\Testing\Feature\HydeServiceProviderTest" classname="Hyde.Framework.Testing.Feature.HydeServiceProviderTest" assertions="5" time="0.029408"/>
        <testcase name="Output directories can be set using kebab case class names" file="Hyde Service Provider (Hyde\Framework\Testing\Feature\HydeServiceProvider)::Output directories can be set using kebab case class names" class="Hyde\Framework\Testing\Feature\HydeServiceProviderTest" classname="Hyde.Framework.Testing.Feature.HydeServiceProviderTest" assertions="5" time="0.023584"/>
      </testsuite>
      <testsuite name="Hyde\Framework\Testing\Feature\IncludesFacadeTest" file="Includes Facade (Hyde\Framework\Testing\Feature\IncludesFacade)" tests="14" assertions="19" errors="0" failures="0" skipped="0" time="0.368144">
        <testcase name="Path returns the includes directory" file="Includes Facade (Hyde\Framework\Testing\Feature\IncludesFacade)::Path returns the includes directory" class="Hyde\Framework\Testing\Feature\IncludesFacadeTest" classname="Hyde.Framework.Testing.Feature.IncludesFacadeTest" assertions="1" time="0.051830"/>
        <testcase name="Path returns a partial within the includes directory" file="Includes Facade (Hyde\Framework\Testing\Feature\IncludesFacade)::Path returns a partial within the includes directory" class="Hyde\Framework\Testing\Feature\IncludesFacadeTest" classname="Hyde.Framework.Testing.Feature.IncludesFacadeTest" assertions="1" time="0.032861"/>
        <testcase name="Path creates directory if it does not exist" file="Includes Facade (Hyde\Framework\Testing\Feature\IncludesFacade)::Path creates directory if it does not exist" class="Hyde\Framework\Testing\Feature\IncludesFacadeTest" classname="Hyde.Framework.Testing.Feature.IncludesFacadeTest" assertions="2" time="0.024170"/>
        <testcase name="Get returns partial" file="Includes Facade (Hyde\Framework\Testing\Feature\IncludesFacade)::Get returns partial" class="Hyde\Framework\Testing\Feature\IncludesFacadeTest" classname="Hyde.Framework.Testing.Feature.IncludesFacadeTest" assertions="1" time="0.023593"/>
        <testcase name="Get returns default value when not found" file="Includes Facade (Hyde\Framework\Testing\Feature\IncludesFacade)::Get returns default value when not found" class="Hyde\Framework\Testing\Feature\IncludesFacadeTest" classname="Hyde.Framework.Testing.Feature.IncludesFacadeTest" assertions="2" time="0.023163"/>
        <testcase name="Html returns rendered partial" file="Includes Facade (Hyde\Framework\Testing\Feature\IncludesFacade)::Html returns rendered partial" class="Hyde\Framework\Testing\Feature\IncludesFacadeTest" classname="Hyde.Framework.Testing.Feature.IncludesFacadeTest" assertions="1" time="0.023161"/>
        <testcase name="Html returns efault value when not found" file="Includes Facade (Hyde\Framework\Testing\Feature\IncludesFacade)::Html returns efault value when not found" class="Hyde\Framework\Testing\Feature\IncludesFacadeTest" classname="Hyde.Framework.Testing.Feature.IncludesFacadeTest" assertions="2" time="0.022772"/>
        <testcase name="Html with and without extension" file="Includes Facade (Hyde\Framework\Testing\Feature\IncludesFacade)::Html with and without extension" class="Hyde\Framework\Testing\Feature\IncludesFacadeTest" classname="Hyde.Framework.Testing.Feature.IncludesFacadeTest" assertions="1" time="0.022647"/>
        <testcase name="Markdown returns rendered partial" file="Includes Facade (Hyde\Framework\Testing\Feature\IncludesFacade)::Markdown returns rendered partial" class="Hyde\Framework\Testing\Feature\IncludesFacadeTest" classname="Hyde.Framework.Testing.Feature.IncludesFacadeTest" assertions="1" time="0.023753"/>
        <testcase name="Markdown returns rendered default value when not found" file="Includes Facade (Hyde\Framework\Testing\Feature\IncludesFacade)::Markdown returns rendered default value when not found" class="Hyde\Framework\Testing\Feature\IncludesFacadeTest" classname="Hyde.Framework.Testing.Feature.IncludesFacadeTest" assertions="2" time="0.024084"/>
        <testcase name="Markdown with and without extension" file="Includes Facade (Hyde\Framework\Testing\Feature\IncludesFacade)::Markdown with and without extension" class="Hyde\Framework\Testing\Feature\IncludesFacadeTest" classname="Hyde.Framework.Testing.Feature.IncludesFacadeTest" assertions="1" time="0.024627"/>
        <testcase name="Blade returns rendered partial" file="Includes Facade (Hyde\Framework\Testing\Feature\IncludesFacade)::Blade returns rendered partial" class="Hyde\Framework\Testing\Feature\IncludesFacadeTest" classname="Hyde.Framework.Testing.Feature.IncludesFacadeTest" assertions="1" time="0.023828"/>
        <testcase name="Blade with and without extension" file="Includes Facade (Hyde\Framework\Testing\Feature\IncludesFacade)::Blade with and without extension" class="Hyde\Framework\Testing\Feature\IncludesFacadeTest" classname="Hyde.Framework.Testing.Feature.IncludesFacadeTest" assertions="1" time="0.023935"/>
        <testcase name="Blade returns rendered default value when not found" file="Includes Facade (Hyde\Framework\Testing\Feature\IncludesFacade)::Blade returns rendered default value when not found" class="Hyde\Framework\Testing\Feature\IncludesFacadeTest" classname="Hyde.Framework.Testing.Feature.IncludesFacadeTest" assertions="2" time="0.023720"/>
      </testsuite>
      <testsuite name="Hyde\Framework\Testing\Feature\InternationalizationTest" file="Internationalization (Hyde\Framework\Testing\Feature\Internationalization)" tests="6" assertions="33" errors="0" failures="0" skipped="0" time="0.116475">
        <testsuite name="Hyde\Framework\Testing\Feature\InternationalizationTest::testCanCreateBlogPostFilesWithInternationalCharacterSets" tests="3" assertions="18" errors="0" failures="0" skipped="0" time="0.053949">
          <testcase name="Can create blog post files with international character sets with data set &quot;Chinese (Simplified)&quot;" file="Internationalization (Hyde\Framework\Testing\Feature\Internationalization)::Can create blog post files with international character sets with data set &quot;Chinese (Simplified)&quot;" class="Hyde\Framework\Testing\Feature\InternationalizationTest" classname="Hyde.Framework.Testing.Feature.InternationalizationTest" assertions="6" time="0.027726"/>
          <testcase name="Can create blog post files with international character sets with data set &quot;Japanese&quot;" file="Internationalization (Hyde\Framework\Testing\Feature\Internationalization)::Can create blog post files with international character sets with data set &quot;Japanese&quot;" class="Hyde\Framework\Testing\Feature\InternationalizationTest" classname="Hyde.Framework.Testing.Feature.InternationalizationTest" assertions="6" time="0.012891"/>
          <testcase name="Can create blog post files with international character sets with data set &quot;Korean&quot;" file="Internationalization (Hyde\Framework\Testing\Feature\Internationalization)::Can create blog post files with international character sets with data set &quot;Korean&quot;" class="Hyde\Framework\Testing\Feature\InternationalizationTest" classname="Hyde.Framework.Testing.Feature.InternationalizationTest" assertions="6" time="0.013333"/>
        </testsuite>
        <testsuite name="Hyde\Framework\Testing\Feature\InternationalizationTest::testCanCompileBlogPostFilesWithInternationalCharacterSets" tests="3" assertions="15" errors="0" failures="0" skipped="0" time="0.062526">
          <testcase name="Can compile blog post files with international character sets with data set &quot;Chinese (Simplified)&quot;" file="Internationalization (Hyde\Framework\Testing\Feature\Internationalization)::Can compile blog post files with international character sets with data set &quot;Chinese (Simplified)&quot;" class="Hyde\Framework\Testing\Feature\InternationalizationTest" classname="Hyde.Framework.Testing.Feature.InternationalizationTest" assertions="5" time="0.020762"/>
          <testcase name="Can compile blog post files with international character sets with data set &quot;Japanese&quot;" file="Internationalization (Hyde\Framework\Testing\Feature\Internationalization)::Can compile blog post files with international character sets with data set &quot;Japanese&quot;" class="Hyde\Framework\Testing\Feature\InternationalizationTest" classname="Hyde.Framework.Testing.Feature.InternationalizationTest" assertions="5" time="0.020928"/>
          <testcase name="Can compile blog post files with international character sets with data set &quot;Korean&quot;" file="Internationalization (Hyde\Framework\Testing\Feature\Internationalization)::Can compile blog post files with international character sets with data set &quot;Korean&quot;" class="Hyde\Framework\Testing\Feature\InternationalizationTest" classname="Hyde.Framework.Testing.Feature.InternationalizationTest" assertions="5" time="0.020835"/>
        </testsuite>
      </testsuite>
      <testsuite name="Hyde\Framework\Testing\Feature\MarkdownFileParserTest" file="Markdown File Parser (Hyde\Framework\Testing\Feature\MarkdownFileParser)" tests="4" assertions="13" errors="0" failures="0" skipped="0" time="0.022074">
        <testcase name="Can parse markdown file" file="Markdown File Parser (Hyde\Framework\Testing\Feature\MarkdownFileParser)::Can parse markdown file" class="Hyde\Framework\Testing\Feature\MarkdownFileParserTest" classname="Hyde.Framework.Testing.Feature.MarkdownFileParserTest" assertions="3" time="0.012744"/>
        <testcase name="Can parse markdown file with front matter" file="Markdown File Parser (Hyde\Framework\Testing\Feature\MarkdownFileParser)::Can parse markdown file with front matter" class="Hyde\Framework\Testing\Feature\MarkdownFileParserTest" classname="Hyde.Framework.Testing.Feature.MarkdownFileParserTest" assertions="3" time="0.003190"/>
        <testcase name="Parsed markdown post contains valid front matter" file="Markdown File Parser (Hyde\Framework\Testing\Feature\MarkdownFileParser)::Parsed markdown post contains valid front matter" class="Hyde\Framework\Testing\Feature\MarkdownFileParserTest" classname="Hyde.Framework.Testing.Feature.MarkdownFileParserTest" assertions="3" time="0.003031"/>
        <testcase name="Can parse markdown file with front matter and no markdown body" file="Markdown File Parser (Hyde\Framework\Testing\Feature\MarkdownFileParser)::Can parse markdown file with front matter and no markdown body" class="Hyde\Framework\Testing\Feature\MarkdownFileParserTest" classname="Hyde.Framework.Testing.Feature.MarkdownFileParserTest" assertions="4" time="0.003109"/>
      </testsuite>
      <testsuite name="Hyde\Framework\Testing\Feature\MarkdownPostTest" file="Markdown Post (Hyde\Framework\Testing\Feature\MarkdownPost)" tests="11" assertions="24" errors="0" failures="0" skipped="0" time="0.293514">
        <testcase name="Constructor can create a new author instance from username string" file="Markdown Post (Hyde\Framework\Testing\Feature\MarkdownPost)::Constructor can create a new author instance from username string" class="Hyde\Framework\Testing\Feature\MarkdownPostTest" classname="Hyde.Framework.Testing.Feature.MarkdownPostTest" assertions="4" time="0.030441"/>
        <testcase name="Constructor can create a new author instance from user array" file="Markdown Post (Hyde\Framework\Testing\Feature\MarkdownPost)::Constructor can create a new author instance from user array" class="Hyde\Framework\Testing\Feature\MarkdownPostTest" classname="Hyde.Framework.Testing.Feature.MarkdownPostTest" assertions="4" time="0.023885"/>
        <testcase name="Constructor can create a new image instance from a string" file="Markdown Post (Hyde\Framework\Testing\Feature\MarkdownPost)::Constructor can create a new image instance from a string" class="Hyde\Framework\Testing\Feature\MarkdownPostTest" classname="Hyde.Framework.Testing.Feature.MarkdownPostTest" assertions="2" time="0.023463"/>
        <testcase name="Constructor can create a new image instance from an array" file="Markdown Post (Hyde\Framework\Testing\Feature\MarkdownPost)::Constructor can create a new image instance from an array" class="Hyde\Framework\Testing\Feature\MarkdownPostTest" classname="Hyde.Framework.Testing.Feature.MarkdownPostTest" assertions="2" time="0.023429"/>
        <testcase name="Constructor can create a new date string instance from matter" file="Markdown Post (Hyde\Framework\Testing\Feature\MarkdownPost)::Constructor can create a new date string instance from matter" class="Hyde\Framework\Testing\Feature\MarkdownPostTest" classname="Hyde.Framework.Testing.Feature.MarkdownPostTest" assertions="2" time="0.023185"/>
        <testcase name="Featured image can be constructed returns null when no image is set in the page matter" file="Markdown Post (Hyde\Framework\Testing\Feature\MarkdownPost)::Featured image can be constructed returns null when no image is set in the page matter" class="Hyde\Framework\Testing\Feature\MarkdownPostTest" classname="Hyde.Framework.Testing.Feature.MarkdownPostTest" assertions="1" time="0.023928"/>
        <testcase name="Featured image can be constructed returns image object with local path when matter is string" file="Markdown Post (Hyde\Framework\Testing\Feature\MarkdownPost)::Featured image can be constructed returns image object with local path when matter is string" class="Hyde\Framework\Testing\Feature\MarkdownPostTest" classname="Hyde.Framework.Testing.Feature.MarkdownPostTest" assertions="2" time="0.024714"/>
        <testcase name="Featured image can be constructed returns image object with remote path when matter is string" file="Markdown Post (Hyde\Framework\Testing\Feature\MarkdownPost)::Featured image can be constructed returns image object with remote path when matter is string" class="Hyde\Framework\Testing\Feature\MarkdownPostTest" classname="Hyde.Framework.Testing.Feature.MarkdownPostTest" assertions="2" time="0.023791"/>
        <testcase name="Featured image can be constructed returns image object with supplied data when matter is array" file="Markdown Post (Hyde\Framework\Testing\Feature\MarkdownPost)::Featured image can be constructed returns image object with supplied data when matter is array" class="Hyde\Framework\Testing\Feature\MarkdownPostTest" classname="Hyde.Framework.Testing.Feature.MarkdownPostTest" assertions="3" time="0.023960"/>
        <testcase name="Blog post can be created without front matter" file="Markdown Post (Hyde\Framework\Testing\Feature\MarkdownPost)::Blog post can be created without front matter" class="Hyde\Framework\Testing\Feature\MarkdownPostTest" classname="Hyde.Framework.Testing.Feature.MarkdownPostTest" assertions="1" time="0.038400"/>
        <testcase name="Blog post feed can be rendered when post has no front matter" file="Markdown Post (Hyde\Framework\Testing\Feature\MarkdownPost)::Blog post feed can be rendered when post has no front matter" class="Hyde\Framework\Testing\Feature\MarkdownPostTest" classname="Hyde.Framework.Testing.Feature.MarkdownPostTest" assertions="1" time="0.034319"/>
      </testsuite>
      <testsuite name="Hyde\Framework\Testing\Feature\MarkdownServiceTest" file="Markdown Service (Hyde\Framework\Testing\Feature\MarkdownService)" tests="31" assertions="38" errors="0" failures="0" skipped="0" time="0.768694">
        <testcase name="Service can parse markdown to html" file="Markdown Service (Hyde\Framework\Testing\Feature\MarkdownService)::Service can parse markdown to html" class="Hyde\Framework\Testing\Feature\MarkdownServiceTest" classname="Hyde.Framework.Testing.Feature.MarkdownServiceTest" assertions="2" time="0.043515"/>
        <testcase name="Service can parse markdown to html with permalinks" file="Markdown Service (Hyde\Framework\Testing\Feature\MarkdownService)::Service can parse markdown to html with permalinks" class="Hyde\Framework\Testing\Feature\MarkdownServiceTest" classname="Hyde.Framework.Testing.Feature.MarkdownServiceTest" assertions="2" time="0.025135"/>
        <testcase name="Torchlight extension is not enabled by default" file="Markdown Service (Hyde\Framework\Testing\Feature\MarkdownService)::Torchlight extension is not enabled by default" class="Hyde\Framework\Testing\Feature\MarkdownServiceTest" classname="Hyde.Framework.Testing.Feature.MarkdownServiceTest" assertions="1" time="0.024091"/>
        <testcase name="Torchlight extension is enabled automatically when has torchlight feature" file="Markdown Service (Hyde\Framework\Testing\Feature\MarkdownService)::Torchlight extension is enabled automatically when has torchlight feature" class="Hyde\Framework\Testing\Feature\MarkdownServiceTest" classname="Hyde.Framework.Testing.Feature.MarkdownServiceTest" assertions="1" time="0.025055"/>
        <testcase name="Torchlight integration injects attribution" file="Markdown Service (Hyde\Framework\Testing\Feature\MarkdownService)::Torchlight integration injects attribution" class="Hyde\Framework\Testing\Feature\MarkdownServiceTest" classname="Hyde.Framework.Testing.Feature.MarkdownServiceTest" assertions="1" time="0.025693"/>
        <testcase name="Bladedown is not enabled by default" file="Markdown Service (Hyde\Framework\Testing\Feature\MarkdownService)::Bladedown is not enabled by default" class="Hyde\Framework\Testing\Feature\MarkdownServiceTest" classname="Hyde.Framework.Testing.Feature.MarkdownServiceTest" assertions="1" time="0.025009"/>
        <testcase name="Bladedown can be enabled" file="Markdown Service (Hyde\Framework\Testing\Feature\MarkdownService)::Bladedown can be enabled" class="Hyde\Framework\Testing\Feature\MarkdownServiceTest" classname="Hyde.Framework.Testing.Feature.MarkdownServiceTest" assertions="1" time="0.049361"/>
        <testcase name="Raw html tags are stripped by default" file="Markdown Service (Hyde\Framework\Testing\Feature\MarkdownService)::Raw html tags are stripped by default" class="Hyde\Framework\Testing\Feature\MarkdownServiceTest" classname="Hyde.Framework.Testing.Feature.MarkdownServiceTest" assertions="1" time="0.024928"/>
        <testcase name="Raw html tags are not stripped when explicitly enabled" file="Markdown Service (Hyde\Framework\Testing\Feature\MarkdownService)::Raw html tags are not stripped when explicitly enabled" class="Hyde\Framework\Testing\Feature\MarkdownServiceTest" classname="Hyde.Framework.Testing.Feature.MarkdownServiceTest" assertions="1" time="0.024305"/>
        <testcase name="Has features array" file="Markdown Service (Hyde\Framework\Testing\Feature\MarkdownService)::Has features array" class="Hyde\Framework\Testing\Feature\MarkdownServiceTest" classname="Hyde.Framework.Testing.Feature.MarkdownServiceTest" assertions="1" time="0.021926"/>
        <testcase name="The features array is empty by default" file="Markdown Service (Hyde\Framework\Testing\Feature\MarkdownService)::The features array is empty by default" class="Hyde\Framework\Testing\Feature\MarkdownServiceTest" classname="Hyde.Framework.Testing.Feature.MarkdownServiceTest" assertions="1" time="0.021963"/>
        <testcase name="Features can be added to the array" file="Markdown Service (Hyde\Framework\Testing\Feature\MarkdownService)::Features can be added to the array" class="Hyde\Framework\Testing\Feature\MarkdownServiceTest" classname="Hyde.Framework.Testing.Feature.MarkdownServiceTest" assertions="1" time="0.021980"/>
        <testcase name="Features can be removed from the array" file="Markdown Service (Hyde\Framework\Testing\Feature\MarkdownService)::Features can be removed from the array" class="Hyde\Framework\Testing\Feature\MarkdownServiceTest" classname="Hyde.Framework.Testing.Feature.MarkdownServiceTest" assertions="1" time="0.022206"/>
        <testcase name="Method chaining can be used to programmatically add features to the array" file="Markdown Service (Hyde\Framework\Testing\Feature\MarkdownService)::Method chaining can be used to programmatically add features to the array" class="Hyde\Framework\Testing\Feature\MarkdownServiceTest" classname="Hyde.Framework.Testing.Feature.MarkdownServiceTest" assertions="2" time="0.022537"/>
        <testcase name="Method chaining can be used to programmatically remove features from the array" file="Markdown Service (Hyde\Framework\Testing\Feature\MarkdownService)::Method chaining can be used to programmatically remove features from the array" class="Hyde\Framework\Testing\Feature\MarkdownServiceTest" classname="Hyde.Framework.Testing.Feature.MarkdownServiceTest" assertions="2" time="0.022308"/>
        <testcase name="Method with table of contents method chain adds the table of contents feature" file="Markdown Service (Hyde\Framework\Testing\Feature\MarkdownService)::Method with table of contents method chain adds the table of contents feature" class="Hyde\Framework\Testing\Feature\MarkdownServiceTest" classname="Hyde.Framework.Testing.Feature.MarkdownServiceTest" assertions="1" time="0.022140"/>
        <testcase name="Method with permalinks method chain adds the permalinks feature" file="Markdown Service (Hyde\Framework\Testing\Feature\MarkdownService)::Method with permalinks method chain adds the permalinks feature" class="Hyde\Framework\Testing\Feature\MarkdownServiceTest" classname="Hyde.Framework.Testing.Feature.MarkdownServiceTest" assertions="1" time="0.022176"/>
        <testcase name="Has feature returns true if the feature is in the array" file="Markdown Service (Hyde\Framework\Testing\Feature\MarkdownService)::Has feature returns true if the feature is in the array" class="Hyde\Framework\Testing\Feature\MarkdownServiceTest" classname="Hyde.Framework.Testing.Feature.MarkdownServiceTest" assertions="1" time="0.022035"/>
        <testcase name="Has feature returns false if the feature is not in the array" file="Markdown Service (Hyde\Framework\Testing\Feature\MarkdownService)::Has feature returns false if the feature is not in the array" class="Hyde\Framework\Testing\Feature\MarkdownServiceTest" classname="Hyde.Framework.Testing.Feature.MarkdownServiceTest" assertions="1" time="0.022013"/>
        <testcase name="Method can enable permalinks returns true if the permalinks feature is in the array" file="Markdown Service (Hyde\Framework\Testing\Feature\MarkdownService)::Method can enable permalinks returns true if the permalinks feature is in the array" class="Hyde\Framework\Testing\Feature\MarkdownServiceTest" classname="Hyde.Framework.Testing.Feature.MarkdownServiceTest" assertions="1" time="0.021990"/>
        <testcase name="Method can enable permalinks is automatically for documentation pages" file="Markdown Service (Hyde\Framework\Testing\Feature\MarkdownService)::Method can enable permalinks is automatically for documentation pages" class="Hyde\Framework\Testing\Feature\MarkdownServiceTest" classname="Hyde.Framework.Testing.Feature.MarkdownServiceTest" assertions="1" time="0.022711"/>
        <testcase name="Method can enable permalinks returns false if the permalinks feature is not in the array" file="Markdown Service (Hyde\Framework\Testing\Feature\MarkdownService)::Method can enable permalinks returns false if the permalinks feature is not in the array" class="Hyde\Framework\Testing\Feature\MarkdownServiceTest" classname="Hyde.Framework.Testing.Feature.MarkdownServiceTest" assertions="1" time="0.023031"/>
        <testcase name="Method can enable torchlight returns true if the torchlight feature is in the array" file="Markdown Service (Hyde\Framework\Testing\Feature\MarkdownService)::Method can enable torchlight returns true if the torchlight feature is in the array" class="Hyde\Framework\Testing\Feature\MarkdownServiceTest" classname="Hyde.Framework.Testing.Feature.MarkdownServiceTest" assertions="1" time="0.022265"/>
        <testcase name="Method can enable torchlight returns false if the torchlight feature is not in the array" file="Markdown Service (Hyde\Framework\Testing\Feature\MarkdownService)::Method can enable torchlight returns false if the torchlight feature is not in the array" class="Hyde\Framework\Testing\Feature\MarkdownServiceTest" classname="Hyde.Framework.Testing.Feature.MarkdownServiceTest" assertions="1" time="0.022127"/>
        <testcase name="Strip indentation method with unindented markdown" file="Markdown Service (Hyde\Framework\Testing\Feature\MarkdownService)::Strip indentation method with unindented markdown" class="Hyde\Framework\Testing\Feature\MarkdownServiceTest" classname="Hyde.Framework.Testing.Feature.MarkdownServiceTest" assertions="1" time="0.022155"/>
        <testcase name="Strip indentation method with indented markdown" file="Markdown Service (Hyde\Framework\Testing\Feature\MarkdownService)::Strip indentation method with indented markdown" class="Hyde\Framework\Testing\Feature\MarkdownServiceTest" classname="Hyde.Framework.Testing.Feature.MarkdownServiceTest" assertions="3" time="0.022997"/>
        <testcase name="Strip indentation method with tab indented markdown" file="Markdown Service (Hyde\Framework\Testing\Feature\MarkdownService)::Strip indentation method with tab indented markdown" class="Hyde\Framework\Testing\Feature\MarkdownServiceTest" classname="Hyde.Framework.Testing.Feature.MarkdownServiceTest" assertions="1" time="0.023187"/>
        <testcase name="Strip indentation method with carriage return line feed" file="Markdown Service (Hyde\Framework\Testing\Feature\MarkdownService)::Strip indentation method with carriage return line feed" class="Hyde\Framework\Testing\Feature\MarkdownServiceTest" classname="Hyde.Framework.Testing.Feature.MarkdownServiceTest" assertions="1" time="0.023408"/>
        <testcase name="Strip indentation method with code indentation" file="Markdown Service (Hyde\Framework\Testing\Feature\MarkdownService)::Strip indentation method with code indentation" class="Hyde\Framework\Testing\Feature\MarkdownServiceTest" classname="Hyde.Framework.Testing.Feature.MarkdownServiceTest" assertions="1" time="0.031693"/>
        <testcase name="Strip indentation method with empty newlines" file="Markdown Service (Hyde\Framework\Testing\Feature\MarkdownService)::Strip indentation method with empty newlines" class="Hyde\Framework\Testing\Feature\MarkdownServiceTest" classname="Hyde.Framework.Testing.Feature.MarkdownServiceTest" assertions="2" time="0.022704"/>
        <testcase name="Strip indentation method with trailing newline" file="Markdown Service (Hyde\Framework\Testing\Feature\MarkdownService)::Strip indentation method with trailing newline" class="Hyde\Framework\Testing\Feature\MarkdownServiceTest" classname="Hyde.Framework.Testing.Feature.MarkdownServiceTest" assertions="1" time="0.022052"/>
      </testsuite>
      <testsuite name="Hyde\Framework\Testing\Feature\MetadataTest" file="Metadata (Hyde\Framework\Testing\Feature\Metadata)" tests="54" assertions="69" errors="0" failures="0" skipped="0" time="1.357737">
        <testcase name="Metadata object is generated automatically" file="Metadata (Hyde\Framework\Testing\Feature\Metadata)::Metadata object is generated automatically" class="Hyde\Framework\Testing\Feature\MetadataTest" classname="Hyde.Framework.Testing.Feature.MetadataTest" assertions="3" time="0.065403"/>
        <testcase name="Link item model" file="Metadata (Hyde\Framework\Testing\Feature\Metadata)::Link item model" class="Hyde\Framework\Testing\Feature\MetadataTest" classname="Hyde.Framework.Testing.Feature.MetadataTest" assertions="3" time="0.022937"/>
        <testcase name="Metadata item model" file="Metadata (Hyde\Framework\Testing\Feature\Metadata)::Metadata item model" class="Hyde\Framework\Testing\Feature\MetadataTest" classname="Hyde.Framework.Testing.Feature.MetadataTest" assertions="2" time="0.022344"/>
        <testcase name="Open graph item model" file="Metadata (Hyde\Framework\Testing\Feature\Metadata)::Open graph item model" class="Hyde\Framework\Testing\Feature\MetadataTest" classname="Hyde.Framework.Testing.Feature.MetadataTest" assertions="3" time="0.022666"/>
        <testcase name="Link item can be added" file="Metadata (Hyde\Framework\Testing\Feature\Metadata)::Link item can be added" class="Hyde\Framework\Testing\Feature\MetadataTest" classname="Hyde.Framework.Testing.Feature.MetadataTest" assertions="1" time="0.023537"/>
        <testcase name="Metadata item can be added" file="Metadata (Hyde\Framework\Testing\Feature\Metadata)::Metadata item can be added" class="Hyde\Framework\Testing\Feature\MetadataTest" classname="Hyde.Framework.Testing.Feature.MetadataTest" assertions="1" time="0.024299"/>
        <testcase name="Open graph item can be added" file="Metadata (Hyde\Framework\Testing\Feature\Metadata)::Open graph item can be added" class="Hyde\Framework\Testing\Feature\MetadataTest" classname="Hyde.Framework.Testing.Feature.MetadataTest" assertions="1" time="0.023910"/>
        <testcase name="Generic item can be added" file="Metadata (Hyde\Framework\Testing\Feature\Metadata)::Generic item can be added" class="Hyde\Framework\Testing\Feature\MetadataTest" classname="Hyde.Framework.Testing.Feature.MetadataTest" assertions="1" time="0.023625"/>
        <testcase name="Multiple items can be accessed with get method" file="Metadata (Hyde\Framework\Testing\Feature\Metadata)::Multiple items can be accessed with get method" class="Hyde\Framework\Testing\Feature\MetadataTest" classname="Hyde.Framework.Testing.Feature.MetadataTest" assertions="1" time="0.023946"/>
        <testcase name="Multiple items of same key and type only keeps latest" file="Metadata (Hyde\Framework\Testing\Feature\Metadata)::Multiple items of same key and type only keeps latest" class="Hyde\Framework\Testing\Feature\MetadataTest" classname="Hyde.Framework.Testing.Feature.MetadataTest" assertions="1" time="0.023445"/>
        <testcase name="Render returns html string of imploded metadata arrays" file="Metadata (Hyde\Framework\Testing\Feature\Metadata)::Render returns html string of imploded metadata arrays" class="Hyde\Framework\Testing\Feature\MetadataTest" classname="Hyde.Framework.Testing.Feature.MetadataTest" assertions="1" time="0.023291"/>
        <testcase name="Custom metadata overrides config defined metadata" file="Metadata (Hyde\Framework\Testing\Feature\Metadata)::Custom metadata overrides config defined metadata" class="Hyde\Framework\Testing\Feature\MetadataTest" classname="Hyde.Framework.Testing.Feature.MetadataTest" assertions="1" time="0.023454"/>
        <testcase name="Dynamic metadata overrides config defined metadata" file="Metadata (Hyde\Framework\Testing\Feature\Metadata)::Dynamic metadata overrides config defined metadata" class="Hyde\Framework\Testing\Feature\MetadataTest" classname="Hyde.Framework.Testing.Feature.MetadataTest" assertions="1" time="0.023396"/>
        <testcase name="Does not add canonical link when base url is not set" file="Metadata (Hyde\Framework\Testing\Feature\Metadata)::Does not add canonical link when base url is not set" class="Hyde\Framework\Testing\Feature\MetadataTest" classname="Hyde.Framework.Testing.Feature.MetadataTest" assertions="1" time="0.023288"/>
        <testcase name="Does not add canonical link when identifier is not set" file="Metadata (Hyde\Framework\Testing\Feature\Metadata)::Does not add canonical link when identifier is not set" class="Hyde\Framework\Testing\Feature\MetadataTest" classname="Hyde.Framework.Testing.Feature.MetadataTest" assertions="1" time="0.023296"/>
        <testcase name="Adds canonical link when base url and identifier is set" file="Metadata (Hyde\Framework\Testing\Feature\Metadata)::Adds canonical link when base url and identifier is set" class="Hyde\Framework\Testing\Feature\MetadataTest" classname="Hyde.Framework.Testing.Feature.MetadataTest" assertions="1" time="0.023661"/>
        <testcase name="Canonical link uses clean url setting" file="Metadata (Hyde\Framework\Testing\Feature\Metadata)::Canonical link uses clean url setting" class="Hyde\Framework\Testing\Feature\MetadataTest" classname="Hyde.Framework.Testing.Feature.MetadataTest" assertions="1" time="0.023859"/>
        <testcase name="Can override canonical link with front matter" file="Metadata (Hyde\Framework\Testing\Feature\Metadata)::Can override canonical link with front matter" class="Hyde\Framework\Testing\Feature\MetadataTest" classname="Hyde.Framework.Testing.Feature.MetadataTest" assertions="1" time="0.023714"/>
        <testcase name="Adds twitter and open graph title when title is set" file="Metadata (Hyde\Framework\Testing\Feature\Metadata)::Adds twitter and open graph title when title is set" class="Hyde\Framework\Testing\Feature\MetadataTest" classname="Hyde.Framework.Testing.Feature.MetadataTest" assertions="1" time="0.032447"/>
        <testcase name="Does not add twitter and open graph title when no title is set" file="Metadata (Hyde\Framework\Testing\Feature\Metadata)::Does not add twitter and open graph title when no title is set" class="Hyde\Framework\Testing\Feature\MetadataTest" classname="Hyde.Framework.Testing.Feature.MetadataTest" assertions="1" time="0.023560"/>
        <testcase name="Adds description when description is set in post" file="Metadata (Hyde\Framework\Testing\Feature\Metadata)::Adds description when description is set in post" class="Hyde\Framework\Testing\Feature\MetadataTest" classname="Hyde.Framework.Testing.Feature.MetadataTest" assertions="2" time="0.023671"/>
        <testcase name="Does not add description when description is not set in post" file="Metadata (Hyde\Framework\Testing\Feature\Metadata)::Does not add description when description is not set in post" class="Hyde\Framework\Testing\Feature\MetadataTest" classname="Hyde.Framework.Testing.Feature.MetadataTest" assertions="2" time="0.023825"/>
        <testcase name="Adds description when description is set in markdown page" file="Metadata (Hyde\Framework\Testing\Feature\Metadata)::Adds description when description is set in markdown page" class="Hyde\Framework\Testing\Feature\MetadataTest" classname="Hyde.Framework.Testing.Feature.MetadataTest" assertions="2" time="0.023907"/>
        <testcase name="Does not add description when description is not set in markdown page" file="Metadata (Hyde\Framework\Testing\Feature\Metadata)::Does not add description when description is not set in markdown page" class="Hyde\Framework\Testing\Feature\MetadataTest" classname="Hyde.Framework.Testing.Feature.MetadataTest" assertions="2" time="0.023785"/>
        <testcase name="Adds description when description is set in blade page" file="Metadata (Hyde\Framework\Testing\Feature\Metadata)::Adds description when description is set in blade page" class="Hyde\Framework\Testing\Feature\MetadataTest" classname="Hyde.Framework.Testing.Feature.MetadataTest" assertions="2" time="0.023624"/>
        <testcase name="Does not add description when description is not set in blade page" file="Metadata (Hyde\Framework\Testing\Feature\Metadata)::Does not add description when description is not set in blade page" class="Hyde\Framework\Testing\Feature\MetadataTest" classname="Hyde.Framework.Testing.Feature.MetadataTest" assertions="2" time="0.023559"/>
        <testcase name="Adds description when description is set in documentation page" file="Metadata (Hyde\Framework\Testing\Feature\Metadata)::Adds description when description is set in documentation page" class="Hyde\Framework\Testing\Feature\MetadataTest" classname="Hyde.Framework.Testing.Feature.MetadataTest" assertions="2" time="0.023804"/>
        <testcase name="Does not add description when description is not set in documentation page" file="Metadata (Hyde\Framework\Testing\Feature\Metadata)::Does not add description when description is not set in documentation page" class="Hyde\Framework\Testing\Feature\MetadataTest" classname="Hyde.Framework.Testing.Feature.MetadataTest" assertions="2" time="0.023458"/>
        <testcase name="Adds author when author is set in post" file="Metadata (Hyde\Framework\Testing\Feature\Metadata)::Adds author when author is set in post" class="Hyde\Framework\Testing\Feature\MetadataTest" classname="Hyde.Framework.Testing.Feature.MetadataTest" assertions="1" time="0.024034"/>
        <testcase name="Does not add author when author is not set in post" file="Metadata (Hyde\Framework\Testing\Feature\Metadata)::Does not add author when author is not set in post" class="Hyde\Framework\Testing\Feature\MetadataTest" classname="Hyde.Framework.Testing.Feature.MetadataTest" assertions="1" time="0.024339"/>
        <testcase name="Adds keywords when category is set in post" file="Metadata (Hyde\Framework\Testing\Feature\Metadata)::Adds keywords when category is set in post" class="Hyde\Framework\Testing\Feature\MetadataTest" classname="Hyde.Framework.Testing.Feature.MetadataTest" assertions="1" time="0.023858"/>
        <testcase name="Does not add keywords when category is not set in post" file="Metadata (Hyde\Framework\Testing\Feature\Metadata)::Does not add keywords when category is not set in post" class="Hyde\Framework\Testing\Feature\MetadataTest" classname="Hyde.Framework.Testing.Feature.MetadataTest" assertions="1" time="0.023730"/>
        <testcase name="Adds url property when canonical url is set in post" file="Metadata (Hyde\Framework\Testing\Feature\Metadata)::Adds url property when canonical url is set in post" class="Hyde\Framework\Testing\Feature\MetadataTest" classname="Hyde.Framework.Testing.Feature.MetadataTest" assertions="1" time="0.025270"/>
        <testcase name="Does not add url property when canonical url is not set in post" file="Metadata (Hyde\Framework\Testing\Feature\Metadata)::Does not add url property when canonical url is not set in post" class="Hyde\Framework\Testing\Feature\MetadataTest" classname="Hyde.Framework.Testing.Feature.MetadataTest" assertions="1" time="0.025317"/>
        <testcase name="Does not add url property when canonical url is null" file="Metadata (Hyde\Framework\Testing\Feature\Metadata)::Does not add url property when canonical url is null" class="Hyde\Framework\Testing\Feature\MetadataTest" classname="Hyde.Framework.Testing.Feature.MetadataTest" assertions="1" time="0.024737"/>
        <testcase name="Adds title property when title is set in post" file="Metadata (Hyde\Framework\Testing\Feature\Metadata)::Adds title property when title is set in post" class="Hyde\Framework\Testing\Feature\MetadataTest" classname="Hyde.Framework.Testing.Feature.MetadataTest" assertions="1" time="0.025333"/>
        <testcase name="Does not add title property when title is not set in post" file="Metadata (Hyde\Framework\Testing\Feature\Metadata)::Does not add title property when title is not set in post" class="Hyde\Framework\Testing\Feature\MetadataTest" classname="Hyde.Framework.Testing.Feature.MetadataTest" assertions="1" time="0.025008"/>
        <testcase name="Adds published time property when date is set in post" file="Metadata (Hyde\Framework\Testing\Feature\Metadata)::Adds published time property when date is set in post" class="Hyde\Framework\Testing\Feature\MetadataTest" classname="Hyde.Framework.Testing.Feature.MetadataTest" assertions="1" time="0.024529"/>
        <testcase name="Does not add published time property when date is not set in post" file="Metadata (Hyde\Framework\Testing\Feature\Metadata)::Does not add published time property when date is not set in post" class="Hyde\Framework\Testing\Feature\MetadataTest" classname="Hyde.Framework.Testing.Feature.MetadataTest" assertions="1" time="0.025017"/>
        <testcase name="Adds image property when image is set in post" file="Metadata (Hyde\Framework\Testing\Feature\Metadata)::Adds image property when image is set in post" class="Hyde\Framework\Testing\Feature\MetadataTest" classname="Hyde.Framework.Testing.Feature.MetadataTest" assertions="1" time="0.025658"/>
        <testcase name="Does not add image property when image is not set in post" file="Metadata (Hyde\Framework\Testing\Feature\Metadata)::Does not add image property when image is not set in post" class="Hyde\Framework\Testing\Feature\MetadataTest" classname="Hyde.Framework.Testing.Feature.MetadataTest" assertions="1" time="0.024317"/>
        <testcase name="Adds type property automatically" file="Metadata (Hyde\Framework\Testing\Feature\Metadata)::Adds type property automatically" class="Hyde\Framework\Testing\Feature\MetadataTest" classname="Hyde.Framework.Testing.Feature.MetadataTest" assertions="1" time="0.023931"/>
        <testcase name="Dynamic post meta properties returns base array when initialized with empty front matter" file="Metadata (Hyde\Framework\Testing\Feature\Metadata)::Dynamic post meta properties returns base array when initialized with empty front matter" class="Hyde\Framework\Testing\Feature\MetadataTest" classname="Hyde.Framework.Testing.Feature.MetadataTest" assertions="1" time="0.024456"/>
        <testcase name="Dynamic post meta properties contains image metadata when featured image set to string" file="Metadata (Hyde\Framework\Testing\Feature\Metadata)::Dynamic post meta properties contains image metadata when featured image set to string" class="Hyde\Framework\Testing\Feature\MetadataTest" classname="Hyde.Framework.Testing.Feature.MetadataTest" assertions="1" time="0.025291"/>
        <testcase name="Dynamic post meta properties contains image link that is always relative" file="Metadata (Hyde\Framework\Testing\Feature\Metadata)::Dynamic post meta properties contains image link that is always relative" class="Hyde\Framework\Testing\Feature\MetadataTest" classname="Hyde.Framework.Testing.Feature.MetadataTest" assertions="1" time="0.024465"/>
        <testcase name="Dynamic post meta properties contains image link that is always relative for nested posts" file="Metadata (Hyde\Framework\Testing\Feature\Metadata)::Dynamic post meta properties contains image link that is always relative for nested posts" class="Hyde\Framework\Testing\Feature\MetadataTest" classname="Hyde.Framework.Testing.Feature.MetadataTest" assertions="1" time="0.024930"/>
        <testcase name="Dynamic post meta properties contains image link that is always relative for nested output directories" file="Metadata (Hyde\Framework\Testing\Feature\Metadata)::Dynamic post meta properties contains image link that is always relative for nested output directories" class="Hyde\Framework\Testing\Feature\MetadataTest" classname="Hyde.Framework.Testing.Feature.MetadataTest" assertions="1" time="0.036262"/>
        <testcase name="Dynamic post meta properties contains image link that is always relative for nested posts and nested output directories" file="Metadata (Hyde\Framework\Testing\Feature\Metadata)::Dynamic post meta properties contains image link that is always relative for nested posts and nested output directories" class="Hyde\Framework\Testing\Feature\MetadataTest" classname="Hyde.Framework.Testing.Feature.MetadataTest" assertions="1" time="0.024891"/>
        <testcase name="Dynamic post meta properties contains image link that uses the configured media directory" file="Metadata (Hyde\Framework\Testing\Feature\Metadata)::Dynamic post meta properties contains image link that uses the configured media directory" class="Hyde\Framework\Testing\Feature\MetadataTest" classname="Hyde.Framework.Testing.Feature.MetadataTest" assertions="1" time="0.024073"/>
        <testcase name="Dynamic post meta properties contains image metadata when featured image set to array with path" file="Metadata (Hyde\Framework\Testing\Feature\Metadata)::Dynamic post meta properties contains image metadata when featured image set to array with path" class="Hyde\Framework\Testing\Feature\MetadataTest" classname="Hyde.Framework.Testing.Feature.MetadataTest" assertions="1" time="0.023966"/>
        <testcase name="Dynamic post meta properties contains image metadata when featured image set to array with url" file="Metadata (Hyde\Framework\Testing\Feature\Metadata)::Dynamic post meta properties contains image metadata when featured image set to array with url" class="Hyde\Framework\Testing\Feature\MetadataTest" classname="Hyde.Framework.Testing.Feature.MetadataTest" assertions="1" time="0.023695"/>
        <testcase name="Dynamic post author returns author name when author set to array using username" file="Metadata (Hyde\Framework\Testing\Feature\Metadata)::Dynamic post author returns author name when author set to array using username" class="Hyde\Framework\Testing\Feature\MetadataTest" classname="Hyde.Framework.Testing.Feature.MetadataTest" assertions="1" time="0.023582"/>
        <testcase name="Dynamic post author returns author name when author set to array using name" file="Metadata (Hyde\Framework\Testing\Feature\Metadata)::Dynamic post author returns author name when author set to array using name" class="Hyde\Framework\Testing\Feature\MetadataTest" classname="Hyde.Framework.Testing.Feature.MetadataTest" assertions="1" time="0.023670"/>
        <testcase name="No author is set when author set to array without name or username" file="Metadata (Hyde\Framework\Testing\Feature\Metadata)::No author is set when author set to array without name or username" class="Hyde\Framework\Testing\Feature\MetadataTest" classname="Hyde.Framework.Testing.Feature.MetadataTest" assertions="1" time="0.023665"/>
      </testsuite>
      <testsuite name="Hyde\Framework\Testing\Feature\NavigationDataTest" file="Navigation Data (Hyde\Framework\Testing\Feature\NavigationData)" tests="6" assertions="12" errors="0" failures="0" skipped="0" time="0.084402">
        <testcase name="Class matches schema" file="Navigation Data (Hyde\Framework\Testing\Feature\NavigationData)::Class matches schema" class="Hyde\Framework\Testing\Feature\NavigationDataTest" classname="Hyde.Framework.Testing.Feature.NavigationDataTest" assertions="1" time="0.073559"/>
        <testcase name="Construct" file="Navigation Data (Hyde\Framework\Testing\Feature\NavigationData)::Construct" class="Hyde\Framework\Testing\Feature\NavigationDataTest" classname="Hyde.Framework.Testing.Feature.NavigationDataTest" assertions="4" time="0.002238"/>
        <testcase name="Construct with different data" file="Navigation Data (Hyde\Framework\Testing\Feature\NavigationData)::Construct with different data" class="Hyde\Framework\Testing\Feature\NavigationDataTest" classname="Hyde.Framework.Testing.Feature.NavigationDataTest" assertions="4" time="0.002194"/>
        <testcase name="Make" file="Navigation Data (Hyde\Framework\Testing\Feature\NavigationData)::Make" class="Hyde\Framework\Testing\Feature\NavigationDataTest" classname="Hyde.Framework.Testing.Feature.NavigationDataTest" assertions="1" time="0.002099"/>
        <testcase name="To array" file="Navigation Data (Hyde\Framework\Testing\Feature\NavigationData)::To array" class="Hyde\Framework\Testing\Feature\NavigationDataTest" classname="Hyde.Framework.Testing.Feature.NavigationDataTest" assertions="1" time="0.002067"/>
        <testcase name="Json serialize" file="Navigation Data (Hyde\Framework\Testing\Feature\NavigationData)::Json serialize" class="Hyde\Framework\Testing\Feature\NavigationDataTest" classname="Hyde.Framework.Testing.Feature.NavigationDataTest" assertions="1" time="0.002245"/>
      </testsuite>
      <testsuite name="Hyde\Framework\Testing\Feature\NavigationMenuTest" file="Navigation Menu (Hyde\Framework\Testing\Feature\NavigationMenu)" tests="32" assertions="52" errors="0" failures="0" skipped="0" time="0.974333">
        <testcase name="Constructor" file="Navigation Menu (Hyde\Framework\Testing\Feature\NavigationMenu)::Constructor" class="Hyde\Framework\Testing\Feature\NavigationMenuTest" classname="Hyde.Framework.Testing.Feature.NavigationMenuTest" assertions="1" time="0.035213"/>
        <testcase name="Generate method creates collection of nav items" file="Navigation Menu (Hyde\Framework\Testing\Feature\NavigationMenu)::Generate method creates collection of nav items" class="Hyde\Framework\Testing\Feature\NavigationMenuTest" classname="Hyde.Framework.Testing.Feature.NavigationMenuTest" assertions="1" time="0.027973"/>
        <testcase name="Get items returns items" file="Navigation Menu (Hyde\Framework\Testing\Feature\NavigationMenu)::Get items returns items" class="Hyde\Framework\Testing\Feature\NavigationMenuTest" classname="Hyde.Framework.Testing.Feature.NavigationMenuTest" assertions="1" time="0.028292"/>
        <testcase name="Items are sorted by priority" file="Navigation Menu (Hyde\Framework\Testing\Feature\NavigationMenu)::Items are sorted by priority" class="Hyde\Framework\Testing\Feature\NavigationMenuTest" classname="Hyde.Framework.Testing.Feature.NavigationMenuTest" assertions="1" time="0.029672"/>
        <testcase name="Items with hidden property set to true are not added" file="Navigation Menu (Hyde\Framework\Testing\Feature\NavigationMenu)::Items with hidden property set to true are not added" class="Hyde\Framework\Testing\Feature\NavigationMenuTest" classname="Hyde.Framework.Testing.Feature.NavigationMenuTest" assertions="1" time="0.030021"/>
        <testcase name="Created collection is sorted by navigation menu priority" file="Navigation Menu (Hyde\Framework\Testing\Feature\NavigationMenu)::Created collection is sorted by navigation menu priority" class="Hyde\Framework\Testing\Feature\NavigationMenuTest" classname="Hyde.Framework.Testing.Feature.NavigationMenuTest" assertions="2" time="0.033018"/>
        <testcase name="Is sorted automatically when using navigation menu create" file="Navigation Menu (Hyde\Framework\Testing\Feature\NavigationMenu)::Is sorted automatically when using navigation menu create" class="Hyde\Framework\Testing\Feature\NavigationMenuTest" classname="Hyde.Framework.Testing.Feature.NavigationMenuTest" assertions="2" time="0.030540"/>
        <testcase name="Collection only contains nav items" file="Navigation Menu (Hyde\Framework\Testing\Feature\NavigationMenu)::Collection only contains nav items" class="Hyde\Framework\Testing\Feature\NavigationMenuTest" classname="Hyde.Framework.Testing.Feature.NavigationMenuTest" assertions="1" time="0.028722"/>
        <testcase name="External link can be added in config" file="Navigation Menu (Hyde\Framework\Testing\Feature\NavigationMenu)::External link can be added in config" class="Hyde\Framework\Testing\Feature\NavigationMenuTest" classname="Hyde.Framework.Testing.Feature.NavigationMenuTest" assertions="2" time="0.029741"/>
        <testcase name="Path link can be added in config" file="Navigation Menu (Hyde\Framework\Testing\Feature\NavigationMenu)::Path link can be added in config" class="Hyde\Framework\Testing\Feature\NavigationMenuTest" classname="Hyde.Framework.Testing.Feature.NavigationMenuTest" assertions="2" time="0.037975"/>
        <testcase name="Duplicates are removed when adding in config" file="Navigation Menu (Hyde\Framework\Testing\Feature\NavigationMenu)::Duplicates are removed when adding in config" class="Hyde\Framework\Testing\Feature\NavigationMenuTest" classname="Hyde.Framework.Testing.Feature.NavigationMenuTest" assertions="2" time="0.030265"/>
        <testcase name="Duplicates are removed when adding in config regardless of destination" file="Navigation Menu (Hyde\Framework\Testing\Feature\NavigationMenu)::Duplicates are removed when adding in config regardless of destination" class="Hyde\Framework\Testing\Feature\NavigationMenuTest" classname="Hyde.Framework.Testing.Feature.NavigationMenuTest" assertions="2" time="0.029365"/>
        <testcase name="Config items take precedence over generated items" file="Navigation Menu (Hyde\Framework\Testing\Feature\NavigationMenu)::Config items take precedence over generated items" class="Hyde\Framework\Testing\Feature\NavigationMenuTest" classname="Hyde.Framework.Testing.Feature.NavigationMenuTest" assertions="2" time="0.030385"/>
        <testcase name="Documentation pages that are not index are not added to the menu" file="Navigation Menu (Hyde\Framework\Testing\Feature\NavigationMenu)::Documentation pages that are not index are not added to the menu" class="Hyde\Framework\Testing\Feature\NavigationMenuTest" classname="Hyde.Framework.Testing.Feature.NavigationMenuTest" assertions="2" time="0.031790"/>
        <testcase name="Pages in subdirectories are not added to the navigation menu" file="Navigation Menu (Hyde\Framework\Testing\Feature\NavigationMenu)::Pages in subdirectories are not added to the navigation menu" class="Hyde\Framework\Testing\Feature\NavigationMenuTest" classname="Hyde.Framework.Testing.Feature.NavigationMenuTest" assertions="2" time="0.030890"/>
        <testcase name="Pages in subdirectories can be added to the navigation menu with config flat setting" file="Navigation Menu (Hyde\Framework\Testing\Feature\NavigationMenu)::Pages in subdirectories can be added to the navigation menu with config flat setting" class="Hyde\Framework\Testing\Feature\NavigationMenuTest" classname="Hyde.Framework.Testing.Feature.NavigationMenuTest" assertions="2" time="0.031373"/>
        <testcase name="Pages in subdirectories are not added to the navigation menu with config dropdown setting" file="Navigation Menu (Hyde\Framework\Testing\Feature\NavigationMenu)::Pages in subdirectories are not added to the navigation menu with config dropdown setting" class="Hyde\Framework\Testing\Feature\NavigationMenuTest" classname="Hyde.Framework.Testing.Feature.NavigationMenuTest" assertions="2" time="0.031902"/>
        <testcase name="Has dropdowns returns false when there are no dropdowns" file="Navigation Menu (Hyde\Framework\Testing\Feature\NavigationMenu)::Has dropdowns returns false when there are no dropdowns" class="Hyde\Framework\Testing\Feature\NavigationMenuTest" classname="Hyde.Framework.Testing.Feature.NavigationMenuTest" assertions="1" time="0.028100"/>
        <testcase name="Has dropdowns returns true when there are dropdowns" file="Navigation Menu (Hyde\Framework\Testing\Feature\NavigationMenu)::Has dropdowns returns true when there are dropdowns" class="Hyde\Framework\Testing\Feature\NavigationMenuTest" classname="Hyde.Framework.Testing.Feature.NavigationMenuTest" assertions="1" time="0.028717"/>
        <testcase name="Has dropdowns always returns false when dropdowns are disabled" file="Navigation Menu (Hyde\Framework\Testing\Feature\NavigationMenu)::Has dropdowns always returns false when dropdowns are disabled" class="Hyde\Framework\Testing\Feature\NavigationMenuTest" classname="Hyde.Framework.Testing.Feature.NavigationMenuTest" assertions="1" time="0.028591"/>
        <testcase name="Get dropdowns returns empty array there are no dropdowns" file="Navigation Menu (Hyde\Framework\Testing\Feature\NavigationMenu)::Get dropdowns returns empty array there are no dropdowns" class="Hyde\Framework\Testing\Feature\NavigationMenuTest" classname="Hyde.Framework.Testing.Feature.NavigationMenuTest" assertions="2" time="0.028388"/>
        <testcase name="Get dropdowns returns correct array when there are dropdowns" file="Navigation Menu (Hyde\Framework\Testing\Feature\NavigationMenu)::Get dropdowns returns correct array when there are dropdowns" class="Hyde\Framework\Testing\Feature\NavigationMenuTest" classname="Hyde.Framework.Testing.Feature.NavigationMenuTest" assertions="2" time="0.030341"/>
        <testcase name="Get dropdowns with multiple items" file="Navigation Menu (Hyde\Framework\Testing\Feature\NavigationMenu)::Get dropdowns with multiple items" class="Hyde\Framework\Testing\Feature\NavigationMenuTest" classname="Hyde.Framework.Testing.Feature.NavigationMenuTest" assertions="2" time="0.033569"/>
        <testcase name="Get dropdowns with multiple dropdowns" file="Navigation Menu (Hyde\Framework\Testing\Feature\NavigationMenu)::Get dropdowns with multiple dropdowns" class="Hyde\Framework\Testing\Feature\NavigationMenuTest" classname="Hyde.Framework.Testing.Feature.NavigationMenuTest" assertions="2" time="0.033899"/>
        <testcase name="Get dropdowns throws exception when disabled" file="Navigation Menu (Hyde\Framework\Testing\Feature\NavigationMenu)::Get dropdowns throws exception when disabled" class="Hyde\Framework\Testing\Feature\NavigationMenuTest" classname="Hyde.Framework.Testing.Feature.NavigationMenuTest" assertions="2" time="0.028515"/>
        <testcase name="Documentation pages do not get added to dropdowns" file="Navigation Menu (Hyde\Framework\Testing\Feature\NavigationMenu)::Documentation pages do not get added to dropdowns" class="Hyde\Framework\Testing\Feature\NavigationMenuTest" classname="Hyde.Framework.Testing.Feature.NavigationMenuTest" assertions="2" time="0.029310"/>
        <testcase name="Blog posts do not get added to dropdowns" file="Navigation Menu (Hyde\Framework\Testing\Feature\NavigationMenu)::Blog posts do not get added to dropdowns" class="Hyde\Framework\Testing\Feature\NavigationMenuTest" classname="Hyde.Framework.Testing.Feature.NavigationMenuTest" assertions="2" time="0.029351"/>
        <testcase name="Pages in dropdowns do not get added to the main navigation" file="Navigation Menu (Hyde\Framework\Testing\Feature\NavigationMenu)::Pages in dropdowns do not get added to the main navigation" class="Hyde\Framework\Testing\Feature\NavigationMenuTest" classname="Hyde.Framework.Testing.Feature.NavigationMenuTest" assertions="2" time="0.031030"/>
        <testcase name="Dropdown menu items are sorted by priority" file="Navigation Menu (Hyde\Framework\Testing\Feature\NavigationMenu)::Dropdown menu items are sorted by priority" class="Hyde\Framework\Testing\Feature\NavigationMenuTest" classname="Hyde.Framework.Testing.Feature.NavigationMenuTest" assertions="1" time="0.029974"/>
        <testcase name="Has dropdowns returns true when group is explicitly set in front matter" file="Navigation Menu (Hyde\Framework\Testing\Feature\NavigationMenu)::Has dropdowns returns true when group is explicitly set in front matter" class="Hyde\Framework\Testing\Feature\NavigationMenuTest" classname="Hyde.Framework.Testing.Feature.NavigationMenuTest" assertions="1" time="0.029005"/>
        <testcase name="Get dropdowns returns correct array when group is explicitly set in front matter" file="Navigation Menu (Hyde\Framework\Testing\Feature\NavigationMenu)::Get dropdowns returns correct array when group is explicitly set in front matter" class="Hyde\Framework\Testing\Feature\NavigationMenuTest" classname="Hyde.Framework.Testing.Feature.NavigationMenuTest" assertions="2" time="0.029995"/>
        <testcase name="Has dropdowns returns false when group is not explicitly set in front matter" file="Navigation Menu (Hyde\Framework\Testing\Feature\NavigationMenu)::Has dropdowns returns false when group is not explicitly set in front matter" class="Hyde\Framework\Testing\Feature\NavigationMenuTest" classname="Hyde.Framework.Testing.Feature.NavigationMenuTest" assertions="1" time="0.028411"/>
      </testsuite>
      <testsuite name="Hyde\Framework\Testing\Feature\PageCollectionTest" file="Page Collection (Hyde\Framework\Testing\Feature\PageCollection)" tests="12" assertions="38" errors="0" failures="0" skipped="0" time="0.434823">
        <testcase name="Boot method creates new page collection and discovers pages automatically" file="Page Collection (Hyde\Framework\Testing\Feature\PageCollection)::Boot method creates new page collection and discovers pages automatically" class="Hyde\Framework\Testing\Feature\PageCollectionTest" classname="Hyde.Framework.Testing.Feature.PageCollectionTest" assertions="3" time="0.075357"/>
        <testcase name="Blade pages are discovered" file="Page Collection (Hyde\Framework\Testing\Feature\PageCollection)::Blade pages are discovered" class="Hyde\Framework\Testing\Feature\PageCollectionTest" classname="Hyde.Framework.Testing.Feature.PageCollectionTest" assertions="2" time="0.031929"/>
        <testcase name="Markdown pages are discovered" file="Page Collection (Hyde\Framework\Testing\Feature\PageCollection)::Markdown pages are discovered" class="Hyde\Framework\Testing\Feature\PageCollectionTest" classname="Hyde.Framework.Testing.Feature.PageCollectionTest" assertions="2" time="0.032856"/>
        <testcase name="Markdown posts are discovered" file="Page Collection (Hyde\Framework\Testing\Feature\PageCollection)::Markdown posts are discovered" class="Hyde\Framework\Testing\Feature\PageCollectionTest" classname="Hyde.Framework.Testing.Feature.PageCollectionTest" assertions="2" time="0.034433"/>
        <testcase name="Documentation pages are discovered" file="Page Collection (Hyde\Framework\Testing\Feature\PageCollection)::Documentation pages are discovered" class="Hyde\Framework\Testing\Feature\PageCollectionTest" classname="Hyde.Framework.Testing.Feature.PageCollectionTest" assertions="2" time="0.032926"/>
        <testcase name="Get page returns parsed page object for given source path" file="Page Collection (Hyde\Framework\Testing\Feature\PageCollection)::Get page returns parsed page object for given source path" class="Hyde\Framework\Testing\Feature\PageCollectionTest" classname="Hyde.Framework.Testing.Feature.PageCollectionTest" assertions="1" time="0.029986"/>
        <testcase name="Get pages returns collection of pages of given class" file="Page Collection (Hyde\Framework\Testing\Feature\PageCollection)::Get pages returns collection of pages of given class" class="Hyde\Framework\Testing\Feature\PageCollectionTest" classname="Hyde.Framework.Testing.Feature.PageCollectionTest" assertions="11" time="0.043558"/>
        <testcase name="Get pages returns all pages when not supplied with class string" file="Page Collection (Hyde\Framework\Testing\Feature\PageCollection)::Get pages returns all pages when not supplied with class string" class="Hyde\Framework\Testing\Feature\PageCollectionTest" classname="Hyde.Framework.Testing.Feature.PageCollectionTest" assertions="6" time="0.039083"/>
        <testcase name="Get pages returns empty collection when no pages are discovered" file="Page Collection (Hyde\Framework\Testing\Feature\PageCollection)::Get pages returns empty collection when no pages are discovered" class="Hyde\Framework\Testing\Feature\PageCollectionTest" classname="Hyde.Framework.Testing.Feature.PageCollectionTest" assertions="1" time="0.025544"/>
        <testcase name="Pages are not discovered for disabled features" file="Page Collection (Hyde\Framework\Testing\Feature\PageCollection)::Pages are not discovered for disabled features" class="Hyde\Framework\Testing\Feature\PageCollectionTest" classname="Hyde.Framework.Testing.Feature.PageCollectionTest" assertions="1" time="0.023046"/>
        <testcase name="Pages with custom source directories are discovered properly" file="Page Collection (Hyde\Framework\Testing\Feature\PageCollection)::Pages with custom source directories are discovered properly" class="Hyde\Framework\Testing\Feature\PageCollectionTest" classname="Hyde.Framework.Testing.Feature.PageCollectionTest" assertions="5" time="0.038084"/>
        <testcase name="Get file throws exception when file is not found" file="Page Collection (Hyde\Framework\Testing\Feature\PageCollection)::Get file throws exception when file is not found" class="Hyde\Framework\Testing\Feature\PageCollectionTest" classname="Hyde.Framework.Testing.Feature.PageCollectionTest" assertions="2" time="0.028021"/>
      </testsuite>
      <testsuite name="Hyde\Framework\Testing\Feature\PaginatorTest" file="Paginator (Hyde\Framework\Testing\Feature\Paginator)" tests="32" assertions="60" errors="0" failures="0" skipped="0" time="0.804247">
        <testcase name="It can be instantiated" file="Paginator (Hyde\Framework\Testing\Feature\Paginator)::It can be instantiated" class="Hyde\Framework\Testing\Feature\PaginatorTest" classname="Hyde.Framework.Testing.Feature.PaginatorTest" assertions="1" time="0.071440"/>
        <testcase name="Get paginated page collection" file="Paginator (Hyde\Framework\Testing\Feature\Paginator)::Get paginated page collection" class="Hyde\Framework\Testing\Feature\PaginatorTest" classname="Hyde.Framework.Testing.Feature.PaginatorTest" assertions="1" time="0.022921"/>
        <testcase name="Get paginated page collection with pages" file="Paginator (Hyde\Framework\Testing\Feature\Paginator)::Get paginated page collection with pages" class="Hyde\Framework\Testing\Feature\PaginatorTest" classname="Hyde.Framework.Testing.Feature.PaginatorTest" assertions="4" time="0.023572"/>
        <testcase name="Collection is chunked by specified setting value" file="Paginator (Hyde\Framework\Testing\Feature\Paginator)::Collection is chunked by specified setting value" class="Hyde\Framework\Testing\Feature\PaginatorTest" classname="Hyde.Framework.Testing.Feature.PaginatorTest" assertions="3" time="0.022117"/>
        <testcase name="Get items for page returns the correct chunk" file="Paginator (Hyde\Framework\Testing\Feature\Paginator)::Get items for page returns the correct chunk" class="Hyde\Framework\Testing\Feature\PaginatorTest" classname="Hyde.Framework.Testing.Feature.PaginatorTest" assertions="10" time="0.024871"/>
        <testcase name="Can get current page number" file="Paginator (Hyde\Framework\Testing\Feature\Paginator)::Can get current page number" class="Hyde\Framework\Testing\Feature\PaginatorTest" classname="Hyde.Framework.Testing.Feature.PaginatorTest" assertions="1" time="0.022085"/>
        <testcase name="Can set current page number" file="Paginator (Hyde\Framework\Testing\Feature\Paginator)::Can set current page number" class="Hyde\Framework\Testing\Feature\PaginatorTest" classname="Hyde.Framework.Testing.Feature.PaginatorTest" assertions="1" time="0.022030"/>
        <testcase name="Set current page number requires integer to be greater than nought" file="Paginator (Hyde\Framework\Testing\Feature\Paginator)::Set current page number requires integer to be greater than nought" class="Hyde\Framework\Testing\Feature\PaginatorTest" classname="Hyde.Framework.Testing.Feature.PaginatorTest" assertions="1" time="0.022971"/>
        <testcase name="Set current page number requires integer to be greater than nought" file="Paginator (Hyde\Framework\Testing\Feature\Paginator)::Set current page number requires integer to be greater than nought" class="Hyde\Framework\Testing\Feature\PaginatorTest" classname="Hyde.Framework.Testing.Feature.PaginatorTest" assertions="1" time="0.024446"/>
        <testcase name="Set current page number requires integer to be less than total pages" file="Paginator (Hyde\Framework\Testing\Feature\Paginator)::Set current page number requires integer to be less than total pages" class="Hyde\Framework\Testing\Feature\PaginatorTest" classname="Hyde.Framework.Testing.Feature.PaginatorTest" assertions="2" time="0.022827"/>
        <testcase name="Cannot set invalid current page number in constructor" file="Paginator (Hyde\Framework\Testing\Feature\Paginator)::Cannot set invalid current page number in constructor" class="Hyde\Framework\Testing\Feature\PaginatorTest" classname="Hyde.Framework.Testing.Feature.PaginatorTest" assertions="1" time="0.022055"/>
        <testcase name="Last page returns the last page number" file="Paginator (Hyde\Framework\Testing\Feature\Paginator)::Last page returns the last page number" class="Hyde\Framework\Testing\Feature\PaginatorTest" classname="Hyde.Framework.Testing.Feature.PaginatorTest" assertions="1" time="0.022131"/>
        <testcase name="Total pages returns the total number of pages" file="Paginator (Hyde\Framework\Testing\Feature\Paginator)::Total pages returns the total number of pages" class="Hyde\Framework\Testing\Feature\PaginatorTest" classname="Hyde.Framework.Testing.Feature.PaginatorTest" assertions="1" time="0.021992"/>
        <testcase name="Per page returns the number of items to be shown per page" file="Paginator (Hyde\Framework\Testing\Feature\Paginator)::Per page returns the number of items to be shown per page" class="Hyde\Framework\Testing\Feature\PaginatorTest" classname="Hyde.Framework.Testing.Feature.PaginatorTest" assertions="1" time="0.021897"/>
        <testcase name="Has multiple pages returns true if there are enough items to split into multiple pages" file="Paginator (Hyde\Framework\Testing\Feature\Paginator)::Has multiple pages returns true if there are enough items to split into multiple pages" class="Hyde\Framework\Testing\Feature\PaginatorTest" classname="Hyde.Framework.Testing.Feature.PaginatorTest" assertions="1" time="0.022062"/>
        <testcase name="Has pages returns false if there are not enough items to split into multiple pages" file="Paginator (Hyde\Framework\Testing\Feature\Paginator)::Has pages returns false if there are not enough items to split into multiple pages" class="Hyde\Framework\Testing\Feature\PaginatorTest" classname="Hyde.Framework.Testing.Feature.PaginatorTest" assertions="1" time="0.023180"/>
        <testcase name="Has more pages returns true if cursor can navigate forward" file="Paginator (Hyde\Framework\Testing\Feature\Paginator)::Has more pages returns true if cursor can navigate forward" class="Hyde\Framework\Testing\Feature\PaginatorTest" classname="Hyde.Framework.Testing.Feature.PaginatorTest" assertions="1" time="0.023215"/>
        <testcase name="Has more pages returns false if cursor cannot navigate forward" file="Paginator (Hyde\Framework\Testing\Feature\Paginator)::Has more pages returns false if cursor cannot navigate forward" class="Hyde\Framework\Testing\Feature\PaginatorTest" classname="Hyde.Framework.Testing.Feature.PaginatorTest" assertions="1" time="0.023228"/>
        <testcase name="Has fewer pages returns true if cursor can navigate back" file="Paginator (Hyde\Framework\Testing\Feature\Paginator)::Has fewer pages returns true if cursor can navigate back" class="Hyde\Framework\Testing\Feature\PaginatorTest" classname="Hyde.Framework.Testing.Feature.PaginatorTest" assertions="1" time="0.022605"/>
        <testcase name="Has fewer pages returns false if cursor cannot navigate back" file="Paginator (Hyde\Framework\Testing\Feature\Paginator)::Has fewer pages returns false if cursor cannot navigate back" class="Hyde\Framework\Testing\Feature\PaginatorTest" classname="Hyde.Framework.Testing.Feature.PaginatorTest" assertions="1" time="0.022237"/>
        <testcase name="Previous method without fewer pages returns false" file="Paginator (Hyde\Framework\Testing\Feature\Paginator)::Previous method without fewer pages returns false" class="Hyde\Framework\Testing\Feature\PaginatorTest" classname="Hyde.Framework.Testing.Feature.PaginatorTest" assertions="1" time="0.022062"/>
        <testcase name="Next method without more pages returns false" file="Paginator (Hyde\Framework\Testing\Feature\Paginator)::Next method without more pages returns false" class="Hyde\Framework\Testing\Feature\PaginatorTest" classname="Hyde.Framework.Testing.Feature.PaginatorTest" assertions="1" time="0.022056"/>
        <testcase name="Previous method returns previous page link when no base route is set" file="Paginator (Hyde\Framework\Testing\Feature\Paginator)::Previous method returns previous page link when no base route is set" class="Hyde\Framework\Testing\Feature\PaginatorTest" classname="Hyde.Framework.Testing.Feature.PaginatorTest" assertions="1" time="0.022997"/>
        <testcase name="Next method returns next page link when no base route is set" file="Paginator (Hyde\Framework\Testing\Feature\Paginator)::Next method returns next page link when no base route is set" class="Hyde\Framework\Testing\Feature\PaginatorTest" classname="Hyde.Framework.Testing.Feature.PaginatorTest" assertions="1" time="0.022436"/>
        <testcase name="Previous and next methods with base route set" file="Paginator (Hyde\Framework\Testing\Feature\Paginator)::Previous and next methods with base route set" class="Hyde\Framework\Testing\Feature\PaginatorTest" classname="Hyde.Framework.Testing.Feature.PaginatorTest" assertions="6" time="0.030302"/>
        <testcase name="Previous number without fewer pages returns false" file="Paginator (Hyde\Framework\Testing\Feature\Paginator)::Previous number without fewer pages returns false" class="Hyde\Framework\Testing\Feature\PaginatorTest" classname="Hyde.Framework.Testing.Feature.PaginatorTest" assertions="1" time="0.033006"/>
        <testcase name="Next number without more pages returns false" file="Paginator (Hyde\Framework\Testing\Feature\Paginator)::Next number without more pages returns false" class="Hyde\Framework\Testing\Feature\PaginatorTest" classname="Hyde.Framework.Testing.Feature.PaginatorTest" assertions="1" time="0.023013"/>
        <testcase name="Previous number returns the previous page number when there is one" file="Paginator (Hyde\Framework\Testing\Feature\Paginator)::Previous number returns the previous page number when there is one" class="Hyde\Framework\Testing\Feature\PaginatorTest" classname="Hyde.Framework.Testing.Feature.PaginatorTest" assertions="1" time="0.024193"/>
        <testcase name="Next number returns the next page number when there is one" file="Paginator (Hyde\Framework\Testing\Feature\Paginator)::Next number returns the next page number when there is one" class="Hyde\Framework\Testing\Feature\PaginatorTest" classname="Hyde.Framework.Testing.Feature.PaginatorTest" assertions="1" time="0.022567"/>
        <testcase name="Get page links" file="Paginator (Hyde\Framework\Testing\Feature\Paginator)::Get page links" class="Hyde\Framework\Testing\Feature\PaginatorTest" classname="Hyde.Framework.Testing.Feature.PaginatorTest" assertions="1" time="0.023642"/>
        <testcase name="Get page links with base route" file="Paginator (Hyde\Framework\Testing\Feature\Paginator)::Get page links with base route" class="Hyde\Framework\Testing\Feature\PaginatorTest" classname="Hyde.Framework.Testing.Feature.PaginatorTest" assertions="1" time="0.030723"/>
        <testcase name="First item number on page" file="Paginator (Hyde\Framework\Testing\Feature\Paginator)::First item number on page" class="Hyde\Framework\Testing\Feature\PaginatorTest" classname="Hyde.Framework.Testing.Feature.PaginatorTest" assertions="9" time="0.023368"/>
      </testsuite>
      <testsuite name="Hyde\Framework\Testing\Feature\PharSupportTest" file="Phar Support (Hyde\Framework\Testing\Feature\PharSupport)" tests="6" assertions="8" errors="0" failures="0" skipped="0" time="0.177687">
        <testcase name="Active" file="Phar Support (Hyde\Framework\Testing\Feature\PharSupport)::Active" class="Hyde\Framework\Testing\Feature\PharSupportTest" classname="Hyde.Framework.Testing.Feature.PharSupportTest" assertions="1" time="0.067447"/>
        <testcase name="Mock active" file="Phar Support (Hyde\Framework\Testing\Feature\PharSupport)::Mock active" class="Hyde\Framework\Testing\Feature\PharSupportTest" classname="Hyde.Framework.Testing.Feature.PharSupportTest" assertions="2" time="0.022431"/>
        <testcase name="Has vendor directory" file="Phar Support (Hyde\Framework\Testing\Feature\PharSupport)::Has vendor directory" class="Hyde\Framework\Testing\Feature\PharSupportTest" classname="Hyde.Framework.Testing.Feature.PharSupportTest" assertions="1" time="0.021816"/>
        <testcase name="Mock has vendor directory" file="Phar Support (Hyde\Framework\Testing\Feature\PharSupport)::Mock has vendor directory" class="Hyde\Framework\Testing\Feature\PharSupportTest" classname="Hyde.Framework.Testing.Feature.PharSupportTest" assertions="2" time="0.021894"/>
        <testcase name="Vendor path can run in phar" file="Phar Support (Hyde\Framework\Testing\Feature\PharSupport)::Vendor path can run in phar" class="Hyde\Framework\Testing\Feature\PharSupportTest" classname="Hyde.Framework.Testing.Feature.PharSupportTest" assertions="1" time="0.021940"/>
        <testcase name="Vendor path can run in phar with path argument" file="Phar Support (Hyde\Framework\Testing\Feature\PharSupport)::Vendor path can run in phar with path argument" class="Hyde\Framework\Testing\Feature\PharSupportTest" classname="Hyde.Framework.Testing.Feature.PharSupportTest" assertions="1" time="0.022160"/>
      </testsuite>
      <testsuite name="Hyde\Framework\Testing\Feature\PostsAuthorIntegrationTest" file="Posts Author Integration (Hyde\Framework\Testing\Feature\PostsAuthorIntegration)" tests="3" assertions="13" errors="0" failures="0" skipped="0" time="0.142423">
        <testcase name="Create post with undefined author" file="Posts Author Integration (Hyde\Framework\Testing\Feature\PostsAuthorIntegration)::Create post with undefined author" class="Hyde\Framework\Testing\Feature\PostsAuthorIntegrationTest" classname="Hyde.Framework.Testing.Feature.PostsAuthorIntegrationTest" assertions="4" time="0.054229"/>
        <testcase name="Create post with defined author with name" file="Posts Author Integration (Hyde\Framework\Testing\Feature\PostsAuthorIntegration)::Create post with defined author with name" class="Hyde\Framework\Testing\Feature\PostsAuthorIntegrationTest" classname="Hyde.Framework.Testing.Feature.PostsAuthorIntegrationTest" assertions="4" time="0.044075"/>
        <testcase name="Create post with defined author with website" file="Posts Author Integration (Hyde\Framework\Testing\Feature\PostsAuthorIntegration)::Create post with defined author with website" class="Hyde\Framework\Testing\Feature\PostsAuthorIntegrationTest" classname="Hyde.Framework.Testing.Feature.PostsAuthorIntegrationTest" assertions="5" time="0.044118"/>
      </testsuite>
      <testsuite name="Hyde\Framework\Testing\Feature\ReadingTimeTest" file="Reading Time (Hyde\Framework\Testing\Feature\ReadingTime)" tests="12" assertions="39" errors="0" failures="0" skipped="0" time="0.052891">
        <testcase name="Construct" file="Reading Time (Hyde\Framework\Testing\Feature\ReadingTime)::Construct" class="Hyde\Framework\Testing\Feature\ReadingTimeTest" classname="Hyde.Framework.Testing.Feature.ReadingTimeTest" assertions="1" time="0.027144"/>
        <testcase name="To string" file="Reading Time (Hyde\Framework\Testing\Feature\ReadingTime)::To string" class="Hyde\Framework\Testing\Feature\ReadingTimeTest" classname="Hyde.Framework.Testing.Feature.ReadingTimeTest" assertions="1" time="0.002086"/>
        <testcase name="Get word count" file="Reading Time (Hyde\Framework\Testing\Feature\ReadingTime)::Get word count" class="Hyde\Framework\Testing\Feature\ReadingTimeTest" classname="Hyde.Framework.Testing.Feature.ReadingTimeTest" assertions="4" time="0.002283"/>
        <testcase name="Get minutes" file="Reading Time (Hyde\Framework\Testing\Feature\ReadingTime)::Get minutes" class="Hyde\Framework\Testing\Feature\ReadingTimeTest" classname="Hyde.Framework.Testing.Feature.ReadingTimeTest" assertions="4" time="0.002261"/>
        <testcase name="Get seconds" file="Reading Time (Hyde\Framework\Testing\Feature\ReadingTime)::Get seconds" class="Hyde\Framework\Testing\Feature\ReadingTimeTest" classname="Hyde.Framework.Testing.Feature.ReadingTimeTest" assertions="4" time="0.002244"/>
        <testcase name="Get seconds over" file="Reading Time (Hyde\Framework\Testing\Feature\ReadingTime)::Get seconds over" class="Hyde\Framework\Testing\Feature\ReadingTimeTest" classname="Hyde.Framework.Testing.Feature.ReadingTimeTest" assertions="4" time="0.002246"/>
        <testcase name="Get formatted" file="Reading Time (Hyde\Framework\Testing\Feature\ReadingTime)::Get formatted" class="Hyde\Framework\Testing\Feature\ReadingTimeTest" classname="Hyde.Framework.Testing.Feature.ReadingTimeTest" assertions="4" time="0.002256"/>
        <testcase name="Get formatted with custom formatting" file="Reading Time (Hyde\Framework\Testing\Feature\ReadingTime)::Get formatted with custom formatting" class="Hyde\Framework\Testing\Feature\ReadingTimeTest" classname="Hyde.Framework.Testing.Feature.ReadingTimeTest" assertions="4" time="0.002283"/>
        <testcase name="Get formatted formats up to one minute when round up is set" file="Reading Time (Hyde\Framework\Testing\Feature\ReadingTime)::Get formatted formats up to one minute when round up is set" class="Hyde\Framework\Testing\Feature\ReadingTimeTest" classname="Hyde.Framework.Testing.Feature.ReadingTimeTest" assertions="4" time="0.002301"/>
        <testcase name="Format using closure" file="Reading Time (Hyde\Framework\Testing\Feature\ReadingTime)::Format using closure" class="Hyde\Framework\Testing\Feature\ReadingTimeTest" classname="Hyde.Framework.Testing.Feature.ReadingTimeTest" assertions="4" time="0.002269"/>
        <testcase name="From string" file="Reading Time (Hyde\Framework\Testing\Feature\ReadingTime)::From string" class="Hyde\Framework\Testing\Feature\ReadingTimeTest" classname="Hyde.Framework.Testing.Feature.ReadingTimeTest" assertions="2" time="0.002179"/>
        <testcase name="From file" file="Reading Time (Hyde\Framework\Testing\Feature\ReadingTime)::From file" class="Hyde\Framework\Testing\Feature\ReadingTimeTest" classname="Hyde.Framework.Testing.Feature.ReadingTimeTest" assertions="3" time="0.003340"/>
      </testsuite>
      <testsuite name="Hyde\Framework\Testing\Feature\RedirectTest" file="Redirect (Hyde\Framework\Testing\Feature\Redirect)" tests="4" assertions="12" errors="0" failures="0" skipped="0" time="0.132681">
        <testcase name="Can create a redirect" file="Redirect (Hyde\Framework\Testing\Feature\Redirect)::Can create a redirect" class="Hyde\Framework\Testing\Feature\RedirectTest" classname="Hyde.Framework.Testing.Feature.RedirectTest" assertions="7" time="0.051700"/>
        <testcase name="Path parameter is normalized" file="Redirect (Hyde\Framework\Testing\Feature\Redirect)::Path parameter is normalized" class="Hyde\Framework\Testing\Feature\RedirectTest" classname="Hyde.Framework.Testing.Feature.RedirectTest" assertions="1" time="0.024944"/>
        <testcase name="Text can be disabled" file="Redirect (Hyde\Framework\Testing\Feature\Redirect)::Text can be disabled" class="Hyde\Framework\Testing\Feature\RedirectTest" classname="Hyde.Framework.Testing.Feature.RedirectTest" assertions="2" time="0.026021"/>
        <testcase name="Redirect pages can be compilable by static site though manual discovery" file="Redirect (Hyde\Framework\Testing\Feature\Redirect)::Redirect pages can be compilable by static site though manual discovery" class="Hyde\Framework\Testing\Feature\RedirectTest" classname="Hyde.Framework.Testing.Feature.RedirectTest" assertions="2" time="0.030016"/>
      </testsuite>
      <testsuite name="Hyde\Framework\Testing\Feature\RouteCollectionTest" file="Route Collection (Hyde\Framework\Testing\Feature\RouteCollection)" tests="7" assertions="19" errors="0" failures="0" skipped="0" time="0.235104">
        <testcase name="Boot method discovers all pages" file="Route Collection (Hyde\Framework\Testing\Feature\RouteCollection)::Boot method discovers all pages" class="Hyde\Framework\Testing\Feature\RouteCollectionTest" classname="Hyde.Framework.Testing.Feature.RouteCollectionTest" assertions="3" time="0.036468"/>
        <testcase name="Boot method discovers all page types" file="Route Collection (Hyde\Framework\Testing\Feature\RouteCollection)::Boot method discovers all page types" class="Hyde\Framework\Testing\Feature\RouteCollectionTest" classname="Hyde.Framework.Testing.Feature.RouteCollectionTest" assertions="3" time="0.039755"/>
        <testcase name="Get routes returns all routes" file="Route Collection (Hyde\Framework\Testing\Feature\RouteCollection)::Get routes returns all routes" class="Hyde\Framework\Testing\Feature\RouteCollectionTest" classname="Hyde.Framework.Testing.Feature.RouteCollectionTest" assertions="1" time="0.033422"/>
        <testcase name="Get routes for model returns collection of routes of given class" file="Route Collection (Hyde\Framework\Testing\Feature\RouteCollection)::Get routes for model returns collection of routes of given class" class="Hyde\Framework\Testing\Feature\RouteCollectionTest" classname="Hyde.Framework.Testing.Feature.RouteCollectionTest" assertions="6" time="0.039359"/>
        <testcase name="Add route adds new route" file="Route Collection (Hyde\Framework\Testing\Feature\RouteCollection)::Add route adds new route" class="Hyde\Framework\Testing\Feature\RouteCollectionTest" classname="Hyde.Framework.Testing.Feature.RouteCollectionTest" assertions="3" time="0.029120"/>
        <testcase name="Get route" file="Route Collection (Hyde\Framework\Testing\Feature\RouteCollection)::Get route" class="Hyde\Framework\Testing\Feature\RouteCollectionTest" classname="Hyde.Framework.Testing.Feature.RouteCollectionTest" assertions="1" time="0.029085"/>
        <testcase name="Get route with non existing route" file="Route Collection (Hyde\Framework\Testing\Feature\RouteCollection)::Get route with non existing route" class="Hyde\Framework\Testing\Feature\RouteCollectionTest" classname="Hyde.Framework.Testing.Feature.RouteCollectionTest" assertions="2" time="0.027895"/>
      </testsuite>
      <testsuite name="Hyde\Framework\Testing\Feature\Services\BladeDownProcessorTest" file="Blade Down Processor (Hyde\Framework\Testing\Feature\Services\BladeDownProcessor)" tests="9" assertions="9" errors="0" failures="0" skipped="0" time="0.228163">
        <testcase name="It renders blade echo syntax" file="Blade Down Processor (Hyde\Framework\Testing\Feature\Services\BladeDownProcessor)::It renders blade echo syntax" class="Hyde\Framework\Testing\Feature\Services\BladeDownProcessorTest" classname="Hyde.Framework.Testing.Feature.Services.BladeDownProcessorTest" assertions="1" time="0.033253"/>
        <testcase name="It renders blade within multiline markdown" file="Blade Down Processor (Hyde\Framework\Testing\Feature\Services\BladeDownProcessor)::It renders blade within multiline markdown" class="Hyde\Framework\Testing\Feature\Services\BladeDownProcessorTest" classname="Hyde.Framework.Testing.Feature.Services.BladeDownProcessorTest" assertions="1" time="0.023080"/>
        <testcase name="It renders blade views" file="Blade Down Processor (Hyde\Framework\Testing\Feature\Services\BladeDownProcessor)::It renders blade views" class="Hyde\Framework\Testing\Feature\Services\BladeDownProcessorTest" classname="Hyde.Framework.Testing.Feature.Services.BladeDownProcessorTest" assertions="1" time="0.023779"/>
        <testcase name="Directive is case insensitive" file="Blade Down Processor (Hyde\Framework\Testing\Feature\Services\BladeDownProcessor)::Directive is case insensitive" class="Hyde\Framework\Testing\Feature\Services\BladeDownProcessorTest" classname="Hyde.Framework.Testing.Feature.Services.BladeDownProcessorTest" assertions="1" time="0.023430"/>
        <testcase name="Directive is ignored if it is not at the start of a line" file="Blade Down Processor (Hyde\Framework\Testing\Feature\Services\BladeDownProcessor)::Directive is ignored if it is not at the start of a line" class="Hyde\Framework\Testing\Feature\Services\BladeDownProcessorTest" classname="Hyde.Framework.Testing.Feature.Services.BladeDownProcessorTest" assertions="1" time="0.031865"/>
        <testcase name="It renders blade echo syntax with variables" file="Blade Down Processor (Hyde\Framework\Testing\Feature\Services\BladeDownProcessor)::It renders blade echo syntax with variables" class="Hyde\Framework\Testing\Feature\Services\BladeDownProcessorTest" classname="Hyde.Framework.Testing.Feature.Services.BladeDownProcessorTest" assertions="1" time="0.023648"/>
        <testcase name="It renders blade views with variables" file="Blade Down Processor (Hyde\Framework\Testing\Feature\Services\BladeDownProcessor)::It renders blade views with variables" class="Hyde\Framework\Testing\Feature\Services\BladeDownProcessorTest" classname="Hyde.Framework.Testing.Feature.Services.BladeDownProcessorTest" assertions="1" time="0.024065"/>
        <testcase name="Preprocess method expands shortcode" file="Blade Down Processor (Hyde\Framework\Testing\Feature\Services\BladeDownProcessor)::Preprocess method expands shortcode" class="Hyde\Framework\Testing\Feature\Services\BladeDownProcessorTest" classname="Hyde.Framework.Testing.Feature.Services.BladeDownProcessorTest" assertions="1" time="0.022399"/>
        <testcase name="Process method renders shortcode" file="Blade Down Processor (Hyde\Framework\Testing\Feature\Services\BladeDownProcessor)::Process method renders shortcode" class="Hyde\Framework\Testing\Feature\Services\BladeDownProcessorTest" classname="Hyde.Framework.Testing.Feature.Services.BladeDownProcessorTest" assertions="1" time="0.022646"/>
      </testsuite>
      <testsuite name="Hyde\Framework\Testing\Feature\Services\BuildTaskServiceTest" file="Build Task Service (Hyde\Framework\Testing\Feature\Services\BuildTaskService)" tests="8" assertions="11" errors="0" failures="0" skipped="0" time="0.254670">
        <testcase name="Build command can run build tasks" file="Build Task Service (Hyde\Framework\Testing\Feature\Services\BuildTaskService)::Build command can run build tasks" class="Hyde\Framework\Testing\Feature\Services\BuildTaskServiceTest" classname="Hyde.Framework.Testing.Feature.Services.BuildTaskServiceTest" assertions="4" time="0.056907"/>
        <testcase name="Run post build tasks runs configured tasks does nothing if no tasks are configured" file="Build Task Service (Hyde\Framework\Testing\Feature\Services\BuildTaskService)::Run post build tasks runs configured tasks does nothing if no tasks are configured" class="Hyde\Framework\Testing\Feature\Services\BuildTaskServiceTest" classname="Hyde.Framework.Testing.Feature.Services.BuildTaskServiceTest" assertions="1" time="0.029346"/>
        <testcase name="Get post build tasks returns array merged with config" file="Build Task Service (Hyde\Framework\Testing\Feature\Services\BuildTaskService)::Get post build tasks returns array merged with config" class="Hyde\Framework\Testing\Feature\Services\BuildTaskServiceTest" classname="Hyde.Framework.Testing.Feature.Services.BuildTaskServiceTest" assertions="1" time="0.028204"/>
        <testcase name="Get post build tasks merges duplicate keys" file="Build Task Service (Hyde\Framework\Testing\Feature\Services\BuildTaskService)::Get post build tasks merges duplicate keys" class="Hyde\Framework\Testing\Feature\Services\BuildTaskServiceTest" classname="Hyde.Framework.Testing.Feature.Services.BuildTaskServiceTest" assertions="1" time="0.027873"/>
        <testcase name="Run post build tasks runs configured tasks" file="Build Task Service (Hyde\Framework\Testing\Feature\Services\BuildTaskService)::Run post build tasks runs configured tasks" class="Hyde\Framework\Testing\Feature\Services\BuildTaskServiceTest" classname="Hyde.Framework.Testing.Feature.Services.BuildTaskServiceTest" assertions="1" time="0.029336"/>
        <testcase name="Exception handler shows error message and exits with code 1 without throwing exception" file="Build Task Service (Hyde\Framework\Testing\Feature\Services\BuildTaskService)::Exception handler shows error message and exits with code 1 without throwing exception" class="Hyde\Framework\Testing\Feature\Services\BuildTaskServiceTest" classname="Hyde.Framework.Testing.Feature.Services.BuildTaskServiceTest" assertions="1" time="0.022315"/>
        <testcase name="Find tasks in app directory method discovers tasks in app directory" file="Build Task Service (Hyde\Framework\Testing\Feature\Services\BuildTaskService)::Find tasks in app directory method discovers tasks in app directory" class="Hyde\Framework\Testing\Feature\Services\BuildTaskServiceTest" classname="Hyde.Framework.Testing.Feature.Services.BuildTaskServiceTest" assertions="1" time="0.029984"/>
        <testcase name="Automatically discovered tasks can be executed" file="Build Task Service (Hyde\Framework\Testing\Feature\Services\BuildTaskService)::Automatically discovered tasks can be executed" class="Hyde\Framework\Testing\Feature\Services\BuildTaskServiceTest" classname="Hyde.Framework.Testing.Feature.Services.BuildTaskServiceTest" assertions="1" time="0.030706"/>
      </testsuite>
      <testsuite name="Hyde\Framework\Testing\Feature\Services\DocumentationSearchServiceTest" file="Documentation Search Service (Hyde\Framework\Testing\Feature\Services\DocumentationSearchService)" tests="10" assertions="10" errors="0" failures="0" skipped="0" time="0.119082">
        <testcase name="It generates a json file with a search index" file="Documentation Search Service (Hyde\Framework\Testing\Feature\Services\DocumentationSearchService)::It generates a json file with a search index" class="Hyde\Framework\Testing\Feature\Services\DocumentationSearchServiceTest" classname="Hyde.Framework.Testing.Feature.Services.DocumentationSearchServiceTest" assertions="1" time="0.026590"/>
        <testcase name="It adds all files to search index" file="Documentation Search Service (Hyde\Framework\Testing\Feature\Services\DocumentationSearchService)::It adds all files to search index" class="Hyde\Framework\Testing\Feature\Services\DocumentationSearchServiceTest" classname="Hyde.Framework.Testing.Feature.Services.DocumentationSearchServiceTest" assertions="1" time="0.012836"/>
        <testcase name="It handles generation even when there are no pages" file="Documentation Search Service (Hyde\Framework\Testing\Feature\Services\DocumentationSearchService)::It handles generation even when there are no pages" class="Hyde\Framework\Testing\Feature\Services\DocumentationSearchServiceTest" classname="Hyde.Framework.Testing.Feature.Services.DocumentationSearchServiceTest" assertions="1" time="0.008578"/>
        <testcase name="Save method saves the file to the correct location" file="Documentation Search Service (Hyde\Framework\Testing\Feature\Services\DocumentationSearchService)::Save method saves the file to the correct location" class="Hyde\Framework\Testing\Feature\Services\DocumentationSearchServiceTest" classname="Hyde.Framework.Testing.Feature.Services.DocumentationSearchServiceTest" assertions="1" time="0.008486"/>
        <testcase name="It generates a valid j s o n" file="Documentation Search Service (Hyde\Framework\Testing\Feature\Services\DocumentationSearchService)::It generates a valid j s o n" class="Hyde\Framework\Testing\Feature\Services\DocumentationSearchServiceTest" classname="Hyde.Framework.Testing.Feature.Services.DocumentationSearchServiceTest" assertions="1" time="0.011366"/>
        <testcase name="It strips markdown" file="Documentation Search Service (Hyde\Framework\Testing\Feature\Services\DocumentationSearchService)::It strips markdown" class="Hyde\Framework\Testing\Feature\Services\DocumentationSearchServiceTest" classname="Hyde.Framework.Testing.Feature.Services.DocumentationSearchServiceTest" assertions="1" time="0.010173"/>
        <testcase name="Get destination for slug returns empty string for index when pretty url is enabled" file="Documentation Search Service (Hyde\Framework\Testing\Feature\Services\DocumentationSearchService)::Get destination for slug returns empty string for index when pretty url is enabled" class="Hyde\Framework\Testing\Feature\Services\DocumentationSearchServiceTest" classname="Hyde.Framework.Testing.Feature.Services.DocumentationSearchServiceTest" assertions="1" time="0.010181"/>
        <testcase name="Get destination for slug returns pretty url when enabled" file="Documentation Search Service (Hyde\Framework\Testing\Feature\Services\DocumentationSearchService)::Get destination for slug returns pretty url when enabled" class="Hyde\Framework\Testing\Feature\Services\DocumentationSearchServiceTest" classname="Hyde.Framework.Testing.Feature.Services.DocumentationSearchServiceTest" assertions="1" time="0.010021"/>
        <testcase name="Excluded pages are not present in the search index" file="Documentation Search Service (Hyde\Framework\Testing\Feature\Services\DocumentationSearchService)::Excluded pages are not present in the search index" class="Hyde\Framework\Testing\Feature\Services\DocumentationSearchServiceTest" classname="Hyde.Framework.Testing.Feature.Services.DocumentationSearchServiceTest" assertions="1" time="0.010086"/>
        <testcase name="Nested source files do not retain directory name in search index" file="Documentation Search Service (Hyde\Framework\Testing\Feature\Services\DocumentationSearchService)::Nested source files do not retain directory name in search index" class="Hyde\Framework\Testing\Feature\Services\DocumentationSearchServiceTest" classname="Hyde.Framework.Testing.Feature.Services.DocumentationSearchServiceTest" assertions="1" time="0.010765"/>
      </testsuite>
      <testsuite name="Hyde\Framework\Testing\Feature\Services\DocumentationSidebarTest" file="Documentation Sidebar (Hyde\Framework\Testing\Feature\Services\DocumentationSidebar)" tests="36" assertions="51" errors="0" failures="0" skipped="0" time="1.186042">
        <testcase name="Sidebar can be created" file="Documentation Sidebar (Hyde\Framework\Testing\Feature\Services\DocumentationSidebar)::Sidebar can be created" class="Hyde\Framework\Testing\Feature\Services\DocumentationSidebarTest" classname="Hyde.Framework.Testing.Feature.Services.DocumentationSidebarTest" assertions="1" time="0.044507"/>
        <testcase name="Sidebar items are added automatically" file="Documentation Sidebar (Hyde\Framework\Testing\Feature\Services\DocumentationSidebar)::Sidebar items are added automatically" class="Hyde\Framework\Testing\Feature\Services\DocumentationSidebarTest" classname="Hyde.Framework.Testing.Feature.Services.DocumentationSidebarTest" assertions="1" time="0.035507"/>
        <testcase name="Index page is removed from sidebar" file="Documentation Sidebar (Hyde\Framework\Testing\Feature\Services\DocumentationSidebar)::Index page is removed from sidebar" class="Hyde\Framework\Testing\Feature\Services\DocumentationSidebarTest" classname="Hyde.Framework.Testing.Feature.Services.DocumentationSidebarTest" assertions="1" time="0.035820"/>
        <testcase name="Files with front matter hidden set to true are removed from sidebar" file="Documentation Sidebar (Hyde\Framework\Testing\Feature\Services\DocumentationSidebar)::Files with front matter hidden set to true are removed from sidebar" class="Hyde\Framework\Testing\Feature\Services\DocumentationSidebarTest" classname="Hyde.Framework.Testing.Feature.Services.DocumentationSidebarTest" assertions="1" time="0.036210"/>
        <testcase name="Sidebar is ordered alphabetically when no order is set in config" file="Documentation Sidebar (Hyde\Framework\Testing\Feature\Services\DocumentationSidebar)::Sidebar is ordered alphabetically when no order is set in config" class="Hyde\Framework\Testing\Feature\Services\DocumentationSidebarTest" classname="Hyde.Framework.Testing.Feature.Services.DocumentationSidebarTest" assertions="1" time="0.034017"/>
        <testcase name="Sidebar is ordered by priority when priority is set in config" file="Documentation Sidebar (Hyde\Framework\Testing\Feature\Services\DocumentationSidebar)::Sidebar is ordered by priority when priority is set in config" class="Hyde\Framework\Testing\Feature\Services\DocumentationSidebarTest" classname="Hyde.Framework.Testing.Feature.Services.DocumentationSidebarTest" assertions="1" time="0.042888"/>
        <testcase name="Sidebar item priority can be set in front matter" file="Documentation Sidebar (Hyde\Framework\Testing\Feature\Services\DocumentationSidebar)::Sidebar item priority can be set in front matter" class="Hyde\Framework\Testing\Feature\Services\DocumentationSidebarTest" classname="Hyde.Framework.Testing.Feature.Services.DocumentationSidebarTest" assertions="1" time="0.030137"/>
        <testcase name="Sidebar item priority set in config overrides front matter" file="Documentation Sidebar (Hyde\Framework\Testing\Feature\Services\DocumentationSidebar)::Sidebar item priority set in config overrides front matter" class="Hyde\Framework\Testing\Feature\Services\DocumentationSidebarTest" classname="Hyde.Framework.Testing.Feature.Services.DocumentationSidebarTest" assertions="1" time="0.029587"/>
        <testcase name="Sidebar priorities can be set in both front matter and config" file="Documentation Sidebar (Hyde\Framework\Testing\Feature\Services\DocumentationSidebar)::Sidebar priorities can be set in both front matter and config" class="Hyde\Framework\Testing\Feature\Services\DocumentationSidebarTest" classname="Hyde.Framework.Testing.Feature.Services.DocumentationSidebarTest" assertions="1" time="0.033399"/>
        <testcase name="Group can be set in front matter" file="Documentation Sidebar (Hyde\Framework\Testing\Feature\Services\DocumentationSidebar)::Group can be set in front matter" class="Hyde\Framework\Testing\Feature\Services\DocumentationSidebarTest" classname="Hyde.Framework.Testing.Feature.Services.DocumentationSidebarTest" assertions="1" time="0.029729"/>
        <testcase name="Has groups returns false when there are no groups" file="Documentation Sidebar (Hyde\Framework\Testing\Feature\Services\DocumentationSidebar)::Has groups returns false when there are no groups" class="Hyde\Framework\Testing\Feature\Services\DocumentationSidebarTest" classname="Hyde.Framework.Testing.Feature.Services.DocumentationSidebarTest" assertions="1" time="0.028171"/>
        <testcase name="Has groups returns true when there are groups" file="Documentation Sidebar (Hyde\Framework\Testing\Feature\Services\DocumentationSidebar)::Has groups returns true when there are groups" class="Hyde\Framework\Testing\Feature\Services\DocumentationSidebarTest" classname="Hyde.Framework.Testing.Feature.Services.DocumentationSidebarTest" assertions="1" time="0.029753"/>
        <testcase name="Has groups returns true when there are multiple groups" file="Documentation Sidebar (Hyde\Framework\Testing\Feature\Services\DocumentationSidebar)::Has groups returns true when there are multiple groups" class="Hyde\Framework\Testing\Feature\Services\DocumentationSidebarTest" classname="Hyde.Framework.Testing.Feature.Services.DocumentationSidebarTest" assertions="1" time="0.032107"/>
        <testcase name="Has groups returns true when there are multiple groups mixed with defaults" file="Documentation Sidebar (Hyde\Framework\Testing\Feature\Services\DocumentationSidebar)::Has groups returns true when there are multiple groups mixed with defaults" class="Hyde\Framework\Testing\Feature\Services\DocumentationSidebarTest" classname="Hyde.Framework.Testing.Feature.Services.DocumentationSidebarTest" assertions="1" time="0.032507"/>
        <testcase name="Get groups returns empty array when there are no groups" file="Documentation Sidebar (Hyde\Framework\Testing\Feature\Services\DocumentationSidebar)::Get groups returns empty array when there are no groups" class="Hyde\Framework\Testing\Feature\Services\DocumentationSidebarTest" classname="Hyde.Framework.Testing.Feature.Services.DocumentationSidebarTest" assertions="1" time="0.028056"/>
        <testcase name="Get groups returns array of groups when there are groups" file="Documentation Sidebar (Hyde\Framework\Testing\Feature\Services\DocumentationSidebar)::Get groups returns array of groups when there are groups" class="Hyde\Framework\Testing\Feature\Services\DocumentationSidebarTest" classname="Hyde.Framework.Testing.Feature.Services.DocumentationSidebarTest" assertions="1" time="0.029620"/>
        <testcase name="Get groups returns array with no duplicates" file="Documentation Sidebar (Hyde\Framework\Testing\Feature\Services\DocumentationSidebar)::Get groups returns array with no duplicates" class="Hyde\Framework\Testing\Feature\Services\DocumentationSidebarTest" classname="Hyde.Framework.Testing.Feature.Services.DocumentationSidebarTest" assertions="1" time="0.032907"/>
        <testcase name="Groups are sorted by lowest found priority in each group" file="Documentation Sidebar (Hyde\Framework\Testing\Feature\Services\DocumentationSidebar)::Groups are sorted by lowest found priority in each group" class="Hyde\Framework\Testing\Feature\Services\DocumentationSidebarTest" classname="Hyde.Framework.Testing.Feature.Services.DocumentationSidebarTest" assertions="1" time="0.032821"/>
        <testcase name="Get items in group returns empty collection when there are no items" file="Documentation Sidebar (Hyde\Framework\Testing\Feature\Services\DocumentationSidebar)::Get items in group returns empty collection when there are no items" class="Hyde\Framework\Testing\Feature\Services\DocumentationSidebarTest" classname="Hyde.Framework.Testing.Feature.Services.DocumentationSidebarTest" assertions="1" time="0.028230"/>
        <testcase name="Get items in group returns collection of items in group" file="Documentation Sidebar (Hyde\Framework\Testing\Feature\Services\DocumentationSidebar)::Get items in group returns collection of items in group" class="Hyde\Framework\Testing\Feature\Services\DocumentationSidebarTest" classname="Hyde.Framework.Testing.Feature.Services.DocumentationSidebarTest" assertions="2" time="0.035672"/>
        <testcase name="Get items in group normalizes group name to slug format" file="Documentation Sidebar (Hyde\Framework\Testing\Feature\Services\DocumentationSidebar)::Get items in group normalizes group name to slug format" class="Hyde\Framework\Testing\Feature\Services\DocumentationSidebarTest" classname="Hyde.Framework.Testing.Feature.Services.DocumentationSidebarTest" assertions="1" time="0.034821"/>
        <testcase name="Get items in group does not include items with hidden front matter" file="Documentation Sidebar (Hyde\Framework\Testing\Feature\Services\DocumentationSidebar)::Get items in group does not include items with hidden front matter" class="Hyde\Framework\Testing\Feature\Services\DocumentationSidebarTest" classname="Hyde.Framework.Testing.Feature.Services.DocumentationSidebarTest" assertions="1" time="0.032405"/>
        <testcase name="Get items in group does not include docs index" file="Documentation Sidebar (Hyde\Framework\Testing\Feature\Services\DocumentationSidebar)::Get items in group does not include docs index" class="Hyde\Framework\Testing\Feature\Services\DocumentationSidebarTest" classname="Hyde.Framework.Testing.Feature.Services.DocumentationSidebarTest" assertions="1" time="0.033233"/>
        <testcase name="Is group active returns false when supplied group is not active" file="Documentation Sidebar (Hyde\Framework\Testing\Feature\Services\DocumentationSidebar)::Is group active returns false when supplied group is not active" class="Hyde\Framework\Testing\Feature\Services\DocumentationSidebarTest" classname="Hyde.Framework.Testing.Feature.Services.DocumentationSidebarTest" assertions="1" time="0.030775"/>
        <testcase name="Is group active returns true when supplied group is active" file="Documentation Sidebar (Hyde\Framework\Testing\Feature\Services\DocumentationSidebar)::Is group active returns true when supplied group is active" class="Hyde\Framework\Testing\Feature\Services\DocumentationSidebarTest" classname="Hyde.Framework.Testing.Feature.Services.DocumentationSidebarTest" assertions="1" time="0.029211"/>
        <testcase name="Is group active returns true for differing casing" file="Documentation Sidebar (Hyde\Framework\Testing\Feature\Services\DocumentationSidebar)::Is group active returns true for differing casing" class="Hyde\Framework\Testing\Feature\Services\DocumentationSidebarTest" classname="Hyde.Framework.Testing.Feature.Services.DocumentationSidebarTest" assertions="1" time="0.028878"/>
        <testcase name="Is group active returns true first group of index page" file="Documentation Sidebar (Hyde\Framework\Testing\Feature\Services\DocumentationSidebar)::Is group active returns true first group of index page" class="Hyde\Framework\Testing\Feature\Services\DocumentationSidebarTest" classname="Hyde.Framework.Testing.Feature.Services.DocumentationSidebarTest" assertions="3" time="0.035887"/>
        <testcase name="Is group active returns true first sorted group of index page" file="Documentation Sidebar (Hyde\Framework\Testing\Feature\Services\DocumentationSidebar)::Is group active returns true first sorted group of index page" class="Hyde\Framework\Testing\Feature\Services\DocumentationSidebarTest" classname="Hyde.Framework.Testing.Feature.Services.DocumentationSidebarTest" assertions="3" time="0.035978"/>
        <testcase name="Automatic index page group expansion respects custom navigation menu settings" file="Documentation Sidebar (Hyde\Framework\Testing\Feature\Services\DocumentationSidebar)::Automatic index page group expansion respects custom navigation menu settings" class="Hyde\Framework\Testing\Feature\Services\DocumentationSidebarTest" classname="Hyde.Framework.Testing.Feature.Services.DocumentationSidebarTest" assertions="3" time="0.038431"/>
        <testcase name="Make group title turns group key into title" file="Documentation Sidebar (Hyde\Framework\Testing\Feature\Services\DocumentationSidebar)::Make group title turns group key into title" class="Hyde\Framework\Testing\Feature\Services\DocumentationSidebarTest" classname="Hyde.Framework.Testing.Feature.Services.DocumentationSidebarTest" assertions="4" time="0.038820"/>
        <testcase name="Make group title uses configured sidebar group labels when available" file="Documentation Sidebar (Hyde\Framework\Testing\Feature\Services\DocumentationSidebar)::Make group title uses configured sidebar group labels when available" class="Hyde\Framework\Testing\Feature\Services\DocumentationSidebarTest" classname="Hyde.Framework.Testing.Feature.Services.DocumentationSidebarTest" assertions="2" time="0.028652"/>
        <testcase name="Can have multiple grouped pages with the same name labels" file="Documentation Sidebar (Hyde\Framework\Testing\Feature\Services\DocumentationSidebar)::Can have multiple grouped pages with the same name labels" class="Hyde\Framework\Testing\Feature\Services\DocumentationSidebarTest" classname="Hyde.Framework.Testing.Feature.Services.DocumentationSidebarTest" assertions="2" time="0.032189"/>
        <testcase name="Duplicate labels within the same group is removed" file="Documentation Sidebar (Hyde\Framework\Testing\Feature\Services\DocumentationSidebar)::Duplicate labels within the same group is removed" class="Hyde\Framework\Testing\Feature\Services\DocumentationSidebarTest" classname="Hyde.Framework.Testing.Feature.Services.DocumentationSidebarTest" assertions="2" time="0.032045"/>
        <testcase name="Is group active for index page with no groups" file="Documentation Sidebar (Hyde\Framework\Testing\Feature\Services\DocumentationSidebar)::Is group active for index page with no groups" class="Hyde\Framework\Testing\Feature\Services\DocumentationSidebarTest" classname="Hyde.Framework.Testing.Feature.Services.DocumentationSidebarTest" assertions="1" time="0.031488"/>
        <testcase name="Index page added to sidebar when it is the only page" file="Documentation Sidebar (Hyde\Framework\Testing\Feature\Services\DocumentationSidebar)::Index page added to sidebar when it is the only page" class="Hyde\Framework\Testing\Feature\Services\DocumentationSidebarTest" classname="Hyde.Framework.Testing.Feature.Services.DocumentationSidebarTest" assertions="2" time="0.030442"/>
        <testcase name="Index page not added to sidebar when other pages exist" file="Documentation Sidebar (Hyde\Framework\Testing\Feature\Services\DocumentationSidebar)::Index page not added to sidebar when other pages exist" class="Hyde\Framework\Testing\Feature\Services\DocumentationSidebarTest" classname="Hyde.Framework.Testing.Feature.Services.DocumentationSidebarTest" assertions="2" time="0.031142"/>
      </testsuite>
      <testsuite name="Hyde\Framework\Testing\Feature\Services\HydeSmartDocsTest" file="Hyde Smart Docs (Hyde\Framework\Testing\Feature\Services\HydeSmartDocs)" tests="19" assertions="33" errors="0" failures="0" skipped="0" time="0.605651">
        <testcase name="Class tokenizes document" file="Hyde Smart Docs (Hyde\Framework\Testing\Feature\Services\HydeSmartDocs)::Class tokenizes document" class="Hyde\Framework\Testing\Feature\Services\HydeSmartDocsTest" classname="Hyde.Framework.Testing.Feature.Services.HydeSmartDocsTest" assertions="2" time="0.075338"/>
        <testcase name="Class can handle document with no header" file="Hyde Smart Docs (Hyde\Framework\Testing\Feature\Services\HydeSmartDocs)::Class can handle document with no header" class="Hyde\Framework\Testing\Feature\Services\HydeSmartDocsTest" classname="Hyde.Framework.Testing.Feature.Services.HydeSmartDocsTest" assertions="2" time="0.027016"/>
        <testcase name="Class can handle document with only header" file="Hyde Smart Docs (Hyde\Framework\Testing\Feature\Services\HydeSmartDocs)::Class can handle document with only header" class="Hyde\Framework\Testing\Feature\Services\HydeSmartDocsTest" classname="Hyde.Framework.Testing.Feature.Services.HydeSmartDocsTest" assertions="2" time="0.026759"/>
        <testcase name="Class can handle empty document" file="Hyde Smart Docs (Hyde\Framework\Testing\Feature\Services\HydeSmartDocs)::Class can handle empty document" class="Hyde\Framework\Testing\Feature\Services\HydeSmartDocsTest" classname="Hyde.Framework.Testing.Feature.Services.HydeSmartDocsTest" assertions="2" time="0.026584"/>
        <testcase name="Rendered content is htmlable" file="Hyde Smart Docs (Hyde\Framework\Testing\Feature\Services\HydeSmartDocs)::Rendered content is htmlable" class="Hyde\Framework\Testing\Feature\Services\HydeSmartDocsTest" classname="Hyde.Framework.Testing.Feature.Services.HydeSmartDocsTest" assertions="3" time="0.028744"/>
        <testcase name="Create helper creates new instance and processes it" file="Hyde Smart Docs (Hyde\Framework\Testing\Feature\Services\HydeSmartDocs)::Create helper creates new instance and processes it" class="Hyde\Framework\Testing\Feature\Services\HydeSmartDocsTest" classname="Hyde.Framework.Testing.Feature.Services.HydeSmartDocsTest" assertions="2" time="0.028163"/>
        <testcase name="Render header returns the extracted header" file="Hyde Smart Docs (Hyde\Framework\Testing\Feature\Services\HydeSmartDocs)::Render header returns the extracted header" class="Hyde\Framework\Testing\Feature\Services\HydeSmartDocsTest" classname="Hyde.Framework.Testing.Feature.Services.HydeSmartDocsTest" assertions="1" time="0.027867"/>
        <testcase name="Render header returns the extracted header with varying newlines" file="Hyde Smart Docs (Hyde\Framework\Testing\Feature\Services\HydeSmartDocs)::Render header returns the extracted header with varying newlines" class="Hyde\Framework\Testing\Feature\Services\HydeSmartDocsTest" classname="Hyde.Framework.Testing.Feature.Services.HydeSmartDocsTest" assertions="3" time="0.043554"/>
        <testcase name="Render body returns the extracted body" file="Hyde Smart Docs (Hyde\Framework\Testing\Feature\Services\HydeSmartDocs)::Render body returns the extracted body" class="Hyde\Framework\Testing\Feature\Services\HydeSmartDocsTest" classname="Hyde.Framework.Testing.Feature.Services.HydeSmartDocsTest" assertions="1" time="0.028566"/>
        <testcase name="Render body returns the extracted body with varying newlines" file="Hyde Smart Docs (Hyde\Framework\Testing\Feature\Services\HydeSmartDocs)::Render body returns the extracted body with varying newlines" class="Hyde\Framework\Testing\Feature\Services\HydeSmartDocsTest" classname="Hyde.Framework.Testing.Feature.Services.HydeSmartDocsTest" assertions="3" time="0.035764"/>
        <testcase name="Render footer is empty by default" file="Hyde Smart Docs (Hyde\Framework\Testing\Feature\Services\HydeSmartDocs)::Render footer is empty by default" class="Hyde\Framework\Testing\Feature\Services\HydeSmartDocsTest" classname="Hyde.Framework.Testing.Feature.Services.HydeSmartDocsTest" assertions="1" time="0.027523"/>
        <testcase name="Add dynamic header content adds source link when conditions are met" file="Hyde Smart Docs (Hyde\Framework\Testing\Feature\Services\HydeSmartDocs)::Add dynamic header content adds source link when conditions are met" class="Hyde\Framework\Testing\Feature\Services\HydeSmartDocsTest" classname="Hyde.Framework.Testing.Feature.Services.HydeSmartDocsTest" assertions="1" time="0.028814"/>
        <testcase name="Edit source link is added to footer when conditions are met" file="Hyde Smart Docs (Hyde\Framework\Testing\Feature\Services\HydeSmartDocs)::Edit source link is added to footer when conditions are met" class="Hyde\Framework\Testing\Feature\Services\HydeSmartDocsTest" classname="Hyde.Framework.Testing.Feature.Services.HydeSmartDocsTest" assertions="1" time="0.027931"/>
        <testcase name="Edit source link can be added to both header and footer" file="Hyde Smart Docs (Hyde\Framework\Testing\Feature\Services\HydeSmartDocs)::Edit source link can be added to both header and footer" class="Hyde\Framework\Testing\Feature\Services\HydeSmartDocsTest" classname="Hyde.Framework.Testing.Feature.Services.HydeSmartDocsTest" assertions="2" time="0.028040"/>
        <testcase name="Edit source link text can be customized in header" file="Hyde Smart Docs (Hyde\Framework\Testing\Feature\Services\HydeSmartDocs)::Edit source link text can be customized in header" class="Hyde\Framework\Testing\Feature\Services\HydeSmartDocsTest" classname="Hyde.Framework.Testing.Feature.Services.HydeSmartDocsTest" assertions="1" time="0.029364"/>
        <testcase name="Edit source link text can be customized in footer" file="Hyde Smart Docs (Hyde\Framework\Testing\Feature\Services\HydeSmartDocs)::Edit source link text can be customized in footer" class="Hyde\Framework\Testing\Feature\Services\HydeSmartDocsTest" classname="Hyde.Framework.Testing.Feature.Services.HydeSmartDocsTest" assertions="1" time="0.030065"/>
        <testcase name="Add dynamic footer content adds torchlight attribution when conditions are met" file="Hyde Smart Docs (Hyde\Framework\Testing\Feature\Services\HydeSmartDocs)::Add dynamic footer content adds torchlight attribution when conditions are met" class="Hyde\Framework\Testing\Feature\Services\HydeSmartDocsTest" classname="Hyde.Framework.Testing.Feature.Services.HydeSmartDocsTest" assertions="1" time="0.029574"/>
        <testcase name="The documentation article view" file="Hyde Smart Docs (Hyde\Framework\Testing\Feature\Services\HydeSmartDocs)::The documentation article view" class="Hyde\Framework\Testing\Feature\Services\HydeSmartDocsTest" classname="Hyde.Framework.Testing.Feature.Services.HydeSmartDocsTest" assertions="2" time="0.028115"/>
        <testcase name="The documentation article view with existing variable" file="Hyde Smart Docs (Hyde\Framework\Testing\Feature\Services\HydeSmartDocs)::The documentation article view with existing variable" class="Hyde\Framework\Testing\Feature\Services\HydeSmartDocsTest" classname="Hyde.Framework.Testing.Feature.Services.HydeSmartDocsTest" assertions="2" time="0.027869"/>
      </testsuite>
      <testsuite name="Hyde\Framework\Testing\Feature\Services\Markdown\CodeblockFilepathProcessorTest" file="Codeblock Filepath Processor (Hyde\Framework\Testing\Feature\Services\Markdown\CodeblockFilepathProcessor)" tests="13" assertions="30" errors="0" failures="0" skipped="0" time="0.334246">
        <testcase name="Preprocess expands filepath" file="Codeblock Filepath Processor (Hyde\Framework\Testing\Feature\Services\Markdown\CodeblockFilepathProcessor)::Preprocess expands filepath" class="Hyde\Framework\Testing\Feature\Services\Markdown\CodeblockFilepathProcessorTest" classname="Hyde.Framework.Testing.Feature.Services.Markdown.CodeblockFilepathProcessorTest" assertions="1" time="0.056726"/>
        <testcase name="Preprocess accepts multiple filepath formats" file="Codeblock Filepath Processor (Hyde\Framework\Testing\Feature\Services\Markdown\CodeblockFilepathProcessor)::Preprocess accepts multiple filepath formats" class="Hyde\Framework\Testing\Feature\Services\Markdown\CodeblockFilepathProcessorTest" classname="Hyde.Framework.Testing.Feature.Services.Markdown.CodeblockFilepathProcessorTest" assertions="8" time="0.023514"/>
        <testcase name="Filepath pattern is case insensitive" file="Codeblock Filepath Processor (Hyde\Framework\Testing\Feature\Services\Markdown\CodeblockFilepathProcessor)::Filepath pattern is case insensitive" class="Hyde\Framework\Testing\Feature\Services\Markdown\CodeblockFilepathProcessorTest" classname="Hyde.Framework.Testing.Feature.Services.Markdown.CodeblockFilepathProcessorTest" assertions="4" time="0.022871"/>
        <testcase name="Preprocess can use html comments" file="Codeblock Filepath Processor (Hyde\Framework\Testing\Feature\Services\Markdown\CodeblockFilepathProcessor)::Preprocess can use html comments" class="Hyde\Framework\Testing\Feature\Services\Markdown\CodeblockFilepathProcessorTest" classname="Hyde.Framework.Testing.Feature.Services.Markdown.CodeblockFilepathProcessorTest" assertions="1" time="0.022530"/>
        <testcase name="Preprocess can use html comments with different patterns" file="Codeblock Filepath Processor (Hyde\Framework\Testing\Feature\Services\Markdown\CodeblockFilepathProcessor)::Preprocess can use html comments with different patterns" class="Hyde\Framework\Testing\Feature\Services\Markdown\CodeblockFilepathProcessorTest" classname="Hyde.Framework.Testing.Feature.Services.Markdown.CodeblockFilepathProcessorTest" assertions="4" time="0.022662"/>
        <testcase name="Preprocess accepts multiple languages" file="Codeblock Filepath Processor (Hyde\Framework\Testing\Feature\Services\Markdown\CodeblockFilepathProcessor)::Preprocess accepts multiple languages" class="Hyde\Framework\Testing\Feature\Services\Markdown\CodeblockFilepathProcessorTest" classname="Hyde.Framework.Testing.Feature.Services.Markdown.CodeblockFilepathProcessorTest" assertions="5" time="0.023990"/>
        <testcase name="Preprocess accepts multiple input blocks" file="Codeblock Filepath Processor (Hyde\Framework\Testing\Feature\Services\Markdown\CodeblockFilepathProcessor)::Preprocess accepts multiple input blocks" class="Hyde\Framework\Testing\Feature\Services\Markdown\CodeblockFilepathProcessorTest" classname="Hyde.Framework.Testing.Feature.Services.Markdown.CodeblockFilepathProcessorTest" assertions="1" time="0.024021"/>
        <testcase name="Preprocess accepts multi line codeblocks" file="Codeblock Filepath Processor (Hyde\Framework\Testing\Feature\Services\Markdown\CodeblockFilepathProcessor)::Preprocess accepts multi line codeblocks" class="Hyde\Framework\Testing\Feature\Services\Markdown\CodeblockFilepathProcessorTest" classname="Hyde.Framework.Testing.Feature.Services.Markdown.CodeblockFilepathProcessorTest" assertions="1" time="0.022959"/>
        <testcase name="Space after filepath is optional" file="Codeblock Filepath Processor (Hyde\Framework\Testing\Feature\Services\Markdown\CodeblockFilepathProcessor)::Space after filepath is optional" class="Hyde\Framework\Testing\Feature\Services\Markdown\CodeblockFilepathProcessorTest" classname="Hyde.Framework.Testing.Feature.Services.Markdown.CodeblockFilepathProcessorTest" assertions="1" time="0.022515"/>
        <testcase name="Processor expands filepath directive in standard codeblock" file="Codeblock Filepath Processor (Hyde\Framework\Testing\Feature\Services\Markdown\CodeblockFilepathProcessor)::Processor expands filepath directive in standard codeblock" class="Hyde\Framework\Testing\Feature\Services\Markdown\CodeblockFilepathProcessorTest" classname="Hyde.Framework.Testing.Feature.Services.Markdown.CodeblockFilepathProcessorTest" assertions="1" time="0.023519"/>
        <testcase name="Processor expands filepath directive in torchlight codeblock" file="Codeblock Filepath Processor (Hyde\Framework\Testing\Feature\Services\Markdown\CodeblockFilepathProcessor)::Processor expands filepath directive in torchlight codeblock" class="Hyde\Framework\Testing\Feature\Services\Markdown\CodeblockFilepathProcessorTest" classname="Hyde.Framework.Testing.Feature.Services.Markdown.CodeblockFilepathProcessorTest" assertions="1" time="0.023295"/>
        <testcase name="Processor escapes html by default" file="Codeblock Filepath Processor (Hyde\Framework\Testing\Feature\Services\Markdown\CodeblockFilepathProcessor)::Processor escapes html by default" class="Hyde\Framework\Testing\Feature\Services\Markdown\CodeblockFilepathProcessorTest" classname="Hyde.Framework.Testing.Feature.Services.Markdown.CodeblockFilepathProcessorTest" assertions="1" time="0.023058"/>
        <testcase name="Processor does not escape html if configured" file="Codeblock Filepath Processor (Hyde\Framework\Testing\Feature\Services\Markdown\CodeblockFilepathProcessor)::Processor does not escape html if configured" class="Hyde\Framework\Testing\Feature\Services\Markdown\CodeblockFilepathProcessorTest" classname="Hyde.Framework.Testing.Feature.Services.Markdown.CodeblockFilepathProcessorTest" assertions="1" time="0.022585"/>
      </testsuite>
      <testsuite name="Hyde\Framework\Testing\Feature\Services\Markdown\ShortcodeProcessorTest" file="Shortcode Processor (Hyde\Framework\Testing\Feature\Services\Markdown\ShortcodeProcessor)" tests="6" assertions="9" errors="0" failures="0" skipped="0" time="0.032763">
        <testcase name="Constructor discovers default shortcodes" file="Shortcode Processor (Hyde\Framework\Testing\Feature\Services\Markdown\ShortcodeProcessor)::Constructor discovers default shortcodes" class="Hyde\Framework\Testing\Feature\Services\Markdown\ShortcodeProcessorTest" classname="Hyde.Framework.Testing.Feature.Services.Markdown.ShortcodeProcessorTest" assertions="2" time="0.020064"/>
        <testcase name="Discovered shortcodes are used to process input" file="Shortcode Processor (Hyde\Framework\Testing\Feature\Services\Markdown\ShortcodeProcessor)::Discovered shortcodes are used to process input" class="Hyde\Framework\Testing\Feature\Services\Markdown\ShortcodeProcessorTest" classname="Hyde.Framework.Testing.Feature.Services.Markdown.ShortcodeProcessorTest" assertions="1" time="0.003276"/>
        <testcase name="String without shortcode is not modified" file="Shortcode Processor (Hyde\Framework\Testing\Feature\Services\Markdown\ShortcodeProcessor)::String without shortcode is not modified" class="Hyde\Framework\Testing\Feature\Services\Markdown\ShortcodeProcessorTest" classname="Hyde.Framework.Testing.Feature.Services.Markdown.ShortcodeProcessorTest" assertions="1" time="0.002035"/>
        <testcase name="Process static shorthand" file="Shortcode Processor (Hyde\Framework\Testing\Feature\Services\Markdown\ShortcodeProcessor)::Process static shorthand" class="Hyde\Framework\Testing\Feature\Services\Markdown\ShortcodeProcessorTest" classname="Hyde.Framework.Testing.Feature.Services.Markdown.ShortcodeProcessorTest" assertions="1" time="0.003058"/>
        <testcase name="Shortcodes can be added to processor" file="Shortcode Processor (Hyde\Framework\Testing\Feature\Services\Markdown\ShortcodeProcessor)::Shortcodes can be added to processor" class="Hyde\Framework\Testing\Feature\Services\Markdown\ShortcodeProcessorTest" classname="Hyde.Framework.Testing.Feature.Services.Markdown.ShortcodeProcessorTest" assertions="2" time="0.002166"/>
        <testcase name="Shortcodes can be added to processor using array" file="Shortcode Processor (Hyde\Framework\Testing\Feature\Services\Markdown\ShortcodeProcessor)::Shortcodes can be added to processor using array" class="Hyde\Framework\Testing\Feature\Services\Markdown\ShortcodeProcessorTest" classname="Hyde.Framework.Testing.Feature.Services.Markdown.ShortcodeProcessorTest" assertions="2" time="0.002163"/>
      </testsuite>
      <testsuite name="Hyde\Framework\Testing\Feature\Services\RssFeedServiceTest" file="Rss Feed Service (Hyde\Framework\Testing\Feature\Services\RssFeedService)" tests="12" assertions="35" errors="0" failures="0" skipped="0" time="0.313262">
        <testcase name="Service instantiates xml element" file="Rss Feed Service (Hyde\Framework\Testing\Feature\Services\RssFeedService)::Service instantiates xml element" class="Hyde\Framework\Testing\Feature\Services\RssFeedServiceTest" classname="Hyde.Framework.Testing.Feature.Services.RssFeedServiceTest" assertions="1" time="0.030142"/>
        <testcase name="Xml root element is set to rss 20" file="Rss Feed Service (Hyde\Framework\Testing\Feature\Services\RssFeedService)::Xml root element is set to rss 20" class="Hyde\Framework\Testing\Feature\Services\RssFeedServiceTest" classname="Hyde.Framework.Testing.Feature.Services.RssFeedServiceTest" assertions="2" time="0.023043"/>
        <testcase name="Xml element has channel element" file="Rss Feed Service (Hyde\Framework\Testing\Feature\Services\RssFeedService)::Xml element has channel element" class="Hyde\Framework\Testing\Feature\Services\RssFeedServiceTest" classname="Hyde.Framework.Testing.Feature.Services.RssFeedServiceTest" assertions="1" time="0.022625"/>
        <testcase name="Xml channel element has required elements" file="Rss Feed Service (Hyde\Framework\Testing\Feature\Services\RssFeedService)::Xml channel element has required elements" class="Hyde\Framework\Testing\Feature\Services\RssFeedServiceTest" classname="Hyde.Framework.Testing.Feature.Services.RssFeedServiceTest" assertions="6" time="0.022963"/>
        <testcase name="Xml channel element has additional elements" file="Rss Feed Service (Hyde\Framework\Testing\Feature\Services\RssFeedService)::Xml channel element has additional elements" class="Hyde\Framework\Testing\Feature\Services\RssFeedServiceTest" classname="Hyde.Framework.Testing.Feature.Services.RssFeedServiceTest" assertions="6" time="0.022926"/>
        <testcase name="Xml channel data can be customized" file="Rss Feed Service (Hyde\Framework\Testing\Feature\Services\RssFeedService)::Xml channel data can be customized" class="Hyde\Framework\Testing\Feature\Services\RssFeedServiceTest" classname="Hyde.Framework.Testing.Feature.Services.RssFeedServiceTest" assertions="3" time="0.022774"/>
        <testcase name="Markdown blog posts are added to rss feed through autodiscovery" file="Rss Feed Service (Hyde\Framework\Testing\Feature\Services\RssFeedService)::Markdown blog posts are added to rss feed through autodiscovery" class="Hyde\Framework\Testing\Feature\Services\RssFeedServiceTest" classname="Hyde.Framework.Testing.Feature.Services.RssFeedServiceTest" assertions="11" time="0.033301"/>
        <testcase name="Get xml method returns xml string" file="Rss Feed Service (Hyde\Framework\Testing\Feature\Services\RssFeedService)::Get xml method returns xml string" class="Hyde\Framework\Testing\Feature\Services\RssFeedServiceTest" classname="Hyde.Framework.Testing.Feature.Services.RssFeedServiceTest" assertions="1" time="0.022685"/>
        <testcase name="Generate feed helper returns xml string" file="Rss Feed Service (Hyde\Framework\Testing\Feature\Services\RssFeedService)::Generate feed helper returns xml string" class="Hyde\Framework\Testing\Feature\Services\RssFeedServiceTest" classname="Hyde.Framework.Testing.Feature.Services.RssFeedServiceTest" assertions="1" time="0.027627"/>
        <testcase name="Can generate feed helper returns true if hyde has base url" file="Rss Feed Service (Hyde\Framework\Testing\Feature\Services\RssFeedService)::Can generate feed helper returns true if hyde has base url" class="Hyde\Framework\Testing\Feature\Services\RssFeedServiceTest" classname="Hyde.Framework.Testing.Feature.Services.RssFeedServiceTest" assertions="1" time="0.038998"/>
        <testcase name="Can generate feed helper returns false if hyde does not have base url" file="Rss Feed Service (Hyde\Framework\Testing\Feature\Services\RssFeedService)::Can generate feed helper returns false if hyde does not have base url" class="Hyde\Framework\Testing\Feature\Services\RssFeedServiceTest" classname="Hyde.Framework.Testing.Feature.Services.RssFeedServiceTest" assertions="1" time="0.023109"/>
        <testcase name="Can generate feed helper returns false if feeds are disabled in config" file="Rss Feed Service (Hyde\Framework\Testing\Feature\Services\RssFeedService)::Can generate feed helper returns false if feeds are disabled in config" class="Hyde\Framework\Testing\Feature\Services\RssFeedServiceTest" classname="Hyde.Framework.Testing.Feature.Services.RssFeedServiceTest" assertions="1" time="0.023069"/>
      </testsuite>
      <testsuite name="Hyde\Framework\Testing\Feature\Services\SitemapServiceTest" file="Sitemap Service (Hyde\Framework\Testing\Feature\Services\SitemapService)" tests="12" assertions="23" errors="0" failures="0" skipped="0" time="0.374599">
        <testcase name="Service instantiates xml element" file="Sitemap Service (Hyde\Framework\Testing\Feature\Services\SitemapService)::Service instantiates xml element" class="Hyde\Framework\Testing\Feature\Services\SitemapServiceTest" classname="Hyde.Framework.Testing.Feature.Services.SitemapServiceTest" assertions="1" time="0.039567"/>
        <testcase name="Generate adds default pages to xml" file="Sitemap Service (Hyde\Framework\Testing\Feature\Services\SitemapService)::Generate adds default pages to xml" class="Hyde\Framework\Testing\Feature\Services\SitemapServiceTest" classname="Hyde.Framework.Testing.Feature.Services.SitemapServiceTest" assertions="1" time="0.029353"/>
        <testcase name="Generate adds markdown pages to xml" file="Sitemap Service (Hyde\Framework\Testing\Feature\Services\SitemapService)::Generate adds markdown pages to xml" class="Hyde\Framework\Testing\Feature\Services\SitemapServiceTest" classname="Hyde.Framework.Testing.Feature.Services.SitemapServiceTest" assertions="1" time="0.030530"/>
        <testcase name="Generate adds markdown posts to xml" file="Sitemap Service (Hyde\Framework\Testing\Feature\Services\SitemapService)::Generate adds markdown posts to xml" class="Hyde\Framework\Testing\Feature\Services\SitemapServiceTest" classname="Hyde.Framework.Testing.Feature.Services.SitemapServiceTest" assertions="1" time="0.030313"/>
        <testcase name="Generate adds documentation pages to xml" file="Sitemap Service (Hyde\Framework\Testing\Feature\Services\SitemapService)::Generate adds documentation pages to xml" class="Hyde\Framework\Testing\Feature\Services\SitemapServiceTest" classname="Hyde.Framework.Testing.Feature.Services.SitemapServiceTest" assertions="1" time="0.030436"/>
        <testcase name="Get xml returns xml string" file="Sitemap Service (Hyde\Framework\Testing\Feature\Services\SitemapService)::Get xml returns xml string" class="Hyde\Framework\Testing\Feature\Services\SitemapServiceTest" classname="Hyde.Framework.Testing.Feature.Services.SitemapServiceTest" assertions="2" time="0.029071"/>
        <testcase name="Generate sitemap shorthand method returns xml string" file="Sitemap Service (Hyde\Framework\Testing\Feature\Services\SitemapService)::Generate sitemap shorthand method returns xml string" class="Hyde\Framework\Testing\Feature\Services\SitemapServiceTest" classname="Hyde.Framework.Testing.Feature.Services.SitemapServiceTest" assertions="2" time="0.029640"/>
        <testcase name="Url item is generated correctly" file="Sitemap Service (Hyde\Framework\Testing\Feature\Services\SitemapService)::Url item is generated correctly" class="Hyde\Framework\Testing\Feature\Services\SitemapServiceTest" classname="Hyde.Framework.Testing.Feature.Services.SitemapServiceTest" assertions="3" time="0.030634"/>
        <testcase name="Url item is generated with pretty urls if enabled" file="Sitemap Service (Hyde\Framework\Testing\Feature\Services\SitemapService)::Url item is generated with pretty urls if enabled" class="Hyde\Framework\Testing\Feature\Services\SitemapServiceTest" classname="Hyde.Framework.Testing.Feature.Services.SitemapServiceTest" assertions="1" time="0.030856"/>
        <testcase name="All route types are discovered" file="Sitemap Service (Hyde\Framework\Testing\Feature\Services\SitemapService)::All route types are discovered" class="Hyde\Framework\Testing\Feature\Services\SitemapServiceTest" classname="Hyde.Framework.Testing.Feature.Services.SitemapServiceTest" assertions="6" time="0.035179"/>
        <testcase name="Links fallback to relative links when a site url is not set" file="Sitemap Service (Hyde\Framework\Testing\Feature\Services\SitemapService)::Links fallback to relative links when a site url is not set" class="Hyde\Framework\Testing\Feature\Services\SitemapServiceTest" classname="Hyde.Framework.Testing.Feature.Services.SitemapServiceTest" assertions="2" time="0.029188"/>
        <testcase name="Links fallback to relative links when site url is localhost" file="Sitemap Service (Hyde\Framework\Testing\Feature\Services\SitemapService)::Links fallback to relative links when site url is localhost" class="Hyde\Framework\Testing\Feature\Services\SitemapServiceTest" classname="Hyde.Framework.Testing.Feature.Services.SitemapServiceTest" assertions="2" time="0.029832"/>
      </testsuite>
      <testsuite name="Hyde\Framework\Testing\Feature\Services\ValidationServiceTest" file="Validation Service (Hyde\Framework\Testing\Feature\Services\ValidationService)" tests="24" assertions="63" errors="0" failures="0" skipped="0" time="0.611840">
        <testcase name="Checks returns an array of validation check methods" file="Validation Service (Hyde\Framework\Testing\Feature\Services\ValidationService)::Checks returns an array of validation check methods" class="Hyde\Framework\Testing\Feature\Services\ValidationServiceTest" classname="Hyde.Framework.Testing.Feature.Services.ValidationServiceTest" assertions="17" time="0.042121"/>
        <testcase name="Check validators can run" file="Validation Service (Hyde\Framework\Testing\Feature\Services\ValidationService)::Check validators can run" class="Hyde\Framework\Testing\Feature\Services\ValidationServiceTest" classname="Hyde.Framework.Testing.Feature.Services.ValidationServiceTest" assertions="2" time="0.022710"/>
        <testcase name="Check site has a 404 page can pass" file="Validation Service (Hyde\Framework\Testing\Feature\Services\ValidationService)::Check site has a 404 page can pass" class="Hyde\Framework\Testing\Feature\Services\ValidationServiceTest" classname="Hyde.Framework.Testing.Feature.Services.ValidationServiceTest" assertions="2" time="0.023742"/>
        <testcase name="Check site has a 404 page can fail" file="Validation Service (Hyde\Framework\Testing\Feature\Services\ValidationService)::Check site has a 404 page can fail" class="Hyde\Framework\Testing\Feature\Services\ValidationServiceTest" classname="Hyde.Framework.Testing.Feature.Services.ValidationServiceTest" assertions="2" time="0.022891"/>
        <testcase name="Check documentation site has an index page can pass" file="Validation Service (Hyde\Framework\Testing\Feature\Services\ValidationService)::Check documentation site has an index page can pass" class="Hyde\Framework\Testing\Feature\Services\ValidationServiceTest" classname="Hyde.Framework.Testing.Feature.Services.ValidationServiceTest" assertions="2" time="0.030067"/>
        <testcase name="Check documentation site has an index page can pass with warning when only finding readme" file="Validation Service (Hyde\Framework\Testing\Feature\Services\ValidationService)::Check documentation site has an index page can pass with warning when only finding readme" class="Hyde\Framework\Testing\Feature\Services\ValidationServiceTest" classname="Hyde.Framework.Testing.Feature.Services.ValidationServiceTest" assertions="3" time="0.039375"/>
        <testcase name="Check documentation site has an index page can fail" file="Validation Service (Hyde\Framework\Testing\Feature\Services\ValidationService)::Check documentation site has an index page can fail" class="Hyde\Framework\Testing\Feature\Services\ValidationServiceTest" classname="Hyde.Framework.Testing.Feature.Services.ValidationServiceTest" assertions="2" time="0.030553"/>
        <testcase name="Check documentation site has an index page be skipped" file="Validation Service (Hyde\Framework\Testing\Feature\Services\ValidationService)::Check documentation site has an index page be skipped" class="Hyde\Framework\Testing\Feature\Services\ValidationServiceTest" classname="Hyde.Framework.Testing.Feature.Services.ValidationServiceTest" assertions="2" time="0.029315"/>
        <testcase name="Check site has an index page can pass" file="Validation Service (Hyde\Framework\Testing\Feature\Services\ValidationService)::Check site has an index page can pass" class="Hyde\Framework\Testing\Feature\Services\ValidationServiceTest" classname="Hyde.Framework.Testing.Feature.Services.ValidationServiceTest" assertions="2" time="0.022753"/>
        <testcase name="Check site has an index page can fail" file="Validation Service (Hyde\Framework\Testing\Feature\Services\ValidationService)::Check site has an index page can fail" class="Hyde\Framework\Testing\Feature\Services\ValidationServiceTest" classname="Hyde.Framework.Testing.Feature.Services.ValidationServiceTest" assertions="2" time="0.022423"/>
        <testcase name="Check site has an app css stylesheet can pass" file="Validation Service (Hyde\Framework\Testing\Feature\Services\ValidationService)::Check site has an app css stylesheet can pass" class="Hyde\Framework\Testing\Feature\Services\ValidationServiceTest" classname="Hyde.Framework.Testing.Feature.Services.ValidationServiceTest" assertions="2" time="0.022565"/>
        <testcase name="Check site has an app css stylesheet can fail" file="Validation Service (Hyde\Framework\Testing\Feature\Services\ValidationService)::Check site has an app css stylesheet can fail" class="Hyde\Framework\Testing\Feature\Services\ValidationServiceTest" classname="Hyde.Framework.Testing.Feature.Services.ValidationServiceTest" assertions="2" time="0.022651"/>
        <testcase name="Check site has a base url set can pass" file="Validation Service (Hyde\Framework\Testing\Feature\Services\ValidationService)::Check site has a base url set can pass" class="Hyde\Framework\Testing\Feature\Services\ValidationServiceTest" classname="Hyde.Framework.Testing.Feature.Services.ValidationServiceTest" assertions="2" time="0.022530"/>
        <testcase name="Check site has a base url set can fail" file="Validation Service (Hyde\Framework\Testing\Feature\Services\ValidationService)::Check site has a base url set can fail" class="Hyde\Framework\Testing\Feature\Services\ValidationServiceTest" classname="Hyde.Framework.Testing.Feature.Services.ValidationServiceTest" assertions="2" time="0.022443"/>
        <testcase name="Check a torchlight api token is set can skip" file="Validation Service (Hyde\Framework\Testing\Feature\Services\ValidationService)::Check a torchlight api token is set can skip" class="Hyde\Framework\Testing\Feature\Services\ValidationServiceTest" classname="Hyde.Framework.Testing.Feature.Services.ValidationServiceTest" assertions="2" time="0.022216"/>
        <testcase name="Check a torchlight api token is set can pass" file="Validation Service (Hyde\Framework\Testing\Feature\Services\ValidationService)::Check a torchlight api token is set can pass" class="Hyde\Framework\Testing\Feature\Services\ValidationServiceTest" classname="Hyde.Framework.Testing.Feature.Services.ValidationServiceTest" assertions="2" time="0.022414"/>
        <testcase name="Check a torchlight api token is set can fail" file="Validation Service (Hyde\Framework\Testing\Feature\Services\ValidationService)::Check a torchlight api token is set can fail" class="Hyde\Framework\Testing\Feature\Services\ValidationServiceTest" classname="Hyde.Framework.Testing.Feature.Services.ValidationServiceTest" assertions="2" time="0.022416"/>
        <testcase name="Check for conflicts between blade and markdown pages can pass" file="Validation Service (Hyde\Framework\Testing\Feature\Services\ValidationService)::Check for conflicts between blade and markdown pages can pass" class="Hyde\Framework\Testing\Feature\Services\ValidationServiceTest" classname="Hyde.Framework.Testing.Feature.Services.ValidationServiceTest" assertions="2" time="0.027755"/>
        <testcase name="Check for conflicts between blade and markdown pages can fail" file="Validation Service (Hyde\Framework\Testing\Feature\Services\ValidationService)::Check for conflicts between blade and markdown pages can fail" class="Hyde\Framework\Testing\Feature\Services\ValidationServiceTest" classname="Hyde.Framework.Testing.Feature.Services.ValidationServiceTest" assertions="2" time="0.029068"/>
        <testcase name="Validation result message returns message" file="Validation Service (Hyde\Framework\Testing\Feature\Services\ValidationService)::Validation result message returns message" class="Hyde\Framework\Testing\Feature\Services\ValidationServiceTest" classname="Hyde.Framework.Testing.Feature.Services.ValidationServiceTest" assertions="1" time="0.022245"/>
        <testcase name="Validation result passed returns true when passed is true" file="Validation Service (Hyde\Framework\Testing\Feature\Services\ValidationService)::Validation result passed returns true when passed is true" class="Hyde\Framework\Testing\Feature\Services\ValidationServiceTest" classname="Hyde.Framework.Testing.Feature.Services.ValidationServiceTest" assertions="2" time="0.022862"/>
        <testcase name="Validation result failed returns true when passed is false" file="Validation Service (Hyde\Framework\Testing\Feature\Services\ValidationService)::Validation result failed returns true when passed is false" class="Hyde\Framework\Testing\Feature\Services\ValidationServiceTest" classname="Hyde.Framework.Testing.Feature.Services.ValidationServiceTest" assertions="2" time="0.022316"/>
        <testcase name="Validation result skipped returns true when skipped is true" file="Validation Service (Hyde\Framework\Testing\Feature\Services\ValidationService)::Validation result skipped returns true when skipped is true" class="Hyde\Framework\Testing\Feature\Services\ValidationServiceTest" classname="Hyde.Framework.Testing.Feature.Services.ValidationServiceTest" assertions="2" time="0.022052"/>
        <testcase name="Validation result tip returns message when set" file="Validation Service (Hyde\Framework\Testing\Feature\Services\ValidationService)::Validation result tip returns message when set" class="Hyde\Framework\Testing\Feature\Services\ValidationServiceTest" classname="Hyde.Framework.Testing.Feature.Services.ValidationServiceTest" assertions="2" time="0.022358"/>
      </testsuite>
      <testsuite name="Hyde\Framework\Testing\Feature\SiteTest" file="Site (Hyde\Framework\Testing\Feature\Site)" tests="4" assertions="10" errors="0" failures="0" skipped="0" time="0.123073">
        <testcase name="Url" file="Site (Hyde\Framework\Testing\Feature\Site)::Url" class="Hyde\Framework\Testing\Feature\SiteTest" classname="Hyde.Framework.Testing.Feature.SiteTest" assertions="3" time="0.055855"/>
        <testcase name="Name" file="Site (Hyde\Framework\Testing\Feature\Site)::Name" class="Hyde\Framework\Testing\Feature\SiteTest" classname="Hyde.Framework.Testing.Feature.SiteTest" assertions="3" time="0.022034"/>
        <testcase name="Language" file="Site (Hyde\Framework\Testing\Feature\Site)::Language" class="Hyde\Framework\Testing\Feature\SiteTest" classname="Hyde.Framework.Testing.Feature.SiteTest" assertions="3" time="0.022385"/>
        <testcase name="Metadata" file="Site (Hyde\Framework\Testing\Feature\Site)::Metadata" class="Hyde\Framework\Testing\Feature\SiteTest" classname="Hyde.Framework.Testing.Feature.SiteTest" assertions="1" time="0.022800"/>
      </testsuite>
      <testsuite name="Hyde\Framework\Testing\Feature\SitesWithoutBaseUrlAreHandledGracefullyTest" file="Sites Without Base Url Are Handled Gracefully (Hyde\Framework\Testing\Feature\SitesWithoutBaseUrlAreHandledGracefully)" tests="12" assertions="12" errors="0" failures="0" skipped="0" time="0.241430">
        <testsuite name="Hyde\Framework\Testing\Feature\SitesWithoutBaseUrlAreHandledGracefullyTest::testLocalhostLinksAreNotAddedToCompiledHtmlWhenBaseUrlIsNull" tests="3" assertions="3" errors="0" failures="0" skipped="0" time="0.063799">
          <testcase name="Localhost links are not added to compiled html when base url is null with data set #0" file="Sites Without Base Url Are Handled Gracefully (Hyde\Framework\Testing\Feature\SitesWithoutBaseUrlAreHandledGracefully)::Localhost links are not added to compiled html when base url is null with data set #0" class="Hyde\Framework\Testing\Feature\SitesWithoutBaseUrlAreHandledGracefullyTest" classname="Hyde.Framework.Testing.Feature.SitesWithoutBaseUrlAreHandledGracefullyTest" assertions="1" time="0.024662"/>
          <testcase name="Localhost links are not added to compiled html when base url is null with data set #1" file="Sites Without Base Url Are Handled Gracefully (Hyde\Framework\Testing\Feature\SitesWithoutBaseUrlAreHandledGracefully)::Localhost links are not added to compiled html when base url is null with data set #1" class="Hyde\Framework\Testing\Feature\SitesWithoutBaseUrlAreHandledGracefullyTest" classname="Hyde.Framework.Testing.Feature.SitesWithoutBaseUrlAreHandledGracefullyTest" assertions="1" time="0.019191"/>
          <testcase name="Localhost links are not added to compiled html when base url is null with data set #2" file="Sites Without Base Url Are Handled Gracefully (Hyde\Framework\Testing\Feature\SitesWithoutBaseUrlAreHandledGracefully)::Localhost links are not added to compiled html when base url is null with data set #2" class="Hyde\Framework\Testing\Feature\SitesWithoutBaseUrlAreHandledGracefullyTest" classname="Hyde.Framework.Testing.Feature.SitesWithoutBaseUrlAreHandledGracefullyTest" assertions="1" time="0.019946"/>
        </testsuite>
        <testsuite name="Hyde\Framework\Testing\Feature\SitesWithoutBaseUrlAreHandledGracefullyTest::testLocalhostLinksAreNotAddedToCompiledHtmlWhenBaseUrlIsNotSet" tests="3" assertions="3" errors="0" failures="0" skipped="0" time="0.057863">
          <testcase name="Localhost links are not added to compiled html when base url is not set with data set #0" file="Sites Without Base Url Are Handled Gracefully (Hyde\Framework\Testing\Feature\SitesWithoutBaseUrlAreHandledGracefully)::Localhost links are not added to compiled html when base url is not set with data set #0" class="Hyde\Framework\Testing\Feature\SitesWithoutBaseUrlAreHandledGracefullyTest" classname="Hyde.Framework.Testing.Feature.SitesWithoutBaseUrlAreHandledGracefullyTest" assertions="1" time="0.018759"/>
          <testcase name="Localhost links are not added to compiled html when base url is not set with data set #1" file="Sites Without Base Url Are Handled Gracefully (Hyde\Framework\Testing\Feature\SitesWithoutBaseUrlAreHandledGracefully)::Localhost links are not added to compiled html when base url is not set with data set #1" class="Hyde\Framework\Testing\Feature\SitesWithoutBaseUrlAreHandledGracefullyTest" classname="Hyde.Framework.Testing.Feature.SitesWithoutBaseUrlAreHandledGracefullyTest" assertions="1" time="0.019086"/>
          <testcase name="Localhost links are not added to compiled html when base url is not set with data set #2" file="Sites Without Base Url Are Handled Gracefully (Hyde\Framework\Testing\Feature\SitesWithoutBaseUrlAreHandledGracefully)::Localhost links are not added to compiled html when base url is not set with data set #2" class="Hyde\Framework\Testing\Feature\SitesWithoutBaseUrlAreHandledGracefullyTest" classname="Hyde.Framework.Testing.Feature.SitesWithoutBaseUrlAreHandledGracefullyTest" assertions="1" time="0.020017"/>
        </testsuite>
        <testsuite name="Hyde\Framework\Testing\Feature\SitesWithoutBaseUrlAreHandledGracefullyTest::testLocalhostLinksAreNotAddedToCompiledHtmlWhenBaseUrlIsSetToLocalhost" tests="3" assertions="3" errors="0" failures="0" skipped="0" time="0.058087">
          <testcase name="Localhost links are not added to compiled html when base url is set to localhost with data set #0" file="Sites Without Base Url Are Handled Gracefully (Hyde\Framework\Testing\Feature\SitesWithoutBaseUrlAreHandledGracefully)::Localhost links are not added to compiled html when base url is set to localhost with data set #0" class="Hyde\Framework\Testing\Feature\SitesWithoutBaseUrlAreHandledGracefullyTest" classname="Hyde.Framework.Testing.Feature.SitesWithoutBaseUrlAreHandledGracefullyTest" assertions="1" time="0.018846"/>
          <testcase name="Localhost links are not added to compiled html when base url is set to localhost with data set #1" file="Sites Without Base Url Are Handled Gracefully (Hyde\Framework\Testing\Feature\SitesWithoutBaseUrlAreHandledGracefully)::Localhost links are not added to compiled html when base url is set to localhost with data set #1" class="Hyde\Framework\Testing\Feature\SitesWithoutBaseUrlAreHandledGracefullyTest" classname="Hyde.Framework.Testing.Feature.SitesWithoutBaseUrlAreHandledGracefullyTest" assertions="1" time="0.019131"/>
          <testcase name="Localhost links are not added to compiled html when base url is set to localhost with data set #2" file="Sites Without Base Url Are Handled Gracefully (Hyde\Framework\Testing\Feature\SitesWithoutBaseUrlAreHandledGracefully)::Localhost links are not added to compiled html when base url is set to localhost with data set #2" class="Hyde\Framework\Testing\Feature\SitesWithoutBaseUrlAreHandledGracefullyTest" classname="Hyde.Framework.Testing.Feature.SitesWithoutBaseUrlAreHandledGracefullyTest" assertions="1" time="0.020110"/>
        </testsuite>
        <testsuite name="Hyde\Framework\Testing\Feature\SitesWithoutBaseUrlAreHandledGracefullyTest::testSiteUrlLinksAreAddedToCompiledHtmlWhenBaseUrlIsSetToValidUrl" tests="3" assertions="3" errors="0" failures="0" skipped="0" time="0.061681">
          <testcase name="Site url links are added to compiled html when base url is set to valid url with data set #0" file="Sites Without Base Url Are Handled Gracefully (Hyde\Framework\Testing\Feature\SitesWithoutBaseUrlAreHandledGracefully)::Site url links are added to compiled html when base url is set to valid url with data set #0" class="Hyde\Framework\Testing\Feature\SitesWithoutBaseUrlAreHandledGracefullyTest" classname="Hyde.Framework.Testing.Feature.SitesWithoutBaseUrlAreHandledGracefullyTest" assertions="1" time="0.019291"/>
          <testcase name="Site url links are added to compiled html when base url is set to valid url with data set #1" file="Sites Without Base Url Are Handled Gracefully (Hyde\Framework\Testing\Feature\SitesWithoutBaseUrlAreHandledGracefully)::Site url links are added to compiled html when base url is set to valid url with data set #1" class="Hyde\Framework\Testing\Feature\SitesWithoutBaseUrlAreHandledGracefullyTest" classname="Hyde.Framework.Testing.Feature.SitesWithoutBaseUrlAreHandledGracefullyTest" assertions="1" time="0.019842"/>
          <testcase name="Site url links are added to compiled html when base url is set to valid url with data set #2" file="Sites Without Base Url Are Handled Gracefully (Hyde\Framework\Testing\Feature\SitesWithoutBaseUrlAreHandledGracefully)::Site url links are added to compiled html when base url is set to valid url with data set #2" class="Hyde\Framework\Testing\Feature\SitesWithoutBaseUrlAreHandledGracefullyTest" classname="Hyde.Framework.Testing.Feature.SitesWithoutBaseUrlAreHandledGracefullyTest" assertions="1" time="0.022549"/>
        </testsuite>
      </testsuite>
      <testsuite name="Hyde\Framework\Testing\Feature\SourceDirectoriesCanBeChangedTest" file="Source Directories Can Be Changed (Hyde\Framework\Testing\Feature\SourceDirectoriesCanBeChanged)" tests="6" assertions="18" errors="0" failures="0" skipped="0" time="0.172026">
        <testcase name="Baselines" file="Source Directories Can Be Changed (Hyde\Framework\Testing\Feature\SourceDirectoriesCanBeChanged)::Baselines" class="Hyde\Framework\Testing\Feature\SourceDirectoriesCanBeChangedTest" classname="Hyde.Framework.Testing.Feature.SourceDirectoriesCanBeChangedTest" assertions="5" time="0.041976"/>
        <testcase name="Source directories can be changed programmatically" file="Source Directories Can Be Changed (Hyde\Framework\Testing\Feature\SourceDirectoriesCanBeChanged)::Source directories can be changed programmatically" class="Hyde\Framework\Testing\Feature\SourceDirectoriesCanBeChangedTest" classname="Hyde.Framework.Testing.Feature.SourceDirectoriesCanBeChangedTest" assertions="5" time="0.023630"/>
        <testcase name="Source directories can be changed in config" file="Source Directories Can Be Changed (Hyde\Framework\Testing\Feature\SourceDirectoriesCanBeChanged)::Source directories can be changed in config" class="Hyde\Framework\Testing\Feature\SourceDirectoriesCanBeChangedTest" classname="Hyde.Framework.Testing.Feature.SourceDirectoriesCanBeChangedTest" assertions="5" time="0.023990"/>
        <testcase name="Build service recognizes changed directory" file="Source Directories Can Be Changed (Hyde\Framework\Testing\Feature\SourceDirectoriesCanBeChanged)::Build service recognizes changed directory" class="Hyde\Framework\Testing\Feature\SourceDirectoriesCanBeChangedTest" classname="Hyde.Framework.Testing.Feature.SourceDirectoriesCanBeChangedTest" assertions="1" time="0.022172"/>
        <testcase name="Autodiscovery discovers posts in custom directory" file="Source Directories Can Be Changed (Hyde\Framework\Testing\Feature\SourceDirectoriesCanBeChanged)::Autodiscovery discovers posts in custom directory" class="Hyde\Framework\Testing\Feature\SourceDirectoriesCanBeChangedTest" classname="Hyde.Framework.Testing.Feature.SourceDirectoriesCanBeChangedTest" assertions="1" time="0.030184"/>
        <testcase name="Autodiscovery discovers posts in custom subdirectory" file="Source Directories Can Be Changed (Hyde\Framework\Testing\Feature\SourceDirectoriesCanBeChanged)::Autodiscovery discovers posts in custom subdirectory" class="Hyde\Framework\Testing\Feature\SourceDirectoriesCanBeChangedTest" classname="Hyde.Framework.Testing.Feature.SourceDirectoriesCanBeChangedTest" assertions="1" time="0.030074"/>
      </testsuite>
      <testsuite name="Hyde\Framework\Testing\Feature\SourceFileParserTest" file="Source File Parser (Hyde\Framework\Testing\Feature\SourceFileParser)" tests="8" assertions="23" errors="0" failures="0" skipped="0" time="0.206147">
        <testcase name="Blade page parser" file="Source File Parser (Hyde\Framework\Testing\Feature\SourceFileParser)::Blade page parser" class="Hyde\Framework\Testing\Feature\SourceFileParserTest" classname="Hyde.Framework.Testing.Feature.SourceFileParserTest" assertions="2" time="0.034008"/>
        <testcase name="Markdown page parser" file="Source File Parser (Hyde\Framework\Testing\Feature\SourceFileParser)::Markdown page parser" class="Hyde\Framework\Testing\Feature\SourceFileParserTest" classname="Hyde.Framework.Testing.Feature.SourceFileParserTest" assertions="5" time="0.024835"/>
        <testcase name="Markdown post parser" file="Source File Parser (Hyde\Framework\Testing\Feature\SourceFileParser)::Markdown post parser" class="Hyde\Framework\Testing\Feature\SourceFileParserTest" classname="Hyde.Framework.Testing.Feature.SourceFileParserTest" assertions="5" time="0.024922"/>
        <testcase name="Documentation page parser" file="Source File Parser (Hyde\Framework\Testing\Feature\SourceFileParser)::Documentation page parser" class="Hyde\Framework\Testing\Feature\SourceFileParserTest" classname="Hyde.Framework.Testing.Feature.SourceFileParserTest" assertions="5" time="0.024535"/>
        <testcase name="Html page parser" file="Source File Parser (Hyde\Framework\Testing\Feature\SourceFileParser)::Html page parser" class="Hyde\Framework\Testing\Feature\SourceFileParserTest" classname="Hyde.Framework.Testing.Feature.SourceFileParserTest" assertions="3" time="0.023924"/>
        <testcase name="Parsed page is run through dynamic constructor" file="Source File Parser (Hyde\Framework\Testing\Feature\SourceFileParser)::Parsed page is run through dynamic constructor" class="Hyde\Framework\Testing\Feature\SourceFileParserTest" classname="Hyde.Framework.Testing.Feature.SourceFileParserTest" assertions="1" time="0.024298"/>
        <testcase name="Blade page data is parsed to front matter" file="Source File Parser (Hyde\Framework\Testing\Feature\SourceFileParser)::Blade page data is parsed to front matter" class="Hyde\Framework\Testing\Feature\SourceFileParserTest" classname="Hyde.Framework.Testing.Feature.SourceFileParserTest" assertions="1" time="0.024459"/>
        <testcase name="Blade page matter is used for the page title" file="Source File Parser (Hyde\Framework\Testing\Feature\SourceFileParser)::Blade page matter is used for the page title" class="Hyde\Framework\Testing\Feature\SourceFileParserTest" classname="Hyde.Framework.Testing.Feature.SourceFileParserTest" assertions="1" time="0.025166"/>
      </testsuite>
      <testsuite name="Hyde\Framework\Testing\Feature\StaticPageBuilderTest" file="Static Page Builder (Hyde\Framework\Testing\Feature\StaticPageBuilder)" tests="13" assertions="73" errors="0" failures="0" skipped="0" time="0.512257">
        <testcase name="Can build blade page" file="Static Page Builder (Hyde\Framework\Testing\Feature\StaticPageBuilder)::Can build blade page" class="Hyde\Framework\Testing\Feature\StaticPageBuilderTest" classname="Hyde.Framework.Testing.Feature.StaticPageBuilderTest" assertions="3" time="0.043471"/>
        <testcase name="Can build markdown post" file="Static Page Builder (Hyde\Framework\Testing\Feature\StaticPageBuilder)::Can build markdown post" class="Hyde\Framework\Testing\Feature\StaticPageBuilderTest" classname="Hyde.Framework.Testing.Feature.StaticPageBuilderTest" assertions="10" time="0.040969"/>
        <testcase name="Can build markdown page" file="Static Page Builder (Hyde\Framework\Testing\Feature\StaticPageBuilder)::Can build markdown page" class="Hyde\Framework\Testing\Feature\StaticPageBuilderTest" classname="Hyde.Framework.Testing.Feature.StaticPageBuilderTest" assertions="10" time="0.038941"/>
        <testcase name="Can build documentation page" file="Static Page Builder (Hyde\Framework\Testing\Feature\StaticPageBuilder)::Can build documentation page" class="Hyde\Framework\Testing\Feature\StaticPageBuilderTest" classname="Hyde.Framework.Testing.Feature.StaticPageBuilderTest" assertions="10" time="0.050131"/>
        <testcase name="Can build html page" file="Static Page Builder (Hyde\Framework\Testing\Feature\StaticPageBuilder)::Can build html page" class="Hyde\Framework\Testing\Feature\StaticPageBuilderTest" classname="Hyde.Framework.Testing.Feature.StaticPageBuilderTest" assertions="3" time="0.031558"/>
        <testcase name="Can build nested html page" file="Static Page Builder (Hyde\Framework\Testing\Feature\StaticPageBuilder)::Can build nested html page" class="Hyde\Framework\Testing\Feature\StaticPageBuilderTest" classname="Hyde.Framework.Testing.Feature.StaticPageBuilderTest" assertions="3" time="0.032097"/>
        <testcase name="Creates custom documentation directory" file="Static Page Builder (Hyde\Framework\Testing\Feature\StaticPageBuilder)::Creates custom documentation directory" class="Hyde\Framework\Testing\Feature\StaticPageBuilderTest" classname="Hyde.Framework.Testing.Feature.StaticPageBuilderTest" assertions="10" time="0.043002"/>
        <testcase name="Site directory can be customized" file="Static Page Builder (Hyde\Framework\Testing\Feature\StaticPageBuilder)::Site directory can be customized" class="Hyde\Framework\Testing\Feature\StaticPageBuilderTest" classname="Hyde.Framework.Testing.Feature.StaticPageBuilderTest" assertions="10" time="0.040699"/>
        <testcase name="Site directory can be customized with nested pages" file="Static Page Builder (Hyde\Framework\Testing\Feature\StaticPageBuilder)::Site directory can be customized with nested pages" class="Hyde\Framework\Testing\Feature\StaticPageBuilderTest" classname="Hyde.Framework.Testing.Feature.StaticPageBuilderTest" assertions="10" time="0.041692"/>
        <testcase name="Can rebuild blade page" file="Static Page Builder (Hyde\Framework\Testing\Feature\StaticPageBuilder)::Can rebuild blade page" class="Hyde\Framework\Testing\Feature\StaticPageBuilderTest" classname="Hyde.Framework.Testing.Feature.StaticPageBuilderTest" assertions="1" time="0.031040"/>
        <testcase name="Can rebuild markdown page" file="Static Page Builder (Hyde\Framework\Testing\Feature\StaticPageBuilder)::Can rebuild markdown page" class="Hyde\Framework\Testing\Feature\StaticPageBuilderTest" classname="Hyde.Framework.Testing.Feature.StaticPageBuilderTest" assertions="1" time="0.039685"/>
        <testcase name="Can rebuild markdown post" file="Static Page Builder (Hyde\Framework\Testing\Feature\StaticPageBuilder)::Can rebuild markdown post" class="Hyde\Framework\Testing\Feature\StaticPageBuilderTest" classname="Hyde.Framework.Testing.Feature.StaticPageBuilderTest" assertions="1" time="0.039786"/>
        <testcase name="Can rebuild documentation page" file="Static Page Builder (Hyde\Framework\Testing\Feature\StaticPageBuilder)::Can rebuild documentation page" class="Hyde\Framework\Testing\Feature\StaticPageBuilderTest" classname="Hyde.Framework.Testing.Feature.StaticPageBuilderTest" assertions="1" time="0.039185"/>
      </testsuite>
      <testsuite name="Hyde\Framework\Testing\Feature\StaticSiteBuilderDocumentationModuleTest" file="Static Site Builder Documentation Module (Hyde\Framework\Testing\Feature\StaticSiteBuilderDocumentationModule)" tests="3" assertions="7" errors="0" failures="0" skipped="0" time="0.152429">
        <testcase name="Can create page" file="Static Site Builder Documentation Module (Hyde\Framework\Testing\Feature\StaticSiteBuilderDocumentationModule)::Can create page" class="Hyde\Framework\Testing\Feature\StaticSiteBuilderDocumentationModuleTest" classname="Hyde.Framework.Testing.Feature.StaticSiteBuilderDocumentationModuleTest" assertions="1" time="0.059557"/>
        <testcase name="Page contains expected content" file="Static Site Builder Documentation Module (Hyde\Framework\Testing\Feature\StaticSiteBuilderDocumentationModule)::Page contains expected content" class="Hyde\Framework\Testing\Feature\StaticSiteBuilderDocumentationModuleTest" classname="Hyde.Framework.Testing.Feature.StaticSiteBuilderDocumentationModuleTest" assertions="3" time="0.040752"/>
        <testcase name="Can compile page to root output directory" file="Static Site Builder Documentation Module (Hyde\Framework\Testing\Feature\StaticSiteBuilderDocumentationModule)::Can compile page to root output directory" class="Hyde\Framework\Testing\Feature\StaticSiteBuilderDocumentationModuleTest" classname="Hyde.Framework.Testing.Feature.StaticSiteBuilderDocumentationModuleTest" assertions="3" time="0.052120"/>
      </testsuite>
      <testsuite name="Hyde\Framework\Testing\Feature\StaticSiteBuilderPostModuleTest" file="Static Site Builder Post Module (Hyde\Framework\Testing\Feature\StaticSiteBuilderPostModule)" tests="7" assertions="38" errors="0" failures="0" skipped="0" time="0.287179">
        <testcase name="Can create post" file="Static Site Builder Post Module (Hyde\Framework\Testing\Feature\StaticSiteBuilderPostModule)::Can create post" class="Hyde\Framework\Testing\Feature\StaticSiteBuilderPostModuleTest" classname="Hyde.Framework.Testing.Feature.StaticSiteBuilderPostModuleTest" assertions="1" time="0.045425"/>
        <testcase name="Post contains expected content" file="Static Site Builder Post Module (Hyde\Framework\Testing\Feature\StaticSiteBuilderPostModule)::Post contains expected content" class="Hyde\Framework\Testing\Feature\StaticSiteBuilderPostModuleTest" classname="Hyde.Framework.Testing.Feature.StaticSiteBuilderPostModuleTest" assertions="6" time="0.040180"/>
        <testcase name="Post contains expected elements" file="Static Site Builder Post Module (Hyde\Framework\Testing\Feature\StaticSiteBuilderPostModule)::Post contains expected elements" class="Hyde\Framework\Testing\Feature\StaticSiteBuilderPostModuleTest" classname="Hyde.Framework.Testing.Feature.StaticSiteBuilderPostModuleTest" assertions="11" time="0.040729"/>
        <testcase name="Post contains expected meta tags" file="Static Site Builder Post Module (Hyde\Framework\Testing\Feature\StaticSiteBuilderPostModule)::Post contains expected meta tags" class="Hyde\Framework\Testing\Feature\StaticSiteBuilderPostModuleTest" classname="Hyde.Framework.Testing.Feature.StaticSiteBuilderPostModuleTest" assertions="6" time="0.040925"/>
        <testcase name="Post contains expected itemprops" file="Static Site Builder Post Module (Hyde\Framework\Testing\Feature\StaticSiteBuilderPostModule)::Post contains expected itemprops" class="Hyde\Framework\Testing\Feature\StaticSiteBuilderPostModuleTest" classname="Hyde.Framework.Testing.Feature.StaticSiteBuilderPostModuleTest" assertions="8" time="0.040657"/>
        <testcase name="Post contains expected aria support" file="Static Site Builder Post Module (Hyde\Framework\Testing\Feature\StaticSiteBuilderPostModule)::Post contains expected aria support" class="Hyde\Framework\Testing\Feature\StaticSiteBuilderPostModuleTest" classname="Hyde.Framework.Testing.Feature.StaticSiteBuilderPostModuleTest" assertions="3" time="0.039666"/>
        <testcase name="Post image is resolved relatively" file="Static Site Builder Post Module (Hyde\Framework\Testing\Feature\StaticSiteBuilderPostModule)::Post image is resolved relatively" class="Hyde\Framework\Testing\Feature\StaticSiteBuilderPostModuleTest" classname="Hyde.Framework.Testing.Feature.StaticSiteBuilderPostModuleTest" assertions="3" time="0.039597"/>
      </testsuite>
      <testsuite name="Hyde\Framework\Testing\Feature\StaticSiteServiceTest" file="Static Site Service (Hyde\Framework\Testing\Feature\StaticSiteService)" tests="27" assertions="90" errors="0" failures="0" skipped="0" time="1.318589">
        <testcase name="Build command contains expected output" file="Static Site Service (Hyde\Framework\Testing\Feature\StaticSiteService)::Build command contains expected output" class="Hyde\Framework\Testing\Feature\StaticSiteServiceTest" classname="Hyde.Framework.Testing.Feature.StaticSiteServiceTest" assertions="4" time="0.052878"/>
        <testcase name="Build command creates html files" file="Static Site Service (Hyde\Framework\Testing\Feature\StaticSiteService)::Build command creates html files" class="Hyde\Framework\Testing\Feature\StaticSiteServiceTest" classname="Hyde.Framework.Testing.Feature.StaticSiteServiceTest" assertions="3" time="0.053249"/>
        <testcase name="Build command transfers media asset files" file="Static Site Service (Hyde\Framework\Testing\Feature\StaticSiteService)::Build command transfers media asset files" class="Hyde\Framework\Testing\Feature\StaticSiteServiceTest" classname="Hyde.Framework.Testing.Feature.StaticSiteServiceTest" assertions="3" time="0.051099"/>
        <testcase name="Build command transfers media asset files recursively" file="Static Site Service (Hyde\Framework\Testing\Feature\StaticSiteService)::Build command transfers media asset files recursively" class="Hyde\Framework\Testing\Feature\StaticSiteServiceTest" classname="Hyde.Framework.Testing.Feature.StaticSiteServiceTest" assertions="4" time="0.042652"/>
        <testcase name="All page types can be compiled" file="Static Site Service (Hyde\Framework\Testing\Feature\StaticSiteService)::All page types can be compiled" class="Hyde\Framework\Testing\Feature\StaticSiteServiceTest" classname="Hyde.Framework.Testing.Feature.StaticSiteServiceTest" assertions="12" time="0.099755"/>
        <testcase name="Only progress bars for types with pages are shown" file="Static Site Service (Hyde\Framework\Testing\Feature\StaticSiteService)::Only progress bars for types with pages are shown" class="Hyde\Framework\Testing\Feature\StaticSiteServiceTest" classname="Hyde.Framework.Testing.Feature.StaticSiteServiceTest" assertions="9" time="0.060004"/>
        <testcase name="Print initial information allows api to be disabled" file="Static Site Service (Hyde\Framework\Testing\Feature\StaticSiteService)::Print initial information allows api to be disabled" class="Hyde\Framework\Testing\Feature\StaticSiteServiceTest" classname="Hyde.Framework.Testing.Feature.StaticSiteServiceTest" assertions="2" time="0.044662"/>
        <testcase name="Node action outputs" file="Static Site Service (Hyde\Framework\Testing\Feature\StaticSiteService)::Node action outputs" class="Hyde\Framework\Testing\Feature\StaticSiteServiceTest" classname="Hyde.Framework.Testing.Feature.StaticSiteServiceTest" assertions="7" time="0.044781"/>
        <testcase name="Pretty urls option output" file="Static Site Service (Hyde\Framework\Testing\Feature\StaticSiteService)::Pretty urls option output" class="Hyde\Framework\Testing\Feature\StaticSiteServiceTest" classname="Hyde.Framework.Testing.Feature.StaticSiteServiceTest" assertions="2" time="0.042303"/>
        <testcase name="Sitemap is not generated when conditions are not met" file="Static Site Service (Hyde\Framework\Testing\Feature\StaticSiteService)::Sitemap is not generated when conditions are not met" class="Hyde\Framework\Testing\Feature\StaticSiteServiceTest" classname="Hyde.Framework.Testing.Feature.StaticSiteServiceTest" assertions="2" time="0.041742"/>
        <testcase name="Sitemap is generated when conditions are met" file="Static Site Service (Hyde\Framework\Testing\Feature\StaticSiteService)::Sitemap is generated when conditions are met" class="Hyde\Framework\Testing\Feature\StaticSiteServiceTest" classname="Hyde.Framework.Testing.Feature.StaticSiteServiceTest" assertions="1" time="0.044741"/>
        <testcase name="Rss feed is not generated when conditions are not met" file="Static Site Service (Hyde\Framework\Testing\Feature\StaticSiteService)::Rss feed is not generated when conditions are not met" class="Hyde\Framework\Testing\Feature\StaticSiteServiceTest" classname="Hyde.Framework.Testing.Feature.StaticSiteServiceTest" assertions="2" time="0.041607"/>
        <testcase name="Rss feed is generated when conditions are met" file="Static Site Service (Hyde\Framework\Testing\Feature\StaticSiteService)::Rss feed is generated when conditions are met" class="Hyde\Framework\Testing\Feature\StaticSiteServiceTest" classname="Hyde.Framework.Testing.Feature.StaticSiteServiceTest" assertions="1" time="0.059341"/>
        <testcase name="Does not generate search files when conditions are not met" file="Static Site Service (Hyde\Framework\Testing\Feature\StaticSiteService)::Does not generate search files when conditions are not met" class="Hyde\Framework\Testing\Feature\StaticSiteServiceTest" classname="Hyde.Framework.Testing.Feature.StaticSiteServiceTest" assertions="3" time="0.043609"/>
        <testcase name="Generates search files when conditions are met" file="Static Site Service (Hyde\Framework\Testing\Feature\StaticSiteService)::Generates search files when conditions are met" class="Hyde\Framework\Testing\Feature\StaticSiteServiceTest" classname="Hyde.Framework.Testing.Feature.StaticSiteServiceTest" assertions="1" time="0.076050"/>
        <testcase name="Site directory is emptied before build" file="Static Site Service (Hyde\Framework\Testing\Feature\StaticSiteService)::Site directory is emptied before build" class="Hyde\Framework\Testing\Feature\StaticSiteServiceTest" classname="Hyde.Framework.Testing.Feature.StaticSiteServiceTest" assertions="3" time="0.042742"/>
        <testcase name="Output directory is not emptied if disabled in config" file="Static Site Service (Hyde\Framework\Testing\Feature\StaticSiteService)::Output directory is not emptied if disabled in config" class="Hyde\Framework\Testing\Feature\StaticSiteServiceTest" classname="Hyde.Framework.Testing.Feature.StaticSiteServiceTest" assertions="3" time="0.041135"/>
        <testcase name="Aborts when non standard directory is emptied" file="Static Site Service (Hyde\Framework\Testing\Feature\StaticSiteService)::Aborts when non standard directory is emptied" class="Hyde\Framework\Testing\Feature\StaticSiteServiceTest" classname="Hyde.Framework.Testing.Feature.StaticSiteServiceTest" assertions="5" time="0.042698"/>
        <testcase name="Without warnings" file="Static Site Service (Hyde\Framework\Testing\Feature\StaticSiteService)::Without warnings" class="Hyde\Framework\Testing\Feature\StaticSiteServiceTest" classname="Hyde.Framework.Testing.Feature.StaticSiteServiceTest" assertions="2" time="0.041597"/>
        <testcase name="With warnings" file="Static Site Service (Hyde\Framework\Testing\Feature\StaticSiteService)::With warnings" class="Hyde\Framework\Testing\Feature\StaticSiteServiceTest" classname="Hyde.Framework.Testing.Feature.StaticSiteServiceTest" assertions="3" time="0.043032"/>
        <testcase name="With warnings and verbose" file="Static Site Service (Hyde\Framework\Testing\Feature\StaticSiteService)::With warnings and verbose" class="Hyde\Framework\Testing\Feature\StaticSiteServiceTest" classname="Hyde.Framework.Testing.Feature.StaticSiteServiceTest" assertions="4" time="0.043067"/>
        <testcase name="With warnings but warnings are disabled" file="Static Site Service (Hyde\Framework\Testing\Feature\StaticSiteService)::With warnings but warnings are disabled" class="Hyde\Framework\Testing\Feature\StaticSiteServiceTest" classname="Hyde.Framework.Testing.Feature.StaticSiteServiceTest" assertions="2" time="0.042409"/>
        <testcase name="With warnings converted to exceptions" file="Static Site Service (Hyde\Framework\Testing\Feature\StaticSiteService)::With warnings converted to exceptions" class="Hyde\Framework\Testing\Feature\StaticSiteServiceTest" classname="Hyde.Framework.Testing.Feature.StaticSiteServiceTest" assertions="4" time="0.049347"/>
        <testcase name="Site output directory can be changed for site builds" file="Static Site Service (Hyde\Framework\Testing\Feature\StaticSiteService)::Site output directory can be changed for site builds" class="Hyde\Framework\Testing\Feature\StaticSiteServiceTest" classname="Hyde.Framework.Testing.Feature.StaticSiteServiceTest" assertions="3" time="0.052698"/>
        <testcase name="Site output directory can be changed in static page builder" file="Static Site Service (Hyde\Framework\Testing\Feature\StaticSiteService)::Site output directory can be changed in static page builder" class="Hyde\Framework\Testing\Feature\StaticSiteServiceTest" classname="Hyde.Framework.Testing.Feature.StaticSiteServiceTest" assertions="1" time="0.040050"/>
        <testcase name="Output directory is created if it does not exist in static page builder" file="Static Site Service (Hyde\Framework\Testing\Feature\StaticSiteService)::Output directory is created if it does not exist in static page builder" class="Hyde\Framework\Testing\Feature\StaticSiteServiceTest" classname="Hyde.Framework.Testing.Feature.StaticSiteServiceTest" assertions="1" time="0.040180"/>
        <testcase name="Site output directory can be changed in configuration" file="Static Site Service (Hyde\Framework\Testing\Feature\StaticSiteService)::Site output directory can be changed in configuration" class="Hyde\Framework\Testing\Feature\StaticSiteServiceTest" classname="Hyde.Framework.Testing.Feature.StaticSiteServiceTest" assertions="3" time="0.041159"/>
      </testsuite>
      <testsuite name="Hyde\Framework\Testing\Feature\Support\MediaFileTest" file="Media File (Hyde\Framework\Testing\Feature\Support\MediaFile)" tests="26" assertions="33" errors="0" failures="0" skipped="0" time="0.664085">
        <testcase name="Can construct" file="Media File (Hyde\Framework\Testing\Feature\Support\MediaFile)::Can construct" class="Hyde\Framework\Testing\Feature\Support\MediaFileTest" classname="Hyde.Framework.Testing.Feature.Support.MediaFileTest" assertions="2" time="0.070044"/>
        <testcase name="Can make" file="Media File (Hyde\Framework\Testing\Feature\Support\MediaFile)::Can make" class="Hyde\Framework\Testing\Feature\Support\MediaFileTest" classname="Hyde.Framework.Testing.Feature.Support.MediaFileTest" assertions="1" time="0.022801"/>
        <testcase name="Can construct with nested paths" file="Media File (Hyde\Framework\Testing\Feature\Support\MediaFile)::Can construct with nested paths" class="Hyde\Framework\Testing\Feature\Support\MediaFileTest" classname="Hyde.Framework.Testing.Feature.Support.MediaFileTest" assertions="1" time="0.022420"/>
        <testcase name="Absolute path is normalized to relative" file="Media File (Hyde\Framework\Testing\Feature\Support\MediaFile)::Absolute path is normalized to relative" class="Hyde\Framework\Testing\Feature\Support\MediaFileTest" classname="Hyde.Framework.Testing.Feature.Support.MediaFileTest" assertions="1" time="0.022250"/>
        <testcase name="Get name returns name of file" file="Media File (Hyde\Framework\Testing\Feature\Support\MediaFile)::Get name returns name of file" class="Hyde\Framework\Testing\Feature\Support\MediaFileTest" classname="Hyde.Framework.Testing.Feature.Support.MediaFileTest" assertions="2" time="0.022082"/>
        <testcase name="Get path returns path of file" file="Media File (Hyde\Framework\Testing\Feature\Support\MediaFile)::Get path returns path of file" class="Hyde\Framework\Testing\Feature\Support\MediaFileTest" classname="Hyde.Framework.Testing.Feature.Support.MediaFileTest" assertions="2" time="0.022710"/>
        <testcase name="Get absolute path returns absolute path of file" file="Media File (Hyde\Framework\Testing\Feature\Support\MediaFile)::Get absolute path returns absolute path of file" class="Hyde\Framework\Testing\Feature\Support\MediaFileTest" classname="Hyde.Framework.Testing.Feature.Support.MediaFileTest" assertions="2" time="0.022482"/>
        <testcase name="Get contents returns contents of file" file="Media File (Hyde\Framework\Testing\Feature\Support\MediaFile)::Get contents returns contents of file" class="Hyde\Framework\Testing\Feature\Support\MediaFileTest" classname="Hyde.Framework.Testing.Feature.Support.MediaFileTest" assertions="1" time="0.025962"/>
        <testcase name="Get extension returns extension of file" file="Media File (Hyde\Framework\Testing\Feature\Support\MediaFile)::Get extension returns extension of file" class="Hyde\Framework\Testing\Feature\Support\MediaFileTest" classname="Hyde.Framework.Testing.Feature.Support.MediaFileTest" assertions="2" time="0.025756"/>
        <testcase name="To array returns array of file properties" file="Media File (Hyde\Framework\Testing\Feature\Support\MediaFile)::To array returns array of file properties" class="Hyde\Framework\Testing\Feature\Support\MediaFileTest" classname="Hyde.Framework.Testing.Feature.Support.MediaFileTest" assertions="1" time="0.024341"/>
        <testcase name="To array with empty file with no extension" file="Media File (Hyde\Framework\Testing\Feature\Support\MediaFile)::To array with empty file with no extension" class="Hyde\Framework\Testing\Feature\Support\MediaFileTest" classname="Hyde.Framework.Testing.Feature.Support.MediaFileTest" assertions="1" time="0.025030"/>
        <testcase name="To array with file in subdirectory" file="Media File (Hyde\Framework\Testing\Feature\Support\MediaFile)::To array with file in subdirectory" class="Hyde\Framework\Testing\Feature\Support\MediaFileTest" classname="Hyde.Framework.Testing.Feature.Support.MediaFileTest" assertions="1" time="0.023251"/>
        <testcase name="Get content length" file="Media File (Hyde\Framework\Testing\Feature\Support\MediaFile)::Get content length" class="Hyde\Framework\Testing\Feature\Support\MediaFileTest" classname="Hyde.Framework.Testing.Feature.Support.MediaFileTest" assertions="1" time="0.025293"/>
        <testcase name="Get content length with empty file" file="Media File (Hyde\Framework\Testing\Feature\Support\MediaFile)::Get content length with empty file" class="Hyde\Framework\Testing\Feature\Support\MediaFileTest" classname="Hyde.Framework.Testing.Feature.Support.MediaFileTest" assertions="1" time="0.024053"/>
        <testcase name="Get content length with directory" file="Media File (Hyde\Framework\Testing\Feature\Support\MediaFile)::Get content length with directory" class="Hyde\Framework\Testing\Feature\Support\MediaFileTest" classname="Hyde.Framework.Testing.Feature.Support.MediaFileTest" assertions="2" time="0.023523"/>
        <testcase name="Get content length with non existent file" file="Media File (Hyde\Framework\Testing\Feature\Support\MediaFile)::Get content length with non existent file" class="Hyde\Framework\Testing\Feature\Support\MediaFileTest" classname="Hyde.Framework.Testing.Feature.Support.MediaFileTest" assertions="2" time="0.022360"/>
        <testcase name="Get mime type" file="Media File (Hyde\Framework\Testing\Feature\Support\MediaFile)::Get mime type" class="Hyde\Framework\Testing\Feature\Support\MediaFileTest" classname="Hyde.Framework.Testing.Feature.Support.MediaFileTest" assertions="1" time="0.023138"/>
        <testcase name="Get mime type without extension" file="Media File (Hyde\Framework\Testing\Feature\Support\MediaFile)::Get mime type without extension" class="Hyde\Framework\Testing\Feature\Support\MediaFileTest" classname="Hyde.Framework.Testing.Feature.Support.MediaFileTest" assertions="1" time="0.023894"/>
        <testcase name="Get mime type with empty file" file="Media File (Hyde\Framework\Testing\Feature\Support\MediaFile)::Get mime type with empty file" class="Hyde\Framework\Testing\Feature\Support\MediaFileTest" classname="Hyde.Framework.Testing.Feature.Support.MediaFileTest" assertions="1" time="0.023584"/>
        <testcase name="Get mime type with directory" file="Media File (Hyde\Framework\Testing\Feature\Support\MediaFile)::Get mime type with directory" class="Hyde\Framework\Testing\Feature\Support\MediaFileTest" classname="Hyde.Framework.Testing.Feature.Support.MediaFileTest" assertions="1" time="0.023122"/>
        <testcase name="Get mime type with non existent file" file="Media File (Hyde\Framework\Testing\Feature\Support\MediaFile)::Get mime type with non existent file" class="Hyde\Framework\Testing\Feature\Support\MediaFileTest" classname="Hyde.Framework.Testing.Feature.Support.MediaFileTest" assertions="1" time="0.023160"/>
        <testcase name="All helper returns all media files" file="Media File (Hyde\Framework\Testing\Feature\Support\MediaFile)::All helper returns all media files" class="Hyde\Framework\Testing\Feature\Support\MediaFileTest" classname="Hyde.Framework.Testing.Feature.Support.MediaFileTest" assertions="1" time="0.025118"/>
        <testcase name="All helper does not include non media files" file="Media File (Hyde\Framework\Testing\Feature\Support\MediaFile)::All helper does not include non media files" class="Hyde\Framework\Testing\Feature\Support\MediaFileTest" classname="Hyde.Framework.Testing.Feature.Support.MediaFileTest" assertions="1" time="0.025535"/>
        <testcase name="Files helper returns all media files" file="Media File (Hyde\Framework\Testing\Feature\Support\MediaFile)::Files helper returns all media files" class="Hyde\Framework\Testing\Feature\Support\MediaFileTest" classname="Hyde.Framework.Testing.Feature.Support.MediaFileTest" assertions="1" time="0.025193"/>
        <testcase name="Get identifier returns identifier" file="Media File (Hyde\Framework\Testing\Feature\Support\MediaFile)::Get identifier returns identifier" class="Hyde\Framework\Testing\Feature\Support\MediaFileTest" classname="Hyde.Framework.Testing.Feature.Support.MediaFileTest" assertions="1" time="0.023817"/>
        <testcase name="Get identifier with subdirectory" file="Media File (Hyde\Framework\Testing\Feature\Support\MediaFile)::Get identifier with subdirectory" class="Hyde\Framework\Testing\Feature\Support\MediaFileTest" classname="Hyde.Framework.Testing.Feature.Support.MediaFileTest" assertions="1" time="0.023164"/>
      </testsuite>
      <testsuite name="Hyde\Framework\Testing\Feature\Support\ProjectFileTest" file="Project File (Hyde\Framework\Testing\Feature\Support\ProjectFile)" tests="12" assertions="17" errors="0" failures="0" skipped="0" time="0.335861">
        <testcase name="Can construct" file="Project File (Hyde\Framework\Testing\Feature\Support\ProjectFile)::Can construct" class="Hyde\Framework\Testing\Feature\Support\ProjectFileTest" classname="Hyde.Framework.Testing.Feature.Support.ProjectFileTest" assertions="2" time="0.071432"/>
        <testcase name="Can make" file="Project File (Hyde\Framework\Testing\Feature\Support\ProjectFile)::Can make" class="Hyde\Framework\Testing\Feature\Support\ProjectFileTest" classname="Hyde.Framework.Testing.Feature.Support.ProjectFileTest" assertions="1" time="0.023746"/>
        <testcase name="Can construct with nested paths" file="Project File (Hyde\Framework\Testing\Feature\Support\ProjectFile)::Can construct with nested paths" class="Hyde\Framework\Testing\Feature\Support\ProjectFileTest" classname="Hyde.Framework.Testing.Feature.Support.ProjectFileTest" assertions="1" time="0.023587"/>
        <testcase name="Absolute path is normalized to relative" file="Project File (Hyde\Framework\Testing\Feature\Support\ProjectFile)::Absolute path is normalized to relative" class="Hyde\Framework\Testing\Feature\Support\ProjectFileTest" classname="Hyde.Framework.Testing.Feature.Support.ProjectFileTest" assertions="1" time="0.023792"/>
        <testcase name="Get name returns name of file" file="Project File (Hyde\Framework\Testing\Feature\Support\ProjectFile)::Get name returns name of file" class="Hyde\Framework\Testing\Feature\Support\ProjectFileTest" classname="Hyde.Framework.Testing.Feature.Support.ProjectFileTest" assertions="2" time="0.023832"/>
        <testcase name="Get path returns path of file" file="Project File (Hyde\Framework\Testing\Feature\Support\ProjectFile)::Get path returns path of file" class="Hyde\Framework\Testing\Feature\Support\ProjectFileTest" classname="Hyde.Framework.Testing.Feature.Support.ProjectFileTest" assertions="2" time="0.023338"/>
        <testcase name="Get absolute path returns absolute path of file" file="Project File (Hyde\Framework\Testing\Feature\Support\ProjectFile)::Get absolute path returns absolute path of file" class="Hyde\Framework\Testing\Feature\Support\ProjectFileTest" classname="Hyde.Framework.Testing.Feature.Support.ProjectFileTest" assertions="2" time="0.024561"/>
        <testcase name="Get contents returns contents of file" file="Project File (Hyde\Framework\Testing\Feature\Support\ProjectFile)::Get contents returns contents of file" class="Hyde\Framework\Testing\Feature\Support\ProjectFileTest" classname="Hyde.Framework.Testing.Feature.Support.ProjectFileTest" assertions="1" time="0.025030"/>
        <testcase name="Get extension returns extension of file" file="Project File (Hyde\Framework\Testing\Feature\Support\ProjectFile)::Get extension returns extension of file" class="Hyde\Framework\Testing\Feature\Support\ProjectFileTest" classname="Hyde.Framework.Testing.Feature.Support.ProjectFileTest" assertions="2" time="0.024853"/>
        <testcase name="To array returns array of file properties" file="Project File (Hyde\Framework\Testing\Feature\Support\ProjectFile)::To array returns array of file properties" class="Hyde\Framework\Testing\Feature\Support\ProjectFileTest" classname="Hyde.Framework.Testing.Feature.Support.ProjectFileTest" assertions="1" time="0.024111"/>
        <testcase name="To array with empty file with no extension" file="Project File (Hyde\Framework\Testing\Feature\Support\ProjectFile)::To array with empty file with no extension" class="Hyde\Framework\Testing\Feature\Support\ProjectFileTest" classname="Hyde.Framework.Testing.Feature.Support.ProjectFileTest" assertions="1" time="0.023808"/>
        <testcase name="To array with file in subdirectory" file="Project File (Hyde\Framework\Testing\Feature\Support\ProjectFile)::To array with file in subdirectory" class="Hyde\Framework\Testing\Feature\Support\ProjectFileTest" classname="Hyde.Framework.Testing.Feature.Support.ProjectFileTest" assertions="1" time="0.023771"/>
      </testsuite>
      <testsuite name="Hyde\Framework\Testing\Feature\Support\SourceFileTest" file="Source File (Hyde\Framework\Testing\Feature\Support\SourceFile)" tests="14" assertions="22" errors="0" failures="0" skipped="0" time="0.352320">
        <testcase name="Can construct" file="Source File (Hyde\Framework\Testing\Feature\Support\SourceFile)::Can construct" class="Hyde\Framework\Testing\Feature\Support\SourceFileTest" classname="Hyde.Framework.Testing.Feature.Support.SourceFileTest" assertions="3" time="0.040743"/>
        <testcase name="Can construct with model class" file="Source File (Hyde\Framework\Testing\Feature\Support\SourceFile)::Can construct with model class" class="Hyde\Framework\Testing\Feature\Support\SourceFileTest" classname="Hyde.Framework.Testing.Feature.Support.SourceFileTest" assertions="3" time="0.023553"/>
        <testcase name="Can make" file="Source File (Hyde\Framework\Testing\Feature\Support\SourceFile)::Can make" class="Hyde\Framework\Testing\Feature\Support\SourceFileTest" classname="Hyde.Framework.Testing.Feature.Support.SourceFileTest" assertions="1" time="0.022910"/>
        <testcase name="Can make with model class" file="Source File (Hyde\Framework\Testing\Feature\Support\SourceFile)::Can make with model class" class="Hyde\Framework\Testing\Feature\Support\SourceFileTest" classname="Hyde.Framework.Testing.Feature.Support.SourceFileTest" assertions="1" time="0.022237"/>
        <testcase name="Can construct with nested paths" file="Source File (Hyde\Framework\Testing\Feature\Support\SourceFile)::Can construct with nested paths" class="Hyde\Framework\Testing\Feature\Support\SourceFileTest" classname="Hyde.Framework.Testing.Feature.Support.SourceFileTest" assertions="1" time="0.022489"/>
        <testcase name="Absolute path is normalized to relative" file="Source File (Hyde\Framework\Testing\Feature\Support\SourceFile)::Absolute path is normalized to relative" class="Hyde\Framework\Testing\Feature\Support\SourceFileTest" classname="Hyde.Framework.Testing.Feature.Support.SourceFileTest" assertions="1" time="0.021972"/>
        <testcase name="Get name returns name of file" file="Source File (Hyde\Framework\Testing\Feature\Support\SourceFile)::Get name returns name of file" class="Hyde\Framework\Testing\Feature\Support\SourceFileTest" classname="Hyde.Framework.Testing.Feature.Support.SourceFileTest" assertions="2" time="0.022813"/>
        <testcase name="Get path returns path of file" file="Source File (Hyde\Framework\Testing\Feature\Support\SourceFile)::Get path returns path of file" class="Hyde\Framework\Testing\Feature\Support\SourceFileTest" classname="Hyde.Framework.Testing.Feature.Support.SourceFileTest" assertions="2" time="0.022383"/>
        <testcase name="Get absolute path returns absolute path of file" file="Source File (Hyde\Framework\Testing\Feature\Support\SourceFile)::Get absolute path returns absolute path of file" class="Hyde\Framework\Testing\Feature\Support\SourceFileTest" classname="Hyde.Framework.Testing.Feature.Support.SourceFileTest" assertions="2" time="0.022170"/>
        <testcase name="Get contents returns contents of file" file="Source File (Hyde\Framework\Testing\Feature\Support\SourceFile)::Get contents returns contents of file" class="Hyde\Framework\Testing\Feature\Support\SourceFileTest" classname="Hyde.Framework.Testing.Feature.Support.SourceFileTest" assertions="1" time="0.023565"/>
        <testcase name="Get extension returns extension of file" file="Source File (Hyde\Framework\Testing\Feature\Support\SourceFile)::Get extension returns extension of file" class="Hyde\Framework\Testing\Feature\Support\SourceFileTest" classname="Hyde.Framework.Testing.Feature.Support.SourceFileTest" assertions="2" time="0.035152"/>
        <testcase name="To array returns array of file properties" file="Source File (Hyde\Framework\Testing\Feature\Support\SourceFile)::To array returns array of file properties" class="Hyde\Framework\Testing\Feature\Support\SourceFileTest" classname="Hyde.Framework.Testing.Feature.Support.SourceFileTest" assertions="1" time="0.025073"/>
        <testcase name="To array with empty file with no extension" file="Source File (Hyde\Framework\Testing\Feature\Support\SourceFile)::To array with empty file with no extension" class="Hyde\Framework\Testing\Feature\Support\SourceFileTest" classname="Hyde.Framework.Testing.Feature.Support.SourceFileTest" assertions="1" time="0.023925"/>
        <testcase name="To array with file in subdirectory" file="Source File (Hyde\Framework\Testing\Feature\Support\SourceFile)::To array with file in subdirectory" class="Hyde\Framework\Testing\Feature\Support\SourceFileTest" classname="Hyde.Framework.Testing.Feature.Support.SourceFileTest" assertions="1" time="0.023334"/>
      </testsuite>
      <testsuite name="Hyde\Framework\Testing\Feature\TypedConfigFacadeTest" file="Typed Config Facade (Hyde\Framework\Testing\Feature\TypedConfigFacade)" tests="27" assertions="33" errors="0" failures="0" skipped="0" time="0.631766">
        <testcase name="Get array" file="Typed Config Facade (Hyde\Framework\Testing\Feature\TypedConfigFacade)::Get array" class="Hyde\Framework\Testing\Feature\TypedConfigFacadeTest" classname="Hyde.Framework.Testing.Feature.TypedConfigFacadeTest" assertions="1" time="0.042063"/>
        <testcase name="Get string" file="Typed Config Facade (Hyde\Framework\Testing\Feature\TypedConfigFacade)::Get string" class="Hyde\Framework\Testing\Feature\TypedConfigFacadeTest" classname="Hyde.Framework.Testing.Feature.TypedConfigFacadeTest" assertions="1" time="0.022370"/>
        <testcase name="Get bool" file="Typed Config Facade (Hyde\Framework\Testing\Feature\TypedConfigFacade)::Get bool" class="Hyde\Framework\Testing\Feature\TypedConfigFacadeTest" classname="Hyde.Framework.Testing.Feature.TypedConfigFacadeTest" assertions="2" time="0.022473"/>
        <testcase name="Get int" file="Typed Config Facade (Hyde\Framework\Testing\Feature\TypedConfigFacade)::Get int" class="Hyde\Framework\Testing\Feature\TypedConfigFacadeTest" classname="Hyde.Framework.Testing.Feature.TypedConfigFacadeTest" assertions="1" time="0.021956"/>
        <testcase name="Get float" file="Typed Config Facade (Hyde\Framework\Testing\Feature\TypedConfigFacade)::Get float" class="Hyde\Framework\Testing\Feature\TypedConfigFacadeTest" classname="Hyde.Framework.Testing.Feature.TypedConfigFacadeTest" assertions="1" time="0.022253"/>
        <testcase name="Get array with default value" file="Typed Config Facade (Hyde\Framework\Testing\Feature\TypedConfigFacade)::Get array with default value" class="Hyde\Framework\Testing\Feature\TypedConfigFacadeTest" classname="Hyde.Framework.Testing.Feature.TypedConfigFacadeTest" assertions="1" time="0.022336"/>
        <testcase name="Get string with default value" file="Typed Config Facade (Hyde\Framework\Testing\Feature\TypedConfigFacade)::Get string with default value" class="Hyde\Framework\Testing\Feature\TypedConfigFacadeTest" classname="Hyde.Framework.Testing.Feature.TypedConfigFacadeTest" assertions="1" time="0.022043"/>
        <testcase name="Get bool with default value" file="Typed Config Facade (Hyde\Framework\Testing\Feature\TypedConfigFacade)::Get bool with default value" class="Hyde\Framework\Testing\Feature\TypedConfigFacadeTest" classname="Hyde.Framework.Testing.Feature.TypedConfigFacadeTest" assertions="2" time="0.022122"/>
        <testcase name="Get int with default value" file="Typed Config Facade (Hyde\Framework\Testing\Feature\TypedConfigFacade)::Get int with default value" class="Hyde\Framework\Testing\Feature\TypedConfigFacadeTest" classname="Hyde.Framework.Testing.Feature.TypedConfigFacadeTest" assertions="1" time="0.022624"/>
        <testcase name="Get float with default value" file="Typed Config Facade (Hyde\Framework\Testing\Feature\TypedConfigFacade)::Get float with default value" class="Hyde\Framework\Testing\Feature\TypedConfigFacadeTest" classname="Hyde.Framework.Testing.Feature.TypedConfigFacadeTest" assertions="1" time="0.022499"/>
        <testcase name="Get array with strict mode" file="Typed Config Facade (Hyde\Framework\Testing\Feature\TypedConfigFacade)::Get array with strict mode" class="Hyde\Framework\Testing\Feature\TypedConfigFacadeTest" classname="Hyde.Framework.Testing.Feature.TypedConfigFacadeTest" assertions="1" time="0.022467"/>
        <testcase name="Get string with strict mode" file="Typed Config Facade (Hyde\Framework\Testing\Feature\TypedConfigFacade)::Get string with strict mode" class="Hyde\Framework\Testing\Feature\TypedConfigFacadeTest" classname="Hyde.Framework.Testing.Feature.TypedConfigFacadeTest" assertions="1" time="0.022225"/>
        <testcase name="Get bool with strict mode" file="Typed Config Facade (Hyde\Framework\Testing\Feature\TypedConfigFacade)::Get bool with strict mode" class="Hyde\Framework\Testing\Feature\TypedConfigFacadeTest" classname="Hyde.Framework.Testing.Feature.TypedConfigFacadeTest" assertions="2" time="0.022034"/>
        <testcase name="Get int with strict mode" file="Typed Config Facade (Hyde\Framework\Testing\Feature\TypedConfigFacade)::Get int with strict mode" class="Hyde\Framework\Testing\Feature\TypedConfigFacadeTest" classname="Hyde.Framework.Testing.Feature.TypedConfigFacadeTest" assertions="1" time="0.022069"/>
        <testcase name="Get float with strict mode" file="Typed Config Facade (Hyde\Framework\Testing\Feature\TypedConfigFacade)::Get float with strict mode" class="Hyde\Framework\Testing\Feature\TypedConfigFacadeTest" classname="Hyde.Framework.Testing.Feature.TypedConfigFacadeTest" assertions="1" time="0.022067"/>
        <testcase name="Get array with failing strict mode" file="Typed Config Facade (Hyde\Framework\Testing\Feature\TypedConfigFacade)::Get array with failing strict mode" class="Hyde\Framework\Testing\Feature\TypedConfigFacadeTest" classname="Hyde.Framework.Testing.Feature.TypedConfigFacadeTest" assertions="1" time="0.022027"/>
        <testcase name="Get string with failing strict mode" file="Typed Config Facade (Hyde\Framework\Testing\Feature\TypedConfigFacade)::Get string with failing strict mode" class="Hyde\Framework\Testing\Feature\TypedConfigFacadeTest" classname="Hyde.Framework.Testing.Feature.TypedConfigFacadeTest" assertions="1" time="0.021926"/>
        <testcase name="Get bool with failing strict mode" file="Typed Config Facade (Hyde\Framework\Testing\Feature\TypedConfigFacade)::Get bool with failing strict mode" class="Hyde\Framework\Testing\Feature\TypedConfigFacadeTest" classname="Hyde.Framework.Testing.Feature.TypedConfigFacadeTest" assertions="1" time="0.022088"/>
        <testcase name="Get int with failing strict mode" file="Typed Config Facade (Hyde\Framework\Testing\Feature\TypedConfigFacade)::Get int with failing strict mode" class="Hyde\Framework\Testing\Feature\TypedConfigFacadeTest" classname="Hyde.Framework.Testing.Feature.TypedConfigFacadeTest" assertions="1" time="0.021899"/>
        <testcase name="Get float with failing strict mode" file="Typed Config Facade (Hyde\Framework\Testing\Feature\TypedConfigFacade)::Get float with failing strict mode" class="Hyde\Framework\Testing\Feature\TypedConfigFacadeTest" classname="Hyde.Framework.Testing.Feature.TypedConfigFacadeTest" assertions="1" time="0.022325"/>
        <testcase name="Get array with array" file="Typed Config Facade (Hyde\Framework\Testing\Feature\TypedConfigFacade)::Get array with array" class="Hyde\Framework\Testing\Feature\TypedConfigFacadeTest" classname="Hyde.Framework.Testing.Feature.TypedConfigFacadeTest" assertions="1" time="0.032181"/>
        <testcase name="Get string with string" file="Typed Config Facade (Hyde\Framework\Testing\Feature\TypedConfigFacade)::Get string with string" class="Hyde\Framework\Testing\Feature\TypedConfigFacadeTest" classname="Hyde.Framework.Testing.Feature.TypedConfigFacadeTest" assertions="1" time="0.023341"/>
        <testcase name="Get bool with bool" file="Typed Config Facade (Hyde\Framework\Testing\Feature\TypedConfigFacade)::Get bool with bool" class="Hyde\Framework\Testing\Feature\TypedConfigFacadeTest" classname="Hyde.Framework.Testing.Feature.TypedConfigFacadeTest" assertions="2" time="0.022844"/>
        <testcase name="Get int with int" file="Typed Config Facade (Hyde\Framework\Testing\Feature\TypedConfigFacade)::Get int with int" class="Hyde\Framework\Testing\Feature\TypedConfigFacadeTest" classname="Hyde.Framework.Testing.Feature.TypedConfigFacadeTest" assertions="1" time="0.022481"/>
        <testcase name="Get float with float" file="Typed Config Facade (Hyde\Framework\Testing\Feature\TypedConfigFacade)::Get float with float" class="Hyde\Framework\Testing\Feature\TypedConfigFacadeTest" classname="Hyde.Framework.Testing.Feature.TypedConfigFacadeTest" assertions="1" time="0.022515"/>
        <testcase name="Get nullable string" file="Typed Config Facade (Hyde\Framework\Testing\Feature\TypedConfigFacade)::Get nullable string" class="Hyde\Framework\Testing\Feature\TypedConfigFacadeTest" classname="Hyde.Framework.Testing.Feature.TypedConfigFacadeTest" assertions="2" time="0.022222"/>
        <testcase name="Invalid type message" file="Typed Config Facade (Hyde\Framework\Testing\Feature\TypedConfigFacade)::Invalid type message" class="Hyde\Framework\Testing\Feature\TypedConfigFacadeTest" classname="Hyde.Framework.Testing.Feature.TypedConfigFacadeTest" assertions="2" time="0.022317"/>
      </testsuite>
      <testsuite name="Hyde\Framework\Testing\Feature\Views\MetadataViewTest" file="Metadata View (Hyde\Framework\Testing\Feature\Views\MetadataView)" tests="7" assertions="124" errors="0" failures="0" skipped="0" time="0.384913">
        <testcase name="Metadata tags in empty blade page" file="Metadata View (Hyde\Framework\Testing\Feature\Views\MetadataView)::Metadata tags in empty blade page" class="Hyde\Framework\Testing\Feature\Views\MetadataViewTest" classname="Hyde.Framework.Testing.Feature.Views.MetadataViewTest" assertions="13" time="0.081145"/>
        <testcase name="Metadata tags in empty markdown page" file="Metadata View (Hyde\Framework\Testing\Feature\Views\MetadataView)::Metadata tags in empty markdown page" class="Hyde\Framework\Testing\Feature\Views\MetadataViewTest" classname="Hyde.Framework.Testing.Feature.Views.MetadataViewTest" assertions="13" time="0.044705"/>
        <testcase name="Metadata tags in empty documentation page" file="Metadata View (Hyde\Framework\Testing\Feature\Views\MetadataView)::Metadata tags in empty documentation page" class="Hyde\Framework\Testing\Feature\Views\MetadataViewTest" classname="Hyde.Framework.Testing.Feature.Views.MetadataViewTest" assertions="13" time="0.051440"/>
        <testcase name="Metadata tags in empty markdown post" file="Metadata View (Hyde\Framework\Testing\Feature\Views\MetadataView)::Metadata tags in empty markdown post" class="Hyde\Framework\Testing\Feature\Views\MetadataViewTest" classname="Hyde.Framework.Testing.Feature.Views.MetadataViewTest" assertions="19" time="0.048491"/>
        <testcase name="Metadata tags in markdown post with flat front matter" file="Metadata View (Hyde\Framework\Testing\Feature\Views\MetadataView)::Metadata tags in markdown post with flat front matter" class="Hyde\Framework\Testing\Feature\Views\MetadataViewTest" classname="Hyde.Framework.Testing.Feature.Views.MetadataViewTest" assertions="27" time="0.053153"/>
        <testcase name="Canonical url tags are not added when canonical url is not set" file="Metadata View (Hyde\Framework\Testing\Feature\Views\MetadataView)::Canonical url tags are not added when canonical url is not set" class="Hyde\Framework\Testing\Feature\Views\MetadataViewTest" classname="Hyde.Framework.Testing.Feature.Views.MetadataViewTest" assertions="27" time="0.050491"/>
        <testcase name="Metadata tags in markdown page with description" file="Metadata View (Hyde\Framework\Testing\Feature\Views\MetadataView)::Metadata tags in markdown page with description" class="Hyde\Framework\Testing\Feature\Views\MetadataViewTest" classname="Hyde.Framework.Testing.Feature.Views.MetadataViewTest" assertions="12" time="0.055488"/>
      </testsuite>
      <testsuite name="Hyde\Framework\Testing\Feature\Views\SidebarBrandViewTest" file="Sidebar Brand View (Hyde\Framework\Testing\Feature\Views\SidebarBrandView)" tests="5" assertions="13" errors="0" failures="0" skipped="0" time="0.161836">
        <testcase name="Sidebar brand view" file="Sidebar Brand View (Hyde\Framework\Testing\Feature\Views\SidebarBrandView)::Sidebar brand view" class="Hyde\Framework\Testing\Feature\Views\SidebarBrandViewTest" classname="Hyde.Framework.Testing.Feature.Views.SidebarBrandViewTest" assertions="3" time="0.041780"/>
        <testcase name="Sidebar brand view with home route" file="Sidebar Brand View (Hyde\Framework\Testing\Feature\Views\SidebarBrandView)::Sidebar brand view with home route" class="Hyde\Framework\Testing\Feature\Views\SidebarBrandViewTest" classname="Hyde.Framework.Testing.Feature.Views.SidebarBrandViewTest" assertions="3" time="0.031091"/>
        <testcase name="Sidebar brand view with default header text" file="Sidebar Brand View (Hyde\Framework\Testing\Feature\Views\SidebarBrandView)::Sidebar brand view with default header text" class="Hyde\Framework\Testing\Feature\Views\SidebarBrandViewTest" classname="Hyde.Framework.Testing.Feature.Views.SidebarBrandViewTest" assertions="2" time="0.029313"/>
        <testcase name="Sidebar brand view with default header text and home route" file="Sidebar Brand View (Hyde\Framework\Testing\Feature\Views\SidebarBrandView)::Sidebar brand view with default header text and home route" class="Hyde\Framework\Testing\Feature\Views\SidebarBrandViewTest" classname="Hyde.Framework.Testing.Feature.Views.SidebarBrandViewTest" assertions="3" time="0.030256"/>
        <testcase name="Sidebar brand view without darkmode feature" file="Sidebar Brand View (Hyde\Framework\Testing\Feature\Views\SidebarBrandView)::Sidebar brand view without darkmode feature" class="Hyde\Framework\Testing\Feature\Views\SidebarBrandViewTest" classname="Hyde.Framework.Testing.Feature.Views.SidebarBrandViewTest" assertions="2" time="0.029395"/>
      </testsuite>
      <testsuite name="Hyde\Framework\Testing\Feature\Views\SidebarFooterTextViewTest" file="Sidebar Footer Text View (Hyde\Framework\Testing\Feature\Views\SidebarFooterTextView)" tests="4" assertions="4" errors="0" failures="0" skipped="0" time="0.101600">
        <testcase name="Sidebar footer text view with default config" file="Sidebar Footer Text View (Hyde\Framework\Testing\Feature\Views\SidebarFooterTextView)::Sidebar footer text view with default config" class="Hyde\Framework\Testing\Feature\Views\SidebarFooterTextViewTest" classname="Hyde.Framework.Testing.Feature.Views.SidebarFooterTextViewTest" assertions="1" time="0.031376"/>
        <testcase name="Sidebar footer text view when config option is true" file="Sidebar Footer Text View (Hyde\Framework\Testing\Feature\Views\SidebarFooterTextView)::Sidebar footer text view when config option is true" class="Hyde\Framework\Testing\Feature\Views\SidebarFooterTextViewTest" classname="Hyde.Framework.Testing.Feature.Views.SidebarFooterTextViewTest" assertions="1" time="0.023590"/>
        <testcase name="Sidebar footer text view when config option is markdown string" file="Sidebar Footer Text View (Hyde\Framework\Testing\Feature\Views\SidebarFooterTextView)::Sidebar footer text view when config option is markdown string" class="Hyde\Framework\Testing\Feature\Views\SidebarFooterTextViewTest" classname="Hyde.Framework.Testing.Feature.Views.SidebarFooterTextViewTest" assertions="1" time="0.024415"/>
        <testcase name="Sidebar footer text view when config option is false" file="Sidebar Footer Text View (Hyde\Framework\Testing\Feature\Views\SidebarFooterTextView)::Sidebar footer text view when config option is false" class="Hyde\Framework\Testing\Feature\Views\SidebarFooterTextViewTest" classname="Hyde.Framework.Testing.Feature.Views.SidebarFooterTextViewTest" assertions="1" time="0.022219"/>
      </testsuite>
      <testsuite name="Hyde\Framework\Testing\Feature\Views\SidebarViewTest" file="Sidebar View (Hyde\Framework\Testing\Feature\Views\SidebarView)" tests="7" assertions="60" errors="0" failures="0" skipped="0" time="0.250005">
        <testcase name="Base sidebar" file="Sidebar View (Hyde\Framework\Testing\Feature\Views\SidebarView)::Base sidebar" class="Hyde\Framework\Testing\Feature\Views\SidebarViewTest" classname="Hyde.Framework.Testing.Feature.Views.SidebarViewTest" assertions="12" time="0.038670"/>
        <testcase name="Base sidebar without footer" file="Sidebar View (Hyde\Framework\Testing\Feature\Views\SidebarView)::Base sidebar without footer" class="Hyde\Framework\Testing\Feature\Views\SidebarViewTest" classname="Hyde.Framework.Testing.Feature.Views.SidebarViewTest" assertions="2" time="0.031691"/>
        <testcase name="Base sidebar with custom footer text" file="Sidebar View (Hyde\Framework\Testing\Feature\Views\SidebarView)::Base sidebar with custom footer text" class="Hyde\Framework\Testing\Feature\Views\SidebarViewTest" classname="Hyde.Framework.Testing.Feature.Views.SidebarViewTest" assertions="4" time="0.032903"/>
        <testcase name="Base sidebar custom header brand" file="Sidebar View (Hyde\Framework\Testing\Feature\Views\SidebarView)::Base sidebar custom header brand" class="Hyde\Framework\Testing\Feature\Views\SidebarViewTest" classname="Hyde.Framework.Testing.Feature.Views.SidebarViewTest" assertions="4" time="0.031313"/>
        <testcase name="Base sidebar with items" file="Sidebar View (Hyde\Framework\Testing\Feature\Views\SidebarView)::Base sidebar with items" class="Hyde\Framework\Testing\Feature\Views\SidebarViewTest" classname="Hyde.Framework.Testing.Feature.Views.SidebarViewTest" assertions="6" time="0.036718"/>
        <testcase name="Sidebar with grouped items" file="Sidebar View (Hyde\Framework\Testing\Feature\Views\SidebarView)::Sidebar with grouped items" class="Hyde\Framework\Testing\Feature\Views\SidebarViewTest" classname="Hyde.Framework.Testing.Feature.Views.SidebarViewTest" assertions="16" time="0.038635"/>
        <testcase name="Sidebar with non collapsible grouped items" file="Sidebar View (Hyde\Framework\Testing\Feature\Views\SidebarView)::Sidebar with non collapsible grouped items" class="Hyde\Framework\Testing\Feature\Views\SidebarViewTest" classname="Hyde.Framework.Testing.Feature.Views.SidebarViewTest" assertions="16" time="0.040076"/>
      </testsuite>
      <testsuite name="Hyde\Framework\Testing\Feature\YamlConfigurationFeatureTest" file="Yaml Configuration Feature (Hyde\Framework\Testing\Feature\YamlConfigurationFeature)" tests="27" assertions="45" errors="0" failures="0" skipped="0" time="1.352029">
        <testcase name="Can define hyde config settings in hyde yml file" file="Yaml Configuration Feature (Hyde\Framework\Testing\Feature\YamlConfigurationFeature)::Can define hyde config settings in hyde yml file" class="Hyde\Framework\Testing\Feature\YamlConfigurationFeatureTest" classname="Hyde.Framework.Testing.Feature.YamlConfigurationFeatureTest" assertions="9" time="0.070864"/>
        <testcase name="Can define multiple config settings in hyde yml file" file="Yaml Configuration Feature (Hyde\Framework\Testing\Feature\YamlConfigurationFeature)::Can define multiple config settings in hyde yml file" class="Hyde\Framework\Testing\Feature\YamlConfigurationFeatureTest" classname="Hyde.Framework.Testing.Feature.YamlConfigurationFeatureTest" assertions="3" time="0.049436"/>
        <testcase name="Bootstrapper applies yaml configuration when present" file="Yaml Configuration Feature (Hyde\Framework\Testing\Feature\YamlConfigurationFeature)::Bootstrapper applies yaml configuration when present" class="Hyde\Framework\Testing\Feature\YamlConfigurationFeatureTest" classname="Hyde.Framework.Testing.Feature.YamlConfigurationFeatureTest" assertions="1" time="0.048312"/>
        <testcase name="Changes in yaml file override changes in hyde config" file="Yaml Configuration Feature (Hyde\Framework\Testing\Feature\YamlConfigurationFeature)::Changes in yaml file override changes in hyde config" class="Hyde\Framework\Testing\Feature\YamlConfigurationFeatureTest" classname="Hyde.Framework.Testing.Feature.YamlConfigurationFeatureTest" assertions="1" time="0.048687"/>
        <testcase name="Changes in yaml file override changes in hyde config when using yaml extension" file="Yaml Configuration Feature (Hyde\Framework\Testing\Feature\YamlConfigurationFeature)::Changes in yaml file override changes in hyde config when using yaml extension" class="Hyde\Framework\Testing\Feature\YamlConfigurationFeatureTest" classname="Hyde.Framework.Testing.Feature.YamlConfigurationFeatureTest" assertions="1" time="0.049224"/>
        <testcase name="Service gracefully handles missing file" file="Yaml Configuration Feature (Hyde\Framework\Testing\Feature\YamlConfigurationFeature)::Service gracefully handles missing file" class="Hyde\Framework\Testing\Feature\YamlConfigurationFeatureTest" classname="Hyde.Framework.Testing.Feature.YamlConfigurationFeatureTest" assertions="1" time="0.048359"/>
        <testcase name="Service gracefully handles empty file" file="Yaml Configuration Feature (Hyde\Framework\Testing\Feature\YamlConfigurationFeature)::Service gracefully handles empty file" class="Hyde\Framework\Testing\Feature\YamlConfigurationFeatureTest" classname="Hyde.Framework.Testing.Feature.YamlConfigurationFeatureTest" assertions="1" time="0.048897"/>
        <testcase name="Can add arbitrary config keys" file="Yaml Configuration Feature (Hyde\Framework\Testing\Feature\YamlConfigurationFeature)::Can add arbitrary config keys" class="Hyde\Framework\Testing\Feature\YamlConfigurationFeatureTest" classname="Hyde.Framework.Testing.Feature.YamlConfigurationFeatureTest" assertions="1" time="0.047953"/>
        <testcase name="Configuration options are merged" file="Yaml Configuration Feature (Hyde\Framework\Testing\Feature\YamlConfigurationFeature)::Configuration options are merged" class="Hyde\Framework\Testing\Feature\YamlConfigurationFeatureTest" classname="Hyde.Framework.Testing.Feature.YamlConfigurationFeatureTest" assertions="1" time="0.048246"/>
        <testcase name="Can add configuration options in namespaced array" file="Yaml Configuration Feature (Hyde\Framework\Testing\Feature\YamlConfigurationFeature)::Can add configuration options in namespaced array" class="Hyde\Framework\Testing\Feature\YamlConfigurationFeatureTest" classname="Hyde.Framework.Testing.Feature.YamlConfigurationFeatureTest" assertions="3" time="0.048028"/>
        <testcase name="Can add arbitrary namespaced data" file="Yaml Configuration Feature (Hyde\Framework\Testing\Feature\YamlConfigurationFeature)::Can add arbitrary namespaced data" class="Hyde\Framework\Testing\Feature\YamlConfigurationFeatureTest" classname="Hyde.Framework.Testing.Feature.YamlConfigurationFeatureTest" assertions="1" time="0.047739"/>
        <testcase name="Additional namespaces require the hyde namespace to be present" file="Yaml Configuration Feature (Hyde\Framework\Testing\Feature\YamlConfigurationFeature)::Additional namespaces require the hyde namespace to be present" class="Hyde\Framework\Testing\Feature\YamlConfigurationFeatureTest" classname="Hyde.Framework.Testing.Feature.YamlConfigurationFeatureTest" assertions="1" time="0.058763"/>
        <testcase name="Additional namespaces requires hyde namespace to be the first entry" file="Yaml Configuration Feature (Hyde\Framework\Testing\Feature\YamlConfigurationFeature)::Additional namespaces requires hyde namespace to be the first entry" class="Hyde\Framework\Testing\Feature\YamlConfigurationFeatureTest" classname="Hyde.Framework.Testing.Feature.YamlConfigurationFeatureTest" assertions="1" time="0.048671"/>
        <testcase name="Hyde namespace can be empty" file="Yaml Configuration Feature (Hyde\Framework\Testing\Feature\YamlConfigurationFeature)::Hyde namespace can be empty" class="Hyde\Framework\Testing\Feature\YamlConfigurationFeatureTest" classname="Hyde.Framework.Testing.Feature.YamlConfigurationFeatureTest" assertions="1" time="0.049197"/>
        <testcase name="Hyde namespace can be null" file="Yaml Configuration Feature (Hyde\Framework\Testing\Feature\YamlConfigurationFeature)::Hyde namespace can be null" class="Hyde\Framework\Testing\Feature\YamlConfigurationFeatureTest" classname="Hyde.Framework.Testing.Feature.YamlConfigurationFeatureTest" assertions="1" time="0.050068"/>
        <testcase name="Hyde namespace can blank" file="Yaml Configuration Feature (Hyde\Framework\Testing\Feature\YamlConfigurationFeature)::Hyde namespace can blank" class="Hyde\Framework\Testing\Feature\YamlConfigurationFeatureTest" classname="Hyde.Framework.Testing.Feature.YamlConfigurationFeatureTest" assertions="1" time="0.049997"/>
        <testcase name="Dot notation can be used" file="Yaml Configuration Feature (Hyde\Framework\Testing\Feature\YamlConfigurationFeature)::Dot notation can be used" class="Hyde\Framework\Testing\Feature\YamlConfigurationFeatureTest" classname="Hyde.Framework.Testing.Feature.YamlConfigurationFeatureTest" assertions="2" time="0.047827"/>
        <testcase name="Dot notation can be used with namespaces" file="Yaml Configuration Feature (Hyde\Framework\Testing\Feature\YamlConfigurationFeature)::Dot notation can be used with namespaces" class="Hyde\Framework\Testing\Feature\YamlConfigurationFeatureTest" classname="Hyde.Framework.Testing.Feature.YamlConfigurationFeatureTest" assertions="3" time="0.048304"/>
        <testcase name="Setting site name sets env vars" file="Yaml Configuration Feature (Hyde\Framework\Testing\Feature\YamlConfigurationFeature)::Setting site name sets env vars" class="Hyde\Framework\Testing\Feature\YamlConfigurationFeatureTest" classname="Hyde.Framework.Testing.Feature.YamlConfigurationFeatureTest" assertions="4" time="0.048443"/>
        <testcase name="Setting site name sets sidebar header" file="Yaml Configuration Feature (Hyde\Framework\Testing\Feature\YamlConfigurationFeature)::Setting site name sets sidebar header" class="Hyde\Framework\Testing\Feature\YamlConfigurationFeatureTest" classname="Hyde.Framework.Testing.Feature.YamlConfigurationFeatureTest" assertions="1" time="0.047303"/>
        <testcase name="Setting site name sets sidebar header when using hyde namespace" file="Yaml Configuration Feature (Hyde\Framework\Testing\Feature\YamlConfigurationFeature)::Setting site name sets sidebar header when using hyde namespace" class="Hyde\Framework\Testing\Feature\YamlConfigurationFeatureTest" classname="Hyde.Framework.Testing.Feature.YamlConfigurationFeatureTest" assertions="1" time="0.047031"/>
        <testcase name="Setting site name sets sidebar header unless already specified in yaml config" file="Yaml Configuration Feature (Hyde\Framework\Testing\Feature\YamlConfigurationFeature)::Setting site name sets sidebar header unless already specified in yaml config" class="Hyde\Framework\Testing\Feature\YamlConfigurationFeatureTest" classname="Hyde.Framework.Testing.Feature.YamlConfigurationFeatureTest" assertions="1" time="0.048340"/>
        <testcase name="Setting site name sets sidebar header unless already specified in standard config" file="Yaml Configuration Feature (Hyde\Framework\Testing\Feature\YamlConfigurationFeature)::Setting site name sets sidebar header unless already specified in standard config" class="Hyde\Framework\Testing\Feature\YamlConfigurationFeatureTest" classname="Hyde.Framework.Testing.Feature.YamlConfigurationFeatureTest" assertions="1" time="0.047752"/>
        <testcase name="Setting site name sets rss feed site name" file="Yaml Configuration Feature (Hyde\Framework\Testing\Feature\YamlConfigurationFeature)::Setting site name sets rss feed site name" class="Hyde\Framework\Testing\Feature\YamlConfigurationFeatureTest" classname="Hyde.Framework.Testing.Feature.YamlConfigurationFeatureTest" assertions="1" time="0.059772"/>
        <testcase name="Setting site name sets rss feed site name when using hyde namespace" file="Yaml Configuration Feature (Hyde\Framework\Testing\Feature\YamlConfigurationFeature)::Setting site name sets rss feed site name when using hyde namespace" class="Hyde\Framework\Testing\Feature\YamlConfigurationFeatureTest" classname="Hyde.Framework.Testing.Feature.YamlConfigurationFeatureTest" assertions="1" time="0.047429"/>
        <testcase name="Setting site name sets rss feed site name unless already specified in yaml config" file="Yaml Configuration Feature (Hyde\Framework\Testing\Feature\YamlConfigurationFeature)::Setting site name sets rss feed site name unless already specified in yaml config" class="Hyde\Framework\Testing\Feature\YamlConfigurationFeatureTest" classname="Hyde.Framework.Testing.Feature.YamlConfigurationFeatureTest" assertions="1" time="0.049093"/>
        <testcase name="Setting site name sets rss feed site name unless already specified in standard config" file="Yaml Configuration Feature (Hyde\Framework\Testing\Feature\YamlConfigurationFeature)::Setting site name sets rss feed site name unless already specified in standard config" class="Hyde\Framework\Testing\Feature\YamlConfigurationFeatureTest" classname="Hyde.Framework.Testing.Feature.YamlConfigurationFeatureTest" assertions="1" time="0.048296"/>
      </testsuite>
    </testsuite>
    <testsuite name="Publications" tests="358" assertions="933" errors="0" failures="0" skipped="0" time="11.223036">
      <testsuite name="Hyde\Publications\Testing\Feature\CreateActionTest" file="Create Action (Hyde\Publications\Testing\Feature\CreateAction)" tests="7" assertions="15" errors="0" failures="0" skipped="0" time="0.199258">
        <testcase name="Create" file="Create Action (Hyde\Publications\Testing\Feature\CreateAction)::Create" class="Hyde\Publications\Testing\Feature\CreateActionTest" classname="Hyde.Publications.Testing.Feature.CreateActionTest" assertions="2" time="0.061445"/>
        <testcase name="With conflict" file="Create Action (Hyde\Publications\Testing\Feature\CreateAction)::With conflict" class="Hyde\Publications\Testing\Feature\CreateActionTest" classname="Hyde.Publications.Testing.Feature.CreateActionTest" assertions="1" time="0.023050"/>
        <testcase name="With conflict force" file="Create Action (Hyde\Publications\Testing\Feature\CreateAction)::With conflict force" class="Hyde\Publications\Testing\Feature\CreateActionTest" classname="Hyde.Publications.Testing.Feature.CreateActionTest" assertions="1" time="0.022788"/>
        <testcase name="Output path helpers" file="Create Action (Hyde\Publications\Testing\Feature\CreateAction)::Output path helpers" class="Hyde\Publications\Testing\Feature\CreateActionTest" classname="Hyde.Publications.Testing.Feature.CreateActionTest" assertions="2" time="0.022314"/>
        <testcase name="Conflict prediction helpers" file="Create Action (Hyde\Publications\Testing\Feature\CreateAction)::Conflict prediction helpers" class="Hyde\Publications\Testing\Feature\CreateActionTest" classname="Hyde.Publications.Testing.Feature.CreateActionTest" assertions="6" time="0.023015"/>
        <testcase name="Can save to subdirectory" file="Create Action (Hyde\Publications\Testing\Feature\CreateAction)::Can save to subdirectory" class="Hyde\Publications\Testing\Feature\CreateActionTest" classname="Hyde.Publications.Testing.Feature.CreateActionTest" assertions="2" time="0.023198"/>
        <testcase name="Format string for storage" file="Create Action (Hyde\Publications\Testing\Feature\CreateAction)::Format string for storage" class="Hyde\Publications\Testing\Feature\CreateActionTest" classname="Hyde.Publications.Testing.Feature.CreateActionTest" assertions="1" time="0.023446"/>
      </testsuite>
      <testsuite name="Hyde\Publications\Testing\Feature\CreatesNewPublicationPageTest" file="Creates New Publication Page (Hyde\Publications\Testing\Feature\CreatesNewPublicationPage)" tests="6" assertions="13" errors="0" failures="0" skipped="0" time="0.252186">
        <testcase name="Create" file="Creates New Publication Page (Hyde\Publications\Testing\Feature\CreatesNewPublicationPage)::Create" class="Hyde\Publications\Testing\Feature\CreatesNewPublicationPageTest" classname="Hyde.Publications.Testing.Feature.CreatesNewPublicationPageTest" assertions="2" time="0.120319"/>
        <testcase name="With text type" file="Creates New Publication Page (Hyde\Publications\Testing\Feature\CreatesNewPublicationPage)::With text type" class="Hyde\Publications\Testing\Feature\CreatesNewPublicationPageTest" classname="Hyde.Publications.Testing.Feature.CreatesNewPublicationPageTest" assertions="2" time="0.025818"/>
        <testcase name="With array type" file="Creates New Publication Page (Hyde\Publications\Testing\Feature\CreatesNewPublicationPage)::With array type" class="Hyde\Publications\Testing\Feature\CreatesNewPublicationPageTest" classname="Hyde.Publications.Testing.Feature.CreatesNewPublicationPageTest" assertions="2" time="0.023962"/>
        <testcase name="Create without supplying canonical field" file="Creates New Publication Page (Hyde\Publications\Testing\Feature\CreatesNewPublicationPage)::Create without supplying canonical field" class="Hyde\Publications\Testing\Feature\CreatesNewPublicationPageTest" classname="Hyde.Publications.Testing.Feature.CreatesNewPublicationPageTest" assertions="2" time="0.032007"/>
        <testcase name="Create without supplying required field" file="Creates New Publication Page (Hyde\Publications\Testing\Feature\CreatesNewPublicationPage)::Create without supplying required field" class="Hyde\Publications\Testing\Feature\CreatesNewPublicationPageTest" classname="Hyde.Publications.Testing.Feature.CreatesNewPublicationPageTest" assertions="2" time="0.024346"/>
        <testcase name="It creates valid yaml" file="Creates New Publication Page (Hyde\Publications\Testing\Feature\CreatesNewPublicationPage)::It creates valid yaml" class="Hyde\Publications\Testing\Feature\CreatesNewPublicationPageTest" classname="Hyde.Publications.Testing.Feature.CreatesNewPublicationPageTest" assertions="3" time="0.025734"/>
      </testsuite>
      <testsuite name="Hyde\Publications\Testing\Feature\CreatesNewPublicationTypeTest" file="Creates New Publication Type (Hyde\Publications\Testing\Feature\CreatesNewPublicationType)" tests="4" assertions="20" errors="0" failures="0" skipped="0" time="0.119323">
        <testcase name="It creates a new publication type" file="Creates New Publication Type (Hyde\Publications\Testing\Feature\CreatesNewPublicationType)::It creates a new publication type" class="Hyde\Publications\Testing\Feature\CreatesNewPublicationTypeTest" classname="Hyde.Publications.Testing.Feature.CreatesNewPublicationTypeTest" assertions="2" time="0.044575"/>
        <testcase name="Create with default parameters" file="Creates New Publication Type (Hyde\Publications\Testing\Feature\CreatesNewPublicationType)::Create with default parameters" class="Hyde\Publications\Testing\Feature\CreatesNewPublicationTypeTest" classname="Hyde.Publications.Testing.Feature.CreatesNewPublicationTypeTest" assertions="2" time="0.024663"/>
        <testcase name="It creates list and detail pages" file="Creates New Publication Type (Hyde\Publications\Testing\Feature\CreatesNewPublicationType)::It creates list and detail pages" class="Hyde\Publications\Testing\Feature\CreatesNewPublicationTypeTest" classname="Hyde.Publications.Testing.Feature.CreatesNewPublicationTypeTest" assertions="8" time="0.025493"/>
        <testcase name="It uses the paginated list view when pagination is enabled" file="Creates New Publication Type (Hyde\Publications\Testing\Feature\CreatesNewPublicationType)::It uses the paginated list view when pagination is enabled" class="Hyde\Publications\Testing\Feature\CreatesNewPublicationTypeTest" classname="Hyde.Publications.Testing.Feature.CreatesNewPublicationTypeTest" assertions="8" time="0.024591"/>
      </testsuite>
      <testsuite name="Hyde\Publications\Testing\Feature\GeneratesPublicationTagPagesTest" file="Generates Publication Tag Pages (Hyde\Publications\Testing\Feature\GeneratesPublicationTagPages)" tests="7" assertions="18" errors="0" failures="0" skipped="0" time="0.304297">
        <testcase name="Tags index page is generated when tags are used" file="Generates Publication Tag Pages (Hyde\Publications\Testing\Feature\GeneratesPublicationTagPages)::Tags index page is generated when tags are used" class="Hyde\Publications\Testing\Feature\GeneratesPublicationTagPagesTest" classname="Hyde.Publications.Testing.Feature.GeneratesPublicationTagPagesTest" assertions="2" time="0.056959"/>
        <testcase name="Tags index page is not generated when tags are not used" file="Generates Publication Tag Pages (Hyde\Publications\Testing\Feature\GeneratesPublicationTagPages)::Tags index page is not generated when tags are not used" class="Hyde\Publications\Testing\Feature\GeneratesPublicationTagPagesTest" classname="Hyde.Publications.Testing.Feature.GeneratesPublicationTagPagesTest" assertions="1" time="0.029548"/>
        <testcase name="Tags pages for publications are generated for used tag" file="Generates Publication Tag Pages (Hyde\Publications\Testing\Feature\GeneratesPublicationTagPages)::Tags pages for publications are generated for used tag" class="Hyde\Publications\Testing\Feature\GeneratesPublicationTagPagesTest" classname="Hyde.Publications.Testing.Feature.GeneratesPublicationTagPagesTest" assertions="1" time="0.037927"/>
        <testcase name="Tags pages for publications are generated for used tags with publication tags array" file="Generates Publication Tag Pages (Hyde\Publications\Testing\Feature\GeneratesPublicationTagPages)::Tags pages for publications are generated for used tags with publication tags array" class="Hyde\Publications\Testing\Feature\GeneratesPublicationTagPagesTest" classname="Hyde.Publications.Testing.Feature.GeneratesPublicationTagPagesTest" assertions="1" time="0.039683"/>
        <testcase name="Tags pages for publications are not generated when no tags are used" file="Generates Publication Tag Pages (Hyde\Publications\Testing\Feature\GeneratesPublicationTagPages)::Tags pages for publications are not generated when no tags are used" class="Hyde\Publications\Testing\Feature\GeneratesPublicationTagPagesTest" classname="Hyde.Publications.Testing.Feature.GeneratesPublicationTagPagesTest" assertions="1" time="0.038804"/>
        <testcase name="Generated index page" file="Generates Publication Tag Pages (Hyde\Publications\Testing\Feature\GeneratesPublicationTagPages)::Generated index page" class="Hyde\Publications\Testing\Feature\GeneratesPublicationTagPagesTest" classname="Hyde.Publications.Testing.Feature.GeneratesPublicationTagPagesTest" assertions="6" time="0.050756"/>
        <testcase name="Generated detail page" file="Generates Publication Tag Pages (Hyde\Publications\Testing\Feature\GeneratesPublicationTagPages)::Generated detail page" class="Hyde\Publications\Testing\Feature\GeneratesPublicationTagPagesTest" classname="Hyde.Publications.Testing.Feature.GeneratesPublicationTagPagesTest" assertions="6" time="0.050620"/>
      </testsuite>
      <testsuite name="Hyde\Publications\Testing\Feature\InputStreamHandlerTest" file="Input Stream Handler (Hyde\Publications\Testing\Feature\InputStreamHandler)" tests="10" assertions="17" errors="0" failures="0" skipped="0" time="0.255846">
        <testcase name="Can collect input" file="Input Stream Handler (Hyde\Publications\Testing\Feature\InputStreamHandler)::Can collect input" class="Hyde\Publications\Testing\Feature\InputStreamHandlerTest" classname="Hyde.Publications.Testing.Feature.InputStreamHandlerTest" assertions="2" time="0.052590"/>
        <testcase name="Can terminate with here sequence" file="Input Stream Handler (Hyde\Publications\Testing\Feature\InputStreamHandler)::Can terminate with here sequence" class="Hyde\Publications\Testing\Feature\InputStreamHandlerTest" classname="Hyde.Publications.Testing.Feature.InputStreamHandlerTest" assertions="2" time="0.023894"/>
        <testcase name="Can terminate with here sequence after carriage returns" file="Input Stream Handler (Hyde\Publications\Testing\Feature\InputStreamHandler)::Can terminate with here sequence after carriage returns" class="Hyde\Publications\Testing\Feature\InputStreamHandlerTest" classname="Hyde.Publications.Testing.Feature.InputStreamHandlerTest" assertions="2" time="0.023192"/>
        <testcase name="Can terminate with end of transmission sequence" file="Input Stream Handler (Hyde\Publications\Testing\Feature\InputStreamHandler)::Can terminate with end of transmission sequence" class="Hyde\Publications\Testing\Feature\InputStreamHandlerTest" classname="Hyde.Publications.Testing.Feature.InputStreamHandlerTest" assertions="2" time="0.022519"/>
        <testcase name="Can collect multiple input lines" file="Input Stream Handler (Hyde\Publications\Testing\Feature\InputStreamHandler)::Can collect multiple input lines" class="Hyde\Publications\Testing\Feature\InputStreamHandlerTest" classname="Hyde.Publications.Testing.Feature.InputStreamHandlerTest" assertions="2" time="0.022813"/>
        <testcase name="Can enter multiple carriage returns" file="Input Stream Handler (Hyde\Publications\Testing\Feature\InputStreamHandler)::Can enter multiple carriage returns" class="Hyde\Publications\Testing\Feature\InputStreamHandlerTest" classname="Hyde.Publications.Testing.Feature.InputStreamHandlerTest" assertions="2" time="0.022584"/>
        <testcase name="Can enter multiple unix endings" file="Input Stream Handler (Hyde\Publications\Testing\Feature\InputStreamHandler)::Can enter multiple unix endings" class="Hyde\Publications\Testing\Feature\InputStreamHandlerTest" classname="Hyde.Publications.Testing.Feature.InputStreamHandlerTest" assertions="2" time="0.022401"/>
        <testcase name="Termination message" file="Input Stream Handler (Hyde\Publications\Testing\Feature\InputStreamHandler)::Termination message" class="Hyde\Publications\Testing\Feature\InputStreamHandlerTest" classname="Hyde.Publications.Testing.Feature.InputStreamHandlerTest" assertions="1" time="0.022078"/>
        <testcase name="Termination sequence constant" file="Input Stream Handler (Hyde\Publications\Testing\Feature\InputStreamHandler)::Termination sequence constant" class="Hyde\Publications\Testing\Feature\InputStreamHandlerTest" classname="Hyde.Publications.Testing.Feature.InputStreamHandlerTest" assertions="1" time="0.021983"/>
        <testcase name="End of transmission constant" file="Input Stream Handler (Hyde\Publications\Testing\Feature\InputStreamHandler)::End of transmission constant" class="Hyde\Publications\Testing\Feature\InputStreamHandlerTest" classname="Hyde.Publications.Testing.Feature.InputStreamHandlerTest" assertions="1" time="0.021792"/>
      </testsuite>
      <testsuite name="Hyde\Publications\Testing\Feature\MakePublicationCommandTest" file="Make Publication Command (Hyde\Publications\Testing\Feature\MakePublicationCommand)" tests="23" assertions="121" errors="0" failures="0" skipped="0" time="0.754888">
        <testcase name="Command creates publication" file="Make Publication Command (Hyde\Publications\Testing\Feature\MakePublicationCommand)::Command creates publication" class="Hyde\Publications\Testing\Feature\MakePublicationCommandTest" classname="Hyde.Publications.Testing.Feature.MakePublicationCommandTest" assertions="9" time="0.049663"/>
        <testcase name="Command with no publication types" file="Make Publication Command (Hyde\Publications\Testing\Feature\MakePublicationCommand)::Command with no publication types" class="Hyde\Publications\Testing\Feature\MakePublicationCommandTest" classname="Hyde.Publications.Testing.Feature.MakePublicationCommandTest" assertions="3" time="0.026436"/>
        <testcase name="Command selects the right publication using the names" file="Make Publication Command (Hyde\Publications\Testing\Feature\MakePublicationCommand)::Command selects the right publication using the names" class="Hyde\Publications\Testing\Feature\MakePublicationCommandTest" classname="Hyde.Publications.Testing.Feature.MakePublicationCommandTest" assertions="12" time="0.033661"/>
        <testcase name="Command with existing publication" file="Make Publication Command (Hyde\Publications\Testing\Feature\MakePublicationCommand)::Command with existing publication" class="Hyde\Publications\Testing\Feature\MakePublicationCommandTest" classname="Hyde.Publications.Testing.Feature.MakePublicationCommandTest" assertions="10" time="0.029830"/>
        <testcase name="Command with existing publication and overwrite" file="Make Publication Command (Hyde\Publications\Testing\Feature\MakePublicationCommand)::Command with existing publication and overwrite" class="Hyde\Publications\Testing\Feature\MakePublicationCommandTest" classname="Hyde.Publications.Testing.Feature.MakePublicationCommandTest" assertions="8" time="0.032464"/>
        <testcase name="Can overwrite existing publication by passing force flag" file="Make Publication Command (Hyde\Publications\Testing\Feature\MakePublicationCommand)::Can overwrite existing publication by passing force flag" class="Hyde\Publications\Testing\Feature\MakePublicationCommandTest" classname="Hyde.Publications.Testing.Feature.MakePublicationCommandTest" assertions="6" time="0.030491"/>
        <testcase name="Command with publication type passed as argument" file="Make Publication Command (Hyde\Publications\Testing\Feature\MakePublicationCommand)::Command with publication type passed as argument" class="Hyde\Publications\Testing\Feature\MakePublicationCommandTest" classname="Hyde.Publications.Testing.Feature.MakePublicationCommandTest" assertions="6" time="0.029521"/>
        <testcase name="Command with invalid publication type passed as argument" file="Make Publication Command (Hyde\Publications\Testing\Feature\MakePublicationCommand)::Command with invalid publication type passed as argument" class="Hyde\Publications\Testing\Feature\MakePublicationCommandTest" classname="Hyde.Publications.Testing.Feature.MakePublicationCommandTest" assertions="2" time="0.037316"/>
        <testcase name="Command with schema using canonical meta field" file="Make Publication Command (Hyde\Publications\Testing\Feature\MakePublicationCommand)::Command with schema using canonical meta field" class="Hyde\Publications\Testing\Feature\MakePublicationCommandTest" classname="Hyde.Publications.Testing.Feature.MakePublicationCommandTest" assertions="3" time="0.028873"/>
        <testcase name="Command does not ask user to fill in meta fields" file="Make Publication Command (Hyde\Publications\Testing\Feature\MakePublicationCommand)::Command does not ask user to fill in meta fields" class="Hyde\Publications\Testing\Feature\MakePublicationCommandTest" classname="Hyde.Publications.Testing.Feature.MakePublicationCommandTest" assertions="4" time="0.029582"/>
        <testcase name="Command with text input" file="Make Publication Command (Hyde\Publications\Testing\Feature\MakePublicationCommand)::Command with text input" class="Hyde\Publications\Testing\Feature\MakePublicationCommandTest" classname="Hyde.Publications.Testing.Feature.MakePublicationCommandTest" assertions="3" time="0.029161"/>
        <testcase name="Command with boolean input" file="Make Publication Command (Hyde\Publications\Testing\Feature\MakePublicationCommand)::Command with boolean input" class="Hyde\Publications\Testing\Feature\MakePublicationCommandTest" classname="Hyde.Publications.Testing.Feature.MakePublicationCommandTest" assertions="4" time="0.029582"/>
        <testcase name="Command with array input" file="Make Publication Command (Hyde\Publications\Testing\Feature\MakePublicationCommand)::Command with array input" class="Hyde\Publications\Testing\Feature\MakePublicationCommandTest" classname="Hyde.Publications.Testing.Feature.MakePublicationCommandTest" assertions="3" time="0.029204"/>
        <testcase name="Command with media input" file="Make Publication Command (Hyde\Publications\Testing\Feature\MakePublicationCommand)::Command with media input" class="Hyde\Publications\Testing\Feature\MakePublicationCommandTest" classname="Hyde.Publications.Testing.Feature.MakePublicationCommandTest" assertions="4" time="0.030874"/>
        <testcase name="Media input selects the right file" file="Make Publication Command (Hyde\Publications\Testing\Feature\MakePublicationCommand)::Media input selects the right file" class="Hyde\Publications\Testing\Feature\MakePublicationCommandTest" classname="Hyde.Publications.Testing.Feature.MakePublicationCommandTest" assertions="4" time="0.030877"/>
        <testcase name="Command with single tag input" file="Make Publication Command (Hyde\Publications\Testing\Feature\MakePublicationCommand)::Command with single tag input" class="Hyde\Publications\Testing\Feature\MakePublicationCommandTest" classname="Hyde.Publications.Testing.Feature.MakePublicationCommandTest" assertions="5" time="0.039815"/>
        <testcase name="Command with multiple tag inputs" file="Make Publication Command (Hyde\Publications\Testing\Feature\MakePublicationCommand)::Command with multiple tag inputs" class="Hyde\Publications\Testing\Feature\MakePublicationCommandTest" classname="Hyde.Publications.Testing.Feature.MakePublicationCommandTest" assertions="5" time="0.040243"/>
        <testcase name="Media input with no images" file="Make Publication Command (Hyde\Publications\Testing\Feature\MakePublicationCommand)::Media input with no images" class="Hyde\Publications\Testing\Feature\MakePublicationCommandTest" classname="Hyde.Publications.Testing.Feature.MakePublicationCommandTest" assertions="5" time="0.029922"/>
        <testcase name="Media input with no files but skips" file="Make Publication Command (Hyde\Publications\Testing\Feature\MakePublicationCommand)::Media input with no files but skips" class="Hyde\Publications\Testing\Feature\MakePublicationCommandTest" classname="Hyde.Publications.Testing.Feature.MakePublicationCommandTest" assertions="6" time="0.031132"/>
        <testcase name="Tag input with no tags" file="Make Publication Command (Hyde\Publications\Testing\Feature\MakePublicationCommand)::Tag input with no tags" class="Hyde\Publications\Testing\Feature\MakePublicationCommandTest" classname="Hyde.Publications.Testing.Feature.MakePublicationCommandTest" assertions="3" time="0.035763"/>
        <testcase name="Handle empty options collection for required field" file="Make Publication Command (Hyde\Publications\Testing\Feature\MakePublicationCommand)::Handle empty options collection for required field" class="Hyde\Publications\Testing\Feature\MakePublicationCommandTest" classname="Hyde.Publications.Testing.Feature.MakePublicationCommandTest" assertions="3" time="0.032189"/>
        <testcase name="With custom validation rules" file="Make Publication Command (Hyde\Publications\Testing\Feature\MakePublicationCommand)::With custom validation rules" class="Hyde\Publications\Testing\Feature\MakePublicationCommandTest" classname="Hyde.Publications.Testing.Feature.MakePublicationCommandTest" assertions="8" time="0.036822"/>
        <testcase name="With skipping inputs" file="Make Publication Command (Hyde\Publications\Testing\Feature\MakePublicationCommand)::With skipping inputs" class="Hyde\Publications\Testing\Feature\MakePublicationCommandTest" classname="Hyde.Publications.Testing.Feature.MakePublicationCommandTest" assertions="5" time="0.031467"/>
      </testsuite>
      <testsuite name="Hyde\Publications\Testing\Feature\MakePublicationTypeCommandTest" file="Make Publication Type Command (Hyde\Publications\Testing\Feature\MakePublicationTypeCommand)" tests="6" assertions="63" errors="0" failures="0" skipped="0" time="0.227459">
        <testcase name="Command creates publication type" file="Make Publication Type Command (Hyde\Publications\Testing\Feature\MakePublicationTypeCommand)::Command creates publication type" class="Hyde\Publications\Testing\Feature\MakePublicationTypeCommandTest" classname="Hyde.Publications.Testing.Feature.MakePublicationTypeCommandTest" assertions="21" time="0.074239"/>
        <testcase name="With default values" file="Make Publication Type Command (Hyde\Publications\Testing\Feature\MakePublicationTypeCommand)::With default values" class="Hyde\Publications\Testing\Feature\MakePublicationTypeCommandTest" classname="Hyde.Publications.Testing.Feature.MakePublicationTypeCommandTest" assertions="6" time="0.029868"/>
        <testcase name="With multiple fields of the same name" file="Make Publication Type Command (Hyde\Publications\Testing\Feature\MakePublicationTypeCommand)::With multiple fields of the same name" class="Hyde\Publications\Testing\Feature\MakePublicationTypeCommandTest" classname="Hyde.Publications.Testing.Feature.MakePublicationTypeCommandTest" assertions="18" time="0.034127"/>
        <testcase name="With existing file of the same name" file="Make Publication Type Command (Hyde\Publications\Testing\Feature\MakePublicationTypeCommand)::With existing file of the same name" class="Hyde\Publications\Testing\Feature\MakePublicationTypeCommandTest" classname="Hyde.Publications.Testing.Feature.MakePublicationTypeCommandTest" assertions="2" time="0.028247"/>
        <testcase name="With existing publication of the same name" file="Make Publication Type Command (Hyde\Publications\Testing\Feature\MakePublicationTypeCommand)::With existing publication of the same name" class="Hyde\Publications\Testing\Feature\MakePublicationTypeCommandTest" classname="Hyde.Publications.Testing.Feature.MakePublicationTypeCommandTest" assertions="2" time="0.028766"/>
        <testcase name="With tag field input" file="Make Publication Type Command (Hyde\Publications\Testing\Feature\MakePublicationTypeCommand)::With tag field input" class="Hyde\Publications\Testing\Feature\MakePublicationTypeCommandTest" classname="Hyde.Publications.Testing.Feature.MakePublicationTypeCommandTest" assertions="14" time="0.032211"/>
      </testsuite>
      <testsuite name="Hyde\Publications\Testing\Feature\PublicationFieldDefinitionTest" file="Publication Field Definition (Hyde\Publications\Testing\Feature\PublicationFieldDefinition)" tests="12" assertions="18" errors="0" failures="0" skipped="0" time="0.285274">
        <testcase name="Can instantiate class" file="Publication Field Definition (Hyde\Publications\Testing\Feature\PublicationFieldDefinition)::Can instantiate class" class="Hyde\Publications\Testing\Feature\PublicationFieldDefinitionTest" classname="Hyde.Publications.Testing.Feature.PublicationFieldDefinitionTest" assertions="3" time="0.032827"/>
        <testcase name="From array method" file="Publication Field Definition (Hyde\Publications\Testing\Feature\PublicationFieldDefinition)::From array method" class="Hyde\Publications\Testing\Feature\PublicationFieldDefinitionTest" classname="Hyde.Publications.Testing.Feature.PublicationFieldDefinitionTest" assertions="3" time="0.024361"/>
        <testcase name="Can get field as array" file="Publication Field Definition (Hyde\Publications\Testing\Feature\PublicationFieldDefinition)::Can get field as array" class="Hyde\Publications\Testing\Feature\PublicationFieldDefinitionTest" classname="Hyde.Publications.Testing.Feature.PublicationFieldDefinitionTest" assertions="1" time="0.023549"/>
        <testcase name="Can get field with optional properties as array" file="Publication Field Definition (Hyde\Publications\Testing\Feature\PublicationFieldDefinition)::Can get field with optional properties as array" class="Hyde\Publications\Testing\Feature\PublicationFieldDefinitionTest" classname="Hyde.Publications.Testing.Feature.PublicationFieldDefinitionTest" assertions="1" time="0.023833"/>
        <testcase name="Can encode field as json" file="Publication Field Definition (Hyde\Publications\Testing\Feature\PublicationFieldDefinition)::Can encode field as json" class="Hyde\Publications\Testing\Feature\PublicationFieldDefinitionTest" classname="Hyde.Publications.Testing.Feature.PublicationFieldDefinitionTest" assertions="1" time="0.022899"/>
        <testcase name="Can get field with optional properties as json" file="Publication Field Definition (Hyde\Publications\Testing\Feature\PublicationFieldDefinition)::Can get field with optional properties as json" class="Hyde\Publications\Testing\Feature\PublicationFieldDefinitionTest" classname="Hyde.Publications.Testing.Feature.PublicationFieldDefinitionTest" assertions="1" time="0.022230"/>
        <testcase name="Can construct type using enum case" file="Publication Field Definition (Hyde\Publications\Testing\Feature\PublicationFieldDefinition)::Can construct type using enum case" class="Hyde\Publications\Testing\Feature\PublicationFieldDefinitionTest" classname="Hyde.Publications.Testing.Feature.PublicationFieldDefinitionTest" assertions="3" time="0.022369"/>
        <testcase name="Type must be valid" file="Publication Field Definition (Hyde\Publications\Testing\Feature\PublicationFieldDefinition)::Type must be valid" class="Hyde\Publications\Testing\Feature\PublicationFieldDefinitionTest" classname="Hyde.Publications.Testing.Feature.PublicationFieldDefinitionTest" assertions="1" time="0.022530"/>
        <testcase name="Type input is case insensitive" file="Publication Field Definition (Hyde\Publications\Testing\Feature\PublicationFieldDefinition)::Type input is case insensitive" class="Hyde\Publications\Testing\Feature\PublicationFieldDefinitionTest" classname="Hyde.Publications.Testing.Feature.PublicationFieldDefinitionTest" assertions="1" time="0.022295"/>
        <testcase name="Name gets stored as kebab case" file="Publication Field Definition (Hyde\Publications\Testing\Feature\PublicationFieldDefinition)::Name gets stored as kebab case" class="Hyde\Publications\Testing\Feature\PublicationFieldDefinitionTest" classname="Hyde.Publications.Testing.Feature.PublicationFieldDefinitionTest" assertions="1" time="0.022323"/>
        <testcase name="Get rules" file="Publication Field Definition (Hyde\Publications\Testing\Feature\PublicationFieldDefinition)::Get rules" class="Hyde\Publications\Testing\Feature\PublicationFieldDefinitionTest" classname="Hyde.Publications.Testing.Feature.PublicationFieldDefinitionTest" assertions="1" time="0.023500"/>
        <testcase name="Get rules with custom type rules" file="Publication Field Definition (Hyde\Publications\Testing\Feature\PublicationFieldDefinition)::Get rules with custom type rules" class="Hyde\Publications\Testing\Feature\PublicationFieldDefinitionTest" classname="Hyde.Publications.Testing.Feature.PublicationFieldDefinitionTest" assertions="1" time="0.022557"/>
      </testsuite>
      <testsuite name="Hyde\Publications\Testing\Feature\PublicationFieldTypesEnumTest" file="Publication Field Types Enum (Hyde\Publications\Testing\Feature\PublicationFieldTypesEnum)" tests="9" assertions="32" errors="0" failures="0" skipped="0" time="0.228625">
        <testcase name="Cases" file="Publication Field Types Enum (Hyde\Publications\Testing\Feature\PublicationFieldTypesEnum)::Cases" class="Hyde\Publications\Testing\Feature\PublicationFieldTypesEnumTest" classname="Hyde.Publications.Testing.Feature.PublicationFieldTypesEnumTest" assertions="11" time="0.038894"/>
        <testcase name="Get rules" file="Publication Field Types Enum (Hyde\Publications\Testing\Feature\PublicationFieldTypesEnum)::Get rules" class="Hyde\Publications\Testing\Feature\PublicationFieldTypesEnumTest" classname="Hyde.Publications.Testing.Feature.PublicationFieldTypesEnumTest" assertions="10" time="0.023486"/>
        <testcase name="Collect creates collection of cases" file="Publication Field Types Enum (Hyde\Publications\Testing\Feature\PublicationFieldTypesEnum)::Collect creates collection of cases" class="Hyde\Publications\Testing\Feature\PublicationFieldTypesEnumTest" classname="Hyde.Publications.Testing.Feature.PublicationFieldTypesEnumTest" assertions="1" time="0.032637"/>
        <testcase name="Values returns array of case values" file="Publication Field Types Enum (Hyde\Publications\Testing\Feature\PublicationFieldTypesEnum)::Values returns array of case values" class="Hyde\Publications\Testing\Feature\PublicationFieldTypesEnumTest" classname="Hyde.Publications.Testing.Feature.PublicationFieldTypesEnumTest" assertions="1" time="0.023117"/>
        <testcase name="Names returns array of case names" file="Publication Field Types Enum (Hyde\Publications\Testing\Feature\PublicationFieldTypesEnum)::Names returns array of case names" class="Hyde\Publications\Testing\Feature\PublicationFieldTypesEnumTest" classname="Hyde.Publications.Testing.Feature.PublicationFieldTypesEnumTest" assertions="1" time="0.022373"/>
        <testcase name="Canonicable" file="Publication Field Types Enum (Hyde\Publications\Testing\Feature\PublicationFieldTypesEnum)::Canonicable" class="Hyde\Publications\Testing\Feature\PublicationFieldTypesEnumTest" classname="Hyde.Publications.Testing.Feature.PublicationFieldTypesEnumTest" assertions="1" time="0.021818"/>
        <testcase name="Arrayable" file="Publication Field Types Enum (Hyde\Publications\Testing\Feature\PublicationFieldTypesEnum)::Arrayable" class="Hyde\Publications\Testing\Feature\PublicationFieldTypesEnumTest" classname="Hyde.Publications.Testing.Feature.PublicationFieldTypesEnumTest" assertions="1" time="0.021770"/>
        <testcase name="Is canonicable" file="Publication Field Types Enum (Hyde\Publications\Testing\Feature\PublicationFieldTypesEnum)::Is canonicable" class="Hyde\Publications\Testing\Feature\PublicationFieldTypesEnumTest" classname="Hyde.Publications.Testing.Feature.PublicationFieldTypesEnumTest" assertions="4" time="0.022516"/>
        <testcase name="Is arrayable" file="Publication Field Types Enum (Hyde\Publications\Testing\Feature\PublicationFieldTypesEnum)::Is arrayable" class="Hyde\Publications\Testing\Feature\PublicationFieldTypesEnumTest" classname="Hyde.Publications.Testing.Feature.PublicationFieldTypesEnumTest" assertions="2" time="0.022014"/>
      </testsuite>
      <testsuite name="Hyde\Publications\Testing\Feature\PublicationFieldValidatorTest" file="Publication Field Validator (Hyde\Publications\Testing\Feature\PublicationFieldValidator)" tests="18" assertions="24" errors="0" failures="0" skipped="0" time="0.458489">
        <testcase name="Construct" file="Publication Field Validator (Hyde\Publications\Testing\Feature\PublicationFieldValidator)::Construct" class="Hyde\Publications\Testing\Feature\PublicationFieldValidatorTest" classname="Hyde.Publications.Testing.Feature.PublicationFieldValidatorTest" assertions="1" time="0.048698"/>
        <testcase name="Validate" file="Publication Field Validator (Hyde\Publications\Testing\Feature\PublicationFieldValidator)::Validate" class="Hyde\Publications\Testing\Feature\PublicationFieldValidatorTest" classname="Hyde.Publications.Testing.Feature.PublicationFieldValidatorTest" assertions="3" time="0.024356"/>
        <testcase name="Validate with custom type rules" file="Publication Field Validator (Hyde\Publications\Testing\Feature\PublicationFieldValidator)::Validate with custom type rules" class="Hyde\Publications\Testing\Feature\PublicationFieldValidatorTest" classname="Hyde.Publications.Testing.Feature.PublicationFieldValidatorTest" assertions="3" time="0.024407"/>
        <testcase name="Get rules" file="Publication Field Validator (Hyde\Publications\Testing\Feature\PublicationFieldValidator)::Get rules" class="Hyde\Publications\Testing\Feature\PublicationFieldValidatorTest" classname="Hyde.Publications.Testing.Feature.PublicationFieldValidatorTest" assertions="1" time="0.023270"/>
        <testcase name="Get rules with custom type rules" file="Publication Field Validator (Hyde\Publications\Testing\Feature\PublicationFieldValidator)::Get rules with custom type rules" class="Hyde\Publications\Testing\Feature\PublicationFieldValidatorTest" classname="Hyde.Publications.Testing.Feature.PublicationFieldValidatorTest" assertions="1" time="0.023553"/>
        <testcase name="Get rules for array" file="Publication Field Validator (Hyde\Publications\Testing\Feature\PublicationFieldValidator)::Get rules for array" class="Hyde\Publications\Testing\Feature\PublicationFieldValidatorTest" classname="Hyde.Publications.Testing.Feature.PublicationFieldValidatorTest" assertions="1" time="0.022731"/>
        <testcase name="Validate array passes" file="Publication Field Validator (Hyde\Publications\Testing\Feature\PublicationFieldValidator)::Validate array passes" class="Hyde\Publications\Testing\Feature\PublicationFieldValidatorTest" classname="Hyde.Publications.Testing.Feature.PublicationFieldValidatorTest" assertions="1" time="0.023486"/>
        <testcase name="Validate array fails" file="Publication Field Validator (Hyde\Publications\Testing\Feature\PublicationFieldValidator)::Validate array fails" class="Hyde\Publications\Testing\Feature\PublicationFieldValidatorTest" classname="Hyde.Publications.Testing.Feature.PublicationFieldValidatorTest" assertions="2" time="0.023363"/>
        <testcase name="Get rules for datetime" file="Publication Field Validator (Hyde\Publications\Testing\Feature\PublicationFieldValidator)::Get rules for datetime" class="Hyde\Publications\Testing\Feature\PublicationFieldValidatorTest" classname="Hyde.Publications.Testing.Feature.PublicationFieldValidatorTest" assertions="1" time="0.022280"/>
        <testcase name="Validate datetime passes" file="Publication Field Validator (Hyde\Publications\Testing\Feature\PublicationFieldValidator)::Validate datetime passes" class="Hyde\Publications\Testing\Feature\PublicationFieldValidatorTest" classname="Hyde.Publications.Testing.Feature.PublicationFieldValidatorTest" assertions="1" time="0.023606"/>
        <testcase name="Validate datetime fails for invalid type" file="Publication Field Validator (Hyde\Publications\Testing\Feature\PublicationFieldValidator)::Validate datetime fails for invalid type" class="Hyde\Publications\Testing\Feature\PublicationFieldValidatorTest" classname="Hyde.Publications.Testing.Feature.PublicationFieldValidatorTest" assertions="2" time="0.024153"/>
        <testcase name="Get rules for float" file="Publication Field Validator (Hyde\Publications\Testing\Feature\PublicationFieldValidator)::Get rules for float" class="Hyde\Publications\Testing\Feature\PublicationFieldValidatorTest" classname="Hyde.Publications.Testing.Feature.PublicationFieldValidatorTest" assertions="1" time="0.022401"/>
        <testcase name="Get rules for integer" file="Publication Field Validator (Hyde\Publications\Testing\Feature\PublicationFieldValidator)::Get rules for integer" class="Hyde\Publications\Testing\Feature\PublicationFieldValidatorTest" classname="Hyde.Publications.Testing.Feature.PublicationFieldValidatorTest" assertions="1" time="0.022329"/>
        <testcase name="Get rules for string" file="Publication Field Validator (Hyde\Publications\Testing\Feature\PublicationFieldValidator)::Get rules for string" class="Hyde\Publications\Testing\Feature\PublicationFieldValidatorTest" classname="Hyde.Publications.Testing.Feature.PublicationFieldValidatorTest" assertions="1" time="0.022173"/>
        <testcase name="Get rules for text" file="Publication Field Validator (Hyde\Publications\Testing\Feature\PublicationFieldValidator)::Get rules for text" class="Hyde\Publications\Testing\Feature\PublicationFieldValidatorTest" classname="Hyde.Publications.Testing.Feature.PublicationFieldValidatorTest" assertions="1" time="0.022526"/>
        <testcase name="Get rules for media" file="Publication Field Validator (Hyde\Publications\Testing\Feature\PublicationFieldValidator)::Get rules for media" class="Hyde\Publications\Testing\Feature\PublicationFieldValidatorTest" classname="Hyde.Publications.Testing.Feature.PublicationFieldValidatorTest" assertions="1" time="0.033859"/>
        <testcase name="Get rules for tag" file="Publication Field Validator (Hyde\Publications\Testing\Feature\PublicationFieldValidator)::Get rules for tag" class="Hyde\Publications\Testing\Feature\PublicationFieldValidatorTest" classname="Hyde.Publications.Testing.Feature.PublicationFieldValidatorTest" assertions="1" time="0.028445"/>
        <testcase name="Get rules for url" file="Publication Field Validator (Hyde\Publications\Testing\Feature\PublicationFieldValidator)::Get rules for url" class="Hyde\Publications\Testing\Feature\PublicationFieldValidatorTest" classname="Hyde.Publications.Testing.Feature.PublicationFieldValidatorTest" assertions="1" time="0.022852"/>
      </testsuite>
      <testsuite name="Hyde\Publications\Testing\Feature\PublicationFieldValueTest" file="Publication Field Value (Hyde\Publications\Testing\Feature\PublicationFieldValue)" tests="50" assertions="125" errors="0" failures="0" skipped="0" time="1.175192">
        <testcase name="Construct" file="Publication Field Value (Hyde\Publications\Testing\Feature\PublicationFieldValue)::Construct" class="Hyde\Publications\Testing\Feature\PublicationFieldValueTest" classname="Hyde.Publications.Testing.Feature.PublicationFieldValueTest" assertions="1" time="0.046900"/>
        <testcase name="Get type" file="Publication Field Value (Hyde\Publications\Testing\Feature\PublicationFieldValue)::Get type" class="Hyde\Publications\Testing\Feature\PublicationFieldValueTest" classname="Hyde.Publications.Testing.Feature.PublicationFieldValueTest" assertions="1" time="0.022298"/>
        <testcase name="Get value" file="Publication Field Value (Hyde\Publications\Testing\Feature\PublicationFieldValue)::Get value" class="Hyde\Publications\Testing\Feature\PublicationFieldValueTest" classname="Hyde.Publications.Testing.Feature.PublicationFieldValueTest" assertions="1" time="0.022050"/>
        <testcase name="Type" file="Publication Field Value (Hyde\Publications\Testing\Feature\PublicationFieldValue)::Type" class="Hyde\Publications\Testing\Feature\PublicationFieldValueTest" classname="Hyde.Publications.Testing.Feature.PublicationFieldValueTest" assertions="2" time="0.021945"/>
        <testcase name="String field construct" file="Publication Field Value (Hyde\Publications\Testing\Feature\PublicationFieldValue)::String field construct" class="Hyde\Publications\Testing\Feature\PublicationFieldValueTest" classname="Hyde.Publications.Testing.Feature.PublicationFieldValueTest" assertions="2" time="0.022286"/>
        <testcase name="String field get value" file="Publication Field Value (Hyde\Publications\Testing\Feature\PublicationFieldValue)::String field get value" class="Hyde\Publications\Testing\Feature\PublicationFieldValueTest" classname="Hyde.Publications.Testing.Feature.PublicationFieldValueTest" assertions="1" time="0.022266"/>
        <testcase name="String field to yaml" file="Publication Field Value (Hyde\Publications\Testing\Feature\PublicationFieldValue)::String field to yaml" class="Hyde\Publications\Testing\Feature\PublicationFieldValueTest" classname="Hyde.Publications.Testing.Feature.PublicationFieldValueTest" assertions="1" time="0.022102"/>
        <testcase name="String field parsing options" file="Publication Field Value (Hyde\Publications\Testing\Feature\PublicationFieldValue)::String field parsing options" class="Hyde\Publications\Testing\Feature\PublicationFieldValueTest" classname="Hyde.Publications.Testing.Feature.PublicationFieldValueTest" assertions="8" time="0.022809"/>
        <testcase name="Datetime field construct" file="Publication Field Value (Hyde\Publications\Testing\Feature\PublicationFieldValue)::Datetime field construct" class="Hyde\Publications\Testing\Feature\PublicationFieldValueTest" classname="Hyde.Publications.Testing.Feature.PublicationFieldValueTest" assertions="2" time="0.022646"/>
        <testcase name="Datetime field get value" file="Publication Field Value (Hyde\Publications\Testing\Feature\PublicationFieldValue)::Datetime field get value" class="Hyde\Publications\Testing\Feature\PublicationFieldValueTest" classname="Hyde.Publications.Testing.Feature.PublicationFieldValueTest" assertions="1" time="0.022314"/>
        <testcase name="Datetime field with invalid input" file="Publication Field Value (Hyde\Publications\Testing\Feature\PublicationFieldValue)::Datetime field with invalid input" class="Hyde\Publications\Testing\Feature\PublicationFieldValueTest" classname="Hyde.Publications.Testing.Feature.PublicationFieldValueTest" assertions="2" time="0.022253"/>
        <testcase name="Datetime field with dynamic input" file="Publication Field Value (Hyde\Publications\Testing\Feature\PublicationFieldValue)::Datetime field with dynamic input" class="Hyde\Publications\Testing\Feature\PublicationFieldValueTest" classname="Hyde.Publications.Testing.Feature.PublicationFieldValueTest" assertions="1" time="0.021972"/>
        <testcase name="Datetime field to yaml" file="Publication Field Value (Hyde\Publications\Testing\Feature\PublicationFieldValue)::Datetime field to yaml" class="Hyde\Publications\Testing\Feature\PublicationFieldValueTest" classname="Hyde.Publications.Testing.Feature.PublicationFieldValueTest" assertions="1" time="0.021966"/>
        <testcase name="Boolean field construct" file="Publication Field Value (Hyde\Publications\Testing\Feature\PublicationFieldValue)::Boolean field construct" class="Hyde\Publications\Testing\Feature\PublicationFieldValueTest" classname="Hyde.Publications.Testing.Feature.PublicationFieldValueTest" assertions="2" time="0.021962"/>
        <testcase name="Boolean field get value" file="Publication Field Value (Hyde\Publications\Testing\Feature\PublicationFieldValue)::Boolean field get value" class="Hyde\Publications\Testing\Feature\PublicationFieldValueTest" classname="Hyde.Publications.Testing.Feature.PublicationFieldValueTest" assertions="1" time="0.022074"/>
        <testcase name="Boolean field to yaml" file="Publication Field Value (Hyde\Publications\Testing\Feature\PublicationFieldValue)::Boolean field to yaml" class="Hyde\Publications\Testing\Feature\PublicationFieldValueTest" classname="Hyde.Publications.Testing.Feature.PublicationFieldValueTest" assertions="1" time="0.022182"/>
        <testcase name="Boolean field with invalid input" file="Publication Field Value (Hyde\Publications\Testing\Feature\PublicationFieldValue)::Boolean field with invalid input" class="Hyde\Publications\Testing\Feature\PublicationFieldValueTest" classname="Hyde.Publications.Testing.Feature.PublicationFieldValueTest" assertions="2" time="0.022183"/>
        <testcase name="Boolean field parsing options" file="Publication Field Value (Hyde\Publications\Testing\Feature\PublicationFieldValue)::Boolean field parsing options" class="Hyde\Publications\Testing\Feature\PublicationFieldValueTest" classname="Hyde.Publications.Testing.Feature.PublicationFieldValueTest" assertions="4" time="0.022389"/>
        <testcase name="Integer field construct" file="Publication Field Value (Hyde\Publications\Testing\Feature\PublicationFieldValue)::Integer field construct" class="Hyde\Publications\Testing\Feature\PublicationFieldValueTest" classname="Hyde.Publications.Testing.Feature.PublicationFieldValueTest" assertions="2" time="0.022274"/>
        <testcase name="Integer field get value" file="Publication Field Value (Hyde\Publications\Testing\Feature\PublicationFieldValue)::Integer field get value" class="Hyde\Publications\Testing\Feature\PublicationFieldValueTest" classname="Hyde.Publications.Testing.Feature.PublicationFieldValueTest" assertions="1" time="0.022273"/>
        <testcase name="Integer field to yaml" file="Publication Field Value (Hyde\Publications\Testing\Feature\PublicationFieldValue)::Integer field to yaml" class="Hyde\Publications\Testing\Feature\PublicationFieldValueTest" classname="Hyde.Publications.Testing.Feature.PublicationFieldValueTest" assertions="1" time="0.031962"/>
        <testcase name="Integer field with invalid input" file="Publication Field Value (Hyde\Publications\Testing\Feature\PublicationFieldValue)::Integer field with invalid input" class="Hyde\Publications\Testing\Feature\PublicationFieldValueTest" classname="Hyde.Publications.Testing.Feature.PublicationFieldValueTest" assertions="2" time="0.025449"/>
        <testcase name="Integer field parsing options" file="Publication Field Value (Hyde\Publications\Testing\Feature\PublicationFieldValue)::Integer field parsing options" class="Hyde\Publications\Testing\Feature\PublicationFieldValueTest" classname="Hyde.Publications.Testing.Feature.PublicationFieldValueTest" assertions="8" time="0.023229"/>
        <testcase name="Float field construct" file="Publication Field Value (Hyde\Publications\Testing\Feature\PublicationFieldValue)::Float field construct" class="Hyde\Publications\Testing\Feature\PublicationFieldValueTest" classname="Hyde.Publications.Testing.Feature.PublicationFieldValueTest" assertions="2" time="0.022026"/>
        <testcase name="Float field get value" file="Publication Field Value (Hyde\Publications\Testing\Feature\PublicationFieldValue)::Float field get value" class="Hyde\Publications\Testing\Feature\PublicationFieldValueTest" classname="Hyde.Publications.Testing.Feature.PublicationFieldValueTest" assertions="1" time="0.022021"/>
        <testcase name="Float field to yaml" file="Publication Field Value (Hyde\Publications\Testing\Feature\PublicationFieldValue)::Float field to yaml" class="Hyde\Publications\Testing\Feature\PublicationFieldValueTest" classname="Hyde.Publications.Testing.Feature.PublicationFieldValueTest" assertions="1" time="0.023995"/>
        <testcase name="Float field with invalid input" file="Publication Field Value (Hyde\Publications\Testing\Feature\PublicationFieldValue)::Float field with invalid input" class="Hyde\Publications\Testing\Feature\PublicationFieldValueTest" classname="Hyde.Publications.Testing.Feature.PublicationFieldValueTest" assertions="2" time="0.022780"/>
        <testcase name="Float field parsing options" file="Publication Field Value (Hyde\Publications\Testing\Feature\PublicationFieldValue)::Float field parsing options" class="Hyde\Publications\Testing\Feature\PublicationFieldValueTest" classname="Hyde.Publications.Testing.Feature.PublicationFieldValueTest" assertions="8" time="0.023366"/>
        <testcase name="Array field construct" file="Publication Field Value (Hyde\Publications\Testing\Feature\PublicationFieldValue)::Array field construct" class="Hyde\Publications\Testing\Feature\PublicationFieldValueTest" classname="Hyde.Publications.Testing.Feature.PublicationFieldValueTest" assertions="2" time="0.022361"/>
        <testcase name="Array field get value" file="Publication Field Value (Hyde\Publications\Testing\Feature\PublicationFieldValue)::Array field get value" class="Hyde\Publications\Testing\Feature\PublicationFieldValueTest" classname="Hyde.Publications.Testing.Feature.PublicationFieldValueTest" assertions="1" time="0.022571"/>
        <testcase name="Array field to yaml" file="Publication Field Value (Hyde\Publications\Testing\Feature\PublicationFieldValue)::Array field to yaml" class="Hyde\Publications\Testing\Feature\PublicationFieldValueTest" classname="Hyde.Publications.Testing.Feature.PublicationFieldValueTest" assertions="1" time="0.022326"/>
        <testcase name="Array field with array input" file="Publication Field Value (Hyde\Publications\Testing\Feature\PublicationFieldValue)::Array field with array input" class="Hyde\Publications\Testing\Feature\PublicationFieldValueTest" classname="Hyde.Publications.Testing.Feature.PublicationFieldValueTest" assertions="1" time="0.022206"/>
        <testcase name="Array field parsing options" file="Publication Field Value (Hyde\Publications\Testing\Feature\PublicationFieldValue)::Array field parsing options" class="Hyde\Publications\Testing\Feature\PublicationFieldValueTest" classname="Hyde.Publications.Testing.Feature.PublicationFieldValueTest" assertions="8" time="0.024718"/>
        <testcase name="Text field construct" file="Publication Field Value (Hyde\Publications\Testing\Feature\PublicationFieldValue)::Text field construct" class="Hyde\Publications\Testing\Feature\PublicationFieldValueTest" classname="Hyde.Publications.Testing.Feature.PublicationFieldValueTest" assertions="2" time="0.023410"/>
        <testcase name="Text field get value" file="Publication Field Value (Hyde\Publications\Testing\Feature\PublicationFieldValue)::Text field get value" class="Hyde\Publications\Testing\Feature\PublicationFieldValueTest" classname="Hyde.Publications.Testing.Feature.PublicationFieldValueTest" assertions="1" time="0.022528"/>
        <testcase name="Text field to yaml" file="Publication Field Value (Hyde\Publications\Testing\Feature\PublicationFieldValue)::Text field to yaml" class="Hyde\Publications\Testing\Feature\PublicationFieldValueTest" classname="Hyde.Publications.Testing.Feature.PublicationFieldValueTest" assertions="1" time="0.023184"/>
        <testcase name="Text field parsing options" file="Publication Field Value (Hyde\Publications\Testing\Feature\PublicationFieldValue)::Text field parsing options" class="Hyde\Publications\Testing\Feature\PublicationFieldValueTest" classname="Hyde.Publications.Testing.Feature.PublicationFieldValueTest" assertions="13" time="0.023969"/>
        <testcase name="Url field construct" file="Publication Field Value (Hyde\Publications\Testing\Feature\PublicationFieldValue)::Url field construct" class="Hyde\Publications\Testing\Feature\PublicationFieldValueTest" classname="Hyde.Publications.Testing.Feature.PublicationFieldValueTest" assertions="2" time="0.022504"/>
        <testcase name="Url field get value" file="Publication Field Value (Hyde\Publications\Testing\Feature\PublicationFieldValue)::Url field get value" class="Hyde\Publications\Testing\Feature\PublicationFieldValueTest" classname="Hyde.Publications.Testing.Feature.PublicationFieldValueTest" assertions="1" time="0.022345"/>
        <testcase name="Url field to yaml" file="Publication Field Value (Hyde\Publications\Testing\Feature\PublicationFieldValue)::Url field to yaml" class="Hyde\Publications\Testing\Feature\PublicationFieldValueTest" classname="Hyde.Publications.Testing.Feature.PublicationFieldValueTest" assertions="1" time="0.022393"/>
        <testcase name="Url field with invalid input" file="Publication Field Value (Hyde\Publications\Testing\Feature\PublicationFieldValue)::Url field with invalid input" class="Hyde\Publications\Testing\Feature\PublicationFieldValueTest" classname="Hyde.Publications.Testing.Feature.PublicationFieldValueTest" assertions="2" time="0.022418"/>
        <testcase name="Media field construct" file="Publication Field Value (Hyde\Publications\Testing\Feature\PublicationFieldValue)::Media field construct" class="Hyde\Publications\Testing\Feature\PublicationFieldValueTest" classname="Hyde.Publications.Testing.Feature.PublicationFieldValueTest" assertions="2" time="0.022422"/>
        <testcase name="Media field get value" file="Publication Field Value (Hyde\Publications\Testing\Feature\PublicationFieldValue)::Media field get value" class="Hyde\Publications\Testing\Feature\PublicationFieldValueTest" classname="Hyde.Publications.Testing.Feature.PublicationFieldValueTest" assertions="1" time="0.022396"/>
        <testcase name="Media field to yaml" file="Publication Field Value (Hyde\Publications\Testing\Feature\PublicationFieldValue)::Media field to yaml" class="Hyde\Publications\Testing\Feature\PublicationFieldValueTest" classname="Hyde.Publications.Testing.Feature.PublicationFieldValueTest" assertions="1" time="0.022105"/>
        <testcase name="Tag field construct" file="Publication Field Value (Hyde\Publications\Testing\Feature\PublicationFieldValue)::Tag field construct" class="Hyde\Publications\Testing\Feature\PublicationFieldValueTest" classname="Hyde.Publications.Testing.Feature.PublicationFieldValueTest" assertions="2" time="0.022469"/>
        <testcase name="Tag field get value" file="Publication Field Value (Hyde\Publications\Testing\Feature\PublicationFieldValue)::Tag field get value" class="Hyde\Publications\Testing\Feature\PublicationFieldValueTest" classname="Hyde.Publications.Testing.Feature.PublicationFieldValueTest" assertions="1" time="0.022241"/>
        <testcase name="Tag field to yaml" file="Publication Field Value (Hyde\Publications\Testing\Feature\PublicationFieldValue)::Tag field to yaml" class="Hyde\Publications\Testing\Feature\PublicationFieldValueTest" classname="Hyde.Publications.Testing.Feature.PublicationFieldValueTest" assertions="1" time="0.022544"/>
        <testcase name="Tag field with array input" file="Publication Field Value (Hyde\Publications\Testing\Feature\PublicationFieldValue)::Tag field with array input" class="Hyde\Publications\Testing\Feature\PublicationFieldValueTest" classname="Hyde.Publications.Testing.Feature.PublicationFieldValueTest" assertions="1" time="0.022071"/>
        <testcase name="Tag field parsing options" file="Publication Field Value (Hyde\Publications\Testing\Feature\PublicationFieldValue)::Tag field parsing options" class="Hyde\Publications\Testing\Feature\PublicationFieldValueTest" classname="Hyde.Publications.Testing.Feature.PublicationFieldValueTest" assertions="8" time="0.033920"/>
        <testcase name="Default validation rules" file="Publication Field Value (Hyde\Publications\Testing\Feature\PublicationFieldValue)::Default validation rules" class="Hyde\Publications\Testing\Feature\PublicationFieldValueTest" classname="Hyde.Publications.Testing.Feature.PublicationFieldValueTest" assertions="10" time="0.024121"/>
      </testsuite>
      <testsuite name="Hyde\Publications\Testing\Feature\PublicationListPageTest" file="Publication List Page (Hyde\Publications\Testing\Feature\PublicationListPage)" tests="4" assertions="7" errors="0" failures="0" skipped="0" time="0.180280">
        <testcase name="Source path mappings" file="Publication List Page (Hyde\Publications\Testing\Feature\PublicationListPage)::Source path mappings" class="Hyde\Publications\Testing\Feature\PublicationListPageTest" classname="Hyde.Publications.Testing.Feature.PublicationListPageTest" assertions="4" time="0.089095"/>
        <testcase name="Listing page can be compiled" file="Publication List Page (Hyde\Publications\Testing\Feature\PublicationListPage)::Listing page can be compiled" class="Hyde\Publications\Testing\Feature\PublicationListPageTest" classname="Hyde.Publications.Testing.Feature.PublicationListPageTest" assertions="1" time="0.043112"/>
        <testcase name="List page can show up in navigation" file="Publication List Page (Hyde\Publications\Testing\Feature\PublicationListPage)::List page can show up in navigation" class="Hyde\Publications\Testing\Feature\PublicationListPageTest" classname="Hyde.Publications.Testing.Feature.PublicationListPageTest" assertions="1" time="0.024240"/>
        <testcase name="List page is not added to navigation when publication identifier is set in config" file="Publication List Page (Hyde\Publications\Testing\Feature\PublicationListPage)::List page is not added to navigation when publication identifier is set in config" class="Hyde\Publications\Testing\Feature\PublicationListPageTest" classname="Hyde.Publications.Testing.Feature.PublicationListPageTest" assertions="1" time="0.023833"/>
      </testsuite>
      <testsuite name="Hyde\Publications\Testing\Feature\PublicationPageCompilerTest" file="Publication Page Compiler (Hyde\Publications\Testing\Feature\PublicationPageCompiler)" tests="8" assertions="10" errors="0" failures="0" skipped="0" time="0.240399">
        <testcase name="Can compile publication pages" file="Publication Page Compiler (Hyde\Publications\Testing\Feature\PublicationPageCompiler)::Can compile publication pages" class="Hyde\Publications\Testing\Feature\PublicationPageCompilerTest" classname="Hyde.Publications.Testing.Feature.PublicationPageCompilerTest" assertions="1" time="0.031814"/>
        <testcase name="Can compile list pages" file="Publication Page Compiler (Hyde\Publications\Testing\Feature\PublicationPageCompiler)::Can compile list pages" class="Hyde\Publications\Testing\Feature\PublicationPageCompilerTest" classname="Hyde.Publications.Testing.Feature.PublicationPageCompilerTest" assertions="1" time="0.033616"/>
        <testcase name="Can compile publication pages with registered view" file="Publication Page Compiler (Hyde\Publications\Testing\Feature\PublicationPageCompiler)::Can compile publication pages with registered view" class="Hyde\Publications\Testing\Feature\PublicationPageCompilerTest" classname="Hyde.Publications.Testing.Feature.PublicationPageCompilerTest" assertions="1" time="0.031257"/>
        <testcase name="Can compile list pages with registered view" file="Publication Page Compiler (Hyde\Publications\Testing\Feature\PublicationPageCompiler)::Can compile list pages with registered view" class="Hyde\Publications\Testing\Feature\PublicationPageCompilerTest" classname="Hyde.Publications.Testing.Feature.PublicationPageCompilerTest" assertions="1" time="0.027539"/>
        <testcase name="Can compile publication pages with registered namespaced view" file="Publication Page Compiler (Hyde\Publications\Testing\Feature\PublicationPageCompiler)::Can compile publication pages with registered namespaced view" class="Hyde\Publications\Testing\Feature\PublicationPageCompilerTest" classname="Hyde.Publications.Testing.Feature.PublicationPageCompilerTest" assertions="1" time="0.039381"/>
        <testcase name="Can compile list pages with registered namespaced view" file="Publication Page Compiler (Hyde\Publications\Testing\Feature\PublicationPageCompiler)::Can compile list pages with registered namespaced view" class="Hyde\Publications\Testing\Feature\PublicationPageCompilerTest" classname="Hyde.Publications.Testing.Feature.PublicationPageCompilerTest" assertions="1" time="0.026258"/>
        <testcase name="With missing detail blade view" file="Publication Page Compiler (Hyde\Publications\Testing\Feature\PublicationPageCompiler)::With missing detail blade view" class="Hyde\Publications\Testing\Feature\PublicationPageCompilerTest" classname="Hyde.Publications.Testing.Feature.PublicationPageCompilerTest" assertions="2" time="0.025697"/>
        <testcase name="With missing list blade view" file="Publication Page Compiler (Hyde\Publications\Testing\Feature\PublicationPageCompiler)::With missing list blade view" class="Hyde\Publications\Testing\Feature\PublicationPageCompilerTest" classname="Hyde.Publications.Testing.Feature.PublicationPageCompilerTest" assertions="2" time="0.024836"/>
      </testsuite>
      <testsuite name="Hyde\Publications\Testing\Feature\PublicationPageTest" file="Publication Page (Hyde\Publications\Testing\Feature\PublicationPage)" tests="8" assertions="27" errors="0" failures="0" skipped="0" time="0.255119">
        <testcase name="Source path mappings" file="Publication Page (Hyde\Publications\Testing\Feature\PublicationPage)::Source path mappings" class="Hyde\Publications\Testing\Feature\PublicationPageTest" classname="Hyde.Publications.Testing.Feature.PublicationPageTest" assertions="4" time="0.047081"/>
        <testcase name="Publication pages are routable" file="Publication Page (Hyde\Publications\Testing\Feature\PublicationPage)::Publication pages are routable" class="Hyde\Publications\Testing\Feature\PublicationPageTest" classname="Hyde.Publications.Testing.Feature.PublicationPageTest" assertions="5" time="0.032642"/>
        <testcase name="Publication pages are discoverable" file="Publication Page (Hyde\Publications\Testing\Feature\PublicationPage)::Publication pages are discoverable" class="Hyde\Publications\Testing\Feature\PublicationPageTest" classname="Hyde.Publications.Testing.Feature.PublicationPageTest" assertions="1" time="0.031676"/>
        <testcase name="Publication pages are properly parsed" file="Publication Page (Hyde\Publications\Testing\Feature\PublicationPage)::Publication pages are properly parsed" class="Hyde\Publications\Testing\Feature\PublicationPageTest" classname="Hyde.Publications.Testing.Feature.PublicationPageTest" assertions="6" time="0.033299"/>
        <testcase name="Publication pages are parsable" file="Publication Page (Hyde\Publications\Testing\Feature\PublicationPage)::Publication pages are parsable" class="Hyde\Publications\Testing\Feature\PublicationPageTest" classname="Hyde.Publications.Testing.Feature.PublicationPageTest" assertions="6" time="0.026313"/>
        <testcase name="Publication pages are compilable" file="Publication Page (Hyde\Publications\Testing\Feature\PublicationPage)::Publication pages are compilable" class="Hyde\Publications\Testing\Feature\PublicationPageTest" classname="Hyde.Publications.Testing.Feature.PublicationPageTest" assertions="1" time="0.033439"/>
        <testcase name="Identifier passed constructor is normalized" file="Publication Page (Hyde\Publications\Testing\Feature\PublicationPage)::Identifier passed constructor is normalized" class="Hyde\Publications\Testing\Feature\PublicationPageTest" classname="Hyde.Publications.Testing.Feature.PublicationPageTest" assertions="3" time="0.026128"/>
        <testcase name="Identifier normalizer does not affect directory with same name as identifier" file="Publication Page (Hyde\Publications\Testing\Feature\PublicationPage)::Identifier normalizer does not affect directory with same name as identifier" class="Hyde\Publications\Testing\Feature\PublicationPageTest" classname="Hyde.Publications.Testing.Feature.PublicationPageTest" assertions="1" time="0.024541"/>
      </testsuite>
      <testsuite name="Hyde\Publications\Testing\Feature\PublicationPageUnitTest" file="Publication Page Unit (Hyde\Publications\Testing\Feature\PublicationPageUnit)" tests="34" assertions="36" errors="0" failures="0" skipped="0" time="0.849550">
        <testcase name="Source directory" file="Publication Page Unit (Hyde\Publications\Testing\Feature\PublicationPageUnit)::Source directory" class="Hyde\Publications\Testing\Feature\PublicationPageUnitTest" classname="Hyde.Publications.Testing.Feature.PublicationPageUnitTest" assertions="1" time="0.034633"/>
        <testcase name="Output directory" file="Publication Page Unit (Hyde\Publications\Testing\Feature\PublicationPageUnit)::Output directory" class="Hyde\Publications\Testing\Feature\PublicationPageUnitTest" classname="Hyde.Publications.Testing.Feature.PublicationPageUnitTest" assertions="1" time="0.022943"/>
        <testcase name="File extension" file="Publication Page Unit (Hyde\Publications\Testing\Feature\PublicationPageUnit)::File extension" class="Hyde\Publications\Testing\Feature\PublicationPageUnitTest" classname="Hyde.Publications.Testing.Feature.PublicationPageUnitTest" assertions="1" time="0.022876"/>
        <testcase name="Source path" file="Publication Page Unit (Hyde\Publications\Testing\Feature\PublicationPageUnit)::Source path" class="Hyde\Publications\Testing\Feature\PublicationPageUnitTest" classname="Hyde.Publications.Testing.Feature.PublicationPageUnitTest" assertions="1" time="0.023070"/>
        <testcase name="Output path" file="Publication Page Unit (Hyde\Publications\Testing\Feature\PublicationPageUnit)::Output path" class="Hyde\Publications\Testing\Feature\PublicationPageUnitTest" classname="Hyde.Publications.Testing.Feature.PublicationPageUnitTest" assertions="1" time="0.022710"/>
        <testcase name="Path" file="Publication Page Unit (Hyde\Publications\Testing\Feature\PublicationPageUnit)::Path" class="Hyde\Publications\Testing\Feature\PublicationPageUnitTest" classname="Hyde.Publications.Testing.Feature.PublicationPageUnitTest" assertions="1" time="0.022127"/>
        <testcase name="Get source path" file="Publication Page Unit (Hyde\Publications\Testing\Feature\PublicationPageUnit)::Get source path" class="Hyde\Publications\Testing\Feature\PublicationPageUnitTest" classname="Hyde.Publications.Testing.Feature.PublicationPageUnitTest" assertions="1" time="0.023109"/>
        <testcase name="Get output path" file="Publication Page Unit (Hyde\Publications\Testing\Feature\PublicationPageUnit)::Get output path" class="Hyde\Publications\Testing\Feature\PublicationPageUnitTest" classname="Hyde.Publications.Testing.Feature.PublicationPageUnitTest" assertions="1" time="0.023191"/>
        <testcase name="Get link" file="Publication Page Unit (Hyde\Publications\Testing\Feature\PublicationPageUnit)::Get link" class="Hyde\Publications\Testing\Feature\PublicationPageUnitTest" classname="Hyde.Publications.Testing.Feature.PublicationPageUnitTest" assertions="1" time="0.023244"/>
        <testcase name="Make" file="Publication Page Unit (Hyde\Publications\Testing\Feature\PublicationPageUnit)::Make" class="Hyde\Publications\Testing\Feature\PublicationPageUnitTest" classname="Hyde.Publications.Testing.Feature.PublicationPageUnitTest" assertions="1" time="0.024968"/>
        <testcase name="Make with data" file="Publication Page Unit (Hyde\Publications\Testing\Feature\PublicationPageUnit)::Make with data" class="Hyde\Publications\Testing\Feature\PublicationPageUnitTest" classname="Hyde.Publications.Testing.Feature.PublicationPageUnitTest" assertions="1" time="0.025321"/>
        <testcase name="Show in navigation" file="Publication Page Unit (Hyde\Publications\Testing\Feature\PublicationPageUnit)::Show in navigation" class="Hyde\Publications\Testing\Feature\PublicationPageUnitTest" classname="Hyde.Publications.Testing.Feature.PublicationPageUnitTest" assertions="1" time="0.023120"/>
        <testcase name="Navigation menu priority" file="Publication Page Unit (Hyde\Publications\Testing\Feature\PublicationPageUnit)::Navigation menu priority" class="Hyde\Publications\Testing\Feature\PublicationPageUnitTest" classname="Hyde.Publications.Testing.Feature.PublicationPageUnitTest" assertions="1" time="0.023357"/>
        <testcase name="Navigation menu label" file="Publication Page Unit (Hyde\Publications\Testing\Feature\PublicationPageUnit)::Navigation menu label" class="Hyde\Publications\Testing\Feature\PublicationPageUnitTest" classname="Hyde.Publications.Testing.Feature.PublicationPageUnitTest" assertions="1" time="0.023175"/>
        <testcase name="Navigation menu group" file="Publication Page Unit (Hyde\Publications\Testing\Feature\PublicationPageUnit)::Navigation menu group" class="Hyde\Publications\Testing\Feature\PublicationPageUnitTest" classname="Hyde.Publications.Testing.Feature.PublicationPageUnitTest" assertions="1" time="0.033578"/>
        <testcase name="Get blade view" file="Publication Page Unit (Hyde\Publications\Testing\Feature\PublicationPageUnit)::Get blade view" class="Hyde\Publications\Testing\Feature\PublicationPageUnitTest" classname="Hyde.Publications.Testing.Feature.PublicationPageUnitTest" assertions="1" time="0.023938"/>
        <testcase name="Files" file="Publication Page Unit (Hyde\Publications\Testing\Feature\PublicationPageUnit)::Files" class="Hyde\Publications\Testing\Feature\PublicationPageUnitTest" classname="Hyde.Publications.Testing.Feature.PublicationPageUnitTest" assertions="1" time="0.027339"/>
        <testcase name="Data" file="Publication Page Unit (Hyde\Publications\Testing\Feature\PublicationPageUnit)::Data" class="Hyde\Publications\Testing\Feature\PublicationPageUnitTest" classname="Hyde.Publications.Testing.Feature.PublicationPageUnitTest" assertions="1" time="0.024028"/>
        <testcase name="Get" file="Publication Page Unit (Hyde\Publications\Testing\Feature\PublicationPageUnit)::Get" class="Hyde\Publications\Testing\Feature\PublicationPageUnitTest" classname="Hyde.Publications.Testing.Feature.PublicationPageUnitTest" assertions="1" time="0.028191"/>
        <testcase name="Parse" file="Publication Page Unit (Hyde\Publications\Testing\Feature\PublicationPageUnit)::Parse" class="Hyde\Publications\Testing\Feature\PublicationPageUnitTest" classname="Hyde.Publications.Testing.Feature.PublicationPageUnitTest" assertions="1" time="0.024779"/>
        <testcase name="Get route key" file="Publication Page Unit (Hyde\Publications\Testing\Feature\PublicationPageUnit)::Get route key" class="Hyde\Publications\Testing\Feature\PublicationPageUnitTest" classname="Hyde.Publications.Testing.Feature.PublicationPageUnitTest" assertions="1" time="0.023576"/>
        <testcase name="Title" file="Publication Page Unit (Hyde\Publications\Testing\Feature\PublicationPageUnit)::Title" class="Hyde\Publications\Testing\Feature\PublicationPageUnitTest" classname="Hyde.Publications.Testing.Feature.PublicationPageUnitTest" assertions="1" time="0.023404"/>
        <testcase name="All" file="Publication Page Unit (Hyde\Publications\Testing\Feature\PublicationPageUnit)::All" class="Hyde\Publications\Testing\Feature\PublicationPageUnitTest" classname="Hyde.Publications.Testing.Feature.PublicationPageUnitTest" assertions="1" time="0.027897"/>
        <testcase name="Metadata" file="Publication Page Unit (Hyde\Publications\Testing\Feature\PublicationPageUnit)::Metadata" class="Hyde\Publications\Testing\Feature\PublicationPageUnitTest" classname="Hyde.Publications.Testing.Feature.PublicationPageUnitTest" assertions="1" time="0.024876"/>
        <testcase name="Construct" file="Publication Page Unit (Hyde\Publications\Testing\Feature\PublicationPageUnit)::Construct" class="Hyde\Publications\Testing\Feature\PublicationPageUnitTest" classname="Hyde.Publications.Testing.Feature.PublicationPageUnitTest" assertions="1" time="0.023778"/>
        <testcase name="Get route" file="Publication Page Unit (Hyde\Publications\Testing\Feature\PublicationPageUnit)::Get route" class="Hyde\Publications\Testing\Feature\PublicationPageUnitTest" classname="Hyde.Publications.Testing.Feature.PublicationPageUnitTest" assertions="1" time="0.028035"/>
        <testcase name="Get identifier" file="Publication Page Unit (Hyde\Publications\Testing\Feature\PublicationPageUnit)::Get identifier" class="Hyde\Publications\Testing\Feature\PublicationPageUnitTest" classname="Hyde.Publications.Testing.Feature.PublicationPageUnitTest" assertions="1" time="0.023417"/>
        <testcase name="Has" file="Publication Page Unit (Hyde\Publications\Testing\Feature\PublicationPageUnit)::Has" class="Hyde\Publications\Testing\Feature\PublicationPageUnitTest" classname="Hyde.Publications.Testing.Feature.PublicationPageUnitTest" assertions="1" time="0.023049"/>
        <testcase name="To core data object" file="Publication Page Unit (Hyde\Publications\Testing\Feature\PublicationPageUnit)::To core data object" class="Hyde\Publications\Testing\Feature\PublicationPageUnitTest" classname="Hyde.Publications.Testing.Feature.PublicationPageUnitTest" assertions="1" time="0.023162"/>
        <testcase name="Compile" file="Publication Page Unit (Hyde\Publications\Testing\Feature\PublicationPageUnit)::Compile" class="Hyde\Publications\Testing\Feature\PublicationPageUnitTest" classname="Hyde.Publications.Testing.Feature.PublicationPageUnitTest" assertions="1" time="0.032504"/>
        <testcase name="Matter" file="Publication Page Unit (Hyde\Publications\Testing\Feature\PublicationPageUnit)::Matter" class="Hyde\Publications\Testing\Feature\PublicationPageUnitTest" classname="Hyde.Publications.Testing.Feature.PublicationPageUnitTest" assertions="1" time="0.023436"/>
        <testcase name="Markdown" file="Publication Page Unit (Hyde\Publications\Testing\Feature\PublicationPageUnit)::Markdown" class="Hyde\Publications\Testing\Feature\PublicationPageUnitTest" classname="Hyde.Publications.Testing.Feature.PublicationPageUnitTest" assertions="1" time="0.023074"/>
        <testcase name="Save" file="Publication Page Unit (Hyde\Publications\Testing\Feature\PublicationPageUnit)::Save" class="Hyde\Publications\Testing\Feature\PublicationPageUnitTest" classname="Hyde.Publications.Testing.Feature.PublicationPageUnitTest" assertions="2" time="0.024329"/>
        <testcase name="Get type" file="Publication Page Unit (Hyde\Publications\Testing\Feature\PublicationPageUnit)::Get type" class="Hyde\Publications\Testing\Feature\PublicationPageUnitTest" classname="Hyde.Publications.Testing.Feature.PublicationPageUnitTest" assertions="2" time="0.025317"/>
      </testsuite>
      <testsuite name="Hyde\Publications\Testing\Feature\PublicationPageValidatorTest" file="Publication Page Validator (Hyde\Publications\Testing\Feature\PublicationPageValidator)" tests="5" assertions="5" errors="0" failures="0" skipped="0" time="0.201471">
        <testcase name="Validate page file" file="Publication Page Validator (Hyde\Publications\Testing\Feature\PublicationPageValidator)::Validate page file" class="Hyde\Publications\Testing\Feature\PublicationPageValidatorTest" classname="Hyde.Publications.Testing.Feature.PublicationPageValidatorTest" assertions="1" time="0.097723"/>
        <testcase name="Validate page file with invalid fields" file="Publication Page Validator (Hyde\Publications\Testing\Feature\PublicationPageValidator)::Validate page file with invalid fields" class="Hyde\Publications\Testing\Feature\PublicationPageValidatorTest" classname="Hyde.Publications.Testing.Feature.PublicationPageValidatorTest" assertions="1" time="0.026664"/>
        <testcase name="Validate page file with invalid data buffered" file="Publication Page Validator (Hyde\Publications\Testing\Feature\PublicationPageValidator)::Validate page file with invalid data buffered" class="Hyde\Publications\Testing\Feature\PublicationPageValidatorTest" classname="Hyde.Publications.Testing.Feature.PublicationPageValidatorTest" assertions="1" time="0.026917"/>
        <testcase name="Warnings with warnings" file="Publication Page Validator (Hyde\Publications\Testing\Feature\PublicationPageValidator)::Warnings with warnings" class="Hyde\Publications\Testing\Feature\PublicationPageValidatorTest" classname="Hyde.Publications.Testing.Feature.PublicationPageValidatorTest" assertions="1" time="0.025351"/>
        <testcase name="Warnings without warnings" file="Publication Page Validator (Hyde\Publications\Testing\Feature\PublicationPageValidator)::Warnings without warnings" class="Hyde\Publications\Testing\Feature\PublicationPageValidatorTest" classname="Hyde.Publications.Testing.Feature.PublicationPageValidatorTest" assertions="1" time="0.024816"/>
      </testsuite>
      <testsuite name="Hyde\Publications\Testing\Feature\PublicationSchemaValidatorTest" file="Publication Schema Validator (Hyde\Publications\Testing\Feature\PublicationSchemaValidator)" tests="4" assertions="4" errors="0" failures="0" skipped="0" time="0.134699">
        <testcase name="Validate schema file" file="Publication Schema Validator (Hyde\Publications\Testing\Feature\PublicationSchemaValidator)::Validate schema file" class="Hyde\Publications\Testing\Feature\PublicationSchemaValidatorTest" classname="Hyde.Publications.Testing.Feature.PublicationSchemaValidatorTest" assertions="1" time="0.049544"/>
        <testcase name="Validate schema file with invalid schema" file="Publication Schema Validator (Hyde\Publications\Testing\Feature\PublicationSchemaValidator)::Validate schema file with invalid schema" class="Hyde\Publications\Testing\Feature\PublicationSchemaValidatorTest" classname="Hyde.Publications.Testing.Feature.PublicationSchemaValidatorTest" assertions="1" time="0.028481"/>
        <testcase name="Validate schema file with invalid fields" file="Publication Schema Validator (Hyde\Publications\Testing\Feature\PublicationSchemaValidator)::Validate schema file with invalid fields" class="Hyde\Publications\Testing\Feature\PublicationSchemaValidatorTest" classname="Hyde.Publications.Testing.Feature.PublicationSchemaValidatorTest" assertions="1" time="0.027627"/>
        <testcase name="Validate schema file with invalid data buffered" file="Publication Schema Validator (Hyde\Publications\Testing\Feature\PublicationSchemaValidator)::Validate schema file with invalid data buffered" class="Hyde\Publications\Testing\Feature\PublicationSchemaValidatorTest" classname="Hyde.Publications.Testing.Feature.PublicationSchemaValidatorTest" assertions="1" time="0.029047"/>
      </testsuite>
      <testsuite name="Hyde\Publications\Testing\Feature\PublicationServiceTest" file="Publication Service (Hyde\Publications\Testing\Feature\PublicationService)" tests="21" assertions="24" errors="0" failures="0" skipped="0" time="0.690684">
        <testcase name="Get publication types" file="Publication Service (Hyde\Publications\Testing\Feature\PublicationService)::Get publication types" class="Hyde\Publications\Testing\Feature\PublicationServiceTest" classname="Hyde.Publications.Testing.Feature.PublicationServiceTest" assertions="1" time="0.030694"/>
        <testcase name="Get publication types with types" file="Publication Service (Hyde\Publications\Testing\Feature\PublicationService)::Get publication types with types" class="Hyde\Publications\Testing\Feature\PublicationServiceTest" classname="Hyde.Publications.Testing.Feature.PublicationServiceTest" assertions="1" time="0.030539"/>
        <testcase name="Get publication types method returns the same instances" file="Publication Service (Hyde\Publications\Testing\Feature\PublicationService)::Get publication types method returns the same instances" class="Hyde\Publications\Testing\Feature\PublicationServiceTest" classname="Hyde.Publications.Testing.Feature.PublicationServiceTest" assertions="1" time="0.024021"/>
        <testcase name="Get publications for pub type" file="Publication Service (Hyde\Publications\Testing\Feature\PublicationService)::Get publications for pub type" class="Hyde\Publications\Testing\Feature\PublicationServiceTest" classname="Hyde.Publications.Testing.Feature.PublicationServiceTest" assertions="1" time="0.030336"/>
        <testcase name="Get publications for pub type with publications" file="Publication Service (Hyde\Publications\Testing\Feature\PublicationService)::Get publications for pub type with publications" class="Hyde\Publications\Testing\Feature\PublicationServiceTest" classname="Hyde.Publications.Testing.Feature.PublicationServiceTest" assertions="1" time="0.035558"/>
        <testcase name="Get publications for pub type only contains instances of publication page" file="Publication Service (Hyde\Publications\Testing\Feature\PublicationService)::Get publications for pub type only contains instances of publication page" class="Hyde\Publications\Testing\Feature\PublicationServiceTest" classname="Hyde.Publications.Testing.Feature.PublicationServiceTest" assertions="1" time="0.033141"/>
        <testcase name="Get publications for pub type sorts publications by sort field" file="Publication Service (Hyde\Publications\Testing\Feature\PublicationService)::Get publications for pub type sorts publications by sort field" class="Hyde\Publications\Testing\Feature\PublicationServiceTest" classname="Hyde.Publications.Testing.Feature.PublicationServiceTest" assertions="1" time="0.054248"/>
        <testcase name="Get publications for pub type sorts publications with specified direction" file="Publication Service (Hyde\Publications\Testing\Feature\PublicationService)::Get publications for pub type sorts publications with specified direction" class="Hyde\Publications\Testing\Feature\PublicationServiceTest" classname="Hyde.Publications.Testing.Feature.PublicationServiceTest" assertions="1" time="0.043832"/>
        <testcase name="Get publications for pub type sorts publications by new sort field" file="Publication Service (Hyde\Publications\Testing\Feature\PublicationService)::Get publications for pub type sorts publications by new sort field" class="Hyde\Publications\Testing\Feature\PublicationServiceTest" classname="Hyde.Publications.Testing.Feature.PublicationServiceTest" assertions="1" time="0.043122"/>
        <testcase name="Get publications for pub type sorts publications by new sort field descending" file="Publication Service (Hyde\Publications\Testing\Feature\PublicationService)::Get publications for pub type sorts publications by new sort field descending" class="Hyde\Publications\Testing\Feature\PublicationServiceTest" classname="Hyde.Publications.Testing.Feature.PublicationServiceTest" assertions="1" time="0.045754"/>
        <testcase name="Get publications for pub type with invalid sort field" file="Publication Service (Hyde\Publications\Testing\Feature\PublicationService)::Get publications for pub type with invalid sort field" class="Hyde\Publications\Testing\Feature\PublicationServiceTest" classname="Hyde.Publications.Testing.Feature.PublicationServiceTest" assertions="1" time="0.045868"/>
        <testcase name="Get media for pub type" file="Publication Service (Hyde\Publications\Testing\Feature\PublicationService)::Get media for pub type" class="Hyde\Publications\Testing\Feature\PublicationServiceTest" classname="Hyde.Publications.Testing.Feature.PublicationServiceTest" assertions="1" time="0.026828"/>
        <testcase name="Get media for pub type with media" file="Publication Service (Hyde\Publications\Testing\Feature\PublicationService)::Get media for pub type with media" class="Hyde\Publications\Testing\Feature\PublicationServiceTest" classname="Hyde.Publications.Testing.Feature.PublicationServiceTest" assertions="1" time="0.026990"/>
        <testcase name="Get media for pub type with custom media directory" file="Publication Service (Hyde\Publications\Testing\Feature\PublicationService)::Get media for pub type with custom media directory" class="Hyde\Publications\Testing\Feature\PublicationServiceTest" classname="Hyde.Publications.Testing.Feature.PublicationServiceTest" assertions="1" time="0.026345"/>
        <testcase name="Parse publication file" file="Publication Service (Hyde\Publications\Testing\Feature\PublicationService)::Parse publication file" class="Hyde\Publications\Testing\Feature\PublicationServiceTest" classname="Hyde.Publications.Testing.Feature.PublicationServiceTest" assertions="2" time="0.025742"/>
        <testcase name="Parse publication file with non existent file" file="Publication Service (Hyde\Publications\Testing\Feature\PublicationService)::Parse publication file with non existent file" class="Hyde\Publications\Testing\Feature\PublicationServiceTest" classname="Hyde.Publications.Testing.Feature.PublicationServiceTest" assertions="2" time="0.023861"/>
        <testcase name="Publication type exists" file="Publication Service (Hyde\Publications\Testing\Feature\PublicationService)::Publication type exists" class="Hyde\Publications\Testing\Feature\PublicationServiceTest" classname="Hyde.Publications.Testing.Feature.PublicationServiceTest" assertions="2" time="0.023682"/>
        <testcase name="Can get tags used in publications" file="Publication Service (Hyde\Publications\Testing\Feature\PublicationService)::Can get tags used in publications" class="Hyde\Publications\Testing\Feature\PublicationServiceTest" classname="Hyde.Publications.Testing.Feature.PublicationServiceTest" assertions="1" time="0.029169"/>
        <testcase name="Multiple occurring tags are aggregated uniquely" file="Publication Service (Hyde\Publications\Testing\Feature\PublicationService)::Multiple occurring tags are aggregated uniquely" class="Hyde\Publications\Testing\Feature\PublicationServiceTest" classname="Hyde.Publications.Testing.Feature.PublicationServiceTest" assertions="1" time="0.030919"/>
        <testcase name="All tags method finds both array and single tag values" file="Publication Service (Hyde\Publications\Testing\Feature\PublicationService)::All tags method finds both array and single tag values" class="Hyde\Publications\Testing\Feature\PublicationServiceTest" classname="Hyde.Publications.Testing.Feature.PublicationServiceTest" assertions="1" time="0.031005"/>
        <testcase name="All tags method returns empty array when there are no tags used" file="Publication Service (Hyde\Publications\Testing\Feature\PublicationService)::All tags method returns empty array when there are no tags used" class="Hyde\Publications\Testing\Feature\PublicationServiceTest" classname="Hyde.Publications.Testing.Feature.PublicationServiceTest" assertions="1" time="0.029030"/>
      </testsuite>
      <testsuite name="Hyde\Publications\Testing\Feature\PublicationTypeTest" file="Publication Type (Hyde\Publications\Testing\Feature\PublicationType)" tests="39" assertions="62" errors="0" failures="0" skipped="0" time="1.052116">
        <testcase name="Can construct new publication type" file="Publication Type (Hyde\Publications\Testing\Feature\PublicationType)::Can construct new publication type" class="Hyde\Publications\Testing\Feature\PublicationTypeTest" classname="Hyde.Publications.Testing.Feature.PublicationTypeTest" assertions="8" time="0.052229"/>
        <testcase name="Construct with default values" file="Publication Type (Hyde\Publications\Testing\Feature\PublicationType)::Construct with default values" class="Hyde\Publications\Testing\Feature\PublicationTypeTest" classname="Hyde.Publications.Testing.Feature.PublicationTypeTest" assertions="9" time="0.023493"/>
        <testcase name="Construct with pagination settings" file="Publication Type (Hyde\Publications\Testing\Feature\PublicationType)::Construct with pagination settings" class="Hyde\Publications\Testing\Feature\PublicationTypeTest" classname="Hyde.Publications.Testing.Feature.PublicationTypeTest" assertions="3" time="0.022216"/>
        <testcase name="Class is arrayable" file="Publication Type (Hyde\Publications\Testing\Feature\PublicationType)::Class is arrayable" class="Hyde\Publications\Testing\Feature\PublicationTypeTest" classname="Hyde.Publications.Testing.Feature.PublicationTypeTest" assertions="1" time="0.022399"/>
        <testcase name="Class is json serializable" file="Publication Type (Hyde\Publications\Testing\Feature\PublicationType)::Class is json serializable" class="Hyde\Publications\Testing\Feature\PublicationTypeTest" classname="Hyde.Publications.Testing.Feature.PublicationTypeTest" assertions="1" time="0.022376"/>
        <testcase name="Class is jsonable" file="Publication Type (Hyde\Publications\Testing\Feature\PublicationType)::Class is jsonable" class="Hyde\Publications\Testing\Feature\PublicationTypeTest" classname="Hyde.Publications.Testing.Feature.PublicationTypeTest" assertions="1" time="0.032697"/>
        <testcase name="Get directory" file="Publication Type (Hyde\Publications\Testing\Feature\PublicationType)::Get directory" class="Hyde\Publications\Testing\Feature\PublicationTypeTest" classname="Hyde.Publications.Testing.Feature.PublicationTypeTest" assertions="1" time="0.022758"/>
        <testcase name="Get identifier" file="Publication Type (Hyde\Publications\Testing\Feature\PublicationType)::Get identifier" class="Hyde\Publications\Testing\Feature\PublicationTypeTest" classname="Hyde.Publications.Testing.Feature.PublicationTypeTest" assertions="1" time="0.022357"/>
        <testcase name="Get identifier with no directory" file="Publication Type (Hyde\Publications\Testing\Feature\PublicationType)::Get identifier with no directory" class="Hyde\Publications\Testing\Feature\PublicationTypeTest" classname="Hyde.Publications.Testing.Feature.PublicationTypeTest" assertions="1" time="0.022126"/>
        <testcase name="Can save to json file" file="Publication Type (Hyde\Publications\Testing\Feature\PublicationType)::Can save to json file" class="Hyde\Publications\Testing\Feature\PublicationTypeTest" classname="Hyde.Publications.Testing.Feature.PublicationTypeTest" assertions="2" time="0.023160"/>
        <testcase name="Can save to json file using custom path" file="Publication Type (Hyde\Publications\Testing\Feature\PublicationType)::Can save to json file using custom path" class="Hyde\Publications\Testing\Feature\PublicationTypeTest" classname="Hyde.Publications.Testing.Feature.PublicationTypeTest" assertions="2" time="0.023693"/>
        <testcase name="Can load from json file" file="Publication Type (Hyde\Publications\Testing\Feature\PublicationType)::Can load from json file" class="Hyde\Publications\Testing\Feature\PublicationTypeTest" classname="Hyde.Publications.Testing.Feature.PublicationTypeTest" assertions="1" time="0.024096"/>
        <testcase name="Can load fields with validation rules" file="Publication Type (Hyde\Publications\Testing\Feature\PublicationType)::Can load fields with validation rules" class="Hyde\Publications\Testing\Feature\PublicationTypeTest" classname="Hyde.Publications.Testing.Feature.PublicationTypeTest" assertions="1" time="0.023661"/>
        <testcase name="Get fields method returns collection of field objects" file="Publication Type (Hyde\Publications\Testing\Feature\PublicationType)::Get fields method returns collection of field objects" class="Hyde\Publications\Testing\Feature\PublicationTypeTest" classname="Hyde.Publications.Testing.Feature.PublicationTypeTest" assertions="4" time="0.023025"/>
        <testcase name="Get field method parses publication fields from schema file" file="Publication Type (Hyde\Publications\Testing\Feature\PublicationType)::Get field method parses publication fields from schema file" class="Hyde\Publications\Testing\Feature\PublicationTypeTest" classname="Hyde.Publications.Testing.Feature.PublicationTypeTest" assertions="1" time="0.023822"/>
        <testcase name="Get field method parses publication fields with option properties from schema file" file="Publication Type (Hyde\Publications\Testing\Feature\PublicationType)::Get field method parses publication fields with option properties from schema file" class="Hyde\Publications\Testing\Feature\PublicationTypeTest" classname="Hyde.Publications.Testing.Feature.PublicationTypeTest" assertions="1" time="0.023731"/>
        <testcase name="Get method can find existing file on disk" file="Publication Type (Hyde\Publications\Testing\Feature\PublicationType)::Get method can find existing file on disk" class="Hyde\Publications\Testing\Feature\PublicationTypeTest" classname="Hyde.Publications.Testing.Feature.PublicationTypeTest" assertions="1" time="0.023665"/>
        <testcase name="Get method fails if publication type does not exist" file="Publication Type (Hyde\Publications\Testing\Feature\PublicationType)::Get method fails if publication type does not exist" class="Hyde\Publications\Testing\Feature\PublicationTypeTest" classname="Hyde.Publications.Testing.Feature.PublicationTypeTest" assertions="2" time="0.025008"/>
        <testcase name="Get list page" file="Publication Type (Hyde\Publications\Testing\Feature\PublicationType)::Get list page" class="Hyde\Publications\Testing\Feature\PublicationTypeTest" classname="Hyde.Publications.Testing.Feature.PublicationTypeTest" assertions="1" time="0.025503"/>
        <testcase name="Get field definition" file="Publication Type (Hyde\Publications\Testing\Feature\PublicationType)::Get field definition" class="Hyde\Publications\Testing\Feature\PublicationTypeTest" classname="Hyde.Publications.Testing.Feature.PublicationTypeTest" assertions="1" time="0.023766"/>
        <testcase name="Get field definition with missing field" file="Publication Type (Hyde\Publications\Testing\Feature\PublicationType)::Get field definition with missing field" class="Hyde\Publications\Testing\Feature\PublicationTypeTest" classname="Hyde.Publications.Testing.Feature.PublicationTypeTest" assertions="1" time="0.022990"/>
        <testcase name="Get canonical field definition" file="Publication Type (Hyde\Publications\Testing\Feature\PublicationType)::Get canonical field definition" class="Hyde\Publications\Testing\Feature\PublicationTypeTest" classname="Hyde.Publications.Testing.Feature.PublicationTypeTest" assertions="1" time="0.022697"/>
        <testcase name="Get canonical field definition with meta field as canonical" file="Publication Type (Hyde\Publications\Testing\Feature\PublicationType)::Get canonical field definition with meta field as canonical" class="Hyde\Publications\Testing\Feature\PublicationTypeTest" classname="Hyde.Publications.Testing.Feature.PublicationTypeTest" assertions="1" time="0.022255"/>
        <testcase name="Get publications" file="Publication Type (Hyde\Publications\Testing\Feature\PublicationType)::Get publications" class="Hyde\Publications\Testing\Feature\PublicationTypeTest" classname="Hyde.Publications.Testing.Feature.PublicationTypeTest" assertions="1" time="0.027668"/>
        <testcase name="Get paginator" file="Publication Type (Hyde\Publications\Testing\Feature\PublicationType)::Get paginator" class="Hyde\Publications\Testing\Feature\PublicationTypeTest" classname="Hyde.Publications.Testing.Feature.PublicationTypeTest" assertions="1" time="0.028069"/>
        <testcase name="Get paginator with custom publication type pagination settings" file="Publication Type (Hyde\Publications\Testing\Feature\PublicationType)::Get paginator with custom publication type pagination settings" class="Hyde\Publications\Testing\Feature\PublicationTypeTest" classname="Hyde.Publications.Testing.Feature.PublicationTypeTest" assertions="1" time="0.027776"/>
        <testcase name="Get paginator sorts collection by specified pagination settings" file="Publication Type (Hyde\Publications\Testing\Feature\PublicationType)::Get paginator sorts collection by specified pagination settings" class="Hyde\Publications\Testing\Feature\PublicationTypeTest" classname="Hyde.Publications.Testing.Feature.PublicationTypeTest" assertions="1" time="0.050651"/>
        <testcase name="Get paginator sorts collection by specified pagination settings with descending sort" file="Publication Type (Hyde\Publications\Testing\Feature\PublicationType)::Get paginator sorts collection by specified pagination settings with descending sort" class="Hyde\Publications\Testing\Feature\PublicationTypeTest" classname="Hyde.Publications.Testing.Feature.PublicationTypeTest" assertions="1" time="0.051308"/>
        <testcase name="Uses pagination returns true when pagination should be enabled" file="Publication Type (Hyde\Publications\Testing\Feature\PublicationType)::Uses pagination returns true when pagination should be enabled" class="Hyde\Publications\Testing\Feature\PublicationTypeTest" classname="Hyde.Publications.Testing.Feature.PublicationTypeTest" assertions="1" time="0.034945"/>
        <testcase name="Uses pagination returns false when page size is set to nought" file="Publication Type (Hyde\Publications\Testing\Feature\PublicationType)::Uses pagination returns false when page size is set to nought" class="Hyde\Publications\Testing\Feature\PublicationTypeTest" classname="Hyde.Publications.Testing.Feature.PublicationTypeTest" assertions="1" time="0.023898"/>
        <testcase name="Uses pagination returns false when number of pages is less than page size" file="Publication Type (Hyde\Publications\Testing\Feature\PublicationType)::Uses pagination returns false when number of pages is less than page size" class="Hyde\Publications\Testing\Feature\PublicationTypeTest" classname="Hyde.Publications.Testing.Feature.PublicationTypeTest" assertions="1" time="0.045770"/>
        <testcase name="Array representation with default values" file="Publication Type (Hyde\Publications\Testing\Feature\PublicationType)::Array representation with default values" class="Hyde\Publications\Testing\Feature\PublicationTypeTest" classname="Hyde.Publications.Testing.Feature.PublicationTypeTest" assertions="1" time="0.023246"/>
        <testcase name="Json representation with default values" file="Publication Type (Hyde\Publications\Testing\Feature\PublicationType)::Json representation with default values" class="Hyde\Publications\Testing\Feature\PublicationTypeTest" classname="Hyde.Publications.Testing.Feature.PublicationTypeTest" assertions="1" time="0.023192"/>
        <testcase name="Array representation with metadata" file="Publication Type (Hyde\Publications\Testing\Feature\PublicationType)::Array representation with metadata" class="Hyde\Publications\Testing\Feature\PublicationTypeTest" classname="Hyde.Publications.Testing.Feature.PublicationTypeTest" assertions="1" time="0.023206"/>
        <testcase name="Json representation with metadata" file="Publication Type (Hyde\Publications\Testing\Feature\PublicationType)::Json representation with metadata" class="Hyde\Publications\Testing\Feature\PublicationTypeTest" classname="Hyde.Publications.Testing.Feature.PublicationTypeTest" assertions="1" time="0.022913"/>
        <testcase name="Can parse schema file with metadata" file="Publication Type (Hyde\Publications\Testing\Feature\PublicationType)::Can parse schema file with metadata" class="Hyde\Publications\Testing\Feature\PublicationTypeTest" classname="Hyde.Publications.Testing.Feature.PublicationTypeTest" assertions="1" time="0.024836"/>
        <testcase name="Can get metadata" file="Publication Type (Hyde\Publications\Testing\Feature\PublicationType)::Can get metadata" class="Hyde\Publications\Testing\Feature\PublicationTypeTest" classname="Hyde.Publications.Testing.Feature.PublicationTypeTest" assertions="1" time="0.023113"/>
        <testcase name="Can set metadata" file="Publication Type (Hyde\Publications\Testing\Feature\PublicationType)::Can set metadata" class="Hyde\Publications\Testing\Feature\PublicationTypeTest" classname="Hyde.Publications.Testing.Feature.PublicationTypeTest" assertions="1" time="0.022597"/>
        <testcase name="Validate schema file" file="Publication Type (Hyde\Publications\Testing\Feature\PublicationType)::Validate schema file" class="Hyde\Publications\Testing\Feature\PublicationTypeTest" classname="Hyde.Publications.Testing.Feature.PublicationTypeTest" assertions="1" time="0.025205"/>
      </testsuite>
      <testsuite name="Hyde\Publications\Testing\Feature\PublicationsExtensionTest" file="Publications Extension (Hyde\Publications\Testing\Feature\PublicationsExtension)" tests="16" assertions="34" errors="0" failures="0" skipped="0" time="0.597190">
        <testcase name="Get page classes method" file="Publications Extension (Hyde\Publications\Testing\Feature\PublicationsExtension)::Get page classes method" class="Hyde\Publications\Testing\Feature\PublicationsExtensionTest" classname="Hyde.Publications.Testing.Feature.PublicationsExtensionTest" assertions="1" time="0.078594"/>
        <testcase name="Get types method" file="Publications Extension (Hyde\Publications\Testing\Feature\PublicationsExtension)::Get types method" class="Hyde\Publications\Testing\Feature\PublicationsExtensionTest" classname="Hyde.Publications.Testing.Feature.PublicationsExtensionTest" assertions="1" time="0.026925"/>
        <testcase name="Get types method with types" file="Publications Extension (Hyde\Publications\Testing\Feature\PublicationsExtension)::Get types method with types" class="Hyde\Publications\Testing\Feature\PublicationsExtensionTest" classname="Hyde.Publications.Testing.Feature.PublicationsExtensionTest" assertions="1" time="0.032141"/>
        <testcase name="Get types method with multiple types" file="Publications Extension (Hyde\Publications\Testing\Feature\PublicationsExtension)::Get types method with multiple types" class="Hyde\Publications\Testing\Feature\PublicationsExtensionTest" classname="Hyde.Publications.Testing.Feature.PublicationsExtensionTest" assertions="1" time="0.034307"/>
        <testcase name="Publication files are discovered" file="Publications Extension (Hyde\Publications\Testing\Feature\PublicationsExtension)::Publication files are discovered" class="Hyde\Publications\Testing\Feature\PublicationsExtensionTest" classname="Hyde.Publications.Testing.Feature.PublicationsExtensionTest" assertions="3" time="0.029876"/>
        <testcase name="Publication files are discovered for multiple types" file="Publications Extension (Hyde\Publications\Testing\Feature\PublicationsExtension)::Publication files are discovered for multiple types" class="Hyde\Publications\Testing\Feature\PublicationsExtensionTest" classname="Hyde.Publications.Testing.Feature.PublicationsExtensionTest" assertions="1" time="0.029980"/>
        <testcase name="Publication media files are discovered" file="Publications Extension (Hyde\Publications\Testing\Feature\PublicationsExtension)::Publication media files are discovered" class="Hyde\Publications\Testing\Feature\PublicationsExtensionTest" classname="Hyde.Publications.Testing.Feature.PublicationsExtensionTest" assertions="2" time="0.027241"/>
        <testcase name="Base publication pages are discovered" file="Publications Extension (Hyde\Publications\Testing\Feature\PublicationsExtension)::Base publication pages are discovered" class="Hyde\Publications\Testing\Feature\PublicationsExtensionTest" classname="Hyde.Publications.Testing.Feature.PublicationsExtensionTest" assertions="1" time="0.035593"/>
        <testcase name="Publication pages are discovered" file="Publications Extension (Hyde\Publications\Testing\Feature\PublicationsExtension)::Publication pages are discovered" class="Hyde\Publications\Testing\Feature\PublicationsExtensionTest" classname="Hyde.Publications.Testing.Feature.PublicationsExtensionTest" assertions="3" time="0.035410"/>
        <testcase name="Listing pages for publications are generated" file="Publications Extension (Hyde\Publications\Testing\Feature\PublicationsExtension)::Listing pages for publications are generated" class="Hyde\Publications\Testing\Feature\PublicationsExtensionTest" classname="Hyde.Publications.Testing.Feature.PublicationsExtensionTest" assertions="3" time="0.035470"/>
        <testcase name="Paginated listing pages for publications are generated" file="Publications Extension (Hyde\Publications\Testing\Feature\PublicationsExtension)::Paginated listing pages for publications are generated" class="Hyde\Publications\Testing\Feature\PublicationsExtensionTest" classname="Hyde.Publications.Testing.Feature.PublicationsExtensionTest" assertions="3" time="0.040085"/>
        <testcase name="Publication tag list pages are generated" file="Publications Extension (Hyde\Publications\Testing\Feature\PublicationsExtension)::Publication tag list pages are generated" class="Hyde\Publications\Testing\Feature\PublicationsExtensionTest" classname="Hyde.Publications.Testing.Feature.PublicationsExtensionTest" assertions="1" time="0.048121"/>
        <testcase name="Publication tag list routes with tags are generated" file="Publications Extension (Hyde\Publications\Testing\Feature\PublicationsExtension)::Publication tag list routes with tags are generated" class="Hyde\Publications\Testing\Feature\PublicationsExtensionTest" classname="Hyde.Publications.Testing.Feature.PublicationsExtensionTest" assertions="3" time="0.038392"/>
        <testcase name="Publication routes are discovered" file="Publications Extension (Hyde\Publications\Testing\Feature\PublicationsExtension)::Publication routes are discovered" class="Hyde\Publications\Testing\Feature\PublicationsExtensionTest" classname="Hyde.Publications.Testing.Feature.PublicationsExtensionTest" assertions="4" time="0.037485"/>
        <testcase name="Publication tag list routes are discovered" file="Publications Extension (Hyde\Publications\Testing\Feature\PublicationsExtension)::Publication tag list routes are discovered" class="Hyde\Publications\Testing\Feature\PublicationsExtensionTest" classname="Hyde.Publications.Testing.Feature.PublicationsExtensionTest" assertions="3" time="0.032367"/>
        <testcase name="Publication tag list routes with tags are discovered" file="Publications Extension (Hyde\Publications\Testing\Feature\PublicationsExtension)::Publication tag list routes with tags are discovered" class="Hyde\Publications\Testing\Feature\PublicationsExtensionTest" classname="Hyde.Publications.Testing.Feature.PublicationsExtensionTest" assertions="3" time="0.035204"/>
      </testsuite>
      <testsuite name="Hyde\Publications\Testing\Feature\RelatedPublicationsComponentTest" file="Related Publications Component (Hyde\Publications\Testing\Feature\RelatedPublicationsComponent)" tests="12" assertions="12" errors="0" failures="0" skipped="0" time="0.422967">
        <testcase name="With standard page" file="Related Publications Component (Hyde\Publications\Testing\Feature\RelatedPublicationsComponent)::With standard page" class="Hyde\Publications\Testing\Feature\RelatedPublicationsComponentTest" classname="Hyde.Publications.Testing.Feature.RelatedPublicationsComponentTest" assertions="1" time="0.064596"/>
        <testcase name="With blank publication type" file="Related Publications Component (Hyde\Publications\Testing\Feature\RelatedPublicationsComponent)::With blank publication type" class="Hyde\Publications\Testing\Feature\RelatedPublicationsComponentTest" classname="Hyde.Publications.Testing.Feature.RelatedPublicationsComponentTest" assertions="1" time="0.025856"/>
        <testcase name="With empty tags" file="Related Publications Component (Hyde\Publications\Testing\Feature\RelatedPublicationsComponent)::With empty tags" class="Hyde\Publications\Testing\Feature\RelatedPublicationsComponentTest" classname="Hyde.Publications.Testing.Feature.RelatedPublicationsComponentTest" assertions="1" time="0.030358"/>
        <testcase name="With publication with tag" file="Related Publications Component (Hyde\Publications\Testing\Feature\RelatedPublicationsComponent)::With publication with tag" class="Hyde\Publications\Testing\Feature\RelatedPublicationsComponentTest" classname="Hyde.Publications.Testing.Feature.RelatedPublicationsComponentTest" assertions="1" time="0.032126"/>
        <testcase name="With more tagged publications" file="Related Publications Component (Hyde\Publications\Testing\Feature\RelatedPublicationsComponent)::With more tagged publications" class="Hyde\Publications\Testing\Feature\RelatedPublicationsComponentTest" classname="Hyde.Publications.Testing.Feature.RelatedPublicationsComponentTest" assertions="1" time="0.031703"/>
        <testcase name="With publications with other tag value" file="Related Publications Component (Hyde\Publications\Testing\Feature\RelatedPublicationsComponent)::With publications with other tag value" class="Hyde\Publications\Testing\Feature\RelatedPublicationsComponentTest" classname="Hyde.Publications.Testing.Feature.RelatedPublicationsComponentTest" assertions="1" time="0.030760"/>
        <testcase name="With publications with current one being untagged" file="Related Publications Component (Hyde\Publications\Testing\Feature\RelatedPublicationsComponent)::With publications with current one being untagged" class="Hyde\Publications\Testing\Feature\RelatedPublicationsComponentTest" classname="Hyde.Publications.Testing.Feature.RelatedPublicationsComponentTest" assertions="1" time="0.031037"/>
        <testcase name="With multiple related pages" file="Related Publications Component (Hyde\Publications\Testing\Feature\RelatedPublicationsComponent)::With multiple related pages" class="Hyde\Publications\Testing\Feature\RelatedPublicationsComponentTest" classname="Hyde.Publications.Testing.Feature.RelatedPublicationsComponentTest" assertions="1" time="0.032398"/>
        <testcase name="With multiple related pages and limit" file="Related Publications Component (Hyde\Publications\Testing\Feature\RelatedPublicationsComponent)::With multiple related pages and limit" class="Hyde\Publications\Testing\Feature\RelatedPublicationsComponentTest" classname="Hyde.Publications.Testing.Feature.RelatedPublicationsComponentTest" assertions="1" time="0.032529"/>
        <testcase name="Only publications with the same tag are included" file="Related Publications Component (Hyde\Publications\Testing\Feature\RelatedPublicationsComponent)::Only publications with the same tag are included" class="Hyde\Publications\Testing\Feature\RelatedPublicationsComponentTest" classname="Hyde.Publications.Testing.Feature.RelatedPublicationsComponentTest" assertions="1" time="0.032850"/>
        <testcase name="Results are sorted by date with latest first" file="Related Publications Component (Hyde\Publications\Testing\Feature\RelatedPublicationsComponent)::Results are sorted by date with latest first" class="Hyde\Publications\Testing\Feature\RelatedPublicationsComponentTest" classname="Hyde.Publications.Testing.Feature.RelatedPublicationsComponentTest" assertions="1" time="0.043773"/>
        <testcase name="The render method" file="Related Publications Component (Hyde\Publications\Testing\Feature\RelatedPublicationsComponent)::The render method" class="Hyde\Publications\Testing\Feature\RelatedPublicationsComponentTest" classname="Hyde.Publications.Testing.Feature.RelatedPublicationsComponentTest" assertions="1" time="0.034979"/>
      </testsuite>
      <testsuite name="Hyde\Publications\Testing\Feature\SeedPublicationCommandTest" file="Seed Publication Command (Hyde\Publications\Testing\Feature\SeedPublicationCommand)" tests="7" assertions="29" errors="0" failures="0" skipped="0" time="0.261052">
        <testcase name="Can seed publications" file="Seed Publication Command (Hyde\Publications\Testing\Feature\SeedPublicationCommand)::Can seed publications" class="Hyde\Publications\Testing\Feature\SeedPublicationCommandTest" classname="Hyde.Publications.Testing.Feature.SeedPublicationCommandTest" assertions="6" time="0.087898"/>
        <testcase name="Can seed publications using arguments" file="Seed Publication Command (Hyde\Publications\Testing\Feature\SeedPublicationCommand)::Can seed publications using arguments" class="Hyde\Publications\Testing\Feature\SeedPublicationCommandTest" classname="Hyde.Publications.Testing.Feature.SeedPublicationCommandTest" assertions="3" time="0.030541"/>
        <testcase name="Can seed multiple publications" file="Seed Publication Command (Hyde\Publications\Testing\Feature\SeedPublicationCommand)::Can seed multiple publications" class="Hyde\Publications\Testing\Feature\SeedPublicationCommandTest" classname="Hyde.Publications.Testing.Feature.SeedPublicationCommandTest" assertions="4" time="0.031654"/>
        <testcase name="Command asks to confirm before creating many publications" file="Seed Publication Command (Hyde\Publications\Testing\Feature\SeedPublicationCommand)::Command asks to confirm before creating many publications" class="Hyde\Publications\Testing\Feature\SeedPublicationCommandTest" classname="Hyde.Publications.Testing.Feature.SeedPublicationCommandTest" assertions="7" time="0.028633"/>
        <testcase name="Command asks to confirm before creating many publications when using arguments" file="Seed Publication Command (Hyde\Publications\Testing\Feature\SeedPublicationCommand)::Command asks to confirm before creating many publications when using arguments" class="Hyde\Publications\Testing\Feature\SeedPublicationCommandTest" classname="Hyde.Publications.Testing.Feature.SeedPublicationCommandTest" assertions="5" time="0.028684"/>
        <testcase name="With invalid publication type" file="Seed Publication Command (Hyde\Publications\Testing\Feature\SeedPublicationCommand)::With invalid publication type" class="Hyde\Publications\Testing\Feature\SeedPublicationCommandTest" classname="Hyde.Publications.Testing.Feature.SeedPublicationCommandTest" assertions="2" time="0.027094"/>
        <testcase name="With no publication types" file="Seed Publication Command (Hyde\Publications\Testing\Feature\SeedPublicationCommand)::With no publication types" class="Hyde\Publications\Testing\Feature\SeedPublicationCommandTest" classname="Hyde.Publications.Testing.Feature.SeedPublicationCommandTest" assertions="2" time="0.026549"/>
      </testsuite>
      <testsuite name="Hyde\Publications\Testing\Feature\SeedsPublicationFilesTest" file="Seeds Publication Files (Hyde\Publications\Testing\Feature\SeedsPublicationFiles)" tests="13" assertions="38" errors="0" failures="0" skipped="0" time="0.381122">
        <testcase name="Create" file="Seeds Publication Files (Hyde\Publications\Testing\Feature\SeedsPublicationFiles)::Create" class="Hyde\Publications\Testing\Feature\SeedsPublicationFilesTest" classname="Hyde.Publications.Testing.Feature.SeedsPublicationFilesTest" assertions="3" time="0.045649"/>
        <testcase name="Create many" file="Seeds Publication Files (Hyde\Publications\Testing\Feature\SeedsPublicationFiles)::Create many" class="Hyde\Publications\Testing\Feature\SeedsPublicationFilesTest" classname="Hyde.Publications.Testing.Feature.SeedsPublicationFilesTest" assertions="2" time="0.027635"/>
        <testcase name="With array type" file="Seeds Publication Files (Hyde\Publications\Testing\Feature\SeedsPublicationFiles)::With array type" class="Hyde\Publications\Testing\Feature\SeedsPublicationFilesTest" classname="Hyde.Publications.Testing.Feature.SeedsPublicationFilesTest" assertions="5" time="0.026674"/>
        <testcase name="With boolean type" file="Seeds Publication Files (Hyde\Publications\Testing\Feature\SeedsPublicationFiles)::With boolean type" class="Hyde\Publications\Testing\Feature\SeedsPublicationFilesTest" classname="Hyde.Publications.Testing.Feature.SeedsPublicationFilesTest" assertions="2" time="0.026112"/>
        <testcase name="With date time type" file="Seeds Publication Files (Hyde\Publications\Testing\Feature\SeedsPublicationFiles)::With date time type" class="Hyde\Publications\Testing\Feature\SeedsPublicationFilesTest" classname="Hyde.Publications.Testing.Feature.SeedsPublicationFilesTest" assertions="3" time="0.027056"/>
        <testcase name="With float type" file="Seeds Publication Files (Hyde\Publications\Testing\Feature\SeedsPublicationFiles)::With float type" class="Hyde\Publications\Testing\Feature\SeedsPublicationFilesTest" classname="Hyde.Publications.Testing.Feature.SeedsPublicationFilesTest" assertions="2" time="0.026659"/>
        <testcase name="With media type" file="Seeds Publication Files (Hyde\Publications\Testing\Feature\SeedsPublicationFiles)::With media type" class="Hyde\Publications\Testing\Feature\SeedsPublicationFilesTest" classname="Hyde.Publications.Testing.Feature.SeedsPublicationFilesTest" assertions="3" time="0.026557"/>
        <testcase name="With integer type" file="Seeds Publication Files (Hyde\Publications\Testing\Feature\SeedsPublicationFiles)::With integer type" class="Hyde\Publications\Testing\Feature\SeedsPublicationFilesTest" classname="Hyde.Publications.Testing.Feature.SeedsPublicationFilesTest" assertions="2" time="0.025858"/>
        <testcase name="With string type" file="Seeds Publication Files (Hyde\Publications\Testing\Feature\SeedsPublicationFiles)::With string type" class="Hyde\Publications\Testing\Feature\SeedsPublicationFilesTest" classname="Hyde.Publications.Testing.Feature.SeedsPublicationFilesTest" assertions="2" time="0.027375"/>
        <testcase name="With tag type" file="Seeds Publication Files (Hyde\Publications\Testing\Feature\SeedsPublicationFiles)::With tag type" class="Hyde\Publications\Testing\Feature\SeedsPublicationFilesTest" classname="Hyde.Publications.Testing.Feature.SeedsPublicationFilesTest" assertions="4" time="0.037651"/>
        <testcase name="With text type" file="Seeds Publication Files (Hyde\Publications\Testing\Feature\SeedsPublicationFiles)::With text type" class="Hyde\Publications\Testing\Feature\SeedsPublicationFilesTest" classname="Hyde.Publications.Testing.Feature.SeedsPublicationFilesTest" assertions="4" time="0.028470"/>
        <testcase name="With url type" file="Seeds Publication Files (Hyde\Publications\Testing\Feature\SeedsPublicationFiles)::With url type" class="Hyde\Publications\Testing\Feature\SeedsPublicationFilesTest" classname="Hyde.Publications.Testing.Feature.SeedsPublicationFilesTest" assertions="3" time="0.028262"/>
        <testcase name="With canonical definition" file="Seeds Publication Files (Hyde\Publications\Testing\Feature\SeedsPublicationFiles)::With canonical definition" class="Hyde\Publications\Testing\Feature\SeedsPublicationFilesTest" classname="Hyde.Publications.Testing.Feature.SeedsPublicationFilesTest" assertions="3" time="0.027166"/>
      </testsuite>
      <testsuite name="Hyde\Publications\Testing\Feature\StaticSiteBuilderPublicationModuleTest" file="Static Site Builder Publication Module (Hyde\Publications\Testing\Feature\StaticSiteBuilderPublicationModule)" tests="5" assertions="25" errors="0" failures="0" skipped="0" time="0.769701">
        <testcase name="Compiling with publication type with seeded files containing all field types" file="Static Site Builder Publication Module (Hyde\Publications\Testing\Feature\StaticSiteBuilderPublicationModule)::Compiling with publication type with seeded files containing all field types" class="Hyde\Publications\Testing\Feature\StaticSiteBuilderPublicationModuleTest" classname="Hyde.Publications.Testing.Feature.StaticSiteBuilderPublicationModuleTest" assertions="10" time="0.246236"/>
        <testcase name="Compiling with publication type that uses the published views" file="Static Site Builder Publication Module (Hyde\Publications\Testing\Feature\StaticSiteBuilderPublicationModule)::Compiling with publication type that uses the published views" class="Hyde\Publications\Testing\Feature\StaticSiteBuilderPublicationModuleTest" classname="Hyde.Publications.Testing.Feature.StaticSiteBuilderPublicationModuleTest" assertions="3" time="0.109103"/>
        <testcase name="Compiling with publication type that uses the vendor views" file="Static Site Builder Publication Module (Hyde\Publications\Testing\Feature\StaticSiteBuilderPublicationModule)::Compiling with publication type that uses the vendor views" class="Hyde\Publications\Testing\Feature\StaticSiteBuilderPublicationModuleTest" classname="Hyde.Publications.Testing.Feature.StaticSiteBuilderPublicationModuleTest" assertions="2" time="0.104151"/>
        <testcase name="Compiling with publication type that uses the published paginated views" file="Static Site Builder Publication Module (Hyde\Publications\Testing\Feature\StaticSiteBuilderPublicationModule)::Compiling with publication type that uses the published paginated views" class="Hyde\Publications\Testing\Feature\StaticSiteBuilderPublicationModuleTest" classname="Hyde.Publications.Testing.Feature.StaticSiteBuilderPublicationModuleTest" assertions="5" time="0.153781"/>
        <testcase name="Compiling with publication type that uses the paginated vendor views" file="Static Site Builder Publication Module (Hyde\Publications\Testing\Feature\StaticSiteBuilderPublicationModule)::Compiling with publication type that uses the paginated vendor views" class="Hyde\Publications\Testing\Feature\StaticSiteBuilderPublicationModuleTest" classname="Hyde.Publications.Testing.Feature.StaticSiteBuilderPublicationModuleTest" assertions="5" time="0.156430"/>
      </testsuite>
      <testsuite name="Hyde\Publications\Testing\Feature\TranslationServiceProviderTest" file="Translation Service Provider (Hyde\Publications\Testing\Feature\TranslationServiceProvider)" tests="3" assertions="4" errors="0" failures="0" skipped="0" time="0.079197">
        <testcase name="Register" file="Translation Service Provider (Hyde\Publications\Testing\Feature\TranslationServiceProvider)::Register" class="Hyde\Publications\Testing\Feature\TranslationServiceProviderTest" classname="Hyde.Publications.Testing.Feature.TranslationServiceProviderTest" assertions="2" time="0.033750"/>
        <testcase name="Boot" file="Translation Service Provider (Hyde\Publications\Testing\Feature\TranslationServiceProvider)::Boot" class="Hyde\Publications\Testing\Feature\TranslationServiceProviderTest" classname="Hyde.Publications.Testing.Feature.TranslationServiceProviderTest" assertions="1" time="0.022595"/>
        <testcase name="Validation" file="Translation Service Provider (Hyde\Publications\Testing\Feature\TranslationServiceProvider)::Validation" class="Hyde\Publications\Testing\Feature\TranslationServiceProviderTest" classname="Hyde.Publications.Testing.Feature.TranslationServiceProviderTest" assertions="1" time="0.022852"/>
      </testsuite>
      <testsuite name="Hyde\Publications\Testing\Feature\ValidatePublicationTypesCommandTest" file="Validate Publication Types Command (Hyde\Publications\Testing\Feature\ValidatePublicationTypesCommand)" tests="7" assertions="60" errors="0" failures="0" skipped="0" time="0.224464">
        <testcase name="With no publication types" file="Validate Publication Types Command (Hyde\Publications\Testing\Feature\ValidatePublicationTypesCommand)::With no publication types" class="Hyde\Publications\Testing\Feature\ValidatePublicationTypesCommandTest" classname="Hyde.Publications.Testing.Feature.ValidatePublicationTypesCommandTest" assertions="3" time="0.029862"/>
        <testcase name="With valid schema file" file="Validate Publication Types Command (Hyde\Publications\Testing\Feature\ValidatePublicationTypesCommand)::With valid schema file" class="Hyde\Publications\Testing\Feature\ValidatePublicationTypesCommandTest" classname="Hyde.Publications.Testing.Feature.ValidatePublicationTypesCommandTest" assertions="6" time="0.029188"/>
        <testcase name="With invalid schema file" file="Validate Publication Types Command (Hyde\Publications\Testing\Feature\ValidatePublicationTypesCommand)::With invalid schema file" class="Hyde\Publications\Testing\Feature\ValidatePublicationTypesCommandTest" classname="Hyde.Publications.Testing.Feature.ValidatePublicationTypesCommandTest" assertions="19" time="0.036736"/>
        <testcase name="With multiple publication types" file="Validate Publication Types Command (Hyde\Publications\Testing\Feature\ValidatePublicationTypesCommand)::With multiple publication types" class="Hyde\Publications\Testing\Feature\ValidatePublicationTypesCommandTest" classname="Hyde.Publications.Testing.Feature.ValidatePublicationTypesCommandTest" assertions="22" time="0.039310"/>
        <testcase name="With no fields" file="Validate Publication Types Command (Hyde\Publications\Testing\Feature\ValidatePublicationTypesCommand)::With no fields" class="Hyde\Publications\Testing\Feature\ValidatePublicationTypesCommandTest" classname="Hyde.Publications.Testing.Feature.ValidatePublicationTypesCommandTest" assertions="6" time="0.029320"/>
        <testcase name="Json output option" file="Validate Publication Types Command (Hyde\Publications\Testing\Feature\ValidatePublicationTypesCommand)::Json output option" class="Hyde\Publications\Testing\Feature\ValidatePublicationTypesCommandTest" classname="Hyde.Publications.Testing.Feature.ValidatePublicationTypesCommandTest" assertions="2" time="0.027326"/>
        <testcase name="Multiple types with json output" file="Validate Publication Types Command (Hyde\Publications\Testing\Feature\ValidatePublicationTypesCommand)::Multiple types with json output" class="Hyde\Publications\Testing\Feature\ValidatePublicationTypesCommandTest" classname="Hyde.Publications.Testing.Feature.ValidatePublicationTypesCommandTest" assertions="2" time="0.032723"/>
      </testsuite>
      <testsuite name="Hyde\Publications\Testing\Feature\ValidatePublicationsCommandTest" file="Validate Publications Command (Hyde\Publications\Testing\Feature\ValidatePublicationsCommand)" tests="13" assertions="66" errors="0" failures="0" skipped="0" time="0.424763">
        <testcase name="With no publication types" file="Validate Publications Command (Hyde\Publications\Testing\Feature\ValidatePublicationsCommand)::With no publication types" class="Hyde\Publications\Testing\Feature\ValidatePublicationsCommandTest" classname="Hyde.Publications.Testing.Feature.ValidatePublicationsCommandTest" assertions="2" time="0.036765"/>
        <testcase name="With invalid publication type" file="Validate Publications Command (Hyde\Publications\Testing\Feature\ValidatePublicationsCommand)::With invalid publication type" class="Hyde\Publications\Testing\Feature\ValidatePublicationsCommandTest" classname="Hyde.Publications.Testing.Feature.ValidatePublicationsCommandTest" assertions="2" time="0.026881"/>
        <testcase name="With publication type" file="Validate Publications Command (Hyde\Publications\Testing\Feature\ValidatePublicationsCommand)::With publication type" class="Hyde\Publications\Testing\Feature\ValidatePublicationsCommandTest" classname="Hyde.Publications.Testing.Feature.ValidatePublicationsCommandTest" assertions="4" time="0.032145"/>
        <testcase name="With publication type and verbose output" file="Validate Publications Command (Hyde\Publications\Testing\Feature\ValidatePublicationsCommand)::With publication type and verbose output" class="Hyde\Publications\Testing\Feature\ValidatePublicationsCommandTest" classname="Hyde.Publications.Testing.Feature.ValidatePublicationsCommandTest" assertions="4" time="0.031505"/>
        <testcase name="With invalid publication" file="Validate Publications Command (Hyde\Publications\Testing\Feature\ValidatePublicationsCommand)::With invalid publication" class="Hyde\Publications\Testing\Feature\ValidatePublicationsCommandTest" classname="Hyde.Publications.Testing.Feature.ValidatePublicationsCommandTest" assertions="4" time="0.041691"/>
        <testcase name="With warned publication" file="Validate Publications Command (Hyde\Publications\Testing\Feature\ValidatePublicationsCommand)::With warned publication" class="Hyde\Publications\Testing\Feature\ValidatePublicationsCommandTest" classname="Hyde.Publications.Testing.Feature.ValidatePublicationsCommandTest" assertions="4" time="0.030849"/>
        <testcase name="With multiple publication types" file="Validate Publications Command (Hyde\Publications\Testing\Feature\ValidatePublicationsCommand)::With multiple publication types" class="Hyde\Publications\Testing\Feature\ValidatePublicationsCommandTest" classname="Hyde.Publications.Testing.Feature.ValidatePublicationsCommandTest" assertions="1" time="0.028646"/>
        <testcase name="With multiple invalid fields" file="Validate Publications Command (Hyde\Publications\Testing\Feature\ValidatePublicationsCommand)::With multiple invalid fields" class="Hyde\Publications\Testing\Feature\ValidatePublicationsCommandTest" classname="Hyde.Publications.Testing.Feature.ValidatePublicationsCommandTest" assertions="4" time="0.033416"/>
        <testcase name="Only specified type is validated when using argument" file="Validate Publications Command (Hyde\Publications\Testing\Feature\ValidatePublicationsCommand)::Only specified type is validated when using argument" class="Hyde\Publications\Testing\Feature\ValidatePublicationsCommandTest" classname="Hyde.Publications.Testing.Feature.ValidatePublicationsCommandTest" assertions="1" time="0.029424"/>
        <testcase name="Output" file="Validate Publications Command (Hyde\Publications\Testing\Feature\ValidatePublicationsCommand)::Output" class="Hyde\Publications\Testing\Feature\ValidatePublicationsCommandTest" classname="Hyde.Publications.Testing.Feature.ValidatePublicationsCommandTest" assertions="17" time="0.038372"/>
        <testcase name="With verbose output" file="Validate Publications Command (Hyde\Publications\Testing\Feature\ValidatePublicationsCommand)::With verbose output" class="Hyde\Publications\Testing\Feature\ValidatePublicationsCommandTest" classname="Hyde.Publications.Testing.Feature.ValidatePublicationsCommandTest" assertions="19" time="0.038228"/>
        <testcase name="With json output" file="Validate Publications Command (Hyde\Publications\Testing\Feature\ValidatePublicationsCommand)::With json output" class="Hyde\Publications\Testing\Feature\ValidatePublicationsCommandTest" classname="Hyde.Publications.Testing.Feature.ValidatePublicationsCommandTest" assertions="2" time="0.031492"/>
        <testcase name="With json output with no publications" file="Validate Publications Command (Hyde\Publications\Testing\Feature\ValidatePublicationsCommand)::With json output with no publications" class="Hyde\Publications\Testing\Feature\ValidatePublicationsCommandTest" classname="Hyde.Publications.Testing.Feature.ValidatePublicationsCommandTest" assertions="2" time="0.025350"/>
      </testsuite>
      <testsuite name="Hyde\Publications\Testing\Feature\ValidatingCommandTest" file="Validating Command (Hyde\Publications\Testing\Feature\ValidatingCommand)" tests="7" assertions="24" errors="0" failures="0" skipped="0" time="0.197426">
        <testcase name="Ask with validation captures input" file="Validating Command (Hyde\Publications\Testing\Feature\ValidatingCommand)::Ask with validation captures input" class="Hyde\Publications\Testing\Feature\ValidatingCommandTest" classname="Hyde.Publications.Testing.Feature.ValidatingCommandTest" assertions="2" time="0.040593"/>
        <testcase name="Ask with validation retries" file="Validating Command (Hyde\Publications\Testing\Feature\ValidatingCommand)::Ask with validation retries" class="Hyde\Publications\Testing\Feature\ValidatingCommandTest" classname="Hyde.Publications.Testing.Feature.ValidatingCommandTest" assertions="3" time="0.023652"/>
        <testcase name="Ask with validation retries too many times" file="Validating Command (Hyde\Publications\Testing\Feature\ValidatingCommand)::Ask with validation retries too many times" class="Hyde\Publications\Testing\Feature\ValidatingCommandTest" classname="Hyde.Publications.Testing.Feature.ValidatingCommandTest" assertions="4" time="0.037043"/>
        <testcase name="Ask with validation normalizes boolean input" file="Validating Command (Hyde\Publications\Testing\Feature\ValidatingCommand)::Ask with validation normalizes boolean input" class="Hyde\Publications\Testing\Feature\ValidatingCommandTest" classname="Hyde.Publications.Testing.Feature.ValidatingCommandTest" assertions="3" time="0.023113"/>
        <testcase name="Validation is called" file="Validating Command (Hyde\Publications\Testing\Feature\ValidatingCommand)::Validation is called" class="Hyde\Publications\Testing\Feature\ValidatingCommandTest" classname="Hyde.Publications.Testing.Feature.ValidatingCommandTest" assertions="4" time="0.025526"/>
        <testcase name="Reloadable choice helper" file="Validating Command (Hyde\Publications\Testing\Feature\ValidatingCommand)::Reloadable choice helper" class="Hyde\Publications\Testing\Feature\ValidatingCommandTest" classname="Hyde.Publications.Testing.Feature.ValidatingCommandTest" assertions="3" time="0.023544"/>
        <testcase name="Reloadable choice helper selecting reload" file="Validating Command (Hyde\Publications\Testing\Feature\ValidatingCommand)::Reloadable choice helper selecting reload" class="Hyde\Publications\Testing\Feature\ValidatingCommandTest" classname="Hyde.Publications.Testing.Feature.ValidatingCommandTest" assertions="5" time="0.023955"/>
      </testsuite>
    </testsuite>
    <testsuite name="Realtime Compiler" tests="12" assertions="42" errors="0" failures="0" skipped="0" time="0.515387">
      <testsuite name="Packages\realtimecompiler\tests\ConsoleOutputTest" file="packages/realtime-compiler/tests/ConsoleOutputTest.php" tests="1" assertions="1" errors="0" failures="0" skipped="0" time="0.017476">
        <testcase name="printStartMessage method" file="packages/realtime-compiler/tests/ConsoleOutputTest.php::printStartMessage method" class="Packages\realtimecompiler\tests\ConsoleOutputTest" classname="Packages.realtimecompiler.tests.ConsoleOutputTest" assertions="1" time="0.017476"/>
      </testsuite>
      <testsuite name="RealtimeCompilerTest" file="Realtime Compiler" tests="11" assertions="41" errors="0" failures="0" skipped="0" time="0.497911">
        <testcase name="Handles routes index page" file="Realtime Compiler::Handles routes index page" class="RealtimeCompilerTest" classname="RealtimeCompilerTest" assertions="6" time="0.033237"/>
        <testcase name="Handles routes custom pages" file="Realtime Compiler::Handles routes custom pages" class="RealtimeCompilerTest" classname="RealtimeCompilerTest" assertions="4" time="0.057825"/>
        <testcase name="Handles routes pages with html extension" file="Realtime Compiler::Handles routes pages with html extension" class="RealtimeCompilerTest" classname="RealtimeCompilerTest" assertions="4" time="0.052642"/>
        <testcase name="Handles routes static assets" file="Realtime Compiler::Handles routes static assets" class="RealtimeCompilerTest" classname="RealtimeCompilerTest" assertions="4" time="0.003284"/>
        <testcase name="Throws route not found exception for missing route" file="Realtime Compiler::Throws route not found exception for missing route" class="RealtimeCompilerTest" classname="RealtimeCompilerTest" assertions="2" time="0.048136"/>
        <testcase name="Sends 404 error response for missing asset" file="Realtime Compiler::Sends 404 error response for missing asset" class="RealtimeCompilerTest" classname="RealtimeCompilerTest" assertions="3" time="0.002491"/>
        <testcase name="Trailing slashes are normalized from route" file="Realtime Compiler::Trailing slashes are normalized from route" class="RealtimeCompilerTest" classname="RealtimeCompilerTest" assertions="4" time="0.065635"/>
        <testcase name="Docs uri path is rerouted to docs index" file="Realtime Compiler::Docs uri path is rerouted to docs index" class="RealtimeCompilerTest" classname="RealtimeCompilerTest" assertions="4" time="0.078990"/>
        <testcase name="Docs search renders search page" file="Realtime Compiler::Docs search renders search page" class="RealtimeCompilerTest" classname="RealtimeCompilerTest" assertions="4" time="0.079512"/>
        <testcase name="Ping route returns ping response" file="Realtime Compiler::Ping route returns ping response" class="RealtimeCompilerTest" classname="RealtimeCompilerTest" assertions="3" time="0.070477"/>
        <testcase name="Exception handling" file="Realtime Compiler::Exception handling" class="RealtimeCompilerTest" classname="RealtimeCompilerTest" assertions="3" time="0.005682"/>
      </testsuite>
    </testsuite>
  </testsuite>
</testsuites>
